This file contains any messages produced by compilers while
running configure, to aid debugging if configure makes a mistake.

It was created by configure, which was
generated by GNU Autoconf 2.59.  Invocation command line was

  $ /home/alter0ne/rtk_openwrt_sdk/build_dir/host/otp_src_R16B02/lib/wx/./configure --prefix=/home/alter0ne/rtk_openwrt_sdk/staging_dir/host CC=gcc CFLAGS=-O2 -I/home/alter0ne/rtk_openwrt_sdk/staging_dir/host/include CPPFLAGS=-I/home/alter0ne/rtk_openwrt_sdk/staging_dir/host/include LDFLAGS=-L/home/alter0ne/rtk_openwrt_sdk/staging_dir/host/lib SHELL=/bin/bash --target=x86_64-linux-gnu --host=x86_64-linux-gnu --build=x86_64-linux-gnu --program-prefix= --program-suffix= --prefix=/home/alter0ne/rtk_openwrt_sdk/staging_dir/host --exec-prefix=/home/alter0ne/rtk_openwrt_sdk/staging_dir/host --sysconfdir=/home/alter0ne/rtk_openwrt_sdk/staging_dir/host/etc --localstatedir=/home/alter0ne/rtk_openwrt_sdk/staging_dir/host/var --sbindir=/home/alter0ne/rtk_openwrt_sdk/staging_dir/host/bin --disable-hipe --disable-smp-support --without-javac build_alias=x86_64-linux-gnu host_alias=x86_64-linux-gnu target_alias=x86_64-linux-gnu --cache-file=/dev/null --srcdir=/home/alter0ne/rtk_openwrt_sdk/build_dir/host/otp_src_R16B02/lib --cache-file=/dev/null --srcdir=/home/alter0ne/rtk_openwrt_sdk/build_dir/host/otp_src_R16B02/lib/wx/.

## --------- ##
## Platform. ##
## --------- ##

hostname = alter0ne-PC
uname -m = x86_64
uname -r = 5.0.0-31-generic
uname -s = Linux
uname -v = #33~18.04.1-Ubuntu SMP Tue Oct 1 10:20:39 UTC 2019

/usr/bin/uname -p = unknown
/bin/uname -X     = unknown

/bin/arch              = unknown
/usr/bin/arch -k       = unknown
/usr/convex/getsysinfo = unknown
hostinfo               = unknown
/bin/machine           = unknown
/usr/bin/oslevel       = unknown
/bin/universe          = unknown

PATH: /home/alter0ne/rtk_openwrt_sdk/staging_dir/toolchain-mips-rlx4181-linux/bin
PATH: /home/alter0ne/rtk_openwrt_sdk/staging_dir/rsdk-4.6.4-4181-EB-3.10-0.9.33-m32u-20141001//bin
PATH: /home/alter0ne/rtk_openwrt_sdk/staging_dir/host/bin
PATH: /home/alter0ne/rtk_openwrt_sdk/staging_dir/toolchain-mips-rlx4181-linux/bin
PATH: /home/alter0ne/rtk_openwrt_sdk/staging_dir/rsdk-4.6.4-4181-EB-3.10-0.9.33-m32u-20141001//bin
PATH: /home/alter0ne/rtk_openwrt_sdk/staging_dir/host/bin
PATH: /home/alter0ne/rtk_openwrt_sdk/staging_dir/toolchain-mips-rlx4181-linux/bin
PATH: /home/alter0ne/rtk_openwrt_sdk/staging_dir/rsdk-4.6.4-4181-EB-3.10-0.9.33-m32u-20141001//bin
PATH: /home/alter0ne/rtk_openwrt_sdk/staging_dir/host/bin
PATH: /home/alter0ne/.local/bin
PATH: /home/alter0ne/bin
PATH: /usr/local/sbin
PATH: /usr/local/bin
PATH: /usr/sbin
PATH: /usr/bin
PATH: /sbin
PATH: /bin
PATH: /usr/games
PATH: /usr/local/games
PATH: /snap/bin


## ----------- ##
## Core tests. ##
## ----------- ##

configure:1436: checking build system type
configure:1454: result: x86_64-pc-linux-gnu
configure:1462: checking host system type
configure:1476: result: x86_64-pc-linux-gnu
configure:1509: checking for x86_64-linux-gnu-gcc
configure:1535: result: gcc
configure:1817: checking for C compiler version
configure:1820: gcc --version </dev/null >&5
gcc (Ubuntu 7.4.0-1ubuntu1~18.04.1) 7.4.0
Copyright (C) 2017 Free Software Foundation, Inc.
This is free software; see the source for copying conditions.  There is NO
warranty; not even for MERCHANTABILITY or FITNESS FOR A PARTICULAR PURPOSE.

configure:1823: $? = 0
configure:1825: gcc -v </dev/null >&5
Using built-in specs.
COLLECT_GCC=gcc
COLLECT_LTO_WRAPPER=/usr/lib/gcc/x86_64-linux-gnu/7/lto-wrapper
OFFLOAD_TARGET_NAMES=nvptx-none
OFFLOAD_TARGET_DEFAULT=1
Target: x86_64-linux-gnu
Configured with: ../src/configure -v --with-pkgversion='Ubuntu 7.4.0-1ubuntu1~18.04.1' --with-bugurl=file:///usr/share/doc/gcc-7/README.Bugs --enable-languages=c,ada,c++,go,brig,d,fortran,objc,obj-c++ --prefix=/usr --with-gcc-major-version-only --program-suffix=-7 --program-prefix=x86_64-linux-gnu- --enable-shared --enable-linker-build-id --libexecdir=/usr/lib --without-included-gettext --enable-threads=posix --libdir=/usr/lib --enable-nls --with-sysroot=/ --enable-clocale=gnu --enable-libstdcxx-debug --enable-libstdcxx-time=yes --with-default-libstdcxx-abi=new --enable-gnu-unique-object --disable-vtable-verify --enable-libmpx --enable-plugin --enable-default-pie --with-system-zlib --with-target-system-zlib --enable-objc-gc=auto --enable-multiarch --disable-werror --with-arch-32=i686 --with-abi=m64 --with-multilib-list=m32,m64,mx32 --enable-multilib --with-tune=generic --enable-offload-targets=nvptx-none --without-cuda-driver --enable-checking=release --build=x86_64-linux-gnu --host=x86_64-linux-gnu --target=x86_64-linux-gnu
Thread model: posix
gcc version 7.4.0 (Ubuntu 7.4.0-1ubuntu1~18.04.1) 
configure:1828: $? = 0
configure:1830: gcc -V </dev/null >&5
gcc: error: unrecognized command line option '-V'
gcc: fatal error: no input files
compilation terminated.
configure:1833: $? = 1
configure:1856: checking for C compiler default output file name
configure:1859: gcc -O2 -I/home/alter0ne/rtk_openwrt_sdk/staging_dir/host/include -I/home/alter0ne/rtk_openwrt_sdk/staging_dir/host/include -L/home/alter0ne/rtk_openwrt_sdk/staging_dir/host/lib conftest.c  >&5
configure:1862: $? = 0
configure:1908: result: a.out
configure:1913: checking whether the C compiler works
configure:1919: ./a.out
configure:1922: $? = 0
configure:1939: result: yes
configure:1946: checking whether we are cross compiling
configure:1948: result: no
configure:1951: checking for suffix of executables
configure:1953: gcc -o conftest -O2 -I/home/alter0ne/rtk_openwrt_sdk/staging_dir/host/include -I/home/alter0ne/rtk_openwrt_sdk/staging_dir/host/include -L/home/alter0ne/rtk_openwrt_sdk/staging_dir/host/lib conftest.c  >&5
configure:1956: $? = 0
configure:1981: result: 
configure:1987: checking for suffix of object files
configure:2008: gcc -c -O2 -I/home/alter0ne/rtk_openwrt_sdk/staging_dir/host/include -I/home/alter0ne/rtk_openwrt_sdk/staging_dir/host/include conftest.c >&5
configure:2011: $? = 0
configure:2033: result: o
configure:2037: checking whether we are using the GNU C compiler
configure:2061: gcc -c -O2 -I/home/alter0ne/rtk_openwrt_sdk/staging_dir/host/include -I/home/alter0ne/rtk_openwrt_sdk/staging_dir/host/include conftest.c >&5
configure:2067: $? = 0
configure:2071: test -z 
			 || test ! -s conftest.err
configure:2074: $? = 0
configure:2077: test -s conftest.o
configure:2080: $? = 0
configure:2093: result: yes
configure:2099: checking whether gcc accepts -g
configure:2120: gcc -c -g -I/home/alter0ne/rtk_openwrt_sdk/staging_dir/host/include conftest.c >&5
configure:2126: $? = 0
configure:2130: test -z 
			 || test ! -s conftest.err
configure:2133: $? = 0
configure:2136: test -s conftest.o
configure:2139: $? = 0
configure:2150: result: yes
configure:2167: checking for gcc option to accept ANSI C
configure:2237: gcc  -c -O2 -I/home/alter0ne/rtk_openwrt_sdk/staging_dir/host/include -I/home/alter0ne/rtk_openwrt_sdk/staging_dir/host/include conftest.c >&5
configure:2243: $? = 0
configure:2247: test -z 
			 || test ! -s conftest.err
configure:2250: $? = 0
configure:2253: test -s conftest.o
configure:2256: $? = 0
configure:2274: result: none needed
configure:2292: gcc -c -O2 -I/home/alter0ne/rtk_openwrt_sdk/staging_dir/host/include -I/home/alter0ne/rtk_openwrt_sdk/staging_dir/host/include conftest.c >&5
conftest.c:2:3: error: unknown type name 'choke'
   choke me
   ^~~~~
conftest.c:2:3: error: expected '=', ',', ';', 'asm' or '__attribute__' at end of input
configure:2298: $? = 1
configure: failed program was:
| #ifndef __cplusplus
|   choke me
| #endif
configure:2441: checking for x86_64-linux-gnu-g++
configure:2457: found /usr/bin/x86_64-linux-gnu-g++
configure:2467: result: x86_64-linux-gnu-g++
configure:2525: checking for C++ compiler version
configure:2528: x86_64-linux-gnu-g++ --version </dev/null >&5
x86_64-linux-gnu-g++ (Ubuntu 7.4.0-1ubuntu1~18.04.1) 7.4.0
Copyright (C) 2017 Free Software Foundation, Inc.
This is free software; see the source for copying conditions.  There is NO
warranty; not even for MERCHANTABILITY or FITNESS FOR A PARTICULAR PURPOSE.

configure:2531: $? = 0
configure:2533: x86_64-linux-gnu-g++ -v </dev/null >&5
Using built-in specs.
COLLECT_GCC=x86_64-linux-gnu-g++
COLLECT_LTO_WRAPPER=/usr/lib/gcc/x86_64-linux-gnu/7/lto-wrapper
OFFLOAD_TARGET_NAMES=nvptx-none
OFFLOAD_TARGET_DEFAULT=1
Target: x86_64-linux-gnu
Configured with: ../src/configure -v --with-pkgversion='Ubuntu 7.4.0-1ubuntu1~18.04.1' --with-bugurl=file:///usr/share/doc/gcc-7/README.Bugs --enable-languages=c,ada,c++,go,brig,d,fortran,objc,obj-c++ --prefix=/usr --with-gcc-major-version-only --program-suffix=-7 --program-prefix=x86_64-linux-gnu- --enable-shared --enable-linker-build-id --libexecdir=/usr/lib --without-included-gettext --enable-threads=posix --libdir=/usr/lib --enable-nls --with-sysroot=/ --enable-clocale=gnu --enable-libstdcxx-debug --enable-libstdcxx-time=yes --with-default-libstdcxx-abi=new --enable-gnu-unique-object --disable-vtable-verify --enable-libmpx --enable-plugin --enable-default-pie --with-system-zlib --with-target-system-zlib --enable-objc-gc=auto --enable-multiarch --disable-werror --with-arch-32=i686 --with-abi=m64 --with-multilib-list=m32,m64,mx32 --enable-multilib --with-tune=generic --enable-offload-targets=nvptx-none --without-cuda-driver --enable-checking=release --build=x86_64-linux-gnu --host=x86_64-linux-gnu --target=x86_64-linux-gnu
Thread model: posix
gcc version 7.4.0 (Ubuntu 7.4.0-1ubuntu1~18.04.1) 
configure:2536: $? = 0
configure:2538: x86_64-linux-gnu-g++ -V </dev/null >&5
x86_64-linux-gnu-g++: error: unrecognized command line option '-V'
x86_64-linux-gnu-g++: fatal error: no input files
compilation terminated.
configure:2541: $? = 1
configure:2544: checking whether we are using the GNU C++ compiler
configure:2568: x86_64-linux-gnu-g++ -c  -I/home/alter0ne/rtk_openwrt_sdk/staging_dir/host/include conftest.cc >&5
configure:2574: $? = 0
configure:2578: test -z 
			 || test ! -s conftest.err
configure:2581: $? = 0
configure:2584: test -s conftest.o
configure:2587: $? = 0
configure:2600: result: yes
configure:2606: checking whether x86_64-linux-gnu-g++ accepts -g
configure:2627: x86_64-linux-gnu-g++ -c -g -I/home/alter0ne/rtk_openwrt_sdk/staging_dir/host/include conftest.cc >&5
configure:2633: $? = 0
configure:2637: test -z 
			 || test ! -s conftest.err
configure:2640: $? = 0
configure:2643: test -s conftest.o
configure:2646: $? = 0
configure:2657: result: yes
configure:2699: x86_64-linux-gnu-g++ -c -g -O2 -I/home/alter0ne/rtk_openwrt_sdk/staging_dir/host/include conftest.cc >&5
configure:2705: $? = 0
configure:2709: test -z 
			 || test ! -s conftest.err
configure:2712: $? = 0
configure:2715: test -s conftest.o
configure:2718: $? = 0
configure:2744: x86_64-linux-gnu-g++ -c -g -O2 -I/home/alter0ne/rtk_openwrt_sdk/staging_dir/host/include conftest.cc >&5
conftest.cc: In function 'int main()':
conftest.cc:13:1: error: 'exit' was not declared in this scope
 exit (42);
 ^~~~
configure:2750: $? = 1
configure: failed program was:
| /* confdefs.h.  */
| 
| #define PACKAGE_NAME ""
| #define PACKAGE_TARNAME ""
| #define PACKAGE_VERSION ""
| #define PACKAGE_STRING ""
| #define PACKAGE_BUGREPORT ""
| /* end confdefs.h.  */
| 
| int
| main ()
| {
| exit (42);
|   ;
|   return 0;
| }
configure:2699: x86_64-linux-gnu-g++ -c -g -O2 -I/home/alter0ne/rtk_openwrt_sdk/staging_dir/host/include conftest.cc >&5
configure:2705: $? = 0
configure:2709: test -z 
			 || test ! -s conftest.err
configure:2712: $? = 0
configure:2715: test -s conftest.o
configure:2718: $? = 0
configure:2744: x86_64-linux-gnu-g++ -c -g -O2 -I/home/alter0ne/rtk_openwrt_sdk/staging_dir/host/include conftest.cc >&5
configure:2750: $? = 0
configure:2754: test -z 
			 || test ! -s conftest.err
configure:2757: $? = 0
configure:2760: test -s conftest.o
configure:2763: $? = 0
configure:2789: checking for x86_64-linux-gnu-ranlib
configure:2805: found /usr/bin/x86_64-linux-gnu-ranlib
configure:2815: result: x86_64-linux-gnu-ranlib
configure:2871: checking how to run the C preprocessor
configure:2906: gcc -E -I/home/alter0ne/rtk_openwrt_sdk/staging_dir/host/include conftest.c
configure:2912: $? = 0
configure:2944: gcc -E -I/home/alter0ne/rtk_openwrt_sdk/staging_dir/host/include conftest.c
conftest.c:12:10: fatal error: ac_nonexistent.h: No such file or directory
 #include <ac_nonexistent.h>
          ^~~~~~~~~~~~~~~~~~
compilation terminated.
configure:2950: $? = 1
configure: failed program was:
| /* confdefs.h.  */
| 
| #define PACKAGE_NAME ""
| #define PACKAGE_TARNAME ""
| #define PACKAGE_VERSION ""
| #define PACKAGE_STRING ""
| #define PACKAGE_BUGREPORT ""
| #ifdef __cplusplus
| extern "C" void std::exit (int) throw (); using std::exit;
| #endif
| /* end confdefs.h.  */
| #include <ac_nonexistent.h>
configure:2989: result: gcc -E
configure:3013: gcc -E -I/home/alter0ne/rtk_openwrt_sdk/staging_dir/host/include conftest.c
configure:3019: $? = 0
configure:3051: gcc -E -I/home/alter0ne/rtk_openwrt_sdk/staging_dir/host/include conftest.c
conftest.c:12:10: fatal error: ac_nonexistent.h: No such file or directory
 #include <ac_nonexistent.h>
          ^~~~~~~~~~~~~~~~~~
compilation terminated.
configure:3057: $? = 1
configure: failed program was:
| /* confdefs.h.  */
| 
| #define PACKAGE_NAME ""
| #define PACKAGE_TARNAME ""
| #define PACKAGE_VERSION ""
| #define PACKAGE_STRING ""
| #define PACKAGE_BUGREPORT ""
| #ifdef __cplusplus
| extern "C" void std::exit (int) throw (); using std::exit;
| #endif
| /* end confdefs.h.  */
| #include <ac_nonexistent.h>
configure:3101: Building for linux-gnu
configure:3109: checking for mixed cygwin or msys and native VC++ environment
configure:3134: result: no
configure:3150: checking for mixed cygwin and native MinGW environment
configure:3168: result: no
configure:3177: checking if we mix cygwin with any native compiler
configure:3183: result: no
configure:3189: checking if we mix msys with another native compiler
configure:3195: result: no
configure:3211: checking for egrep
configure:3221: result: grep -E
configure:3226: checking for ANSI C header files
configure:3251: gcc -c -O2 -I/home/alter0ne/rtk_openwrt_sdk/staging_dir/host/include -I/home/alter0ne/rtk_openwrt_sdk/staging_dir/host/include conftest.c >&5
configure:3257: $? = 0
configure:3261: test -z 
			 || test ! -s conftest.err
configure:3264: $? = 0
configure:3267: test -s conftest.o
configure:3270: $? = 0
configure:3359: gcc -o conftest -O2 -I/home/alter0ne/rtk_openwrt_sdk/staging_dir/host/include -I/home/alter0ne/rtk_openwrt_sdk/staging_dir/host/include -L/home/alter0ne/rtk_openwrt_sdk/staging_dir/host/lib conftest.c  >&5
conftest.c: In function 'main':
conftest.c:29:7: warning: implicit declaration of function 'exit' [-Wimplicit-function-declaration]
       exit(2);
       ^~~~
conftest.c:29:7: warning: incompatible implicit declaration of built-in function 'exit'
conftest.c:29:7: note: include '<stdlib.h>' or provide a declaration of 'exit'
conftest.c:30:3: warning: incompatible implicit declaration of built-in function 'exit'
   exit (0);
   ^~~~
conftest.c:30:3: note: include '<stdlib.h>' or provide a declaration of 'exit'
configure:3362: $? = 0
configure:3364: ./conftest
configure:3367: $? = 0
configure:3382: result: yes
configure:3406: checking for sys/types.h
configure:3422: gcc -c -O2 -I/home/alter0ne/rtk_openwrt_sdk/staging_dir/host/include -I/home/alter0ne/rtk_openwrt_sdk/staging_dir/host/include conftest.c >&5
configure:3428: $? = 0
configure:3432: test -z 
			 || test ! -s conftest.err
configure:3435: $? = 0
configure:3438: test -s conftest.o
configure:3441: $? = 0
configure:3452: result: yes
configure:3406: checking for sys/stat.h
configure:3422: gcc -c -O2 -I/home/alter0ne/rtk_openwrt_sdk/staging_dir/host/include -I/home/alter0ne/rtk_openwrt_sdk/staging_dir/host/include conftest.c >&5
configure:3428: $? = 0
configure:3432: test -z 
			 || test ! -s conftest.err
configure:3435: $? = 0
configure:3438: test -s conftest.o
configure:3441: $? = 0
configure:3452: result: yes
configure:3406: checking for stdlib.h
configure:3422: gcc -c -O2 -I/home/alter0ne/rtk_openwrt_sdk/staging_dir/host/include -I/home/alter0ne/rtk_openwrt_sdk/staging_dir/host/include conftest.c >&5
configure:3428: $? = 0
configure:3432: test -z 
			 || test ! -s conftest.err
configure:3435: $? = 0
configure:3438: test -s conftest.o
configure:3441: $? = 0
configure:3452: result: yes
configure:3406: checking for string.h
configure:3422: gcc -c -O2 -I/home/alter0ne/rtk_openwrt_sdk/staging_dir/host/include -I/home/alter0ne/rtk_openwrt_sdk/staging_dir/host/include conftest.c >&5
configure:3428: $? = 0
configure:3432: test -z 
			 || test ! -s conftest.err
configure:3435: $? = 0
configure:3438: test -s conftest.o
configure:3441: $? = 0
configure:3452: result: yes
configure:3406: checking for memory.h
configure:3422: gcc -c -O2 -I/home/alter0ne/rtk_openwrt_sdk/staging_dir/host/include -I/home/alter0ne/rtk_openwrt_sdk/staging_dir/host/include conftest.c >&5
configure:3428: $? = 0
configure:3432: test -z 
			 || test ! -s conftest.err
configure:3435: $? = 0
configure:3438: test -s conftest.o
configure:3441: $? = 0
configure:3452: result: yes
configure:3406: checking for strings.h
configure:3422: gcc -c -O2 -I/home/alter0ne/rtk_openwrt_sdk/staging_dir/host/include -I/home/alter0ne/rtk_openwrt_sdk/staging_dir/host/include conftest.c >&5
configure:3428: $? = 0
configure:3432: test -z 
			 || test ! -s conftest.err
configure:3435: $? = 0
configure:3438: test -s conftest.o
configure:3441: $? = 0
configure:3452: result: yes
configure:3406: checking for inttypes.h
configure:3422: gcc -c -O2 -I/home/alter0ne/rtk_openwrt_sdk/staging_dir/host/include -I/home/alter0ne/rtk_openwrt_sdk/staging_dir/host/include conftest.c >&5
configure:3428: $? = 0
configure:3432: test -z 
			 || test ! -s conftest.err
configure:3435: $? = 0
configure:3438: test -s conftest.o
configure:3441: $? = 0
configure:3452: result: yes
configure:3406: checking for stdint.h
configure:3422: gcc -c -O2 -I/home/alter0ne/rtk_openwrt_sdk/staging_dir/host/include -I/home/alter0ne/rtk_openwrt_sdk/staging_dir/host/include conftest.c >&5
configure:3428: $? = 0
configure:3432: test -z 
			 || test ! -s conftest.err
configure:3435: $? = 0
configure:3438: test -s conftest.o
configure:3441: $? = 0
configure:3452: result: yes
configure:3406: checking for unistd.h
configure:3422: gcc -c -O2 -I/home/alter0ne/rtk_openwrt_sdk/staging_dir/host/include -I/home/alter0ne/rtk_openwrt_sdk/staging_dir/host/include conftest.c >&5
configure:3428: $? = 0
configure:3432: test -z 
			 || test ! -s conftest.err
configure:3435: $? = 0
configure:3438: test -s conftest.o
configure:3441: $? = 0
configure:3452: result: yes
configure:3464: checking for void *
configure:3488: gcc -c -O2 -I/home/alter0ne/rtk_openwrt_sdk/staging_dir/host/include -I/home/alter0ne/rtk_openwrt_sdk/staging_dir/host/include conftest.c >&5
configure:3494: $? = 0
configure:3498: test -z 
			 || test ! -s conftest.err
configure:3501: $? = 0
configure:3504: test -s conftest.o
configure:3507: $? = 0
configure:3518: result: yes
configure:3521: checking size of void *
configure:3840: gcc -o conftest -O2 -I/home/alter0ne/rtk_openwrt_sdk/staging_dir/host/include -I/home/alter0ne/rtk_openwrt_sdk/staging_dir/host/include -L/home/alter0ne/rtk_openwrt_sdk/staging_dir/host/lib conftest.c  >&5
configure:3843: $? = 0
configure:3845: ./conftest
configure:3848: $? = 0
configure:3871: result: 8
configure:4088: checking GL/gl.h usability
configure:4100: gcc -c -g -Wall -O2 -fPIC -fomit-frame-pointer -fno-strict-aliasing -O2 -I/home/alter0ne/rtk_openwrt_sdk/staging_dir/host/include -Wno-deprecated-declarations -I/home/alter0ne/rtk_openwrt_sdk/staging_dir/host/include -D_GNU_SOURCE -D_THREAD_SAFE -D_REENTRANT conftest.c >&5
configure:4106: $? = 0
configure:4110: test -z 
			 || test ! -s conftest.err
configure:4113: $? = 0
configure:4116: test -s conftest.o
configure:4119: $? = 0
configure:4129: result: yes
configure:4133: checking GL/gl.h presence
configure:4143: gcc -E -I/home/alter0ne/rtk_openwrt_sdk/staging_dir/host/include -D_GNU_SOURCE -D_THREAD_SAFE -D_REENTRANT conftest.c
configure:4149: $? = 0
configure:4169: result: yes
configure:4204: checking for GL/gl.h
configure:4211: result: yes
configure:4778: checking GL/glu.h usability
configure:4790: gcc -c -g -Wall -O2 -fPIC -fomit-frame-pointer -fno-strict-aliasing -O2 -I/home/alter0ne/rtk_openwrt_sdk/staging_dir/host/include -Wno-deprecated-declarations -I/home/alter0ne/rtk_openwrt_sdk/staging_dir/host/include -D_GNU_SOURCE -D_THREAD_SAFE -D_REENTRANT conftest.c >&5
configure:4796: $? = 0
configure:4800: test -z 
			 || test ! -s conftest.err
configure:4803: $? = 0
configure:4806: test -s conftest.o
configure:4809: $? = 0
configure:4819: result: yes
configure:4823: checking GL/glu.h presence
configure:4833: gcc -E -I/home/alter0ne/rtk_openwrt_sdk/staging_dir/host/include -D_GNU_SOURCE -D_THREAD_SAFE -D_REENTRANT conftest.c
configure:4839: $? = 0
configure:4859: result: yes
configure:4894: checking for GL/glu.h
configure:4901: result: yes
configure:5306: checking for debug build of wxWidgets
configure:5340: checking for wx-config
configure:5359: found /usr/bin/wx-config
configure:5372: result: /usr/bin/wx-config
configure:5389: checking for wxWidgets version >= 2.8.4 (--unicode --debug=yes)
configure:5432: result: yes (version 3.0.4)
configure:5436: checking for wxWidgets static library
configure:5440: result: no
configure:5582: checking for standard build of wxWidgets
configure:5615: checking for wx-config
configure:5647: result: /usr/bin/wx-config
configure:5664: checking for wxWidgets version >= 2.8.4 (--unicode --debug=no)
configure:5707: result: yes (version 3.0.4)
configure:5711: checking for wxWidgets static library
configure:5715: result: no
configure:6014: checking if wxwidgets have opengl support
configure:6053: x86_64-linux-gnu-g++ -c  -g -Wall -O2 -fPIC -fomit-frame-pointer -fno-strict-aliasing -O2 -I/home/alter0ne/rtk_openwrt_sdk/staging_dir/host/include -Wno-deprecated-declarations -I/home/alter0ne/rtk_openwrt_sdk/staging_dir/host/include -D_GNU_SOURCE -D_THREAD_SAFE -D_REENTRANT -I/usr/lib/x86_64-linux-gnu/wx/include/gtk2-unicode-3.0 -I/usr/include/wx-3.0 -D_FILE_OFFSET_BITS=64 -DWXUSINGDLL -D__WXGTK__ -pthread -I/home/alter0ne/rtk_openwrt_sdk/staging_dir/host/include -D_GNU_SOURCE -D_THREAD_SAFE -D_REENTRANT conftest.cc >&5
configure:6059: $? = 0
configure:6063: test -z 
			 || test ! -s conftest.err
configure:6066: $? = 0
configure:6069: test -s conftest.o
configure:6072: $? = 0
configure:6095: result: yes
configure:6105: checking for GLintptr
configure:6138: gcc -c -g -Wall -O2 -fPIC -fomit-frame-pointer -fno-strict-aliasing -O2 -I/home/alter0ne/rtk_openwrt_sdk/staging_dir/host/include -Wno-deprecated-declarations -I/home/alter0ne/rtk_openwrt_sdk/staging_dir/host/include -D_GNU_SOURCE -D_THREAD_SAFE -D_REENTRANT  -I/home/alter0ne/rtk_openwrt_sdk/staging_dir/host/include -D_GNU_SOURCE -D_THREAD_SAFE -D_REENTRANT conftest.c >&5
configure:6144: $? = 0
configure:6148: test -z 
			 || test ! -s conftest.err
configure:6151: $? = 0
configure:6154: test -s conftest.o
configure:6157: $? = 0
configure:6168: result: yes
configure:6178: checking for GLintptrARB
configure:6211: gcc -c -g -Wall -O2 -fPIC -fomit-frame-pointer -fno-strict-aliasing -O2 -I/home/alter0ne/rtk_openwrt_sdk/staging_dir/host/include -Wno-deprecated-declarations -I/home/alter0ne/rtk_openwrt_sdk/staging_dir/host/include -D_GNU_SOURCE -D_THREAD_SAFE -D_REENTRANT  -I/home/alter0ne/rtk_openwrt_sdk/staging_dir/host/include -D_GNU_SOURCE -D_THREAD_SAFE -D_REENTRANT conftest.c >&5
configure:6217: $? = 0
configure:6221: test -z 
			 || test ! -s conftest.err
configure:6224: $? = 0
configure:6227: test -s conftest.o
configure:6230: $? = 0
configure:6241: result: yes
configure:6251: checking for GLchar
configure:6284: gcc -c -g -Wall -O2 -fPIC -fomit-frame-pointer -fno-strict-aliasing -O2 -I/home/alter0ne/rtk_openwrt_sdk/staging_dir/host/include -Wno-deprecated-declarations -I/home/alter0ne/rtk_openwrt_sdk/staging_dir/host/include -D_GNU_SOURCE -D_THREAD_SAFE -D_REENTRANT  -I/home/alter0ne/rtk_openwrt_sdk/staging_dir/host/include -D_GNU_SOURCE -D_THREAD_SAFE -D_REENTRANT conftest.c >&5
configure:6290: $? = 0
configure:6294: test -z 
			 || test ! -s conftest.err
configure:6297: $? = 0
configure:6300: test -s conftest.o
configure:6303: $? = 0
configure:6314: result: yes
configure:6324: checking for GLcharARB
configure:6357: gcc -c -g -Wall -O2 -fPIC -fomit-frame-pointer -fno-strict-aliasing -O2 -I/home/alter0ne/rtk_openwrt_sdk/staging_dir/host/include -Wno-deprecated-declarations -I/home/alter0ne/rtk_openwrt_sdk/staging_dir/host/include -D_GNU_SOURCE -D_THREAD_SAFE -D_REENTRANT  -I/home/alter0ne/rtk_openwrt_sdk/staging_dir/host/include -D_GNU_SOURCE -D_THREAD_SAFE -D_REENTRANT conftest.c >&5
configure:6363: $? = 0
configure:6367: test -z 
			 || test ! -s conftest.err
configure:6370: $? = 0
configure:6373: test -s conftest.o
configure:6376: $? = 0
configure:6387: result: yes
configure:6397: checking for GLhalfARB
configure:6430: gcc -c -g -Wall -O2 -fPIC -fomit-frame-pointer -fno-strict-aliasing -O2 -I/home/alter0ne/rtk_openwrt_sdk/staging_dir/host/include -Wno-deprecated-declarations -I/home/alter0ne/rtk_openwrt_sdk/staging_dir/host/include -D_GNU_SOURCE -D_THREAD_SAFE -D_REENTRANT  -I/home/alter0ne/rtk_openwrt_sdk/staging_dir/host/include -D_GNU_SOURCE -D_THREAD_SAFE -D_REENTRANT conftest.c >&5
configure:6436: $? = 0
configure:6440: test -z 
			 || test ! -s conftest.err
configure:6443: $? = 0
configure:6446: test -s conftest.o
configure:6449: $? = 0
configure:6460: result: yes
configure:6470: checking for GLint64EXT
configure:6503: gcc -c -g -Wall -O2 -fPIC -fomit-frame-pointer -fno-strict-aliasing -O2 -I/home/alter0ne/rtk_openwrt_sdk/staging_dir/host/include -Wno-deprecated-declarations -I/home/alter0ne/rtk_openwrt_sdk/staging_dir/host/include -D_GNU_SOURCE -D_THREAD_SAFE -D_REENTRANT  -I/home/alter0ne/rtk_openwrt_sdk/staging_dir/host/include -D_GNU_SOURCE -D_THREAD_SAFE -D_REENTRANT conftest.c >&5
configure:6509: $? = 0
configure:6513: test -z 
			 || test ! -s conftest.err
configure:6516: $? = 0
configure:6519: test -s conftest.o
configure:6522: $? = 0
configure:6533: result: yes
configure:6546: checking GLU Callbacks uses Tiger Style
configure:6589: x86_64-linux-gnu-g++ -c  -g -Wall -O2 -fPIC -fomit-frame-pointer -fno-strict-aliasing -O2 -I/home/alter0ne/rtk_openwrt_sdk/staging_dir/host/include -Wno-deprecated-declarations -I/home/alter0ne/rtk_openwrt_sdk/staging_dir/host/include -D_GNU_SOURCE -D_THREAD_SAFE -D_REENTRANT -I/usr/lib/x86_64-linux-gnu/wx/include/gtk2-unicode-3.0 -I/usr/include/wx-3.0 -D_FILE_OFFSET_BITS=64 -DWXUSINGDLL -D__WXGTK__ -pthread -I/home/alter0ne/rtk_openwrt_sdk/staging_dir/host/include -D_GNU_SOURCE -D_THREAD_SAFE -D_REENTRANT conftest.cc >&5
conftest.cc: In function 'int main()':
conftest.cc:51:43: error: invalid conversion from 'GLvoid (*)(...) {aka void (*)(...)}' to '_GLUfuncptr {aka void (*)()}' [-fpermissive]
      gluTessCallback(tess,GLU_TESS_VERTEX,(GLvoid (*)(...)) foo);
                                           ^~~~~~~~~~~~~~~~~~~~~
In file included from conftest.cc:37:0:
/usr/include/GL/glu.h:340:23: note:   initializing argument 3 of 'void gluTessCallback(GLUtesselator*, GLenum, _GLUfuncptr)'
 GLAPI void GLAPIENTRY gluTessCallback (GLUtesselator* tess, GLenum which, _GLUfuncptr CallBackFunc);
                       ^~~~~~~~~~~~~~~
configure:6595: $? = 1
configure: failed program was:
| /* confdefs.h.  */
| 
| #define PACKAGE_NAME ""
| #define PACKAGE_TARNAME ""
| #define PACKAGE_VERSION ""
| #define PACKAGE_STRING ""
| #define PACKAGE_BUGREPORT ""
| #ifdef __cplusplus
| extern "C" void std::exit (int) throw (); using std::exit;
| #endif
| #define STDC_HEADERS 1
| #define HAVE_SYS_TYPES_H 1
| #define HAVE_SYS_STAT_H 1
| #define HAVE_STDLIB_H 1
| #define HAVE_STRING_H 1
| #define HAVE_MEMORY_H 1
| #define HAVE_STRINGS_H 1
| #define HAVE_INTTYPES_H 1
| #define HAVE_STDINT_H 1
| #define HAVE_UNISTD_H 1
| #define SIZEOF_VOID_P 8
| #define HAVE_GL_GL_H 1
| #define HAVE_GL_GLU_H 1
| #define HAVE_GL_SUPPORT 1
| #define HAVE_GLINTPTR 1
| #define HAVE_GLINTPTRARB 1
| #define HAVE_GLCHAR 1
| #define HAVE_GLCHARARB 1
| #define HAVE_GLHALFARB 1
| #define HAVE_GLINT64EXT 1
| /* end confdefs.h.  */
| 
|                 #ifdef WIN32
| 		# include <windows.h>
| 	        # include <gl/glu.h>
| 	        #elif defined(HAVE_GL_GL_H)
| 	        # include <GL/glu.h>
|                 #elif defined(HAVE_OPENGL_GL_H)
| 		# include <OpenGL/glu.h>
| 		#endif
| 		#ifndef CALLBACK
| 		# define CALLBACK
| 		#endif
| 		void CALLBACK foo() {};
| 
| int
| main ()
| {
| 
| 		   GLUtesselator* tess;
| 		   gluTessCallback(tess,GLU_TESS_VERTEX,(GLvoid (*)(...)) foo);
| 
|   ;
|   return 0;
| }
configure:6623: result: no
configure:6632: checking for wx/stc/stc.h
configure:6651: x86_64-linux-gnu-g++ -c  -g -Wall -O2 -fPIC -fomit-frame-pointer -fno-strict-aliasing -O2 -I/home/alter0ne/rtk_openwrt_sdk/staging_dir/host/include -Wno-deprecated-declarations -I/home/alter0ne/rtk_openwrt_sdk/staging_dir/host/include -D_GNU_SOURCE -D_THREAD_SAFE -D_REENTRANT -I/usr/lib/x86_64-linux-gnu/wx/include/gtk2-unicode-3.0 -I/usr/include/wx-3.0 -D_FILE_OFFSET_BITS=64 -DWXUSINGDLL -D__WXGTK__ -pthread -I/home/alter0ne/rtk_openwrt_sdk/staging_dir/host/include -D_GNU_SOURCE -D_THREAD_SAFE -D_REENTRANT conftest.cc >&5
configure:6657: $? = 0
configure:6661: test -z 
			 || test ! -s conftest.err
configure:6664: $? = 0
configure:6667: test -s conftest.o
configure:6670: $? = 0
configure:6681: result: yes
configure:6700: checking if we can link wxwidgets programs
configure:6744: x86_64-linux-gnu-g++ -o conftest  -g -Wall -O2 -fPIC -fomit-frame-pointer -fno-strict-aliasing -O2 -I/home/alter0ne/rtk_openwrt_sdk/staging_dir/host/include -Wno-deprecated-declarations -I/home/alter0ne/rtk_openwrt_sdk/staging_dir/host/include -D_GNU_SOURCE -D_THREAD_SAFE -D_REENTRANT -I/usr/lib/x86_64-linux-gnu/wx/include/gtk2-unicode-3.0 -I/usr/include/wx-3.0 -D_FILE_OFFSET_BITS=64 -DWXUSINGDLL -D__WXGTK__ -pthread -I/home/alter0ne/rtk_openwrt_sdk/staging_dir/host/include -D_GNU_SOURCE -D_THREAD_SAFE -D_REENTRANT -shared -fPIC -L/home/alter0ne/rtk_openwrt_sdk/staging_dir/host/lib conftest.cc  >&5
conftest.cc: In member function 'virtual bool MyApp::OnInit()':
conftest.cc:53:29: warning: unused variable 'foo' [-Wunused-variable]
          wxStyledTextCtrl * foo = new wxStyledTextCtrl();
                             ^~~
conftest.cc:54:23: warning: unused variable 'bar' [-Wunused-variable]
          wxGLCanvas * bar = new wxGLCanvas((wxWindow *) NULL, -1,
                       ^~~
configure:6750: $? = 0
configure:6754: test -z 
			 || test ! -s conftest.err
configure:6757: $? = 0
configure:6760: test -s conftest
configure:6763: $? = 0
configure:6787: result: yes
configure:6803: checking if we can add -Werror=return-type to CFLAGS (via CFLAGS)
configure:6823: gcc -c -Werror=return-type -g -Wall -O2 -fPIC -fomit-frame-pointer -fno-strict-aliasing -O2 -I/home/alter0ne/rtk_openwrt_sdk/staging_dir/host/include -Wno-deprecated-declarations -I/home/alter0ne/rtk_openwrt_sdk/staging_dir/host/include -D_GNU_SOURCE -D_THREAD_SAFE -D_REENTRANT  -I/home/alter0ne/rtk_openwrt_sdk/staging_dir/host/include -D_GNU_SOURCE -D_THREAD_SAFE -D_REENTRANT conftest.c >&5
configure:6829: $? = 0
configure:6833: test -z 
			 || test ! -s conftest.err
configure:6836: $? = 0
configure:6839: test -s conftest.o
configure:6842: $? = 0
configure:6854: result: yes
configure:6863: checking if we can add -Werror=return-type to CXXFLAGS (via CFLAGS)
configure:6883: gcc -c -Werror=return-type  -g -Wall -O2 -fPIC -fomit-frame-pointer -fno-strict-aliasing -O2 -I/home/alter0ne/rtk_openwrt_sdk/staging_dir/host/include -Wno-deprecated-declarations -I/home/alter0ne/rtk_openwrt_sdk/staging_dir/host/include -D_GNU_SOURCE -D_THREAD_SAFE -D_REENTRANT -I/home/alter0ne/rtk_openwrt_sdk/staging_dir/host/include -D_GNU_SOURCE -D_THREAD_SAFE -D_REENTRANT conftest.c >&5
configure:6889: $? = 0
configure:6893: test -z 
			 || test ! -s conftest.err
configure:6896: $? = 0
configure:6899: test -s conftest.o
configure:6902: $? = 0
configure:6914: result: yes
configure:7089: creating x86_64-pc-linux-gnu/config.status

## ---------------------- ##
## Running config.status. ##
## ---------------------- ##

This file was extended by config.status, which was
generated by GNU Autoconf 2.59.  Invocation command line was

  CONFIG_FILES    = 
  CONFIG_HEADERS  = 
  CONFIG_LINKS    = 
  CONFIG_COMMANDS = 
  $ x86_64-pc-linux-gnu/config.status 

on alter0ne-PC

config.status:688: creating config.mk
config.status:688: creating c_src/Makefile

## ---------------- ##
## Cache variables. ##
## ---------------- ##

ac_cv_build=x86_64-pc-linux-gnu
ac_cv_build_alias=x86_64-linux-gnu
ac_cv_c_compiler_gnu=yes
ac_cv_cxx_compiler_gnu=yes
ac_cv_env_CC_set=set
ac_cv_env_CC_value=gcc
ac_cv_env_CFLAGS_set=set
ac_cv_env_CFLAGS_value='-O2 -I/home/alter0ne/rtk_openwrt_sdk/staging_dir/host/include'
ac_cv_env_CPPFLAGS_set=set
ac_cv_env_CPPFLAGS_value=-I/home/alter0ne/rtk_openwrt_sdk/staging_dir/host/include
ac_cv_env_CPP_set=
ac_cv_env_CPP_value=
ac_cv_env_CXXFLAGS_set=
ac_cv_env_CXXFLAGS_value=
ac_cv_env_CXX_set=
ac_cv_env_CXX_value=
ac_cv_env_LDFLAGS_set=set
ac_cv_env_LDFLAGS_value=-L/home/alter0ne/rtk_openwrt_sdk/staging_dir/host/lib
ac_cv_env_build_alias_set=set
ac_cv_env_build_alias_value=x86_64-linux-gnu
ac_cv_env_host_alias_set=set
ac_cv_env_host_alias_value=x86_64-linux-gnu
ac_cv_env_target_alias_set=set
ac_cv_env_target_alias_value=x86_64-linux-gnu
ac_cv_exeext=
ac_cv_header_GL_gl_h=yes
ac_cv_header_GL_glu_h=yes
ac_cv_header_inttypes_h=yes
ac_cv_header_memory_h=yes
ac_cv_header_stdc=yes
ac_cv_header_stdint_h=yes
ac_cv_header_stdlib_h=yes
ac_cv_header_string_h=yes
ac_cv_header_strings_h=yes
ac_cv_header_sys_stat_h=yes
ac_cv_header_sys_types_h=yes
ac_cv_header_unistd_h=yes
ac_cv_header_wx_stc_stc_h=yes
ac_cv_host=x86_64-pc-linux-gnu
ac_cv_host_alias=x86_64-linux-gnu
ac_cv_objext=o
ac_cv_path_WX_CONFIG_PATH=/usr/bin/wx-config
ac_cv_prog_CC=gcc
ac_cv_prog_CPP='gcc -E'
ac_cv_prog_CXX=x86_64-linux-gnu-g++
ac_cv_prog_RANLIB=x86_64-linux-gnu-ranlib
ac_cv_prog_cc_g=yes
ac_cv_prog_cc_stdc=
ac_cv_prog_cxx_g=yes
ac_cv_prog_egrep='grep -E'
ac_cv_sizeof_void_p=8
ac_cv_type_GLchar=yes
ac_cv_type_GLcharARB=yes
ac_cv_type_GLhalfARB=yes
ac_cv_type_GLint64EXT=yes
ac_cv_type_GLintptr=yes
ac_cv_type_GLintptrARB=yes
ac_cv_type_void_p=yes

## ----------------- ##
## Output variables. ##
## ----------------- ##

CC='gcc'
CFLAGS='-Werror=return-type -g -Wall -O2 -fPIC -fomit-frame-pointer -fno-strict-aliasing -O2 -I/home/alter0ne/rtk_openwrt_sdk/staging_dir/host/include -Wno-deprecated-declarations -I/home/alter0ne/rtk_openwrt_sdk/staging_dir/host/include -D_GNU_SOURCE -D_THREAD_SAFE -D_REENTRANT '
CPP='gcc -E'
CPPFLAGS='-I/home/alter0ne/rtk_openwrt_sdk/staging_dir/host/include -D_GNU_SOURCE -D_THREAD_SAFE -D_REENTRANT'
CXX='x86_64-linux-gnu-g++'
CXXFLAGS='-Werror=return-type  -g -Wall -O2 -fPIC -fomit-frame-pointer -fno-strict-aliasing -O2 -I/home/alter0ne/rtk_openwrt_sdk/staging_dir/host/include -Wno-deprecated-declarations -I/home/alter0ne/rtk_openwrt_sdk/staging_dir/host/include -D_GNU_SOURCE -D_THREAD_SAFE -D_REENTRANT'
DEBUG_CFLAGS='-g -Wall -fPIC -DDEBUG -O2 -I/home/alter0ne/rtk_openwrt_sdk/staging_dir/host/include -Wno-deprecated-declarations -I/home/alter0ne/rtk_openwrt_sdk/staging_dir/host/include -D_GNU_SOURCE -D_THREAD_SAFE -D_REENTRANT '
DEBUG_CXXFLAGS=' -g -Wall -O2 -fPIC -fomit-frame-pointer -fno-strict-aliasing -O2 -I/home/alter0ne/rtk_openwrt_sdk/staging_dir/host/include -Wno-deprecated-declarations -I/home/alter0ne/rtk_openwrt_sdk/staging_dir/host/include -D_GNU_SOURCE -D_THREAD_SAFE -D_REENTRANT -g -Wall -fPIC -DDEBUG -O2 -I/home/alter0ne/rtk_openwrt_sdk/staging_dir/host/include -Wno-deprecated-declarations -I/home/alter0ne/rtk_openwrt_sdk/staging_dir/host/include -D_GNU_SOURCE -D_THREAD_SAFE -D_REENTRANT'
DEBUG_WX_CFLAGS='-I/usr/lib/x86_64-linux-gnu/wx/include/gtk2-unicode-3.0 -I/usr/include/wx-3.0 -D_FILE_OFFSET_BITS=64 -DWXUSINGDLL -D__WXGTK__ -pthread'
DEBUG_WX_CXXFLAGS='-I/usr/lib/x86_64-linux-gnu/wx/include/gtk2-unicode-3.0 -I/usr/include/wx-3.0 -D_FILE_OFFSET_BITS=64 -DWXUSINGDLL -D__WXGTK__ -pthread'
DEBUG_WX_LIBS='-L/usr/lib/x86_64-linux-gnu -pthread   -lwx_gtk2u_stc-3.0 -lwx_gtk2u_xrc-3.0 -lwx_gtk2u_html-3.0 -lwx_gtk2u_adv-3.0 -lwx_baseu_xml-3.0 -lwx_gtk2u_core-3.0 -lwx_baseu-3.0 -lwx_gtk2u_gl-3.0 -lwx_gtk2u_aui-3.0 '
DEBUG_WX_LIBS_STATIC=''
DEFS='-DPACKAGE_NAME=\"\" -DPACKAGE_TARNAME=\"\" -DPACKAGE_VERSION=\"\" -DPACKAGE_STRING=\"\" -DPACKAGE_BUGREPORT=\"\" -DSTDC_HEADERS=1 -DHAVE_SYS_TYPES_H=1 -DHAVE_SYS_STAT_H=1 -DHAVE_STDLIB_H=1 -DHAVE_STRING_H=1 -DHAVE_MEMORY_H=1 -DHAVE_STRINGS_H=1 -DHAVE_INTTYPES_H=1 -DHAVE_STDINT_H=1 -DHAVE_UNISTD_H=1 -DSIZEOF_VOID_P=8 -DHAVE_GL_GL_H=1 -DHAVE_GL_GLU_H=1 -DHAVE_GL_SUPPORT=1 -DHAVE_GLINTPTR=1 -DHAVE_GLINTPTRARB=1 -DHAVE_GLCHAR=1 -DHAVE_GLCHARARB=1 -DHAVE_GLHALFARB=1 -DHAVE_GLINT64EXT=1 -DHAVE_WX_STC_STC_H=1 '
ECHO_C=''
ECHO_N='-n'
ECHO_T=''
EGREP='grep -E'
ERLANG_ROOT_DIR='/home/alter0ne/rtk_openwrt_sdk/build_dir/host/otp_src_R16B02'
ERLC='erlc'
EXEEXT=''
FORCED_DEBUG_BUILD='false'
GL_LIBS='-lGL -lGLU'
HAVE_GL_SUPPORT='yes'
LDFLAGS='-shared -fPIC -L/home/alter0ne/rtk_openwrt_sdk/staging_dir/host/lib'
LIBOBJS=''
LIBS=''
LTLIBOBJS=''
MIXED_CYGWIN='no'
MIXED_CYGWIN_MINGW='no'
MIXED_CYGWIN_VC='no'
MIXED_MSYS='no'
MIXED_MSYS_VC='no'
MIXED_VC='no'
OBJC_CC='gcc'
OBJC_CFLAGS=''
OBJEXT='o'
PACKAGE_BUGREPORT=''
PACKAGE_NAME=''
PACKAGE_STRING=''
PACKAGE_TARNAME=''
PACKAGE_VERSION=''
PATH_SEPARATOR=':'
RANLIB='x86_64-linux-gnu-ranlib'
RC_FILE_TYPE='o'
RUN_ERL='erl'
SHELL='/bin/bash'
SO_EXT='.so'
TARGET='x86_64-pc-linux-gnu'
TESS_CB_TIGER_STYLE='no'
WXERL_CAN_BUILD_DRIVER='true'
WXERL_SYS_TYPE='x86_64-pc-linux-gnu'
WX_BUILDING_INSIDE_ERLSRC='true'
WX_CFLAGS='-I/usr/lib/x86_64-linux-gnu/wx/include/gtk2-unicode-3.0 -I/usr/include/wx-3.0 -D_FILE_OFFSET_BITS=64 -DWXUSINGDLL -D__WXGTK__ -pthread'
WX_CFLAGS_ONLY='-pthread'
WX_CONFIG_PATH='/usr/bin/wx-config'
WX_CPPFLAGS='-I/usr/lib/x86_64-linux-gnu/wx/include/gtk2-unicode-3.0 -I/usr/include/wx-3.0 -D_FILE_OFFSET_BITS=64 -DWXUSINGDLL -D__WXGTK__'
WX_CXXFLAGS='-I/usr/lib/x86_64-linux-gnu/wx/include/gtk2-unicode-3.0 -I/usr/include/wx-3.0 -D_FILE_OFFSET_BITS=64 -DWXUSINGDLL -D__WXGTK__ -pthread'
WX_CXXFLAGS_ONLY=''
WX_HAVE_STATIC_LIBS='false'
WX_LIBS='-L/usr/lib/x86_64-linux-gnu -pthread   -lwx_gtk2u_stc-3.0 -lwx_gtk2u_xrc-3.0 -lwx_gtk2u_html-3.0 -lwx_gtk2u_adv-3.0 -lwx_baseu_xml-3.0 -lwx_gtk2u_core-3.0 -lwx_baseu-3.0 -lwx_gtk2u_gl-3.0 -lwx_gtk2u_aui-3.0 '
WX_LIBS_STATIC=''
WX_RESCOMP=''
WX_VERSION='3.0.4'
WX_VERSION_MAJOR='3'
WX_VERSION_MICRO='4'
WX_VERSION_MINOR='0'
ac_ct_CC=''
ac_ct_CXX=''
ac_ct_RANLIB=''
bindir='${exec_prefix}/bin'
build='x86_64-pc-linux-gnu'
build_alias='x86_64-linux-gnu'
build_cpu='x86_64'
build_os='linux-gnu'
build_vendor='pc'
datadir='${prefix}/share'
exec_prefix='/home/alter0ne/rtk_openwrt_sdk/staging_dir/host'
host='x86_64-pc-linux-gnu'
host_alias='x86_64-linux-gnu'
host_cpu='x86_64'
host_os='linux-gnu'
host_vendor='pc'
includedir='${prefix}/include'
infodir='${prefix}/info'
libdir='${exec_prefix}/lib'
libexecdir='${exec_prefix}/libexec'
localstatedir='/home/alter0ne/rtk_openwrt_sdk/staging_dir/host/var'
mandir='${prefix}/man'
oldincludedir='/usr/include'
prefix='/home/alter0ne/rtk_openwrt_sdk/staging_dir/host'
program_transform_name='s,x,x,'
sbindir='/home/alter0ne/rtk_openwrt_sdk/staging_dir/host/bin'
sharedstatedir='${prefix}/com'
sysconfdir='/home/alter0ne/rtk_openwrt_sdk/staging_dir/host/etc'
target_alias='x86_64-linux-gnu'

## ----------- ##
## confdefs.h. ##
## ----------- ##

#define HAVE_GLCHAR 1
#define HAVE_GLCHARARB 1
#define HAVE_GLHALFARB 1
#define HAVE_GLINT64EXT 1
#define HAVE_GLINTPTR 1
#define HAVE_GLINTPTRARB 1
#define HAVE_GL_GLU_H 1
#define HAVE_GL_GL_H 1
#define HAVE_GL_SUPPORT 1
#define HAVE_INTTYPES_H 1
#define HAVE_MEMORY_H 1
#define HAVE_STDINT_H 1
#define HAVE_STDLIB_H 1
#define HAVE_STRINGS_H 1
#define HAVE_STRING_H 1
#define HAVE_SYS_STAT_H 1
#define HAVE_SYS_TYPES_H 1
#define HAVE_UNISTD_H 1
#define HAVE_WX_STC_STC_H 1
#define PACKAGE_BUGREPORT ""
#define PACKAGE_NAME ""
#define PACKAGE_STRING ""
#define PACKAGE_TARNAME ""
#define PACKAGE_VERSION ""
#define SIZEOF_VOID_P 8
#define STDC_HEADERS 1
#endif
#ifdef __cplusplus
extern "C" void std::exit (int) throw (); using std::exit;

configure: exit 0
