This file contains any messages produced by compilers while
running configure, to aid debugging if configure makes a mistake.

It was created by pkg-config configure 0.28, which was
generated by GNU Autoconf 2.69.  Invocation command line was

  $ ./configure CC=gcc CFLAGS=-O2 -I/home/alter0ne/rtk_openwrt_sdk/staging_dir/host/include CPPFLAGS=-I/home/alter0ne/rtk_openwrt_sdk/staging_dir/host/include LDFLAGS=-L/home/alter0ne/rtk_openwrt_sdk/staging_dir/host/lib  SHELL=/bin/bash --target=x86_64-linux-gnu --host=x86_64-linux-gnu --build=x86_64-linux-gnu --program-prefix= --program-suffix= --prefix=/home/alter0ne/rtk_openwrt_sdk/staging_dir/host --exec-prefix=/home/alter0ne/rtk_openwrt_sdk/staging_dir/host --sysconfdir=/home/alter0ne/rtk_openwrt_sdk/staging_dir/host/etc --localstatedir=/home/alter0ne/rtk_openwrt_sdk/staging_dir/host/var --sbindir=/home/alter0ne/rtk_openwrt_sdk/staging_dir/host/bin --with-internal-glib

## --------- ##
## Platform. ##
## --------- ##

hostname = alter0ne-PC
uname -m = x86_64
uname -r = 5.0.0-31-generic
uname -s = Linux
uname -v = #33~18.04.1-Ubuntu SMP Tue Oct 1 10:20:39 UTC 2019

/usr/bin/uname -p = unknown
/bin/uname -X     = unknown

/bin/arch              = unknown
/usr/bin/arch -k       = unknown
/usr/convex/getsysinfo = unknown
/usr/bin/hostinfo      = unknown
/bin/machine           = unknown
/usr/bin/oslevel       = unknown
/bin/universe          = unknown

PATH: /home/alter0ne/rtk_openwrt_sdk/staging_dir/toolchain-mips-rlx4181-linux/bin
PATH: /home/alter0ne/rtk_openwrt_sdk/staging_dir/rsdk-4.6.4-4181-EB-3.10-0.9.33-m32u-20141001//bin
PATH: /home/alter0ne/rtk_openwrt_sdk/staging_dir/host/bin
PATH: /home/alter0ne/rtk_openwrt_sdk/staging_dir/toolchain-mips-rlx4181-linux/bin
PATH: /home/alter0ne/rtk_openwrt_sdk/staging_dir/rsdk-4.6.4-4181-EB-3.10-0.9.33-m32u-20141001//bin
PATH: /home/alter0ne/rtk_openwrt_sdk/staging_dir/host/bin
PATH: /home/alter0ne/rtk_openwrt_sdk/staging_dir/toolchain-mips-rlx4181-linux/bin
PATH: /home/alter0ne/rtk_openwrt_sdk/staging_dir/rsdk-4.6.4-4181-EB-3.10-0.9.33-m32u-20141001//bin
PATH: /home/alter0ne/rtk_openwrt_sdk/staging_dir/host/bin
PATH: /home/alter0ne/.local/bin
PATH: /home/alter0ne/bin
PATH: /usr/local/sbin
PATH: /usr/local/bin
PATH: /usr/sbin
PATH: /usr/bin
PATH: /sbin
PATH: /bin
PATH: /usr/games
PATH: /usr/local/games
PATH: /snap/bin


## ----------- ##
## Core tests. ##
## ----------- ##

configure:2311: checking for a BSD-compatible install
configure:2379: result: /usr/bin/install -c
configure:2390: checking whether build environment is sane
configure:2445: result: yes
configure:2596: checking for a thread-safe mkdir -p
configure:2635: result: /bin/mkdir -p
configure:2642: checking for gawk
configure:2658: found /usr/bin/gawk
configure:2669: result: gawk
configure:2680: checking whether make sets $(MAKE)
configure:2702: result: yes
configure:2818: checking build system type
configure:2832: result: x86_64-pc-linux-gnu
configure:2852: checking host system type
configure:2865: result: x86_64-pc-linux-gnu
configure:2906: checking how to print strings
configure:2933: result: printf
configure:2966: checking for style of include used by make
configure:2994: result: GNU
configure:3025: checking for x86_64-linux-gnu-gcc
configure:3052: result: gcc
configure:3321: checking for C compiler version
configure:3330: gcc --version >&5
gcc (Ubuntu 7.4.0-1ubuntu1~18.04.1) 7.4.0
Copyright (C) 2017 Free Software Foundation, Inc.
This is free software; see the source for copying conditions.  There is NO
warranty; not even for MERCHANTABILITY or FITNESS FOR A PARTICULAR PURPOSE.

configure:3341: $? = 0
configure:3330: gcc -v >&5
Using built-in specs.
COLLECT_GCC=gcc
COLLECT_LTO_WRAPPER=/usr/lib/gcc/x86_64-linux-gnu/7/lto-wrapper
OFFLOAD_TARGET_NAMES=nvptx-none
OFFLOAD_TARGET_DEFAULT=1
Target: x86_64-linux-gnu
Configured with: ../src/configure -v --with-pkgversion='Ubuntu 7.4.0-1ubuntu1~18.04.1' --with-bugurl=file:///usr/share/doc/gcc-7/README.Bugs --enable-languages=c,ada,c++,go,brig,d,fortran,objc,obj-c++ --prefix=/usr --with-gcc-major-version-only --program-suffix=-7 --program-prefix=x86_64-linux-gnu- --enable-shared --enable-linker-build-id --libexecdir=/usr/lib --without-included-gettext --enable-threads=posix --libdir=/usr/lib --enable-nls --with-sysroot=/ --enable-clocale=gnu --enable-libstdcxx-debug --enable-libstdcxx-time=yes --with-default-libstdcxx-abi=new --enable-gnu-unique-object --disable-vtable-verify --enable-libmpx --enable-plugin --enable-default-pie --with-system-zlib --with-target-system-zlib --enable-objc-gc=auto --enable-multiarch --disable-werror --with-arch-32=i686 --with-abi=m64 --with-multilib-list=m32,m64,mx32 --enable-multilib --with-tune=generic --enable-offload-targets=nvptx-none --without-cuda-driver --enable-checking=release --build=x86_64-linux-gnu --host=x86_64-linux-gnu --target=x86_64-linux-gnu
Thread model: posix
gcc version 7.4.0 (Ubuntu 7.4.0-1ubuntu1~18.04.1) 
configure:3341: $? = 0
configure:3330: gcc -V >&5
gcc: error: unrecognized command line option '-V'
gcc: fatal error: no input files
compilation terminated.
configure:3341: $? = 1
configure:3330: gcc -qversion >&5
gcc: error: unrecognized command line option '-qversion'; did you mean '--version'?
gcc: fatal error: no input files
compilation terminated.
configure:3341: $? = 1
configure:3361: checking whether the C compiler works
configure:3383: gcc -O2 -I/home/alter0ne/rtk_openwrt_sdk/staging_dir/host/include -I/home/alter0ne/rtk_openwrt_sdk/staging_dir/host/include -L/home/alter0ne/rtk_openwrt_sdk/staging_dir/host/lib  conftest.c  >&5
configure:3387: $? = 0
configure:3435: result: yes
configure:3438: checking for C compiler default output file name
configure:3440: result: a.out
configure:3446: checking for suffix of executables
configure:3453: gcc -o conftest -O2 -I/home/alter0ne/rtk_openwrt_sdk/staging_dir/host/include -I/home/alter0ne/rtk_openwrt_sdk/staging_dir/host/include -L/home/alter0ne/rtk_openwrt_sdk/staging_dir/host/lib  conftest.c  >&5
configure:3457: $? = 0
configure:3479: result: 
configure:3501: checking whether we are cross compiling
configure:3509: gcc -o conftest -O2 -I/home/alter0ne/rtk_openwrt_sdk/staging_dir/host/include -I/home/alter0ne/rtk_openwrt_sdk/staging_dir/host/include -L/home/alter0ne/rtk_openwrt_sdk/staging_dir/host/lib  conftest.c  >&5
configure:3513: $? = 0
configure:3520: ./conftest
configure:3524: $? = 0
configure:3539: result: no
configure:3544: checking for suffix of object files
configure:3566: gcc -c -O2 -I/home/alter0ne/rtk_openwrt_sdk/staging_dir/host/include -I/home/alter0ne/rtk_openwrt_sdk/staging_dir/host/include conftest.c >&5
configure:3570: $? = 0
configure:3591: result: o
configure:3595: checking whether we are using the GNU C compiler
configure:3614: gcc -c -O2 -I/home/alter0ne/rtk_openwrt_sdk/staging_dir/host/include -I/home/alter0ne/rtk_openwrt_sdk/staging_dir/host/include conftest.c >&5
configure:3614: $? = 0
configure:3623: result: yes
configure:3632: checking whether gcc accepts -g
configure:3652: gcc -c -g -I/home/alter0ne/rtk_openwrt_sdk/staging_dir/host/include conftest.c >&5
configure:3652: $? = 0
configure:3693: result: yes
configure:3710: checking for gcc option to accept ISO C89
configure:3773: gcc  -c -O2 -I/home/alter0ne/rtk_openwrt_sdk/staging_dir/host/include -I/home/alter0ne/rtk_openwrt_sdk/staging_dir/host/include conftest.c >&5
configure:3773: $? = 0
configure:3786: result: none needed
configure:3808: checking dependency style of gcc
configure:3919: result: gcc3
configure:3934: checking for a sed that does not truncate output
configure:3998: result: /home/alter0ne/rtk_openwrt_sdk/staging_dir/host/bin/sed
configure:4016: checking for grep that handles long lines and -e
configure:4074: result: /home/alter0ne/rtk_openwrt_sdk/staging_dir/host/bin/grep
configure:4079: checking for egrep
configure:4141: result: /home/alter0ne/rtk_openwrt_sdk/staging_dir/host/bin/grep -E
configure:4146: checking for fgrep
configure:4208: result: /home/alter0ne/rtk_openwrt_sdk/staging_dir/host/bin/grep -F
configure:4243: checking for ld used by gcc
configure:4310: result: /usr/bin/ld
configure:4317: checking if the linker (/usr/bin/ld) is GNU ld
configure:4332: result: yes
configure:4344: checking for BSD- or MS-compatible name lister (nm)
configure:4393: result: /usr/bin/nm -B
configure:4523: checking the name lister (/usr/bin/nm -B) interface
configure:4530: gcc -c -O2 -I/home/alter0ne/rtk_openwrt_sdk/staging_dir/host/include -I/home/alter0ne/rtk_openwrt_sdk/staging_dir/host/include conftest.c >&5
configure:4533: /usr/bin/nm -B "conftest.o"
configure:4536: output
0000000000000000 B some_variable
configure:4543: result: BSD nm
configure:4546: checking whether ln -s works
configure:4550: result: yes
configure:4558: checking the maximum length of command line arguments
configure:4688: result: 1572864
configure:4705: checking whether the shell understands some XSI constructs
configure:4715: result: yes
configure:4719: checking whether the shell understands "+="
configure:4725: result: yes
configure:4760: checking how to convert x86_64-pc-linux-gnu file names to x86_64-pc-linux-gnu format
configure:4800: result: func_convert_file_noop
configure:4807: checking how to convert x86_64-pc-linux-gnu file names to toolchain format
configure:4827: result: func_convert_file_noop
configure:4834: checking for /usr/bin/ld option to reload object files
configure:4841: result: -r
configure:4875: checking for x86_64-linux-gnu-objdump
configure:4891: found /usr/bin/x86_64-linux-gnu-objdump
configure:4902: result: x86_64-linux-gnu-objdump
configure:4974: checking how to recognize dependent libraries
configure:5176: result: pass_all
configure:5221: checking for x86_64-linux-gnu-dlltool
configure:5251: result: no
configure:5261: checking for dlltool
configure:5291: result: no
configure:5321: checking how to associate runtime and link libraries
configure:5348: result: printf %s\n
configure:5365: checking for x86_64-linux-gnu-ar
configure:5381: found /usr/bin/x86_64-linux-gnu-ar
configure:5392: result: x86_64-linux-gnu-ar
configure:5473: checking for archiver @FILE support
configure:5490: gcc -c -O2 -I/home/alter0ne/rtk_openwrt_sdk/staging_dir/host/include -I/home/alter0ne/rtk_openwrt_sdk/staging_dir/host/include conftest.c >&5
configure:5490: $? = 0
configure:5493: x86_64-linux-gnu-ar cru libconftest.a @conftest.lst >&5
x86_64-linux-gnu-ar: `u' modifier ignored since `D' is the default (see `U')
configure:5496: $? = 0
configure:5501: x86_64-linux-gnu-ar cru libconftest.a @conftest.lst >&5
x86_64-linux-gnu-ar: `u' modifier ignored since `D' is the default (see `U')
x86_64-linux-gnu-ar: conftest.o: No such file or directory
configure:5504: $? = 1
configure:5516: result: @
configure:5534: checking for x86_64-linux-gnu-strip
configure:5550: found /usr/bin/x86_64-linux-gnu-strip
configure:5561: result: x86_64-linux-gnu-strip
configure:5633: checking for x86_64-linux-gnu-ranlib
configure:5649: found /usr/bin/x86_64-linux-gnu-ranlib
configure:5660: result: x86_64-linux-gnu-ranlib
configure:5802: checking command to parse /usr/bin/nm -B output from gcc object
configure:5922: gcc -c -O2 -I/home/alter0ne/rtk_openwrt_sdk/staging_dir/host/include -I/home/alter0ne/rtk_openwrt_sdk/staging_dir/host/include conftest.c >&5
configure:5925: $? = 0
configure:5929: /usr/bin/nm -B conftest.o \| sed -n -e 's/^.*[ ]\([ABCDGIRSTW][ABCDGIRSTW]*\)[ ][ ]*\([_A-Za-z][_A-Za-z0-9]*\)$/\1 \2 \2/p' | sed '/ __gnu_lto/d' \> conftest.nm
configure:5932: $? = 0
configure:5998: gcc -o conftest -O2 -I/home/alter0ne/rtk_openwrt_sdk/staging_dir/host/include -I/home/alter0ne/rtk_openwrt_sdk/staging_dir/host/include -L/home/alter0ne/rtk_openwrt_sdk/staging_dir/host/lib  conftest.c conftstm.o >&5
configure:6001: $? = 0
configure:6039: result: ok
configure:6076: checking for sysroot
configure:6106: result: no
configure:6183: gcc -c -O2 -I/home/alter0ne/rtk_openwrt_sdk/staging_dir/host/include -I/home/alter0ne/rtk_openwrt_sdk/staging_dir/host/include conftest.c >&5
configure:6186: $? = 0
configure:6322: checking for x86_64-linux-gnu-mt
configure:6352: result: no
configure:6362: checking for mt
configure:6378: found /bin/mt
configure:6389: result: mt
configure:6412: checking if mt is a manifest tool
configure:6418: mt '-?'
configure:6426: result: no
configure:7068: checking how to run the C preprocessor
configure:7099: gcc -E -I/home/alter0ne/rtk_openwrt_sdk/staging_dir/host/include conftest.c
configure:7099: $? = 0
configure:7113: gcc -E -I/home/alter0ne/rtk_openwrt_sdk/staging_dir/host/include conftest.c
conftest.c:11:10: fatal error: ac_nonexistent.h: No such file or directory
 #include <ac_nonexistent.h>
          ^~~~~~~~~~~~~~~~~~
compilation terminated.
configure:7113: $? = 1
configure: failed program was:
| /* confdefs.h */
| #define PACKAGE_NAME "pkg-config"
| #define PACKAGE_TARNAME "pkg-config"
| #define PACKAGE_VERSION "0.28"
| #define PACKAGE_STRING "pkg-config 0.28"
| #define PACKAGE_BUGREPORT "https://bugs.freedesktop.org/enter_bug.cgi?product=pkg-config"
| #define PACKAGE_URL ""
| #define PACKAGE "pkg-config"
| #define VERSION "0.28"
| /* end confdefs.h.  */
| #include <ac_nonexistent.h>
configure:7138: result: gcc -E
configure:7158: gcc -E -I/home/alter0ne/rtk_openwrt_sdk/staging_dir/host/include conftest.c
configure:7158: $? = 0
configure:7172: gcc -E -I/home/alter0ne/rtk_openwrt_sdk/staging_dir/host/include conftest.c
conftest.c:11:10: fatal error: ac_nonexistent.h: No such file or directory
 #include <ac_nonexistent.h>
          ^~~~~~~~~~~~~~~~~~
compilation terminated.
configure:7172: $? = 1
configure: failed program was:
| /* confdefs.h */
| #define PACKAGE_NAME "pkg-config"
| #define PACKAGE_TARNAME "pkg-config"
| #define PACKAGE_VERSION "0.28"
| #define PACKAGE_STRING "pkg-config 0.28"
| #define PACKAGE_BUGREPORT "https://bugs.freedesktop.org/enter_bug.cgi?product=pkg-config"
| #define PACKAGE_URL ""
| #define PACKAGE "pkg-config"
| #define VERSION "0.28"
| /* end confdefs.h.  */
| #include <ac_nonexistent.h>
configure:7201: checking for ANSI C header files
configure:7221: gcc -c -O2 -I/home/alter0ne/rtk_openwrt_sdk/staging_dir/host/include -I/home/alter0ne/rtk_openwrt_sdk/staging_dir/host/include conftest.c >&5
configure:7221: $? = 0
configure:7294: gcc -o conftest -O2 -I/home/alter0ne/rtk_openwrt_sdk/staging_dir/host/include -I/home/alter0ne/rtk_openwrt_sdk/staging_dir/host/include -L/home/alter0ne/rtk_openwrt_sdk/staging_dir/host/lib  conftest.c  >&5
configure:7294: $? = 0
configure:7294: ./conftest
configure:7294: $? = 0
configure:7305: result: yes
configure:7318: checking for sys/types.h
configure:7318: gcc -c -O2 -I/home/alter0ne/rtk_openwrt_sdk/staging_dir/host/include -I/home/alter0ne/rtk_openwrt_sdk/staging_dir/host/include conftest.c >&5
configure:7318: $? = 0
configure:7318: result: yes
configure:7318: checking for sys/stat.h
configure:7318: gcc -c -O2 -I/home/alter0ne/rtk_openwrt_sdk/staging_dir/host/include -I/home/alter0ne/rtk_openwrt_sdk/staging_dir/host/include conftest.c >&5
configure:7318: $? = 0
configure:7318: result: yes
configure:7318: checking for stdlib.h
configure:7318: gcc -c -O2 -I/home/alter0ne/rtk_openwrt_sdk/staging_dir/host/include -I/home/alter0ne/rtk_openwrt_sdk/staging_dir/host/include conftest.c >&5
configure:7318: $? = 0
configure:7318: result: yes
configure:7318: checking for string.h
configure:7318: gcc -c -O2 -I/home/alter0ne/rtk_openwrt_sdk/staging_dir/host/include -I/home/alter0ne/rtk_openwrt_sdk/staging_dir/host/include conftest.c >&5
configure:7318: $? = 0
configure:7318: result: yes
configure:7318: checking for memory.h
configure:7318: gcc -c -O2 -I/home/alter0ne/rtk_openwrt_sdk/staging_dir/host/include -I/home/alter0ne/rtk_openwrt_sdk/staging_dir/host/include conftest.c >&5
configure:7318: $? = 0
configure:7318: result: yes
configure:7318: checking for strings.h
configure:7318: gcc -c -O2 -I/home/alter0ne/rtk_openwrt_sdk/staging_dir/host/include -I/home/alter0ne/rtk_openwrt_sdk/staging_dir/host/include conftest.c >&5
configure:7318: $? = 0
configure:7318: result: yes
configure:7318: checking for inttypes.h
configure:7318: gcc -c -O2 -I/home/alter0ne/rtk_openwrt_sdk/staging_dir/host/include -I/home/alter0ne/rtk_openwrt_sdk/staging_dir/host/include conftest.c >&5
configure:7318: $? = 0
configure:7318: result: yes
configure:7318: checking for stdint.h
configure:7318: gcc -c -O2 -I/home/alter0ne/rtk_openwrt_sdk/staging_dir/host/include -I/home/alter0ne/rtk_openwrt_sdk/staging_dir/host/include conftest.c >&5
configure:7318: $? = 0
configure:7318: result: yes
configure:7318: checking for unistd.h
configure:7318: gcc -c -O2 -I/home/alter0ne/rtk_openwrt_sdk/staging_dir/host/include -I/home/alter0ne/rtk_openwrt_sdk/staging_dir/host/include conftest.c >&5
configure:7318: $? = 0
configure:7318: result: yes
configure:7332: checking for dlfcn.h
configure:7332: gcc -c -O2 -I/home/alter0ne/rtk_openwrt_sdk/staging_dir/host/include -I/home/alter0ne/rtk_openwrt_sdk/staging_dir/host/include conftest.c >&5
configure:7332: $? = 0
configure:7332: result: yes
configure:7538: checking for objdir
configure:7553: result: .libs
configure:7820: checking if gcc supports -fno-rtti -fno-exceptions
configure:7838: gcc -c -O2 -I/home/alter0ne/rtk_openwrt_sdk/staging_dir/host/include -I/home/alter0ne/rtk_openwrt_sdk/staging_dir/host/include -fno-rtti -fno-exceptions conftest.c >&5
cc1: warning: command line option '-fno-rtti' is valid for C++/ObjC++ but not for C
configure:7842: $? = 0
configure:7855: result: no
configure:8182: checking for gcc option to produce PIC
configure:8189: result: -fPIC -DPIC
configure:8197: checking if gcc PIC flag -fPIC -DPIC works
configure:8215: gcc -c -O2 -I/home/alter0ne/rtk_openwrt_sdk/staging_dir/host/include -I/home/alter0ne/rtk_openwrt_sdk/staging_dir/host/include -fPIC -DPIC -DPIC conftest.c >&5
configure:8219: $? = 0
configure:8232: result: yes
configure:8261: checking if gcc static flag -static works
configure:8289: result: yes
configure:8304: checking if gcc supports -c -o file.o
configure:8325: gcc -c -O2 -I/home/alter0ne/rtk_openwrt_sdk/staging_dir/host/include -I/home/alter0ne/rtk_openwrt_sdk/staging_dir/host/include -o out/conftest2.o conftest.c >&5
configure:8329: $? = 0
configure:8351: result: yes
configure:8359: checking if gcc supports -c -o file.o
configure:8406: result: yes
configure:8439: checking whether the gcc linker (/usr/bin/ld -m elf_x86_64) supports shared libraries
configure:9592: result: yes
configure:9629: checking whether -lc should be explicitly linked in
configure:9637: gcc -c -O2 -I/home/alter0ne/rtk_openwrt_sdk/staging_dir/host/include -I/home/alter0ne/rtk_openwrt_sdk/staging_dir/host/include conftest.c >&5
configure:9640: $? = 0
configure:9655: gcc -shared  -fPIC -DPIC conftest.o  -v -Wl,-soname -Wl,conftest -o conftest 2\>\&1 \| /home/alter0ne/rtk_openwrt_sdk/staging_dir/host/bin/grep  -lc  \>/dev/null 2\>\&1
configure:9658: $? = 0
configure:9672: result: no
configure:9832: checking dynamic linker characteristics
configure:10343: gcc -o conftest -O2 -I/home/alter0ne/rtk_openwrt_sdk/staging_dir/host/include -I/home/alter0ne/rtk_openwrt_sdk/staging_dir/host/include -L/home/alter0ne/rtk_openwrt_sdk/staging_dir/host/lib  -Wl,-rpath -Wl,/foo conftest.c  >&5
configure:10343: $? = 0
configure:10569: result: GNU/Linux ld.so
configure:10676: checking how to hardcode library paths into programs
configure:10701: result: immediate
configure:11241: checking whether stripping libraries is possible
configure:11246: result: yes
configure:11281: checking if libtool supports shared libraries
configure:11283: result: yes
configure:11286: checking whether to build shared libraries
configure:11307: result: yes
configure:11310: checking whether to build static libraries
configure:11314: result: yes
configure:11363: checking whether make supports nested variables
configure:11380: result: yes
configure:11400: checking for x86_64-linux-gnu-gcc
configure:11427: result: gcc
configure:11696: checking for C compiler version
configure:11705: gcc --version >&5
gcc (Ubuntu 7.4.0-1ubuntu1~18.04.1) 7.4.0
Copyright (C) 2017 Free Software Foundation, Inc.
This is free software; see the source for copying conditions.  There is NO
warranty; not even for MERCHANTABILITY or FITNESS FOR A PARTICULAR PURPOSE.

configure:11716: $? = 0
configure:11705: gcc -v >&5
Using built-in specs.
COLLECT_GCC=gcc
COLLECT_LTO_WRAPPER=/usr/lib/gcc/x86_64-linux-gnu/7/lto-wrapper
OFFLOAD_TARGET_NAMES=nvptx-none
OFFLOAD_TARGET_DEFAULT=1
Target: x86_64-linux-gnu
Configured with: ../src/configure -v --with-pkgversion='Ubuntu 7.4.0-1ubuntu1~18.04.1' --with-bugurl=file:///usr/share/doc/gcc-7/README.Bugs --enable-languages=c,ada,c++,go,brig,d,fortran,objc,obj-c++ --prefix=/usr --with-gcc-major-version-only --program-suffix=-7 --program-prefix=x86_64-linux-gnu- --enable-shared --enable-linker-build-id --libexecdir=/usr/lib --without-included-gettext --enable-threads=posix --libdir=/usr/lib --enable-nls --with-sysroot=/ --enable-clocale=gnu --enable-libstdcxx-debug --enable-libstdcxx-time=yes --with-default-libstdcxx-abi=new --enable-gnu-unique-object --disable-vtable-verify --enable-libmpx --enable-plugin --enable-default-pie --with-system-zlib --with-target-system-zlib --enable-objc-gc=auto --enable-multiarch --disable-werror --with-arch-32=i686 --with-abi=m64 --with-multilib-list=m32,m64,mx32 --enable-multilib --with-tune=generic --enable-offload-targets=nvptx-none --without-cuda-driver --enable-checking=release --build=x86_64-linux-gnu --host=x86_64-linux-gnu --target=x86_64-linux-gnu
Thread model: posix
gcc version 7.4.0 (Ubuntu 7.4.0-1ubuntu1~18.04.1) 
configure:11716: $? = 0
configure:11705: gcc -V >&5
gcc: error: unrecognized command line option '-V'
gcc: fatal error: no input files
compilation terminated.
configure:11716: $? = 1
configure:11705: gcc -qversion >&5
gcc: error: unrecognized command line option '-qversion'; did you mean '--version'?
gcc: fatal error: no input files
compilation terminated.
configure:11716: $? = 1
configure:11720: checking whether we are using the GNU C compiler
configure:11748: result: yes
configure:11757: checking whether gcc accepts -g
configure:11818: result: yes
configure:11835: checking for gcc option to accept ISO C89
configure:11911: result: none needed
configure:11933: checking dependency style of gcc
configure:12044: result: gcc3
configure:12061: checking for ln
configure:12077: found /bin/ln
configure:12089: result: ln
configure:12101: checking dirent.h usability
configure:12101: gcc -c -O2 -I/home/alter0ne/rtk_openwrt_sdk/staging_dir/host/include -I/home/alter0ne/rtk_openwrt_sdk/staging_dir/host/include conftest.c >&5
configure:12101: $? = 0
configure:12101: result: yes
configure:12101: checking dirent.h presence
configure:12101: gcc -E -I/home/alter0ne/rtk_openwrt_sdk/staging_dir/host/include conftest.c
configure:12101: $? = 0
configure:12101: result: yes
configure:12101: checking for dirent.h
configure:12101: result: yes
configure:12101: checking for unistd.h
configure:12101: result: yes
configure:12101: checking sys/wait.h usability
configure:12101: gcc -c -O2 -I/home/alter0ne/rtk_openwrt_sdk/staging_dir/host/include -I/home/alter0ne/rtk_openwrt_sdk/staging_dir/host/include conftest.c >&5
configure:12101: $? = 0
configure:12101: result: yes
configure:12101: checking sys/wait.h presence
configure:12101: gcc -E -I/home/alter0ne/rtk_openwrt_sdk/staging_dir/host/include conftest.c
configure:12101: $? = 0
configure:12101: result: yes
configure:12101: checking for sys/wait.h
configure:12101: result: yes
configure:12101: checking malloc.h usability
configure:12101: gcc -c -O2 -I/home/alter0ne/rtk_openwrt_sdk/staging_dir/host/include -I/home/alter0ne/rtk_openwrt_sdk/staging_dir/host/include conftest.c >&5
configure:12101: $? = 0
configure:12101: result: yes
configure:12101: checking malloc.h presence
configure:12101: gcc -E -I/home/alter0ne/rtk_openwrt_sdk/staging_dir/host/include conftest.c
configure:12101: $? = 0
configure:12101: result: yes
configure:12101: checking for malloc.h
configure:12101: result: yes
configure:12118: checking for bash
configure:12136: found /bin/bash
configure:12148: result: /bin/bash
configure:12161: checking for default search path for .pc files
configure:12179: result: ${libdir}/pkgconfig:${datadir}/pkgconfig
configure:12183: checking for system include path to avoid -I flags
configure:12193: result: /usr/include
configure:12197: checking for system library path to avoid -L flags
configure:12217: result: /usr/lib:/lib
configure:12222: creating ./config.lt

## ------------------ ##
## Running config.lt. ##
## ------------------ ##
config.lt:625: creating libtool
use_indirect_deps=auto
configure:13598: checking whether to list both direct and indirect dependencies
configure:13616: result: no
configure:13631: checking for Win32
configure:13641: result: no
configure:13755: checking if internal glib should be used
configure:13758: result: yes
configure:14027: checking if host- prefixed tool should be installed
configure:14036: result: yes
configure:14158: checking that generated files are newer than configure
configure:14164: result: done
configure:14203: creating ./config.status

## ---------------------- ##
## Running config.status. ##
## ---------------------- ##

This file was extended by pkg-config config.status 0.28, which was
generated by GNU Autoconf 2.69.  Invocation command line was

  CONFIG_FILES    = 
  CONFIG_HEADERS  = 
  CONFIG_LINKS    = 
  CONFIG_COMMANDS = 
  $ ./config.status 

on alter0ne-PC

config.status:1110: creating Makefile
config.status:1110: creating check/Makefile
config.status:1110: creating check/config.sh
config.status:1110: creating config.h
config.status:1339: executing depfiles commands
config.status:1339: executing libtool commands
configure:16496: === configuring in glib (/home/alter0ne/rtk_openwrt_sdk/build_dir/host/pkg-config-0.28/glib)
configure:16559: running /bin/bash ./configure --disable-option-checking '--prefix=/home/alter0ne/rtk_openwrt_sdk/staging_dir/host'  'CC=gcc' 'CFLAGS=-O2 -I/home/alter0ne/rtk_openwrt_sdk/staging_dir/host/include' 'CPPFLAGS=-I/home/alter0ne/rtk_openwrt_sdk/staging_dir/host/include' 'LDFLAGS=-L/home/alter0ne/rtk_openwrt_sdk/staging_dir/host/lib ' 'SHELL=/bin/bash' '--target=x86_64-linux-gnu' '--host=x86_64-linux-gnu' '--build=x86_64-linux-gnu' '--program-prefix=' '--program-suffix=' '--exec-prefix=/home/alter0ne/rtk_openwrt_sdk/staging_dir/host' '--sysconfdir=/home/alter0ne/rtk_openwrt_sdk/staging_dir/host/etc' '--localstatedir=/home/alter0ne/rtk_openwrt_sdk/staging_dir/host/var' '--sbindir=/home/alter0ne/rtk_openwrt_sdk/staging_dir/host/bin' '--with-internal-glib' 'build_alias=x86_64-linux-gnu' 'host_alias=x86_64-linux-gnu' 'target_alias=x86_64-linux-gnu' 'PKG_CONFIG_PATH=/home/alter0ne/rtk_openwrt_sdk/staging_dir/host/lib/pkgconfig' 'PKG_CONFIG_LIBDIR=/home/alter0ne/rtk_openwrt_sdk/staging_dir/host/lib/pkgconfig' --cache-file=/dev/null --srcdir=.

## ---------------- ##
## Cache variables. ##
## ---------------- ##

ac_cv_build=x86_64-pc-linux-gnu
ac_cv_c_compiler_gnu=yes
ac_cv_env_CC_set=set
ac_cv_env_CC_value=gcc
ac_cv_env_CFLAGS_set=set
ac_cv_env_CFLAGS_value='-O2 -I/home/alter0ne/rtk_openwrt_sdk/staging_dir/host/include'
ac_cv_env_CPPFLAGS_set=set
ac_cv_env_CPPFLAGS_value=-I/home/alter0ne/rtk_openwrt_sdk/staging_dir/host/include
ac_cv_env_CPP_set=
ac_cv_env_CPP_value=
ac_cv_env_GLIB_CFLAGS_set=
ac_cv_env_GLIB_CFLAGS_value=
ac_cv_env_GLIB_LIBS_set=
ac_cv_env_GLIB_LIBS_value=
ac_cv_env_LDFLAGS_set=set
ac_cv_env_LDFLAGS_value='-L/home/alter0ne/rtk_openwrt_sdk/staging_dir/host/lib '
ac_cv_env_LIBS_set=
ac_cv_env_LIBS_value=
ac_cv_env_PKG_CONFIG_LIBDIR_set=set
ac_cv_env_PKG_CONFIG_LIBDIR_value=/home/alter0ne/rtk_openwrt_sdk/staging_dir/host/lib/pkgconfig
ac_cv_env_PKG_CONFIG_PATH_set=set
ac_cv_env_PKG_CONFIG_PATH_value=/home/alter0ne/rtk_openwrt_sdk/staging_dir/host/lib/pkgconfig
ac_cv_env_PKG_CONFIG_set=
ac_cv_env_PKG_CONFIG_value=
ac_cv_env_TESTS_SHELL_set=
ac_cv_env_TESTS_SHELL_value=
ac_cv_env_build_alias_set=set
ac_cv_env_build_alias_value=x86_64-linux-gnu
ac_cv_env_host_alias_set=set
ac_cv_env_host_alias_value=x86_64-linux-gnu
ac_cv_env_target_alias_set=set
ac_cv_env_target_alias_value=x86_64-linux-gnu
ac_cv_header_dirent_h=yes
ac_cv_header_dlfcn_h=yes
ac_cv_header_inttypes_h=yes
ac_cv_header_malloc_h=yes
ac_cv_header_memory_h=yes
ac_cv_header_stdc=yes
ac_cv_header_stdint_h=yes
ac_cv_header_stdlib_h=yes
ac_cv_header_string_h=yes
ac_cv_header_strings_h=yes
ac_cv_header_sys_stat_h=yes
ac_cv_header_sys_types_h=yes
ac_cv_header_sys_wait_h=yes
ac_cv_header_unistd_h=yes
ac_cv_host=x86_64-pc-linux-gnu
ac_cv_objext=o
ac_cv_path_EGREP='/home/alter0ne/rtk_openwrt_sdk/staging_dir/host/bin/grep -E'
ac_cv_path_FGREP='/home/alter0ne/rtk_openwrt_sdk/staging_dir/host/bin/grep -F'
ac_cv_path_GREP=/home/alter0ne/rtk_openwrt_sdk/staging_dir/host/bin/grep
ac_cv_path_SED=/home/alter0ne/rtk_openwrt_sdk/staging_dir/host/bin/sed
ac_cv_path_TESTS_SHELL=/bin/bash
ac_cv_path_install='/usr/bin/install -c'
ac_cv_path_mkdir=/bin/mkdir
ac_cv_prog_AR=x86_64-linux-gnu-ar
ac_cv_prog_AWK=gawk
ac_cv_prog_CC=gcc
ac_cv_prog_CPP='gcc -E'
ac_cv_prog_LN=ln
ac_cv_prog_OBJDUMP=x86_64-linux-gnu-objdump
ac_cv_prog_RANLIB=x86_64-linux-gnu-ranlib
ac_cv_prog_STRIP=x86_64-linux-gnu-strip
ac_cv_prog_ac_ct_MANIFEST_TOOL=mt
ac_cv_prog_cc_c89=
ac_cv_prog_cc_g=yes
ac_cv_prog_make_make_set=yes
am_cv_CC_dependencies_compiler_type=gcc3
am_cv_make_support_nested_variables=yes
lt_cv_ar_at_file=@
lt_cv_archive_cmds_need_lc=no
lt_cv_deplibs_check_method=pass_all
lt_cv_file_magic_cmd='$MAGIC_CMD'
lt_cv_file_magic_test_file=
lt_cv_ld_reload_flag=-r
lt_cv_nm_interface='BSD nm'
lt_cv_objdir=.libs
lt_cv_path_LD=/usr/bin/ld
lt_cv_path_NM='/usr/bin/nm -B'
lt_cv_path_mainfest_tool=no
lt_cv_prog_compiler_c_o=yes
lt_cv_prog_compiler_pic='-fPIC -DPIC'
lt_cv_prog_compiler_pic_works=yes
lt_cv_prog_compiler_rtti_exceptions=no
lt_cv_prog_compiler_static_works=yes
lt_cv_prog_gnu_ld=yes
lt_cv_sharedlib_from_linklib_cmd='printf %s\n'
lt_cv_shlibpath_overrides_runpath=yes
lt_cv_sys_global_symbol_pipe='sed -n -e '\''s/^.*[	 ]\([ABCDGIRSTW][ABCDGIRSTW]*\)[	 ][	 ]*\([_A-Za-z][_A-Za-z0-9]*\)$/\1 \2 \2/p'\'' | sed '\''/ __gnu_lto/d'\'''
lt_cv_sys_global_symbol_to_c_name_address='sed -n -e '\''s/^: \([^ ]*\)[ ]*$/  {\"\1\", (void *) 0},/p'\'' -e '\''s/^[ABCDGIRSTW]* \([^ ]*\) \([^ ]*\)$/  {"\2", (void *) \&\2},/p'\'''
lt_cv_sys_global_symbol_to_c_name_address_lib_prefix='sed -n -e '\''s/^: \([^ ]*\)[ ]*$/  {\"\1\", (void *) 0},/p'\'' -e '\''s/^[ABCDGIRSTW]* \([^ ]*\) \(lib[^ ]*\)$/  {"\2", (void *) \&\2},/p'\'' -e '\''s/^[ABCDGIRSTW]* \([^ ]*\) \([^ ]*\)$/  {"lib\2", (void *) \&\2},/p'\'''
lt_cv_sys_global_symbol_to_cdecl='sed -n -e '\''s/^T .* \(.*\)$/extern int \1();/p'\'' -e '\''s/^[ABCDGIRSTW]* .* \(.*\)$/extern char \1;/p'\'''
lt_cv_sys_max_cmd_len=1572864
lt_cv_to_host_file_cmd=func_convert_file_noop
lt_cv_to_tool_file_cmd=func_convert_file_noop

## ----------------- ##
## Output variables. ##
## ----------------- ##

    -I$(top_builddir)/glib/glib'
ACLOCAL='${SHELL} /home/alter0ne/rtk_openwrt_sdk/build_dir/host/pkg-config-0.28/missing --run aclocal-1.12'
AMDEPBACKSLASH='\'
AMDEP_FALSE='#'
AMDEP_TRUE=''
AMTAR='$${TAR-tar}'
AM_BACKSLASH='\'
AM_DEFAULT_V='$(AM_DEFAULT_VERBOSITY)'
AM_DEFAULT_VERBOSITY='0'
AM_V='$(V)'
AR='x86_64-linux-gnu-ar'
AUTOCONF='${SHELL} /home/alter0ne/rtk_openwrt_sdk/build_dir/host/pkg-config-0.28/missing --run autoconf'
AUTOHEADER='${SHELL} /home/alter0ne/rtk_openwrt_sdk/build_dir/host/pkg-config-0.28/missing --run autoheader'
AUTOMAKE='${SHELL} /home/alter0ne/rtk_openwrt_sdk/build_dir/host/pkg-config-0.28/missing --run automake-1.12'
AWK='gawk'
CC='gcc'
CCDEPMODE='depmode=gcc3'
CFLAGS='-O2 -I/home/alter0ne/rtk_openwrt_sdk/staging_dir/host/include'
CPP='gcc -E'
CPPFLAGS='-I/home/alter0ne/rtk_openwrt_sdk/staging_dir/host/include'
CYGPATH_W='echo'
DEFS='-DHAVE_CONFIG_H'
DEPDIR='.deps'
DLLTOOL='false'
DSYMUTIL=''
DUMPBIN=''
ECHO_C=''
ECHO_N='-n'
ECHO_T=''
EGREP='/home/alter0ne/rtk_openwrt_sdk/staging_dir/host/bin/grep -E'
EXEEXT=''
FGREP='/home/alter0ne/rtk_openwrt_sdk/staging_dir/host/bin/grep -F'
GCOV=''
GCOV_CFLAGS=''
GLIB_CFLAGS='-I$(top_srcdir)/glib -I$(top_srcdir)/glib/glib \
GLIB_LIBS='$(top_builddir)/glib/glib/libglib-2.0.la'
GREP='/home/alter0ne/rtk_openwrt_sdk/staging_dir/host/bin/grep'
HOST_TOOL_FALSE='#'
HOST_TOOL_TRUE=''
INSTALL_DATA='${INSTALL} -m 644'
INSTALL_PROGRAM='${INSTALL}'
INSTALL_SCRIPT='${INSTALL}'
INSTALL_STRIP_PROGRAM='$(install_sh) -c -s'
INTERNAL_GLIB_FALSE='#'
INTERNAL_GLIB_TRUE=''
LD='/usr/bin/ld -m elf_x86_64'
LDFLAGS='-L/home/alter0ne/rtk_openwrt_sdk/staging_dir/host/lib '
LIBOBJS=''
LIBS=''
LIBTOOL='$(SHELL) $(top_builddir)/libtool'
LIPO=''
LN='ln'
LN_S='ln -s'
LTLIBOBJS=''
MAKEINFO='${SHELL} /home/alter0ne/rtk_openwrt_sdk/build_dir/host/pkg-config-0.28/missing --run makeinfo'
MANIFEST_TOOL=':'
MKDIR_P='/bin/mkdir -p'
NATIVE_WIN32_FALSE=''
NATIVE_WIN32_TRUE='#'
NM='/usr/bin/nm -B'
NMEDIT=''
OBJDUMP='x86_64-linux-gnu-objdump'
OBJEXT='o'
OTOOL64=''
OTOOL=''
PACKAGE='pkg-config'
PACKAGE_BUGREPORT='https://bugs.freedesktop.org/enter_bug.cgi?product=pkg-config'
PACKAGE_NAME='pkg-config'
PACKAGE_STRING='pkg-config 0.28'
PACKAGE_TARNAME='pkg-config'
PACKAGE_URL=''
PACKAGE_VERSION='0.28'
PATH_SEPARATOR=':'
PKG_CONFIG=''
PKG_CONFIG_LIBDIR='/home/alter0ne/rtk_openwrt_sdk/staging_dir/host/lib/pkgconfig'
PKG_CONFIG_PATH='/home/alter0ne/rtk_openwrt_sdk/staging_dir/host/lib/pkgconfig'
RANLIB='x86_64-linux-gnu-ranlib'
SED='/home/alter0ne/rtk_openwrt_sdk/staging_dir/host/bin/sed'
SET_MAKE=''
SHELL='/bin/bash'
STRIP='x86_64-linux-gnu-strip'
TESTS_SHELL='/bin/bash'
VERSION='0.28'
WARN_CFLAGS=''
ac_ct_AR=''
ac_ct_CC=''
ac_ct_DUMPBIN=''
am__EXEEXT_FALSE=''
am__EXEEXT_TRUE='#'
am__fastdepCC_FALSE='#'
am__fastdepCC_TRUE=''
am__include='include'
am__isrc=''
am__leading_dot='.'
am__nodep='_no'
am__quote=''
am__tar='$${TAR-tar} chof - "$$tardir"'
am__untar='$${TAR-tar} xf -'
bindir='${exec_prefix}/bin'
build='x86_64-pc-linux-gnu'
build_alias='x86_64-linux-gnu'
build_cpu='x86_64'
build_os='linux-gnu'
build_vendor='pc'
datadir='${datarootdir}'
datarootdir='${prefix}/share'
docdir='${datarootdir}/doc/${PACKAGE_TARNAME}'
dvidir='${docdir}'
exec_prefix='/home/alter0ne/rtk_openwrt_sdk/staging_dir/host'
host='x86_64-pc-linux-gnu'
host_alias='x86_64-linux-gnu'
host_cpu='x86_64'
host_os='linux-gnu'
host_vendor='pc'
htmldir='${docdir}'
includedir='${prefix}/include'
infodir='${datarootdir}/info'
install_sh='${SHELL} /home/alter0ne/rtk_openwrt_sdk/build_dir/host/pkg-config-0.28/install-sh'
libdir='${exec_prefix}/lib'
libexecdir='${exec_prefix}/libexec'
localedir='${datarootdir}/locale'
localstatedir='/home/alter0ne/rtk_openwrt_sdk/staging_dir/host/var'
mandir='${datarootdir}/man'
mkdir_p='$(MKDIR_P)'
oldincludedir='/usr/include'
pc_path='${libdir}/pkgconfig:${datadir}/pkgconfig'
pdfdir='${docdir}'
prefix='/home/alter0ne/rtk_openwrt_sdk/staging_dir/host'
program_transform_name='s&$$&&;s&^&&'
psdir='${docdir}'
sbindir='/home/alter0ne/rtk_openwrt_sdk/staging_dir/host/bin'
sharedstatedir='${prefix}/com'
subdirs=' glib'
sysconfdir='/home/alter0ne/rtk_openwrt_sdk/staging_dir/host/etc'
system_include_path='/usr/include'
system_library_path='/usr/lib:/lib'
target_alias='x86_64-linux-gnu'
use_indirect_deps='no'

## ----------- ##
## confdefs.h. ##
## ----------- ##

/* confdefs.h */
#define PACKAGE_NAME "pkg-config"
#define PACKAGE_TARNAME "pkg-config"
#define PACKAGE_VERSION "0.28"
#define PACKAGE_STRING "pkg-config 0.28"
#define PACKAGE_BUGREPORT "https://bugs.freedesktop.org/enter_bug.cgi?product=pkg-config"
#define PACKAGE_URL ""
#define PACKAGE "pkg-config"
#define VERSION "0.28"
#define STDC_HEADERS 1
#define HAVE_SYS_TYPES_H 1
#define HAVE_SYS_STAT_H 1
#define HAVE_STDLIB_H 1
#define HAVE_STRING_H 1
#define HAVE_MEMORY_H 1
#define HAVE_STRINGS_H 1
#define HAVE_INTTYPES_H 1
#define HAVE_STDINT_H 1
#define HAVE_UNISTD_H 1
#define HAVE_DLFCN_H 1
#define LT_OBJDIR ".libs/"
#define HAVE_DIRENT_H 1
#define HAVE_UNISTD_H 1
#define HAVE_SYS_WAIT_H 1
#define HAVE_MALLOC_H 1
#define ENABLE_INDIRECT_DEPS FALSE

configure: exit 0
