This file contains any messages produced by compilers while
running configure, to aid debugging if configure makes a mistake.

It was created by configure, which was
generated by GNU Autoconf 2.61.  Invocation command line was

  $ ./configure CC=gcc CFLAGS=-O2 -I/home/alter0ne/rtk_openwrt_sdk/staging_dir/host/include CPPFLAGS=-I/home/alter0ne/rtk_openwrt_sdk/staging_dir/host/include LDFLAGS=-L/home/alter0ne/rtk_openwrt_sdk/staging_dir/host/lib SHELL=/bin/bash --target=x86_64-linux-gnu --host=x86_64-linux-gnu --build=x86_64-linux-gnu --program-prefix= --program-suffix= --prefix=/usr --exec-prefix=/usr --bindir=/usr/bin --sbindir=/usr/sbin --libexecdir=/usr/lib --sysconfdir=/etc --datadir=/usr/share --localstatedir=/var --mandir=/usr/man --infodir=/usr/info

## --------- ##
## Platform. ##
## --------- ##

hostname = alter0ne-PC
uname -m = x86_64
uname -r = 5.0.0-31-generic
uname -s = Linux
uname -v = #33~18.04.1-Ubuntu SMP Tue Oct 1 10:20:39 UTC 2019

/usr/bin/uname -p = unknown
/bin/uname -X     = unknown

/bin/arch              = unknown
/usr/bin/arch -k       = unknown
/usr/convex/getsysinfo = unknown
/usr/bin/hostinfo      = unknown
/bin/machine           = unknown
/usr/bin/oslevel       = unknown
/bin/universe          = unknown

PATH: /home/alter0ne/rtk_openwrt_sdk/staging_dir/toolchain-mips-rlx4181-linux/bin
PATH: /home/alter0ne/rtk_openwrt_sdk/staging_dir/rsdk-4.6.4-4181-EB-3.10-0.9.33-m32u-20141001//bin
PATH: /home/alter0ne/rtk_openwrt_sdk/staging_dir/host/bin
PATH: /home/alter0ne/rtk_openwrt_sdk/staging_dir/toolchain-mips-rlx4181-linux/bin
PATH: /home/alter0ne/rtk_openwrt_sdk/staging_dir/rsdk-4.6.4-4181-EB-3.10-0.9.33-m32u-20141001//bin
PATH: /home/alter0ne/rtk_openwrt_sdk/staging_dir/host/bin
PATH: /home/alter0ne/rtk_openwrt_sdk/staging_dir/toolchain-mips-rlx4181-linux/bin
PATH: /home/alter0ne/rtk_openwrt_sdk/staging_dir/rsdk-4.6.4-4181-EB-3.10-0.9.33-m32u-20141001//bin
PATH: /home/alter0ne/rtk_openwrt_sdk/staging_dir/host/bin
PATH: /home/alter0ne/.local/bin
PATH: /home/alter0ne/bin
PATH: /usr/local/sbin
PATH: /usr/local/bin
PATH: /usr/sbin
PATH: /usr/bin
PATH: /sbin
PATH: /bin
PATH: /usr/games
PATH: /usr/local/games
PATH: /snap/bin


## ----------- ##
## Core tests. ##
## ----------- ##

configure:1767: checking for a BSD-compatible install
configure:1823: result: /usr/bin/install -c
configure:1834: checking whether build environment is sane
configure:1877: result: yes
configure:1942: checking for gawk
configure:1958: found /usr/bin/gawk
configure:1969: result: gawk
configure:1980: checking whether make sets $(MAKE)
configure:2001: result: yes
configure:2204: checking for x86_64-linux-gnu-gcc
configure:2231: result: gcc
configure:2509: checking for C compiler version
configure:2516: gcc --version >&5
gcc (Ubuntu 7.4.0-1ubuntu1~18.04.1) 7.4.0
Copyright (C) 2017 Free Software Foundation, Inc.
This is free software; see the source for copying conditions.  There is NO
warranty; not even for MERCHANTABILITY or FITNESS FOR A PARTICULAR PURPOSE.

configure:2519: $? = 0
configure:2526: gcc -v >&5
Using built-in specs.
COLLECT_GCC=gcc
COLLECT_LTO_WRAPPER=/usr/lib/gcc/x86_64-linux-gnu/7/lto-wrapper
OFFLOAD_TARGET_NAMES=nvptx-none
OFFLOAD_TARGET_DEFAULT=1
Target: x86_64-linux-gnu
Configured with: ../src/configure -v --with-pkgversion='Ubuntu 7.4.0-1ubuntu1~18.04.1' --with-bugurl=file:///usr/share/doc/gcc-7/README.Bugs --enable-languages=c,ada,c++,go,brig,d,fortran,objc,obj-c++ --prefix=/usr --with-gcc-major-version-only --program-suffix=-7 --program-prefix=x86_64-linux-gnu- --enable-shared --enable-linker-build-id --libexecdir=/usr/lib --without-included-gettext --enable-threads=posix --libdir=/usr/lib --enable-nls --with-sysroot=/ --enable-clocale=gnu --enable-libstdcxx-debug --enable-libstdcxx-time=yes --with-default-libstdcxx-abi=new --enable-gnu-unique-object --disable-vtable-verify --enable-libmpx --enable-plugin --enable-default-pie --with-system-zlib --with-target-system-zlib --enable-objc-gc=auto --enable-multiarch --disable-werror --with-arch-32=i686 --with-abi=m64 --with-multilib-list=m32,m64,mx32 --enable-multilib --with-tune=generic --enable-offload-targets=nvptx-none --without-cuda-driver --enable-checking=release --build=x86_64-linux-gnu --host=x86_64-linux-gnu --target=x86_64-linux-gnu
Thread model: posix
gcc version 7.4.0 (Ubuntu 7.4.0-1ubuntu1~18.04.1) 
configure:2529: $? = 0
configure:2536: gcc -V >&5
gcc: error: unrecognized command line option '-V'
gcc: fatal error: no input files
compilation terminated.
configure:2539: $? = 1
configure:2562: checking for C compiler default output file name
configure:2589: gcc -O2 -I/home/alter0ne/rtk_openwrt_sdk/staging_dir/host/include -I/home/alter0ne/rtk_openwrt_sdk/staging_dir/host/include -L/home/alter0ne/rtk_openwrt_sdk/staging_dir/host/lib conftest.c  >&5
configure:2592: $? = 0
configure:2630: result: a.out
configure:2647: checking whether the C compiler works
configure:2657: ./a.out
configure:2660: $? = 0
configure:2677: result: yes
configure:2684: checking whether we are cross compiling
configure:2686: result: no
configure:2689: checking for suffix of executables
configure:2696: gcc -o conftest -O2 -I/home/alter0ne/rtk_openwrt_sdk/staging_dir/host/include -I/home/alter0ne/rtk_openwrt_sdk/staging_dir/host/include -L/home/alter0ne/rtk_openwrt_sdk/staging_dir/host/lib conftest.c  >&5
configure:2699: $? = 0
configure:2723: result: 
configure:2729: checking for suffix of object files
configure:2755: gcc -c -O2 -I/home/alter0ne/rtk_openwrt_sdk/staging_dir/host/include -I/home/alter0ne/rtk_openwrt_sdk/staging_dir/host/include conftest.c >&5
configure:2758: $? = 0
configure:2781: result: o
configure:2785: checking whether we are using the GNU C compiler
configure:2814: gcc -c -O2 -I/home/alter0ne/rtk_openwrt_sdk/staging_dir/host/include -I/home/alter0ne/rtk_openwrt_sdk/staging_dir/host/include conftest.c >&5
configure:2820: $? = 0
configure:2837: result: yes
configure:2842: checking whether gcc accepts -g
configure:2872: gcc -c -g -I/home/alter0ne/rtk_openwrt_sdk/staging_dir/host/include conftest.c >&5
configure:2878: $? = 0
configure:2977: result: yes
configure:2994: checking for gcc option to accept ISO C89
configure:3068: gcc  -c -O2 -I/home/alter0ne/rtk_openwrt_sdk/staging_dir/host/include -I/home/alter0ne/rtk_openwrt_sdk/staging_dir/host/include conftest.c >&5
configure:3074: $? = 0
configure:3097: result: none needed
configure:3126: checking for style of include used by make
configure:3154: result: GNU
configure:3182: checking dependency style of gcc
configure:3272: result: gcc3
configure:3302: checking for a BSD-compatible install
configure:3358: result: /usr/bin/install -c
configure:3380: checking for dirent.h that defines DIR
configure:3409: gcc -c -O2 -I/home/alter0ne/rtk_openwrt_sdk/staging_dir/host/include -I/home/alter0ne/rtk_openwrt_sdk/staging_dir/host/include conftest.c >&5
configure:3415: $? = 0
configure:3431: result: yes
configure:3444: checking for library containing opendir
configure:3485: gcc -o conftest -O2 -I/home/alter0ne/rtk_openwrt_sdk/staging_dir/host/include -I/home/alter0ne/rtk_openwrt_sdk/staging_dir/host/include -L/home/alter0ne/rtk_openwrt_sdk/staging_dir/host/lib conftest.c  >&5
configure:3491: $? = 0
configure:3519: result: none required
configure:3618: checking how to run the C preprocessor
configure:3658: gcc -E -I/home/alter0ne/rtk_openwrt_sdk/staging_dir/host/include conftest.c
configure:3664: $? = 0
configure:3695: gcc -E -I/home/alter0ne/rtk_openwrt_sdk/staging_dir/host/include conftest.c
conftest.c:12:10: fatal error: ac_nonexistent.h: No such file or directory
 #include <ac_nonexistent.h>
          ^~~~~~~~~~~~~~~~~~
compilation terminated.
configure:3701: $? = 1
configure: failed program was:
| /* confdefs.h.  */
| #define PACKAGE_NAME ""
| #define PACKAGE_TARNAME ""
| #define PACKAGE_VERSION ""
| #define PACKAGE_STRING ""
| #define PACKAGE_BUGREPORT ""
| #define PACKAGE "genext2fs"
| #define VERSION "1.4.1"
| #define _GNU_SOURCE 1
| #define HAVE_DIRENT_H 1
| /* end confdefs.h.  */
| #include <ac_nonexistent.h>
configure:3734: result: gcc -E
configure:3763: gcc -E -I/home/alter0ne/rtk_openwrt_sdk/staging_dir/host/include conftest.c
configure:3769: $? = 0
configure:3800: gcc -E -I/home/alter0ne/rtk_openwrt_sdk/staging_dir/host/include conftest.c
conftest.c:12:10: fatal error: ac_nonexistent.h: No such file or directory
 #include <ac_nonexistent.h>
          ^~~~~~~~~~~~~~~~~~
compilation terminated.
configure:3806: $? = 1
configure: failed program was:
| /* confdefs.h.  */
| #define PACKAGE_NAME ""
| #define PACKAGE_TARNAME ""
| #define PACKAGE_VERSION ""
| #define PACKAGE_STRING ""
| #define PACKAGE_BUGREPORT ""
| #define PACKAGE "genext2fs"
| #define VERSION "1.4.1"
| #define _GNU_SOURCE 1
| #define HAVE_DIRENT_H 1
| /* end confdefs.h.  */
| #include <ac_nonexistent.h>
configure:3844: checking for grep that handles long lines and -e
configure:3918: result: /home/alter0ne/rtk_openwrt_sdk/staging_dir/host/bin/grep
configure:3923: checking for egrep
configure:4001: result: /home/alter0ne/rtk_openwrt_sdk/staging_dir/host/bin/grep -E
configure:4006: checking for ANSI C header files
configure:4036: gcc -c -O2 -I/home/alter0ne/rtk_openwrt_sdk/staging_dir/host/include -I/home/alter0ne/rtk_openwrt_sdk/staging_dir/host/include conftest.c >&5
configure:4042: $? = 0
configure:4141: gcc -o conftest -O2 -I/home/alter0ne/rtk_openwrt_sdk/staging_dir/host/include -I/home/alter0ne/rtk_openwrt_sdk/staging_dir/host/include -L/home/alter0ne/rtk_openwrt_sdk/staging_dir/host/lib conftest.c  >&5
configure:4144: $? = 0
configure:4150: ./conftest
configure:4153: $? = 0
configure:4170: result: yes
configure:4194: checking for sys/types.h
configure:4215: gcc -c -O2 -I/home/alter0ne/rtk_openwrt_sdk/staging_dir/host/include -I/home/alter0ne/rtk_openwrt_sdk/staging_dir/host/include conftest.c >&5
configure:4221: $? = 0
configure:4237: result: yes
configure:4194: checking for sys/stat.h
configure:4215: gcc -c -O2 -I/home/alter0ne/rtk_openwrt_sdk/staging_dir/host/include -I/home/alter0ne/rtk_openwrt_sdk/staging_dir/host/include conftest.c >&5
configure:4221: $? = 0
configure:4237: result: yes
configure:4194: checking for stdlib.h
configure:4215: gcc -c -O2 -I/home/alter0ne/rtk_openwrt_sdk/staging_dir/host/include -I/home/alter0ne/rtk_openwrt_sdk/staging_dir/host/include conftest.c >&5
configure:4221: $? = 0
configure:4237: result: yes
configure:4194: checking for string.h
configure:4215: gcc -c -O2 -I/home/alter0ne/rtk_openwrt_sdk/staging_dir/host/include -I/home/alter0ne/rtk_openwrt_sdk/staging_dir/host/include conftest.c >&5
configure:4221: $? = 0
configure:4237: result: yes
configure:4194: checking for memory.h
configure:4215: gcc -c -O2 -I/home/alter0ne/rtk_openwrt_sdk/staging_dir/host/include -I/home/alter0ne/rtk_openwrt_sdk/staging_dir/host/include conftest.c >&5
configure:4221: $? = 0
configure:4237: result: yes
configure:4194: checking for strings.h
configure:4215: gcc -c -O2 -I/home/alter0ne/rtk_openwrt_sdk/staging_dir/host/include -I/home/alter0ne/rtk_openwrt_sdk/staging_dir/host/include conftest.c >&5
configure:4221: $? = 0
configure:4237: result: yes
configure:4194: checking for inttypes.h
configure:4215: gcc -c -O2 -I/home/alter0ne/rtk_openwrt_sdk/staging_dir/host/include -I/home/alter0ne/rtk_openwrt_sdk/staging_dir/host/include conftest.c >&5
configure:4221: $? = 0
configure:4237: result: yes
configure:4194: checking for stdint.h
configure:4215: gcc -c -O2 -I/home/alter0ne/rtk_openwrt_sdk/staging_dir/host/include -I/home/alter0ne/rtk_openwrt_sdk/staging_dir/host/include conftest.c >&5
configure:4221: $? = 0
configure:4237: result: yes
configure:4194: checking for unistd.h
configure:4215: gcc -c -O2 -I/home/alter0ne/rtk_openwrt_sdk/staging_dir/host/include -I/home/alter0ne/rtk_openwrt_sdk/staging_dir/host/include conftest.c >&5
configure:4221: $? = 0
configure:4237: result: yes
configure:4249: checking whether sys/types.h defines makedev
configure:4275: gcc -o conftest -O2 -I/home/alter0ne/rtk_openwrt_sdk/staging_dir/host/include -I/home/alter0ne/rtk_openwrt_sdk/staging_dir/host/include -L/home/alter0ne/rtk_openwrt_sdk/staging_dir/host/lib conftest.c  >&5
configure:4281: $? = 0
configure:4299: result: yes
configure:4600: checking fcntl.h usability
configure:4617: gcc -c -O2 -I/home/alter0ne/rtk_openwrt_sdk/staging_dir/host/include -I/home/alter0ne/rtk_openwrt_sdk/staging_dir/host/include conftest.c >&5
configure:4623: $? = 0
configure:4637: result: yes
configure:4641: checking fcntl.h presence
configure:4656: gcc -E -I/home/alter0ne/rtk_openwrt_sdk/staging_dir/host/include conftest.c
configure:4662: $? = 0
configure:4676: result: yes
configure:4704: checking for fcntl.h
configure:4712: result: yes
configure:4590: checking for inttypes.h
configure:4596: result: yes
configure:4600: checking limits.h usability
configure:4617: gcc -c -O2 -I/home/alter0ne/rtk_openwrt_sdk/staging_dir/host/include -I/home/alter0ne/rtk_openwrt_sdk/staging_dir/host/include conftest.c >&5
configure:4623: $? = 0
configure:4637: result: yes
configure:4641: checking limits.h presence
configure:4656: gcc -E -I/home/alter0ne/rtk_openwrt_sdk/staging_dir/host/include conftest.c
configure:4662: $? = 0
configure:4676: result: yes
configure:4704: checking for limits.h
configure:4712: result: yes
configure:4590: checking for memory.h
configure:4596: result: yes
configure:4600: checking stddef.h usability
configure:4617: gcc -c -O2 -I/home/alter0ne/rtk_openwrt_sdk/staging_dir/host/include -I/home/alter0ne/rtk_openwrt_sdk/staging_dir/host/include conftest.c >&5
configure:4623: $? = 0
configure:4637: result: yes
configure:4641: checking stddef.h presence
configure:4656: gcc -E -I/home/alter0ne/rtk_openwrt_sdk/staging_dir/host/include conftest.c
configure:4662: $? = 0
configure:4676: result: yes
configure:4704: checking for stddef.h
configure:4712: result: yes
configure:4590: checking for stdint.h
configure:4596: result: yes
configure:4590: checking for stdlib.h
configure:4596: result: yes
configure:4590: checking for string.h
configure:4596: result: yes
configure:4590: checking for strings.h
configure:4596: result: yes
configure:4590: checking for unistd.h
configure:4596: result: yes
configure:4741: checking libgen.h usability
configure:4758: gcc -c -O2 -I/home/alter0ne/rtk_openwrt_sdk/staging_dir/host/include -I/home/alter0ne/rtk_openwrt_sdk/staging_dir/host/include conftest.c >&5
configure:4764: $? = 0
configure:4778: result: yes
configure:4782: checking libgen.h presence
configure:4797: gcc -E -I/home/alter0ne/rtk_openwrt_sdk/staging_dir/host/include conftest.c
configure:4803: $? = 0
configure:4817: result: yes
configure:4845: checking for libgen.h
configure:4853: result: yes
configure:4741: checking getopt.h usability
configure:4758: gcc -c -O2 -I/home/alter0ne/rtk_openwrt_sdk/staging_dir/host/include -I/home/alter0ne/rtk_openwrt_sdk/staging_dir/host/include conftest.c >&5
configure:4764: $? = 0
configure:4778: result: yes
configure:4782: checking getopt.h presence
configure:4797: gcc -E -I/home/alter0ne/rtk_openwrt_sdk/staging_dir/host/include conftest.c
configure:4803: $? = 0
configure:4817: result: yes
configure:4845: checking for getopt.h
configure:4853: result: yes
configure:4868: checking for an ANSI C-conforming const
configure:4943: gcc -c -O2 -I/home/alter0ne/rtk_openwrt_sdk/staging_dir/host/include -I/home/alter0ne/rtk_openwrt_sdk/staging_dir/host/include conftest.c >&5
configure:4949: $? = 0
configure:4964: result: yes
configure:4974: checking for uid_t in sys/types.h
configure:4997: result: yes
configure:5012: checking for inline
configure:5038: gcc -c -O2 -I/home/alter0ne/rtk_openwrt_sdk/staging_dir/host/include -I/home/alter0ne/rtk_openwrt_sdk/staging_dir/host/include conftest.c >&5
configure:5044: $? = 0
configure:5062: result: inline
configure:5081: checking for size_t
configure:5111: gcc -c -O2 -I/home/alter0ne/rtk_openwrt_sdk/staging_dir/host/include -I/home/alter0ne/rtk_openwrt_sdk/staging_dir/host/include conftest.c >&5
configure:5117: $? = 0
configure:5132: result: yes
configure:5144: checking for ssize_t
configure:5174: gcc -c -O2 -I/home/alter0ne/rtk_openwrt_sdk/staging_dir/host/include -I/home/alter0ne/rtk_openwrt_sdk/staging_dir/host/include conftest.c >&5
configure:5180: $? = 0
configure:5195: result: yes
configure:5207: checking for struct stat.st_rdev
configure:5235: gcc -c -O2 -I/home/alter0ne/rtk_openwrt_sdk/staging_dir/host/include -I/home/alter0ne/rtk_openwrt_sdk/staging_dir/host/include conftest.c >&5
configure:5241: $? = 0
configure:5298: result: yes
configure:5317: checking for getopt_long
configure:5373: gcc -o conftest -O2 -I/home/alter0ne/rtk_openwrt_sdk/staging_dir/host/include -I/home/alter0ne/rtk_openwrt_sdk/staging_dir/host/include -L/home/alter0ne/rtk_openwrt_sdk/staging_dir/host/lib conftest.c  >&5
configure:5379: $? = 0
configure:5397: result: yes
configure:5317: checking for getline
configure:5373: gcc -o conftest -O2 -I/home/alter0ne/rtk_openwrt_sdk/staging_dir/host/include -I/home/alter0ne/rtk_openwrt_sdk/staging_dir/host/include -L/home/alter0ne/rtk_openwrt_sdk/staging_dir/host/lib conftest.c  >&5
configure:5379: $? = 0
configure:5397: result: yes
configure:5317: checking for strtof
configure:5373: gcc -o conftest -O2 -I/home/alter0ne/rtk_openwrt_sdk/staging_dir/host/include -I/home/alter0ne/rtk_openwrt_sdk/staging_dir/host/include -L/home/alter0ne/rtk_openwrt_sdk/staging_dir/host/lib conftest.c  >&5
configure:5379: $? = 0
configure:5397: result: yes
configure:5412: checking for snprintf
configure:5468: gcc -o conftest -O2 -I/home/alter0ne/rtk_openwrt_sdk/staging_dir/host/include -I/home/alter0ne/rtk_openwrt_sdk/staging_dir/host/include -L/home/alter0ne/rtk_openwrt_sdk/staging_dir/host/lib conftest.c  >&5
conftest.c:61:6: warning: conflicting types for built-in function 'snprintf' [-Wbuiltin-declaration-mismatch]
 char snprintf ();
      ^~~~~~~~
configure:5474: $? = 0
configure:5492: result: yes
configure:5412: checking for vsnprintf
configure:5468: gcc -o conftest -O2 -I/home/alter0ne/rtk_openwrt_sdk/staging_dir/host/include -I/home/alter0ne/rtk_openwrt_sdk/staging_dir/host/include -L/home/alter0ne/rtk_openwrt_sdk/staging_dir/host/lib conftest.c  >&5
conftest.c:62:6: warning: conflicting types for built-in function 'vsnprintf' [-Wbuiltin-declaration-mismatch]
 char vsnprintf ();
      ^~~~~~~~~
configure:5474: $? = 0
configure:5492: result: yes
configure:5502: checking for working snprintf
configure:5538: gcc -o conftest -O2 -I/home/alter0ne/rtk_openwrt_sdk/staging_dir/host/include -I/home/alter0ne/rtk_openwrt_sdk/staging_dir/host/include -L/home/alter0ne/rtk_openwrt_sdk/staging_dir/host/lib conftest.c  >&5
conftest.c: In function 'main':
conftest.c:48:9: warning: implicit declaration of function 'strcmp' [-Wimplicit-function-declaration]
     if (strcmp (bufs, "1")) exit (1);
         ^~~~~~
conftest.c:48:29: warning: implicit declaration of function 'exit' [-Wimplicit-function-declaration]
     if (strcmp (bufs, "1")) exit (1);
                             ^~~~
conftest.c:48:29: warning: incompatible implicit declaration of built-in function 'exit'
conftest.c:48:29: note: include '<stdlib.h>' or provide a declaration of 'exit'
conftest.c:49:17: warning: incompatible implicit declaration of built-in function 'exit'
     if (i != 3) exit (1);
                 ^~~~
conftest.c:49:17: note: include '<stdlib.h>' or provide a declaration of 'exit'
conftest.c:51:29: warning: incompatible implicit declaration of built-in function 'exit'
     if (strcmp (bufd, "1")) exit (1);
                             ^~~~
conftest.c:51:29: note: include '<stdlib.h>' or provide a declaration of 'exit'
conftest.c:52:17: warning: incompatible implicit declaration of built-in function 'exit'
     if (i != 3) exit (1);
                 ^~~~
conftest.c:52:17: note: include '<stdlib.h>' or provide a declaration of 'exit'
conftest.c:53:5: warning: incompatible implicit declaration of built-in function 'exit'
     exit(0);
     ^~~~
conftest.c:53:5: note: include '<stdlib.h>' or provide a declaration of 'exit'
conftest.c:47:29: warning: '%s' directive output truncated writing 3 bytes into a region of size 2 [-Wformat-truncation=]
     i = snprintf (bufs, 2, "%s", "111");
                             ^~   ~~~~~
In file included from /usr/include/stdio.h:862:0,
                 from conftest.c:40:
/usr/include/x86_64-linux-gnu/bits/stdio2.h:64:10: note: '__builtin_snprintf' output 4 bytes into a destination of size 2
   return __builtin___snprintf_chk (__s, __n, __USE_FORTIFY_LEVEL - 1,
          ^~~~~~~~~~~~~~~~~~~~~~~~~~~~~~~~~~~~~~~~~~~~~~~~~~~~~~~~~~~~
        __bos (__s), __fmt, __va_arg_pack ());
        ~~~~~~~~~~~~~~~~~~~~~~~~~~~~~~~~~~~~~
conftest.c:50:29: warning: '%d' directive output truncated writing 3 bytes into a region of size 2 [-Wformat-truncation=]
     i = snprintf (bufd, 2, "%d", 111);
                             ^~
In file included from /usr/include/stdio.h:862:0,
                 from conftest.c:40:
/usr/include/x86_64-linux-gnu/bits/stdio2.h:64:10: note: '__builtin___snprintf_chk' output 4 bytes into a destination of size 2
   return __builtin___snprintf_chk (__s, __n, __USE_FORTIFY_LEVEL - 1,
          ^~~~~~~~~~~~~~~~~~~~~~~~~~~~~~~~~~~~~~~~~~~~~~~~~~~~~~~~~~~~
        __bos (__s), __fmt, __va_arg_pack ());
        ~~~~~~~~~~~~~~~~~~~~~~~~~~~~~~~~~~~~~
configure:5541: $? = 0
configure:5547: ./conftest
configure:5550: $? = 0
configure:5567: result: yes
configure:5569: checking for working vsnprintf
configure:5616: gcc -o conftest -O2 -I/home/alter0ne/rtk_openwrt_sdk/staging_dir/host/include -I/home/alter0ne/rtk_openwrt_sdk/staging_dir/host/include -L/home/alter0ne/rtk_openwrt_sdk/staging_dir/host/lib conftest.c  >&5
conftest.c: In function 'main':
conftest.c:59:9: warning: implicit declaration of function 'strcmp' [-Wimplicit-function-declaration]
     if (strcmp (bufs, "1")) exit (1);
         ^~~~~~
conftest.c:59:29: warning: implicit declaration of function 'exit' [-Wimplicit-function-declaration]
     if (strcmp (bufs, "1")) exit (1);
                             ^~~~
conftest.c:59:29: warning: incompatible implicit declaration of built-in function 'exit'
conftest.c:59:29: note: include '<stdlib.h>' or provide a declaration of 'exit'
conftest.c:60:17: warning: incompatible implicit declaration of built-in function 'exit'
     if (i != 3) exit (1);
                 ^~~~
conftest.c:60:17: note: include '<stdlib.h>' or provide a declaration of 'exit'
conftest.c:62:29: warning: incompatible implicit declaration of built-in function 'exit'
     if (strcmp (bufd, "1")) exit (1);
                             ^~~~
conftest.c:62:29: note: include '<stdlib.h>' or provide a declaration of 'exit'
conftest.c:63:17: warning: incompatible implicit declaration of built-in function 'exit'
     if (i != 3) exit (1);
                 ^~~~
conftest.c:63:17: note: include '<stdlib.h>' or provide a declaration of 'exit'
conftest.c:64:5: warning: incompatible implicit declaration of built-in function 'exit'
     exit(0);
     ^~~~
conftest.c:64:5: note: include '<stdlib.h>' or provide a declaration of 'exit'
configure:5619: $? = 0
configure:5625: ./conftest
configure:5628: $? = 0
configure:5645: result: yes
configure:5667: checking for stdlib.h
configure:5673: result: yes
configure:5802: checking whether scanf can malloc
configure:5861: gcc -o conftest -O2 -I/home/alter0ne/rtk_openwrt_sdk/staging_dir/host/include -I/home/alter0ne/rtk_openwrt_sdk/staging_dir/host/include -L/home/alter0ne/rtk_openwrt_sdk/staging_dir/host/lib conftest.c  >&5
conftest.c: In function 'main':
conftest.c:55:37: warning: format '%a' expects argument of type 'float *', but argument 3 has type 'union <anonymous> *' [-Wformat=]
   int matched = sscanf(scan_this, "%as", &u);
                                    ~^    ~~
configure:5864: $? = 0
configure:5870: ./conftest
configure:5873: $? = 0
configure:5890: result: yes
configure:6019: creating ./config.status

## ---------------------- ##
## Running config.status. ##
## ---------------------- ##

This file was extended by config.status, which was
generated by GNU Autoconf 2.61.  Invocation command line was

  CONFIG_FILES    = 
  CONFIG_HEADERS  = 
  CONFIG_LINKS    = 
  CONFIG_COMMANDS = 
  $ ./config.status 

on alter0ne-PC

config.status:634: creating Makefile
config.status:634: creating config.h
config.status:922: executing depfiles commands
config.status:922: executing default commands

## ---------------- ##
## Cache variables. ##
## ---------------- ##

ac_cv_c_compiler_gnu=yes
ac_cv_c_const=yes
ac_cv_c_inline=inline
ac_cv_env_CC_set=set
ac_cv_env_CC_value=gcc
ac_cv_env_CFLAGS_set=set
ac_cv_env_CFLAGS_value='-O2 -I/home/alter0ne/rtk_openwrt_sdk/staging_dir/host/include'
ac_cv_env_CPPFLAGS_set=set
ac_cv_env_CPPFLAGS_value=-I/home/alter0ne/rtk_openwrt_sdk/staging_dir/host/include
ac_cv_env_CPP_set=
ac_cv_env_CPP_value=
ac_cv_env_LDFLAGS_set=set
ac_cv_env_LDFLAGS_value=-L/home/alter0ne/rtk_openwrt_sdk/staging_dir/host/lib
ac_cv_env_LIBS_set=
ac_cv_env_LIBS_value=
ac_cv_env_build_alias_set=set
ac_cv_env_build_alias_value=x86_64-linux-gnu
ac_cv_env_host_alias_set=set
ac_cv_env_host_alias_value=x86_64-linux-gnu
ac_cv_env_target_alias_set=set
ac_cv_env_target_alias_value=x86_64-linux-gnu
ac_cv_func_getline=yes
ac_cv_func_getopt_long=yes
ac_cv_func_snprintf=yes
ac_cv_func_strtof=yes
ac_cv_func_vsnprintf=yes
ac_cv_have_working_snprintf=yes
ac_cv_have_working_vsnprintf=yes
ac_cv_header_dirent_dirent_h=yes
ac_cv_header_fcntl_h=yes
ac_cv_header_getopt_h=yes
ac_cv_header_inttypes_h=yes
ac_cv_header_libgen_h=yes
ac_cv_header_limits_h=yes
ac_cv_header_memory_h=yes
ac_cv_header_stdc=yes
ac_cv_header_stddef_h=yes
ac_cv_header_stdint_h=yes
ac_cv_header_stdlib_h=yes
ac_cv_header_string_h=yes
ac_cv_header_strings_h=yes
ac_cv_header_sys_stat_h=yes
ac_cv_header_sys_types_h=yes
ac_cv_header_sys_types_h_makedev=yes
ac_cv_header_unistd_h=yes
ac_cv_member_struct_stat_st_rdev=yes
ac_cv_objext=o
ac_cv_path_EGREP='/home/alter0ne/rtk_openwrt_sdk/staging_dir/host/bin/grep -E'
ac_cv_path_GREP=/home/alter0ne/rtk_openwrt_sdk/staging_dir/host/bin/grep
ac_cv_path_install='/usr/bin/install -c'
ac_cv_prog_AWK=gawk
ac_cv_prog_CC=gcc
ac_cv_prog_CPP='gcc -E'
ac_cv_prog_cc_c89=
ac_cv_prog_cc_g=yes
ac_cv_prog_make_make_set=yes
ac_cv_search_opendir='none required'
ac_cv_type_size_t=yes
ac_cv_type_ssize_t=yes
ac_cv_type_uid_t=yes
am_cv_CC_dependencies_compiler_type=gcc3

## ----------------- ##
## Output variables. ##
## ----------------- ##

ACLOCAL='${SHELL} /home/alter0ne/rtk_openwrt_sdk/build_dir/host/genext2fs-1.4.1/missing --run aclocal-1.9'
AMDEPBACKSLASH='\'
AMDEP_FALSE='#'
AMDEP_TRUE=''
AMTAR='${SHELL} /home/alter0ne/rtk_openwrt_sdk/build_dir/host/genext2fs-1.4.1/missing --run tar'
AUTOCONF='${SHELL} /home/alter0ne/rtk_openwrt_sdk/build_dir/host/genext2fs-1.4.1/missing --run autoconf'
AUTOHEADER='${SHELL} /home/alter0ne/rtk_openwrt_sdk/build_dir/host/genext2fs-1.4.1/missing --run autoheader'
AUTOMAKE='${SHELL} /home/alter0ne/rtk_openwrt_sdk/build_dir/host/genext2fs-1.4.1/missing --run automake-1.9'
AWK='gawk'
CC='gcc'
CCDEPMODE='depmode=gcc3'
CFLAGS='-O2 -I/home/alter0ne/rtk_openwrt_sdk/staging_dir/host/include'
CPP='gcc -E'
CPPFLAGS='-I/home/alter0ne/rtk_openwrt_sdk/staging_dir/host/include'
CYGPATH_W='echo'
DEFS='-DHAVE_CONFIG_H'
DEPDIR='.deps'
ECHO_C=''
ECHO_N='-n'
ECHO_T=''
EGREP='/home/alter0ne/rtk_openwrt_sdk/staging_dir/host/bin/grep -E'
EXEEXT=''
GREP='/home/alter0ne/rtk_openwrt_sdk/staging_dir/host/bin/grep'
INSTALL_DATA='${INSTALL} -m 644'
INSTALL_PROGRAM='${INSTALL}'
INSTALL_SCRIPT='${INSTALL}'
INSTALL_STRIP_PROGRAM='${SHELL} $(install_sh) -c -s'
LDFLAGS='-L/home/alter0ne/rtk_openwrt_sdk/staging_dir/host/lib'
LIBOBJS=''
LIBS=''
LTLIBOBJS=''
MAKEINFO='${SHELL} /home/alter0ne/rtk_openwrt_sdk/build_dir/host/genext2fs-1.4.1/missing --run makeinfo'
OBJEXT='o'
PACKAGE='genext2fs'
PACKAGE_BUGREPORT=''
PACKAGE_NAME=''
PACKAGE_STRING=''
PACKAGE_TARNAME=''
PACKAGE_VERSION=''
PATH_SEPARATOR=':'
SET_MAKE=''
SHELL='/bin/bash'
STRIP=''
VERSION='1.4.1'
ac_ct_CC=''
am__fastdepCC_FALSE='#'
am__fastdepCC_TRUE=''
am__include='include'
am__leading_dot='.'
am__quote=''
am__tar='${AMTAR} chof - "$$tardir"'
am__untar='${AMTAR} xf -'
bindir='/usr/bin'
build_alias='x86_64-linux-gnu'
datadir='/usr/share'
datarootdir='${prefix}/share'
docdir='${datarootdir}/doc/${PACKAGE}'
dvidir='${docdir}'
exec_prefix='/usr'
host_alias='x86_64-linux-gnu'
htmldir='${docdir}'
includedir='${prefix}/include'
infodir='/usr/info'
install_sh='/home/alter0ne/rtk_openwrt_sdk/build_dir/host/genext2fs-1.4.1/install-sh'
libdir='${exec_prefix}/lib'
libexecdir='/usr/lib'
localedir='${datarootdir}/locale'
localstatedir='/var'
mandir='/usr/man'
mkdir_p='mkdir -p --'
oldincludedir='/usr/include'
pdfdir='${docdir}'
prefix='/usr'
program_transform_name='s&$$&&;s&^&&'
psdir='${docdir}'
sbindir='/usr/sbin'
sharedstatedir='${prefix}/com'
sysconfdir='/etc'
target_alias='x86_64-linux-gnu'

## ----------- ##
## confdefs.h. ##
## ----------- ##

#define PACKAGE_NAME ""
#define PACKAGE_TARNAME ""
#define PACKAGE_VERSION ""
#define PACKAGE_STRING ""
#define PACKAGE_BUGREPORT ""
#define PACKAGE "genext2fs"
#define VERSION "1.4.1"
#define _GNU_SOURCE 1
#define HAVE_DIRENT_H 1
#define STDC_HEADERS 1
#define HAVE_SYS_TYPES_H 1
#define HAVE_SYS_STAT_H 1
#define HAVE_STDLIB_H 1
#define HAVE_STRING_H 1
#define HAVE_MEMORY_H 1
#define HAVE_STRINGS_H 1
#define HAVE_INTTYPES_H 1
#define HAVE_STDINT_H 1
#define HAVE_UNISTD_H 1
#define HAVE_FCNTL_H 1
#define HAVE_INTTYPES_H 1
#define HAVE_LIMITS_H 1
#define HAVE_MEMORY_H 1
#define HAVE_STDDEF_H 1
#define HAVE_STDINT_H 1
#define HAVE_STDLIB_H 1
#define HAVE_STRING_H 1
#define HAVE_STRINGS_H 1
#define HAVE_UNISTD_H 1
#define HAVE_LIBGEN_H 1
#define HAVE_GETOPT_H 1
#define HAVE_STRUCT_STAT_ST_RDEV 1
#define HAVE_GETOPT_LONG 1
#define HAVE_GETLINE 1
#define HAVE_STRTOF 1
#define HAVE_SNPRINTF 1
#define HAVE_VSNPRINTF 1
#define HAVE_STDLIB_H 1
#define SCANF_CAN_MALLOC 1

configure: exit 0
