This file contains any messages produced by compilers while
running configure, to aid debugging if configure makes a mistake.

It was created by quilt configure 0.63, which was
generated by GNU Autoconf 2.68.  Invocation command line was

  $ ./configure CC=gcc CFLAGS=-O2 -I/home/alter0ne/rtk_openwrt_sdk/staging_dir/host/include CPPFLAGS=-I/home/alter0ne/rtk_openwrt_sdk/staging_dir/host/include LDFLAGS=-L/home/alter0ne/rtk_openwrt_sdk/staging_dir/host/lib SHELL=/bin/bash --target=x86_64-linux-gnu --host=x86_64-linux-gnu --build=x86_64-linux-gnu --program-prefix= --program-suffix= --prefix=/home/alter0ne/rtk_openwrt_sdk/staging_dir/host --exec-prefix=/home/alter0ne/rtk_openwrt_sdk/staging_dir/host --sysconfdir=/home/alter0ne/rtk_openwrt_sdk/staging_dir/host/etc --localstatedir=/home/alter0ne/rtk_openwrt_sdk/staging_dir/host/var --sbindir=/home/alter0ne/rtk_openwrt_sdk/staging_dir/host/bin --with-find=/usr/bin/find

## --------- ##
## Platform. ##
## --------- ##

hostname = alter0ne-PC
uname -m = x86_64
uname -r = 5.0.0-31-generic
uname -s = Linux
uname -v = #33~18.04.1-Ubuntu SMP Tue Oct 1 10:20:39 UTC 2019

/usr/bin/uname -p = unknown
/bin/uname -X     = unknown

/bin/arch              = unknown
/usr/bin/arch -k       = unknown
/usr/convex/getsysinfo = unknown
/usr/bin/hostinfo      = unknown
/bin/machine           = unknown
/usr/bin/oslevel       = unknown
/bin/universe          = unknown

PATH: /home/alter0ne/rtk_openwrt_sdk/staging_dir/toolchain-mips-rlx4181-linux/bin
PATH: /home/alter0ne/rtk_openwrt_sdk/staging_dir/rsdk-4.6.4-4181-EB-3.10-0.9.33-m32u-20141001//bin
PATH: /home/alter0ne/rtk_openwrt_sdk/staging_dir/host/bin
PATH: /home/alter0ne/rtk_openwrt_sdk/staging_dir/toolchain-mips-rlx4181-linux/bin
PATH: /home/alter0ne/rtk_openwrt_sdk/staging_dir/rsdk-4.6.4-4181-EB-3.10-0.9.33-m32u-20141001//bin
PATH: /home/alter0ne/rtk_openwrt_sdk/staging_dir/host/bin
PATH: /home/alter0ne/rtk_openwrt_sdk/staging_dir/toolchain-mips-rlx4181-linux/bin
PATH: /home/alter0ne/rtk_openwrt_sdk/staging_dir/rsdk-4.6.4-4181-EB-3.10-0.9.33-m32u-20141001//bin
PATH: /home/alter0ne/rtk_openwrt_sdk/staging_dir/host/bin
PATH: /home/alter0ne/.local/bin
PATH: /home/alter0ne/bin
PATH: /usr/local/sbin
PATH: /usr/local/bin
PATH: /usr/sbin
PATH: /usr/bin
PATH: /sbin
PATH: /bin
PATH: /usr/games
PATH: /usr/local/games
PATH: /snap/bin


## ----------- ##
## Core tests. ##
## ----------- ##

configure:1799: checking for a BSD-compatible install
configure:1867: result: /usr/bin/install -c
configure:1879: checking whether #! works in shell scripts
configure:1896: result: yes
configure:1948: checking for bash
configure:1967: found /bin/bash
configure:1979: result: /bin/bash
configure:2014: checking whether /bin/bash quoting works
configure:2017: result: yes
configure:2064: checking for gcp
configure:2098: result: no
configure:2064: checking for cp
configure:2083: found /home/alter0ne/rtk_openwrt_sdk/staging_dir/host/bin/cp
configure:2095: result: /home/alter0ne/rtk_openwrt_sdk/staging_dir/host/bin/cp
configure:2156: checking for gdate
configure:2190: result: no
configure:2156: checking for date
configure:2175: found /bin/date
configure:2187: result: /bin/date
configure:2219: checking whether /bin/date --rfc-822 works
configure:2222: result: yes
configure:2269: checking for perl
configure:2288: found /usr/bin/perl
configure:2300: result: /usr/bin/perl
configure:2359: checking for grep
configure:2378: found /home/alter0ne/rtk_openwrt_sdk/staging_dir/host/bin/grep
configure:2390: result: /home/alter0ne/rtk_openwrt_sdk/staging_dir/host/bin/grep
configure:2411: checking whether /home/alter0ne/rtk_openwrt_sdk/staging_dir/host/bin/grep -q works
configure:2414: result: yes
configure:2426: checking whether /home/alter0ne/rtk_openwrt_sdk/staging_dir/host/bin/grep understands (foo|bar)
configure:2429: result: yes
configure:2475: checking for tail
configure:2494: found /usr/bin/tail
configure:2506: result: /usr/bin/tail
configure:2528: checking whether /usr/bin/tail -n works
configure:2531: result: yes
configure:2577: checking for tr
configure:2596: found /usr/bin/tr
configure:2608: result: /usr/bin/tr
configure:2629: checking whether /usr/bin/tr understands a-z 
configure:2632: result: yes
configure:2679: checking for stat
configure:2698: found /home/alter0ne/rtk_openwrt_sdk/staging_dir/host/bin/stat
configure:2710: result: /home/alter0ne/rtk_openwrt_sdk/staging_dir/host/bin/stat
configure:2731: checking whether /home/alter0ne/rtk_openwrt_sdk/staging_dir/host/bin/stat -c '%h' works
configure:2734: result: yes
configure:2791: checking for sed
configure:2810: found /home/alter0ne/rtk_openwrt_sdk/staging_dir/host/bin/sed
configure:2822: result: /home/alter0ne/rtk_openwrt_sdk/staging_dir/host/bin/sed
configure:2843: checking whether /home/alter0ne/rtk_openwrt_sdk/staging_dir/host/bin/sed understands (foo|bar)
configure:2846: result: yes
configure:2894: checking for gawk
configure:2913: found /usr/bin/gawk
configure:2925: result: /usr/bin/gawk
configure:2952: checking whether /usr/bin/gawk supports sub
configure:2955: result: yes
configure:2982: checking for pod2man
configure:3000: found /usr/bin/pod2man
configure:3012: result: /usr/bin/pod2man
configure:3059: checking for column
configure:3078: found /usr/bin/column
configure:3090: result: /usr/bin/column
configure:3147: checking for getopt
configure:3166: found /home/alter0ne/rtk_openwrt_sdk/staging_dir/host/bin/getopt
configure:3178: result: /home/alter0ne/rtk_openwrt_sdk/staging_dir/host/bin/getopt
configure:3204: checking for getopt --long syntax
configure:3211: result: yes
configure:3258: checking for mktemp
configure:3277: found /bin/mktemp
configure:3289: result: /bin/mktemp
configure:3314: checking whether /bin/mktemp -d works
configure:3318: result: yes
configure:3365: checking for diff
configure:3384: found /home/alter0ne/rtk_openwrt_sdk/staging_dir/host/bin/diff
configure:3396: result: /home/alter0ne/rtk_openwrt_sdk/staging_dir/host/bin/diff
configure:3449: checking for patch
configure:3468: found /home/alter0ne/rtk_openwrt_sdk/staging_dir/host/bin/patch
configure:3480: result: /home/alter0ne/rtk_openwrt_sdk/staging_dir/host/bin/patch
configure:3502: checking the version of /home/alter0ne/rtk_openwrt_sdk/staging_dir/host/bin/diff
configure:3507: result: 3.6
configure:3530: checking the version of /home/alter0ne/rtk_openwrt_sdk/staging_dir/host/bin/patch
configure:3539: result: 2.7.1
configure:3571: checking for find
configure:3579: result: /usr/bin/find
configure:3645: checking whether /usr/bin/find -path works
configure:3648: result: yes
configure:3661: checking whether /usr/bin/find -print0 works
configure:3664: result: yes
configure:3710: checking for xargs
configure:3729: found /home/alter0ne/rtk_openwrt_sdk/staging_dir/host/bin/xargs
configure:3741: result: /home/alter0ne/rtk_openwrt_sdk/staging_dir/host/bin/xargs
configure:3762: checking whether /home/alter0ne/rtk_openwrt_sdk/staging_dir/host/bin/xargs -0 works
configure:3765: result: yes
configure:3806: checking for diffstat
configure:3825: found /usr/bin/diffstat
configure:3837: result: /usr/bin/diffstat
configure:3865: checking for diffstat version
configure:3884: result: 1.61
configure:3933: checking for sendmail
configure:3967: result: no
configure:3990: WARNING: Using internal sendmail mechanism.  Use option '--with-sendmail' to override
configure:4035: checking for cp
configure:4066: result: /home/alter0ne/rtk_openwrt_sdk/staging_dir/host/bin/cp
configure:4127: checking for gmd5sum
configure:4161: result: no
configure:4127: checking for md5sum
configure:4146: found /home/alter0ne/rtk_openwrt_sdk/staging_dir/host/bin/md5sum
configure:4158: result: /home/alter0ne/rtk_openwrt_sdk/staging_dir/host/bin/md5sum
configure:4187: checking for msgmerge
configure:4205: found /usr/bin/msgmerge
configure:4217: result: /usr/bin/msgmerge
configure:4227: checking for msgfmt
configure:4245: found /usr/bin/msgfmt
configure:4257: result: /usr/bin/msgfmt
configure:4267: checking for xgettext
configure:4285: found /usr/bin/xgettext
configure:4297: result: /usr/bin/xgettext
configure:4307: checking for msguniq
configure:4325: found /usr/bin/msguniq
configure:4337: result: /usr/bin/msguniq
configure:4347: checking for msgcat
configure:4365: found /usr/bin/msgcat
configure:4377: result: /usr/bin/msgcat
configure:4455: checking for rpmbuild
configure:4474: found /usr/bin/rpmbuild
configure:4486: result: /usr/bin/rpmbuild
configure:4670: creating ./config.status

## ---------------------- ##
## Running config.status. ##
## ---------------------- ##

This file was extended by quilt config.status 0.63, which was
generated by GNU Autoconf 2.68.  Invocation command line was

  CONFIG_FILES    = 
  CONFIG_HEADERS  = 
  CONFIG_LINKS    = 
  CONFIG_COMMANDS = 
  $ ./config.status 

on alter0ne-PC

config.status:761: creating Makefile
configure:5694: result: 
configure:5696: result: quilt version 0.63 configured.
configure:5698: result: 
configure:5700: result: Using '/home/alter0ne/rtk_openwrt_sdk/staging_dir/host' for installation prefix.
configure:5703: result: 
configure:5705: result: Report bugs to quilt-dev@nongnu.org

## ---------------- ##
## Cache variables. ##
## ---------------- ##

ac_cv_env_build_alias_set=set
ac_cv_env_build_alias_value=x86_64-linux-gnu
ac_cv_env_host_alias_set=set
ac_cv_env_host_alias_value=x86_64-linux-gnu
ac_cv_env_target_alias_set=set
ac_cv_env_target_alias_value=x86_64-linux-gnu
ac_cv_path_AWK=/usr/bin/gawk
ac_cv_path_BASH=/bin/bash
ac_cv_path_COLUMN=/usr/bin/column
ac_cv_path_CP=/home/alter0ne/rtk_openwrt_sdk/staging_dir/host/bin/cp
ac_cv_path_DATE=/bin/date
ac_cv_path_DIFF=/home/alter0ne/rtk_openwrt_sdk/staging_dir/host/bin/diff
ac_cv_path_DIFFSTAT=/usr/bin/diffstat
ac_cv_path_GETOPT=/home/alter0ne/rtk_openwrt_sdk/staging_dir/host/bin/getopt
ac_cv_path_GREP=/home/alter0ne/rtk_openwrt_sdk/staging_dir/host/bin/grep
ac_cv_path_MD5SUM=/home/alter0ne/rtk_openwrt_sdk/staging_dir/host/bin/md5sum
ac_cv_path_MKTEMP=/bin/mktemp
ac_cv_path_MSGCAT=/usr/bin/msgcat
ac_cv_path_MSGFMT=/usr/bin/msgfmt
ac_cv_path_MSGMERGE=/usr/bin/msgmerge
ac_cv_path_MSGUNIQ=/usr/bin/msguniq
ac_cv_path_PATCH=/home/alter0ne/rtk_openwrt_sdk/staging_dir/host/bin/patch
ac_cv_path_PERL=/usr/bin/perl
ac_cv_path_POD2MAN=/usr/bin/pod2man
ac_cv_path_RPMBUILD=/usr/bin/rpmbuild
ac_cv_path_SED=/home/alter0ne/rtk_openwrt_sdk/staging_dir/host/bin/sed
ac_cv_path_STAT=/home/alter0ne/rtk_openwrt_sdk/staging_dir/host/bin/stat
ac_cv_path_TAIL=/usr/bin/tail
ac_cv_path_TR=/usr/bin/tr
ac_cv_path_XARGS=/home/alter0ne/rtk_openwrt_sdk/staging_dir/host/bin/xargs
ac_cv_path_XGETTEXT=/usr/bin/xgettext
ac_cv_path_install='/usr/bin/install -c'
ac_cv_sys_interpreter=yes

## ----------------- ##
## Output variables. ##
## ----------------- ##

AWK='/usr/bin/gawk'
BASH='/bin/bash'
COLUMN='/usr/bin/column'
COMPAT_PROGRAMS=' sendmail'
COMPAT_SYMLINKS=' awk find'
CP='/home/alter0ne/rtk_openwrt_sdk/staging_dir/host/bin/cp'
DATE='/bin/date'
DEFS='-DPACKAGE_NAME=\"quilt\" -DPACKAGE_TARNAME=\"quilt\" -DPACKAGE_VERSION=\"0.63\" -DPACKAGE_STRING=\"quilt\ 0.63\" -DPACKAGE_BUGREPORT=\"quilt-dev@nongnu.org\" -DPACKAGE_URL=\"\"'
DIFF='/home/alter0ne/rtk_openwrt_sdk/staging_dir/host/bin/diff'
DIFFSTAT='/usr/bin/diffstat'
ECHO_C=''
ECHO_N='-n'
ECHO_T=''
FIND='/usr/bin/find'
GETOPT='/home/alter0ne/rtk_openwrt_sdk/staging_dir/host/bin/getopt'
GREP='/home/alter0ne/rtk_openwrt_sdk/staging_dir/host/bin/grep'
INSTALL_DATA='${INSTALL} -m 644'
INSTALL_PROGRAM='${INSTALL}'
INSTALL_SCRIPT='${INSTALL}'
LIBOBJS=''
LIBS=''
LTLIBOBJS=''
MD5SUM='/home/alter0ne/rtk_openwrt_sdk/staging_dir/host/bin/md5sum'
MKTEMP='/bin/mktemp'
MSGCAT='/usr/bin/msgcat'
MSGFMT='/usr/bin/msgfmt'
MSGMERGE='/usr/bin/msgmerge'
MSGUNIQ='/usr/bin/msguniq'
PACKAGE_BUGREPORT='quilt-dev@nongnu.org'
PACKAGE_NAME='quilt'
PACKAGE_RELEASE='1'
PACKAGE_STRING='quilt 0.63'
PACKAGE_TARNAME='quilt'
PACKAGE_URL=''
PACKAGE_VERSION='0.63'
PATCH='/home/alter0ne/rtk_openwrt_sdk/staging_dir/host/bin/patch'
PATCH_WRAPPER='/usr/bin/find'
PATH_SEPARATOR=':'
PERL='/usr/bin/perl'
POD2MAN='/usr/bin/pod2man'
RPMBUILD='/usr/bin/rpmbuild'
SED='/home/alter0ne/rtk_openwrt_sdk/staging_dir/host/bin/sed'
SENDMAIL='sendmail'
SHELL='/bin/bash'
STAT='/home/alter0ne/rtk_openwrt_sdk/staging_dir/host/bin/stat'
STAT_HARDLINK='-c '\''%h'\'''
TAIL='/usr/bin/tail'
TR='/usr/bin/tr'
USE_NLS='yes'
XARGS='/home/alter0ne/rtk_openwrt_sdk/staging_dir/host/bin/xargs'
XGETTEXT='/usr/bin/xgettext'
bindir='${exec_prefix}/bin'
build_alias='x86_64-linux-gnu'
datadir='${datarootdir}'
datarootdir='${prefix}/share'
docdir='${datarootdir}/doc/${PACKAGE_TARNAME}'
dvidir='${docdir}'
exec_prefix='/home/alter0ne/rtk_openwrt_sdk/staging_dir/host'
host_alias='x86_64-linux-gnu'
htmldir='${docdir}'
includedir='${prefix}/include'
infodir='${datarootdir}/info'
libdir='${exec_prefix}/lib'
libexecdir='${exec_prefix}/libexec'
localedir='${datarootdir}/locale'
localstatedir='/home/alter0ne/rtk_openwrt_sdk/staging_dir/host/var'
mandir='${datarootdir}/man'
oldincludedir='/usr/include'
pdfdir='${docdir}'
prefix='/home/alter0ne/rtk_openwrt_sdk/staging_dir/host'
program_transform_name='s,x,x,'
psdir='${docdir}'
sbindir='/home/alter0ne/rtk_openwrt_sdk/staging_dir/host/bin'
sharedstatedir='${prefix}/com'
sysconfdir='/home/alter0ne/rtk_openwrt_sdk/staging_dir/host/etc'
target_alias='x86_64-linux-gnu'

## ----------- ##
## confdefs.h. ##
## ----------- ##

/* confdefs.h */
#define PACKAGE_NAME "quilt"
#define PACKAGE_TARNAME "quilt"
#define PACKAGE_VERSION "0.63"
#define PACKAGE_STRING "quilt 0.63"
#define PACKAGE_BUGREPORT "quilt-dev@nongnu.org"
#define PACKAGE_URL ""

configure: exit 0
