This file contains any messages produced by compilers while
running configure, to aid debugging if configure makes a mistake.

It was created by mm-common configure 0.9.6, which was
generated by GNU Autoconf 2.68.  Invocation command line was

  $ ./configure CC=gcc CFLAGS=-O2 -I/home/alter0ne/rtk_openwrt_sdk/staging_dir/host/include CPPFLAGS=-I/home/alter0ne/rtk_openwrt_sdk/staging_dir/host/include LDFLAGS=-L/home/alter0ne/rtk_openwrt_sdk/staging_dir/host/lib SHELL=/bin/bash --target=x86_64-linux-gnu --host=x86_64-linux-gnu --build=x86_64-linux-gnu --program-prefix= --program-suffix= --prefix=/home/alter0ne/rtk_openwrt_sdk/staging_dir/host --exec-prefix=/home/alter0ne/rtk_openwrt_sdk/staging_dir/host --sysconfdir=/home/alter0ne/rtk_openwrt_sdk/staging_dir/host/etc --localstatedir=/home/alter0ne/rtk_openwrt_sdk/staging_dir/host/var --sbindir=/home/alter0ne/rtk_openwrt_sdk/staging_dir/host/bin

## --------- ##
## Platform. ##
## --------- ##

hostname = alter0ne-PC
uname -m = x86_64
uname -r = 5.0.0-31-generic
uname -s = Linux
uname -v = #33~18.04.1-Ubuntu SMP Tue Oct 1 10:20:39 UTC 2019

/usr/bin/uname -p = unknown
/bin/uname -X     = unknown

/bin/arch              = unknown
/usr/bin/arch -k       = unknown
/usr/convex/getsysinfo = unknown
/usr/bin/hostinfo      = unknown
/bin/machine           = unknown
/usr/bin/oslevel       = unknown
/bin/universe          = unknown

PATH: /home/alter0ne/rtk_openwrt_sdk/staging_dir/toolchain-mips-rlx4181-linux/bin
PATH: /home/alter0ne/rtk_openwrt_sdk/staging_dir/rsdk-4.6.4-4181-EB-3.10-0.9.33-m32u-20141001//bin
PATH: /home/alter0ne/rtk_openwrt_sdk/staging_dir/host/bin
PATH: /home/alter0ne/rtk_openwrt_sdk/staging_dir/toolchain-mips-rlx4181-linux/bin
PATH: /home/alter0ne/rtk_openwrt_sdk/staging_dir/rsdk-4.6.4-4181-EB-3.10-0.9.33-m32u-20141001//bin
PATH: /home/alter0ne/rtk_openwrt_sdk/staging_dir/host/bin
PATH: /home/alter0ne/rtk_openwrt_sdk/staging_dir/toolchain-mips-rlx4181-linux/bin
PATH: /home/alter0ne/rtk_openwrt_sdk/staging_dir/rsdk-4.6.4-4181-EB-3.10-0.9.33-m32u-20141001//bin
PATH: /home/alter0ne/rtk_openwrt_sdk/staging_dir/host/bin
PATH: /home/alter0ne/.local/bin
PATH: /home/alter0ne/bin
PATH: /usr/local/sbin
PATH: /usr/local/bin
PATH: /usr/sbin
PATH: /usr/bin
PATH: /sbin
PATH: /bin
PATH: /usr/games
PATH: /usr/local/games
PATH: /snap/bin


## ----------- ##
## Core tests. ##
## ----------- ##

configure:1770: checking for a BSD-compatible install
configure:1838: result: /usr/bin/install -c
configure:1849: checking whether build environment is sane
configure:1899: result: yes
configure:2040: checking for a thread-safe mkdir -p
configure:2079: result: /bin/mkdir -p
configure:2092: checking for gawk
configure:2108: found /usr/bin/gawk
configure:2119: result: gawk
configure:2130: checking whether make sets $(MAKE)
configure:2152: result: yes
configure:2234: checking whether make supports nested variables
configure:2251: result: yes
configure:2263: checking whether to enable maintainer-specific portions of Makefiles
configure:2272: result: no
configure:2290: checking for a sed that does not truncate output
configure:2354: result: /home/alter0ne/rtk_openwrt_sdk/staging_dir/host/bin/sed
configure:2363: checking for tar
configure:2390: result: /bin/tar
configure:2406: checking whether to enable network
configure:2439: result: no
configure:2693: creating ./config.status

## ---------------------- ##
## Running config.status. ##
## ---------------------- ##

This file was extended by mm-common config.status 0.9.6, which was
generated by GNU Autoconf 2.68.  Invocation command line was

  CONFIG_FILES    = 
  CONFIG_HEADERS  = 
  CONFIG_LINKS    = 
  CONFIG_COMMANDS = 
  $ ./config.status 

on alter0ne-PC

config.status:771: creating Makefile
config.status:771: creating doctags/mm-common-libstdc++.pc
config.status:771: creating doctags/mm-common-libstdc++-uninstalled.pc
config.status:771: creating macros/mm-common.m4
config.status:771: creating util/mm-common-util.pc
config.status:771: creating util/mm-common-prepare

## ---------------- ##
## Cache variables. ##
## ---------------- ##

ac_cv_env_ACLOCAL_FLAGS_set=
ac_cv_env_ACLOCAL_FLAGS_value=
ac_cv_env_CURL_set=
ac_cv_env_CURL_value=
ac_cv_env_WGET_set=
ac_cv_env_WGET_value=
ac_cv_env_build_alias_set=set
ac_cv_env_build_alias_value=x86_64-linux-gnu
ac_cv_env_host_alias_set=set
ac_cv_env_host_alias_value=x86_64-linux-gnu
ac_cv_env_target_alias_set=set
ac_cv_env_target_alias_value=x86_64-linux-gnu
ac_cv_path_SED=/home/alter0ne/rtk_openwrt_sdk/staging_dir/host/bin/sed
ac_cv_path_install='/usr/bin/install -c'
ac_cv_path_mkdir=/bin/mkdir
ac_cv_prog_AWK=gawk
ac_cv_prog_TAR=/bin/tar
ac_cv_prog_make_make_set=yes
am_cv_make_support_nested_variables=yes

## ----------------- ##
## Output variables. ##
## ----------------- ##

ACLOCAL='${SHELL} /home/alter0ne/rtk_openwrt_sdk/build_dir/host/mm-common-0.9.6/missing --run aclocal-1.11'
ACLOCAL_FLAGS=''
AMTAR='$${TAR-tar}'
AM_BACKSLASH='\'
AM_DEFAULT_V='$(AM_DEFAULT_VERBOSITY)'
AM_DEFAULT_VERBOSITY='1'
AM_V='$(V)'
AUTOCONF='${SHELL} /home/alter0ne/rtk_openwrt_sdk/build_dir/host/mm-common-0.9.6/missing --run autoconf'
AUTOHEADER='${SHELL} /home/alter0ne/rtk_openwrt_sdk/build_dir/host/mm-common-0.9.6/missing --run autoheader'
AUTOMAKE='${SHELL} /home/alter0ne/rtk_openwrt_sdk/build_dir/host/mm-common-0.9.6/missing --run automake-1.11'
AWK='gawk'
CURL=''
CYGPATH_W='echo'
DEFS='-DPACKAGE_NAME=\"mm-common\" -DPACKAGE_TARNAME=\"mm-common\" -DPACKAGE_VERSION=\"0.9.6\" -DPACKAGE_STRING=\"mm-common\ 0.9.6\" -DPACKAGE_BUGREPORT=\"https://bugzilla.gnome.org/enter_bug.cgi\?product=mm-common\" -DPACKAGE_URL=\"http://www.gtkmm.org/\"'
ECHO_C=''
ECHO_N='-n'
ECHO_T=''
INSTALL_DATA='${INSTALL} -m 644'
INSTALL_PROGRAM='${INSTALL}'
INSTALL_SCRIPT='${INSTALL}'
INSTALL_STRIP_PROGRAM='$(install_sh) -c -s'
LIBOBJS=''
LIBS=''
LTLIBOBJS=''
MAINT='#'
MAINTAINER_MODE_FALSE=''
MAINTAINER_MODE_TRUE='#'
MAKEINFO='${SHELL} /home/alter0ne/rtk_openwrt_sdk/build_dir/host/mm-common-0.9.6/missing --run makeinfo'
MKDIR_P='/bin/mkdir -p'
NETWORK_ENABLED_FALSE=''
NETWORK_ENABLED_TRUE='#'
PACKAGE='mm-common'
PACKAGE_BUGREPORT='https://bugzilla.gnome.org/enter_bug.cgi?product=mm-common'
PACKAGE_NAME='mm-common'
PACKAGE_STRING='mm-common 0.9.6'
PACKAGE_TARNAME='mm-common'
PACKAGE_URL='http://www.gtkmm.org/'
PACKAGE_VERSION='0.9.6'
PATH_SEPARATOR=':'
SED='/home/alter0ne/rtk_openwrt_sdk/staging_dir/host/bin/sed'
SET_MAKE=''
SHELL='/bin/bash'
STRIP=''
TAR='/bin/tar'
USE_NETWORK='no'
VERSION='0.9.6'
WGET=''
am__isrc=''
am__leading_dot='.'
am__tar='$${TAR-tar} chof - "$$tardir"'
am__untar='$${TAR-tar} xf -'
bindir='${exec_prefix}/bin'
build_alias='x86_64-linux-gnu'
datadir='${datarootdir}'
datarootdir='${prefix}/share'
docdir='${datarootdir}/doc/${PACKAGE_TARNAME}'
dvidir='${docdir}'
exec_prefix='/home/alter0ne/rtk_openwrt_sdk/staging_dir/host'
host_alias='x86_64-linux-gnu'
htmldir='${docdir}'
includedir='${prefix}/include'
infodir='${datarootdir}/info'
install_sh='${SHELL} /home/alter0ne/rtk_openwrt_sdk/build_dir/host/mm-common-0.9.6/install-sh'
libdir='${exec_prefix}/lib'
libexecdir='${exec_prefix}/libexec'
localedir='${datarootdir}/locale'
localstatedir='/home/alter0ne/rtk_openwrt_sdk/staging_dir/host/var'
mandir='${datarootdir}/man'
mkdir_p='/bin/mkdir -p'
oldincludedir='/usr/include'
pdfdir='${docdir}'
prefix='/home/alter0ne/rtk_openwrt_sdk/staging_dir/host'
program_transform_name='s&$$&&;s&^&&'
psdir='${docdir}'
sbindir='/home/alter0ne/rtk_openwrt_sdk/staging_dir/host/bin'
sharedstatedir='${prefix}/com'
sysconfdir='/home/alter0ne/rtk_openwrt_sdk/staging_dir/host/etc'
target_alias='x86_64-linux-gnu'

## ----------- ##
## confdefs.h. ##
## ----------- ##

/* confdefs.h */
#define PACKAGE_NAME "mm-common"
#define PACKAGE_TARNAME "mm-common"
#define PACKAGE_VERSION "0.9.6"
#define PACKAGE_STRING "mm-common 0.9.6"
#define PACKAGE_BUGREPORT "https://bugzilla.gnome.org/enter_bug.cgi?product=mm-common"
#define PACKAGE_URL "http://www.gtkmm.org/"

configure: exit 0
