This file contains any messages produced by compilers while
running configure, to aid debugging if configure makes a mistake.

It was created by util-macros configure 1.11.0, which was
generated by GNU Autoconf 2.68.  Invocation command line was

  $ ./configure CC=gcc CFLAGS=-O2 -I/home/alter0ne/rtk_openwrt_sdk/staging_dir/host/include CPPFLAGS=-I/home/alter0ne/rtk_openwrt_sdk/staging_dir/host/include LDFLAGS=-L/home/alter0ne/rtk_openwrt_sdk/staging_dir/host/lib SHELL=/bin/bash --target=x86_64-linux-gnu --host=x86_64-linux-gnu --build=x86_64-linux-gnu --program-prefix= --program-suffix= --prefix=/home/alter0ne/rtk_openwrt_sdk/staging_dir/host --exec-prefix=/home/alter0ne/rtk_openwrt_sdk/staging_dir/host --sysconfdir=/home/alter0ne/rtk_openwrt_sdk/staging_dir/host/etc --localstatedir=/home/alter0ne/rtk_openwrt_sdk/staging_dir/host/var --sbindir=/home/alter0ne/rtk_openwrt_sdk/staging_dir/host/bin

## --------- ##
## Platform. ##
## --------- ##

hostname = alter0ne-PC
uname -m = x86_64
uname -r = 5.0.0-31-generic
uname -s = Linux
uname -v = #33~18.04.1-Ubuntu SMP Tue Oct 1 10:20:39 UTC 2019

/usr/bin/uname -p = unknown
/bin/uname -X     = unknown

/bin/arch              = unknown
/usr/bin/arch -k       = unknown
/usr/convex/getsysinfo = unknown
/usr/bin/hostinfo      = unknown
/bin/machine           = unknown
/usr/bin/oslevel       = unknown
/bin/universe          = unknown

PATH: /home/alter0ne/rtk_openwrt_sdk/staging_dir/toolchain-mips-rlx4181-linux/bin
PATH: /home/alter0ne/rtk_openwrt_sdk/staging_dir/rsdk-4.6.4-4181-EB-3.10-0.9.33-m32u-20141001//bin
PATH: /home/alter0ne/rtk_openwrt_sdk/staging_dir/host/bin
PATH: /home/alter0ne/rtk_openwrt_sdk/staging_dir/toolchain-mips-rlx4181-linux/bin
PATH: /home/alter0ne/rtk_openwrt_sdk/staging_dir/rsdk-4.6.4-4181-EB-3.10-0.9.33-m32u-20141001//bin
PATH: /home/alter0ne/rtk_openwrt_sdk/staging_dir/host/bin
PATH: /home/alter0ne/rtk_openwrt_sdk/staging_dir/toolchain-mips-rlx4181-linux/bin
PATH: /home/alter0ne/rtk_openwrt_sdk/staging_dir/rsdk-4.6.4-4181-EB-3.10-0.9.33-m32u-20141001//bin
PATH: /home/alter0ne/rtk_openwrt_sdk/staging_dir/host/bin
PATH: /home/alter0ne/.local/bin
PATH: /home/alter0ne/bin
PATH: /usr/local/sbin
PATH: /usr/local/bin
PATH: /usr/sbin
PATH: /usr/bin
PATH: /sbin
PATH: /bin
PATH: /usr/games
PATH: /usr/local/games
PATH: /snap/bin


## ----------- ##
## Core tests. ##
## ----------- ##

configure:1737: checking for a BSD-compatible install
configure:1805: result: /usr/bin/install -c
configure:1816: checking whether build environment is sane
configure:1866: result: yes
configure:2007: checking for a thread-safe mkdir -p
configure:2046: result: /bin/mkdir -p
configure:2059: checking for gawk
configure:2075: found /usr/bin/gawk
configure:2086: result: gawk
configure:2097: checking whether make sets $(MAKE)
configure:2119: result: yes
configure:2200: checking whether to enable maintainer-specific portions of Makefiles
configure:2209: result: no
configure:2436: creating ./config.status

## ---------------------- ##
## Running config.status. ##
## ---------------------- ##

This file was extended by util-macros config.status 1.11.0, which was
generated by GNU Autoconf 2.68.  Invocation command line was

  CONFIG_FILES    = 
  CONFIG_HEADERS  = 
  CONFIG_LINKS    = 
  CONFIG_COMMANDS = 
  $ ./config.status 

on alter0ne-PC

config.status:758: creating xorg-macros.pc
config.status:758: creating Makefile
config.status:758: creating xorg-macros.m4

## ---------------- ##
## Cache variables. ##
## ---------------- ##

ac_cv_env_build_alias_set=set
ac_cv_env_build_alias_value=x86_64-linux-gnu
ac_cv_env_host_alias_set=set
ac_cv_env_host_alias_value=x86_64-linux-gnu
ac_cv_env_target_alias_set=set
ac_cv_env_target_alias_value=x86_64-linux-gnu
ac_cv_path_install='/usr/bin/install -c'
ac_cv_path_mkdir=/bin/mkdir
ac_cv_prog_AWK=gawk
ac_cv_prog_make_make_set=yes

## ----------------- ##
## Output variables. ##
## ----------------- ##

ACLOCAL='${SHELL} /home/alter0ne/rtk_openwrt_sdk/build_dir/host/util-macros-1.11.0/missing --run aclocal-1.11'
AMTAR='${SHELL} /home/alter0ne/rtk_openwrt_sdk/build_dir/host/util-macros-1.11.0/missing --run tar'
AUTOCONF='${SHELL} /home/alter0ne/rtk_openwrt_sdk/build_dir/host/util-macros-1.11.0/missing --run autoconf'
AUTOHEADER='${SHELL} /home/alter0ne/rtk_openwrt_sdk/build_dir/host/util-macros-1.11.0/missing --run autoheader'
AUTOMAKE='${SHELL} /home/alter0ne/rtk_openwrt_sdk/build_dir/host/util-macros-1.11.0/missing --run automake-1.11'
AWK='gawk'
CHANGELOG_CMD='(GIT_DIR=$(top_srcdir)/.git git log > $(top_srcdir)/.changelog.tmp && mv $(top_srcdir)/.changelog.tmp $(top_srcdir)/ChangeLog) || (rm -f $(top_srcdir)/.changelog.tmp; touch $(top_srcdir)/ChangeLog; echo '\''git directory not found: installing possibly empty changelog.'\'' >&2)'
CYGPATH_W='echo'
DEFS='-DPACKAGE_NAME=\"util-macros\" -DPACKAGE_TARNAME=\"util-macros\" -DPACKAGE_VERSION=\"1.11.0\" -DPACKAGE_STRING=\"util-macros\ 1.11.0\" -DPACKAGE_BUGREPORT=\"https://bugs.freedesktop.org/enter_bug.cgi\?product=xorg\" -DPACKAGE_URL=\"\" -DPACKAGE=\"util-macros\" -DVERSION=\"1.11.0\" -DPACKAGE_VERSION_MAJOR=1 -DPACKAGE_VERSION_MINOR=11 -DPACKAGE_VERSION_PATCHLEVEL=0'
ECHO_C=''
ECHO_N='-n'
ECHO_T=''
INSTALL_DATA='${INSTALL} -m 644'
INSTALL_PROGRAM='${INSTALL}'
INSTALL_SCRIPT='${INSTALL}'
INSTALL_STRIP_PROGRAM='$(install_sh) -c -s'
LIBOBJS=''
LIBS=''
LTLIBOBJS=''
MAINT='#'
MAINTAINER_MODE_FALSE=''
MAINTAINER_MODE_TRUE='#'
MAKEINFO='${SHELL} /home/alter0ne/rtk_openwrt_sdk/build_dir/host/util-macros-1.11.0/missing --run makeinfo'
MKDIR_P='/bin/mkdir -p'
PACKAGE='util-macros'
PACKAGE_BUGREPORT='https://bugs.freedesktop.org/enter_bug.cgi?product=xorg'
PACKAGE_NAME='util-macros'
PACKAGE_STRING='util-macros 1.11.0'
PACKAGE_TARNAME='util-macros'
PACKAGE_URL=''
PACKAGE_VERSION='1.11.0'
PATH_SEPARATOR=':'
SET_MAKE=''
SHELL='/bin/bash'
STRIP=''
VERSION='1.11.0'
am__isrc=''
am__leading_dot='.'
am__tar='${AMTAR} chof - "$$tardir"'
am__untar='${AMTAR} xf -'
bindir='${exec_prefix}/bin'
build_alias='x86_64-linux-gnu'
datadir='${datarootdir}'
datarootdir='${prefix}/share'
docdir='${datarootdir}/doc/${PACKAGE_TARNAME}'
dvidir='${docdir}'
exec_prefix='/home/alter0ne/rtk_openwrt_sdk/staging_dir/host'
host_alias='x86_64-linux-gnu'
htmldir='${docdir}'
includedir='${prefix}/include'
infodir='${datarootdir}/info'
install_sh='${SHELL} /home/alter0ne/rtk_openwrt_sdk/build_dir/host/util-macros-1.11.0/install-sh'
libdir='${exec_prefix}/lib'
libexecdir='${exec_prefix}/libexec'
localedir='${datarootdir}/locale'
localstatedir='/home/alter0ne/rtk_openwrt_sdk/staging_dir/host/var'
mandir='${datarootdir}/man'
mkdir_p='/bin/mkdir -p'
oldincludedir='/usr/include'
pdfdir='${docdir}'
prefix='/home/alter0ne/rtk_openwrt_sdk/staging_dir/host'
program_transform_name='s&$$&&;s&^&&'
psdir='${docdir}'
sbindir='/home/alter0ne/rtk_openwrt_sdk/staging_dir/host/bin'
sharedstatedir='${prefix}/com'
sysconfdir='/home/alter0ne/rtk_openwrt_sdk/staging_dir/host/etc'
target_alias='x86_64-linux-gnu'

## ----------- ##
## confdefs.h. ##
## ----------- ##

/* confdefs.h */
#define PACKAGE_NAME "util-macros"
#define PACKAGE_TARNAME "util-macros"
#define PACKAGE_VERSION "1.11.0"
#define PACKAGE_STRING "util-macros 1.11.0"
#define PACKAGE_BUGREPORT "https://bugs.freedesktop.org/enter_bug.cgi?product=xorg"
#define PACKAGE_URL ""
#define PACKAGE "util-macros"
#define VERSION "1.11.0"
#define PACKAGE_VERSION_MAJOR 1
#define PACKAGE_VERSION_MINOR 11
#define PACKAGE_VERSION_PATCHLEVEL 0

configure: exit 0
