This file contains any messages produced by compilers while
running configure, to aid debugging if configure makes a mistake.

It was created by configure, which was
generated by GNU Autoconf 2.59.  Invocation command line was

  $ /home/alter0ne/rtk_openwrt_sdk/build_dir/host/otp_src_R16B02/lib/configure --prefix=/home/alter0ne/rtk_openwrt_sdk/staging_dir/host CC=gcc CFLAGS=-O2 -I/home/alter0ne/rtk_openwrt_sdk/staging_dir/host/include CPPFLAGS=-I/home/alter0ne/rtk_openwrt_sdk/staging_dir/host/include LDFLAGS=-L/home/alter0ne/rtk_openwrt_sdk/staging_dir/host/lib SHELL=/bin/bash --target=x86_64-linux-gnu --host=x86_64-linux-gnu --build=x86_64-linux-gnu --program-prefix= --program-suffix= --prefix=/home/alter0ne/rtk_openwrt_sdk/staging_dir/host --exec-prefix=/home/alter0ne/rtk_openwrt_sdk/staging_dir/host --sysconfdir=/home/alter0ne/rtk_openwrt_sdk/staging_dir/host/etc --localstatedir=/home/alter0ne/rtk_openwrt_sdk/staging_dir/host/var --sbindir=/home/alter0ne/rtk_openwrt_sdk/staging_dir/host/bin --disable-hipe --disable-smp-support --without-javac build_alias=x86_64-linux-gnu host_alias=x86_64-linux-gnu target_alias=x86_64-linux-gnu --cache-file=/dev/null --srcdir=/home/alter0ne/rtk_openwrt_sdk/build_dir/host/otp_src_R16B02/lib

## --------- ##
## Platform. ##
## --------- ##

hostname = alter0ne-PC
uname -m = x86_64
uname -r = 5.0.0-31-generic
uname -s = Linux
uname -v = #33~18.04.1-Ubuntu SMP Tue Oct 1 10:20:39 UTC 2019

/usr/bin/uname -p = unknown
/bin/uname -X     = unknown

/bin/arch              = unknown
/usr/bin/arch -k       = unknown
/usr/convex/getsysinfo = unknown
hostinfo               = unknown
/bin/machine           = unknown
/usr/bin/oslevel       = unknown
/bin/universe          = unknown

PATH: /home/alter0ne/rtk_openwrt_sdk/staging_dir/toolchain-mips-rlx4181-linux/bin
PATH: /home/alter0ne/rtk_openwrt_sdk/staging_dir/rsdk-4.6.4-4181-EB-3.10-0.9.33-m32u-20141001//bin
PATH: /home/alter0ne/rtk_openwrt_sdk/staging_dir/host/bin
PATH: /home/alter0ne/rtk_openwrt_sdk/staging_dir/toolchain-mips-rlx4181-linux/bin
PATH: /home/alter0ne/rtk_openwrt_sdk/staging_dir/rsdk-4.6.4-4181-EB-3.10-0.9.33-m32u-20141001//bin
PATH: /home/alter0ne/rtk_openwrt_sdk/staging_dir/host/bin
PATH: /home/alter0ne/rtk_openwrt_sdk/staging_dir/toolchain-mips-rlx4181-linux/bin
PATH: /home/alter0ne/rtk_openwrt_sdk/staging_dir/rsdk-4.6.4-4181-EB-3.10-0.9.33-m32u-20141001//bin
PATH: /home/alter0ne/rtk_openwrt_sdk/staging_dir/host/bin
PATH: /home/alter0ne/.local/bin
PATH: /home/alter0ne/bin
PATH: /usr/local/sbin
PATH: /usr/local/bin
PATH: /usr/sbin
PATH: /usr/bin
PATH: /sbin
PATH: /bin
PATH: /usr/games
PATH: /usr/local/games
PATH: /snap/bin


## ----------- ##
## Core tests. ##
## ----------- ##

configure:1368: creating ./config.status

## ---------------------- ##
## Running config.status. ##
## ---------------------- ##

This file was extended by config.status, which was
generated by GNU Autoconf 2.59.  Invocation command line was

  CONFIG_FILES    = 
  CONFIG_HEADERS  = 
  CONFIG_LINKS    = 
  CONFIG_COMMANDS = 
  $ ./config.status 

on alter0ne-PC

configure:1858: configuring in snmp/.
configure:1975: running /bin/bash '/home/alter0ne/rtk_openwrt_sdk/build_dir/host/otp_src_R16B02/lib/snmp/./configure' --prefix=/home/alter0ne/rtk_openwrt_sdk/staging_dir/host  'CC=gcc' 'CFLAGS=-O2 -I/home/alter0ne/rtk_openwrt_sdk/staging_dir/host/include' 'CPPFLAGS=-I/home/alter0ne/rtk_openwrt_sdk/staging_dir/host/include' 'LDFLAGS=-L/home/alter0ne/rtk_openwrt_sdk/staging_dir/host/lib' 'SHELL=/bin/bash' '--target=x86_64-linux-gnu' '--host=x86_64-linux-gnu' '--build=x86_64-linux-gnu' '--program-prefix=' '--program-suffix=' '--prefix=/home/alter0ne/rtk_openwrt_sdk/staging_dir/host' '--exec-prefix=/home/alter0ne/rtk_openwrt_sdk/staging_dir/host' '--sysconfdir=/home/alter0ne/rtk_openwrt_sdk/staging_dir/host/etc' '--localstatedir=/home/alter0ne/rtk_openwrt_sdk/staging_dir/host/var' '--sbindir=/home/alter0ne/rtk_openwrt_sdk/staging_dir/host/bin' '--disable-hipe' '--disable-smp-support' '--without-javac' 'build_alias=x86_64-linux-gnu' 'host_alias=x86_64-linux-gnu' 'target_alias=x86_64-linux-gnu' '--cache-file=/dev/null' '--srcdir=/home/alter0ne/rtk_openwrt_sdk/build_dir/host/otp_src_R16B02/lib' --cache-file=/dev/null --srcdir=/home/alter0ne/rtk_openwrt_sdk/build_dir/host/otp_src_R16B02/lib/snmp/.
configure:1858: configuring in common_test/.
configure:1975: running /bin/bash '/home/alter0ne/rtk_openwrt_sdk/build_dir/host/otp_src_R16B02/lib/common_test/./configure' --prefix=/home/alter0ne/rtk_openwrt_sdk/staging_dir/host  'CC=gcc' 'CFLAGS=-O2 -I/home/alter0ne/rtk_openwrt_sdk/staging_dir/host/include' 'CPPFLAGS=-I/home/alter0ne/rtk_openwrt_sdk/staging_dir/host/include' 'LDFLAGS=-L/home/alter0ne/rtk_openwrt_sdk/staging_dir/host/lib' 'SHELL=/bin/bash' '--target=x86_64-linux-gnu' '--host=x86_64-linux-gnu' '--build=x86_64-linux-gnu' '--program-prefix=' '--program-suffix=' '--prefix=/home/alter0ne/rtk_openwrt_sdk/staging_dir/host' '--exec-prefix=/home/alter0ne/rtk_openwrt_sdk/staging_dir/host' '--sysconfdir=/home/alter0ne/rtk_openwrt_sdk/staging_dir/host/etc' '--localstatedir=/home/alter0ne/rtk_openwrt_sdk/staging_dir/host/var' '--sbindir=/home/alter0ne/rtk_openwrt_sdk/staging_dir/host/bin' '--disable-hipe' '--disable-smp-support' '--without-javac' 'build_alias=x86_64-linux-gnu' 'host_alias=x86_64-linux-gnu' 'target_alias=x86_64-linux-gnu' '--cache-file=/dev/null' '--srcdir=/home/alter0ne/rtk_openwrt_sdk/build_dir/host/otp_src_R16B02/lib' --cache-file=/dev/null --srcdir=/home/alter0ne/rtk_openwrt_sdk/build_dir/host/otp_src_R16B02/lib/common_test/.
configure:1858: configuring in erl_interface/.
configure:1975: running /bin/bash '/home/alter0ne/rtk_openwrt_sdk/build_dir/host/otp_src_R16B02/lib/erl_interface/./configure' --prefix=/home/alter0ne/rtk_openwrt_sdk/staging_dir/host  'CC=gcc' 'CFLAGS=-O2 -I/home/alter0ne/rtk_openwrt_sdk/staging_dir/host/include' 'CPPFLAGS=-I/home/alter0ne/rtk_openwrt_sdk/staging_dir/host/include' 'LDFLAGS=-L/home/alter0ne/rtk_openwrt_sdk/staging_dir/host/lib' 'SHELL=/bin/bash' '--target=x86_64-linux-gnu' '--host=x86_64-linux-gnu' '--build=x86_64-linux-gnu' '--program-prefix=' '--program-suffix=' '--prefix=/home/alter0ne/rtk_openwrt_sdk/staging_dir/host' '--exec-prefix=/home/alter0ne/rtk_openwrt_sdk/staging_dir/host' '--sysconfdir=/home/alter0ne/rtk_openwrt_sdk/staging_dir/host/etc' '--localstatedir=/home/alter0ne/rtk_openwrt_sdk/staging_dir/host/var' '--sbindir=/home/alter0ne/rtk_openwrt_sdk/staging_dir/host/bin' '--disable-hipe' '--disable-smp-support' '--without-javac' 'build_alias=x86_64-linux-gnu' 'host_alias=x86_64-linux-gnu' 'target_alias=x86_64-linux-gnu' '--cache-file=/dev/null' '--srcdir=/home/alter0ne/rtk_openwrt_sdk/build_dir/host/otp_src_R16B02/lib' --cache-file=/dev/null --srcdir=/home/alter0ne/rtk_openwrt_sdk/build_dir/host/otp_src_R16B02/lib/erl_interface/.
configure:1858: configuring in gs/.
configure:1975: running /bin/bash '/home/alter0ne/rtk_openwrt_sdk/build_dir/host/otp_src_R16B02/lib/gs/./configure' --prefix=/home/alter0ne/rtk_openwrt_sdk/staging_dir/host  'CC=gcc' 'CFLAGS=-O2 -I/home/alter0ne/rtk_openwrt_sdk/staging_dir/host/include' 'CPPFLAGS=-I/home/alter0ne/rtk_openwrt_sdk/staging_dir/host/include' 'LDFLAGS=-L/home/alter0ne/rtk_openwrt_sdk/staging_dir/host/lib' 'SHELL=/bin/bash' '--target=x86_64-linux-gnu' '--host=x86_64-linux-gnu' '--build=x86_64-linux-gnu' '--program-prefix=' '--program-suffix=' '--prefix=/home/alter0ne/rtk_openwrt_sdk/staging_dir/host' '--exec-prefix=/home/alter0ne/rtk_openwrt_sdk/staging_dir/host' '--sysconfdir=/home/alter0ne/rtk_openwrt_sdk/staging_dir/host/etc' '--localstatedir=/home/alter0ne/rtk_openwrt_sdk/staging_dir/host/var' '--sbindir=/home/alter0ne/rtk_openwrt_sdk/staging_dir/host/bin' '--disable-hipe' '--disable-smp-support' '--without-javac' 'build_alias=x86_64-linux-gnu' 'host_alias=x86_64-linux-gnu' 'target_alias=x86_64-linux-gnu' '--cache-file=/dev/null' '--srcdir=/home/alter0ne/rtk_openwrt_sdk/build_dir/host/otp_src_R16B02/lib' --cache-file=/dev/null --srcdir=/home/alter0ne/rtk_openwrt_sdk/build_dir/host/otp_src_R16B02/lib/gs/.
configure:1858: configuring in megaco/.
configure:1975: running /bin/bash '/home/alter0ne/rtk_openwrt_sdk/build_dir/host/otp_src_R16B02/lib/megaco/./configure' --prefix=/home/alter0ne/rtk_openwrt_sdk/staging_dir/host  'CC=gcc' 'CFLAGS=-O2 -I/home/alter0ne/rtk_openwrt_sdk/staging_dir/host/include' 'CPPFLAGS=-I/home/alter0ne/rtk_openwrt_sdk/staging_dir/host/include' 'LDFLAGS=-L/home/alter0ne/rtk_openwrt_sdk/staging_dir/host/lib' 'SHELL=/bin/bash' '--target=x86_64-linux-gnu' '--host=x86_64-linux-gnu' '--build=x86_64-linux-gnu' '--program-prefix=' '--program-suffix=' '--prefix=/home/alter0ne/rtk_openwrt_sdk/staging_dir/host' '--exec-prefix=/home/alter0ne/rtk_openwrt_sdk/staging_dir/host' '--sysconfdir=/home/alter0ne/rtk_openwrt_sdk/staging_dir/host/etc' '--localstatedir=/home/alter0ne/rtk_openwrt_sdk/staging_dir/host/var' '--sbindir=/home/alter0ne/rtk_openwrt_sdk/staging_dir/host/bin' '--disable-hipe' '--disable-smp-support' '--without-javac' 'build_alias=x86_64-linux-gnu' 'host_alias=x86_64-linux-gnu' 'target_alias=x86_64-linux-gnu' '--cache-file=/dev/null' '--srcdir=/home/alter0ne/rtk_openwrt_sdk/build_dir/host/otp_src_R16B02/lib' --cache-file=/dev/null --srcdir=/home/alter0ne/rtk_openwrt_sdk/build_dir/host/otp_src_R16B02/lib/megaco/.
configure:1858: configuring in odbc/.
configure:1975: running /bin/bash '/home/alter0ne/rtk_openwrt_sdk/build_dir/host/otp_src_R16B02/lib/odbc/./configure' --prefix=/home/alter0ne/rtk_openwrt_sdk/staging_dir/host  'CC=gcc' 'CFLAGS=-O2 -I/home/alter0ne/rtk_openwrt_sdk/staging_dir/host/include' 'CPPFLAGS=-I/home/alter0ne/rtk_openwrt_sdk/staging_dir/host/include' 'LDFLAGS=-L/home/alter0ne/rtk_openwrt_sdk/staging_dir/host/lib' 'SHELL=/bin/bash' '--target=x86_64-linux-gnu' '--host=x86_64-linux-gnu' '--build=x86_64-linux-gnu' '--program-prefix=' '--program-suffix=' '--prefix=/home/alter0ne/rtk_openwrt_sdk/staging_dir/host' '--exec-prefix=/home/alter0ne/rtk_openwrt_sdk/staging_dir/host' '--sysconfdir=/home/alter0ne/rtk_openwrt_sdk/staging_dir/host/etc' '--localstatedir=/home/alter0ne/rtk_openwrt_sdk/staging_dir/host/var' '--sbindir=/home/alter0ne/rtk_openwrt_sdk/staging_dir/host/bin' '--disable-hipe' '--disable-smp-support' '--without-javac' 'build_alias=x86_64-linux-gnu' 'host_alias=x86_64-linux-gnu' 'target_alias=x86_64-linux-gnu' '--cache-file=/dev/null' '--srcdir=/home/alter0ne/rtk_openwrt_sdk/build_dir/host/otp_src_R16B02/lib' --cache-file=/dev/null --srcdir=/home/alter0ne/rtk_openwrt_sdk/build_dir/host/otp_src_R16B02/lib/odbc/.
configure:1858: configuring in wx/.
configure:1975: running /bin/bash '/home/alter0ne/rtk_openwrt_sdk/build_dir/host/otp_src_R16B02/lib/wx/./configure' --prefix=/home/alter0ne/rtk_openwrt_sdk/staging_dir/host  'CC=gcc' 'CFLAGS=-O2 -I/home/alter0ne/rtk_openwrt_sdk/staging_dir/host/include' 'CPPFLAGS=-I/home/alter0ne/rtk_openwrt_sdk/staging_dir/host/include' 'LDFLAGS=-L/home/alter0ne/rtk_openwrt_sdk/staging_dir/host/lib' 'SHELL=/bin/bash' '--target=x86_64-linux-gnu' '--host=x86_64-linux-gnu' '--build=x86_64-linux-gnu' '--program-prefix=' '--program-suffix=' '--prefix=/home/alter0ne/rtk_openwrt_sdk/staging_dir/host' '--exec-prefix=/home/alter0ne/rtk_openwrt_sdk/staging_dir/host' '--sysconfdir=/home/alter0ne/rtk_openwrt_sdk/staging_dir/host/etc' '--localstatedir=/home/alter0ne/rtk_openwrt_sdk/staging_dir/host/var' '--sbindir=/home/alter0ne/rtk_openwrt_sdk/staging_dir/host/bin' '--disable-hipe' '--disable-smp-support' '--without-javac' 'build_alias=x86_64-linux-gnu' 'host_alias=x86_64-linux-gnu' 'target_alias=x86_64-linux-gnu' '--cache-file=/dev/null' '--srcdir=/home/alter0ne/rtk_openwrt_sdk/build_dir/host/otp_src_R16B02/lib' --cache-file=/dev/null --srcdir=/home/alter0ne/rtk_openwrt_sdk/build_dir/host/otp_src_R16B02/lib/wx/.

## ---------------- ##
## Cache variables. ##
## ---------------- ##

ac_cv_env_build_alias_set=set
ac_cv_env_build_alias_value=x86_64-linux-gnu
ac_cv_env_host_alias_set=set
ac_cv_env_host_alias_value=x86_64-linux-gnu
ac_cv_env_target_alias_set=set
ac_cv_env_target_alias_value=x86_64-linux-gnu

## ----------------- ##
## Output variables. ##
## ----------------- ##

DEFS='-DPACKAGE_NAME=\"\" -DPACKAGE_TARNAME=\"\" -DPACKAGE_VERSION=\"\" -DPACKAGE_STRING=\"\" -DPACKAGE_BUGREPORT=\"\" '
ECHO_C=''
ECHO_N='-n'
ECHO_T=''
LIBOBJS=''
LIBS=''
LTLIBOBJS=''
PACKAGE_BUGREPORT=''
PACKAGE_NAME=''
PACKAGE_STRING=''
PACKAGE_TARNAME=''
PACKAGE_VERSION=''
PATH_SEPARATOR=':'
SHELL='/bin/bash'
bindir='${exec_prefix}/bin'
build_alias='x86_64-linux-gnu'
datadir='${prefix}/share'
exec_prefix='/home/alter0ne/rtk_openwrt_sdk/staging_dir/host'
host_alias='x86_64-linux-gnu'
includedir='${prefix}/include'
infodir='${prefix}/info'
libdir='${exec_prefix}/lib'
libexecdir='${exec_prefix}/libexec'
localstatedir='/home/alter0ne/rtk_openwrt_sdk/staging_dir/host/var'
mandir='${prefix}/man'
oldincludedir='/usr/include'
prefix='/home/alter0ne/rtk_openwrt_sdk/staging_dir/host'
program_transform_name='s,x,x,'
sbindir='/home/alter0ne/rtk_openwrt_sdk/staging_dir/host/bin'
sharedstatedir='${prefix}/com'
subdirs=' snmp/. common_test/. erl_interface/. gs/. megaco/. odbc/. wx/.'
sysconfdir='/home/alter0ne/rtk_openwrt_sdk/staging_dir/host/etc'
target_alias='x86_64-linux-gnu'

## ----------- ##
## confdefs.h. ##
## ----------- ##

#define PACKAGE_BUGREPORT ""
#define PACKAGE_NAME ""
#define PACKAGE_STRING ""
#define PACKAGE_TARNAME ""
#define PACKAGE_VERSION ""

configure: exit 0
