This file contains any messages produced by compilers while
running configure, to aid debugging if configure makes a mistake.

It was created by jamvm configure 2.0.0, which was
generated by GNU Autoconf 2.68.  Invocation command line was

  $ ./configure CC=gcc CFLAGS=-O2 -I/home/alter0ne/rtk_openwrt_sdk/staging_dir/host/include CPPFLAGS=-I/home/alter0ne/rtk_openwrt_sdk/staging_dir/host/include LDFLAGS=-L/home/alter0ne/rtk_openwrt_sdk/staging_dir/host/lib SHELL=/bin/bash --target=x86_64-linux-gnu --host=x86_64-linux-gnu --build=x86_64-linux-gnu --program-prefix= --program-suffix= --prefix=/home/alter0ne/rtk_openwrt_sdk/staging_dir/host --exec-prefix=/home/alter0ne/rtk_openwrt_sdk/staging_dir/host --sysconfdir=/home/alter0ne/rtk_openwrt_sdk/staging_dir/host/etc --localstatedir=/home/alter0ne/rtk_openwrt_sdk/staging_dir/host/var --sbindir=/home/alter0ne/rtk_openwrt_sdk/staging_dir/host/bin

## --------- ##
## Platform. ##
## --------- ##

hostname = alter0ne-PC
uname -m = x86_64
uname -r = 5.0.0-32-generic
uname -s = Linux
uname -v = #34~18.04.2-Ubuntu SMP Thu Oct 10 10:36:02 UTC 2019

/usr/bin/uname -p = unknown
/bin/uname -X     = unknown

/bin/arch              = unknown
/usr/bin/arch -k       = unknown
/usr/convex/getsysinfo = unknown
/usr/bin/hostinfo      = unknown
/bin/machine           = unknown
/usr/bin/oslevel       = unknown
/bin/universe          = unknown

PATH: /home/alter0ne/rtk_openwrt_sdk/staging_dir/toolchain-mips-rlx4181-linux/bin
PATH: /home/alter0ne/rtk_openwrt_sdk/staging_dir/rsdk-4.6.4-4181-EB-3.10-0.9.33-m32u-20141001//bin
PATH: /home/alter0ne/rtk_openwrt_sdk/staging_dir/host/bin
PATH: /home/alter0ne/rtk_openwrt_sdk/staging_dir/toolchain-mips-rlx4181-linux/bin
PATH: /home/alter0ne/rtk_openwrt_sdk/staging_dir/rsdk-4.6.4-4181-EB-3.10-0.9.33-m32u-20141001//bin
PATH: /home/alter0ne/rtk_openwrt_sdk/staging_dir/host/bin
PATH: /home/alter0ne/.local/bin
PATH: /home/alter0ne/bin
PATH: /usr/local/sbin
PATH: /usr/local/bin
PATH: /usr/sbin
PATH: /usr/bin
PATH: /sbin
PATH: /bin
PATH: /usr/games
PATH: /usr/local/games
PATH: /snap/bin


## ----------- ##
## Core tests. ##
## ----------- ##

configure:2367: checking for a BSD-compatible install
configure:2435: result: /usr/bin/install -c
configure:2446: checking whether build environment is sane
configure:2496: result: yes
configure:2637: checking for a thread-safe mkdir -p
configure:2676: result: /bin/mkdir -p
configure:2689: checking for gawk
configure:2705: found /usr/bin/gawk
configure:2716: result: gawk
configure:2727: checking whether make sets $(MAKE)
configure:2749: result: yes
configure:2834: checking build system type
configure:2848: result: x86_64-pc-linux-gnu
configure:2868: checking host system type
configure:2881: result: x86_64-pc-linux-gnu
configure:3313: checking how to print strings
configure:3340: result: printf
configure:3373: checking for style of include used by make
configure:3401: result: GNU
configure:3432: checking for x86_64-linux-gnu-gcc
configure:3459: result: gcc
configure:3728: checking for C compiler version
configure:3737: gcc --version >&5
gcc (Ubuntu 7.4.0-1ubuntu1~18.04.1) 7.4.0
Copyright (C) 2017 Free Software Foundation, Inc.
This is free software; see the source for copying conditions.  There is NO
warranty; not even for MERCHANTABILITY or FITNESS FOR A PARTICULAR PURPOSE.

configure:3748: $? = 0
configure:3737: gcc -v >&5
Using built-in specs.
COLLECT_GCC=gcc
COLLECT_LTO_WRAPPER=/usr/lib/gcc/x86_64-linux-gnu/7/lto-wrapper
OFFLOAD_TARGET_NAMES=nvptx-none
OFFLOAD_TARGET_DEFAULT=1
Target: x86_64-linux-gnu
Configured with: ../src/configure -v --with-pkgversion='Ubuntu 7.4.0-1ubuntu1~18.04.1' --with-bugurl=file:///usr/share/doc/gcc-7/README.Bugs --enable-languages=c,ada,c++,go,brig,d,fortran,objc,obj-c++ --prefix=/usr --with-gcc-major-version-only --program-suffix=-7 --program-prefix=x86_64-linux-gnu- --enable-shared --enable-linker-build-id --libexecdir=/usr/lib --without-included-gettext --enable-threads=posix --libdir=/usr/lib --enable-nls --with-sysroot=/ --enable-clocale=gnu --enable-libstdcxx-debug --enable-libstdcxx-time=yes --with-default-libstdcxx-abi=new --enable-gnu-unique-object --disable-vtable-verify --enable-libmpx --enable-plugin --enable-default-pie --with-system-zlib --with-target-system-zlib --enable-objc-gc=auto --enable-multiarch --disable-werror --with-arch-32=i686 --with-abi=m64 --with-multilib-list=m32,m64,mx32 --enable-multilib --with-tune=generic --enable-offload-targets=nvptx-none --without-cuda-driver --enable-checking=release --build=x86_64-linux-gnu --host=x86_64-linux-gnu --target=x86_64-linux-gnu
Thread model: posix
gcc version 7.4.0 (Ubuntu 7.4.0-1ubuntu1~18.04.1) 
configure:3748: $? = 0
configure:3737: gcc -V >&5
gcc: error: unrecognized command line option '-V'
gcc: fatal error: no input files
compilation terminated.
configure:3748: $? = 1
configure:3737: gcc -qversion >&5
gcc: error: unrecognized command line option '-qversion'; did you mean '--version'?
gcc: fatal error: no input files
compilation terminated.
configure:3748: $? = 1
configure:3768: checking whether the C compiler works
configure:3790: gcc -O2 -I/home/alter0ne/rtk_openwrt_sdk/staging_dir/host/include -I/home/alter0ne/rtk_openwrt_sdk/staging_dir/host/include -L/home/alter0ne/rtk_openwrt_sdk/staging_dir/host/lib conftest.c  >&5
configure:3794: $? = 0
configure:3842: result: yes
configure:3845: checking for C compiler default output file name
configure:3847: result: a.out
configure:3853: checking for suffix of executables
configure:3860: gcc -o conftest -O2 -I/home/alter0ne/rtk_openwrt_sdk/staging_dir/host/include -I/home/alter0ne/rtk_openwrt_sdk/staging_dir/host/include -L/home/alter0ne/rtk_openwrt_sdk/staging_dir/host/lib conftest.c  >&5
configure:3864: $? = 0
configure:3886: result: 
configure:3908: checking whether we are cross compiling
configure:3916: gcc -o conftest -O2 -I/home/alter0ne/rtk_openwrt_sdk/staging_dir/host/include -I/home/alter0ne/rtk_openwrt_sdk/staging_dir/host/include -L/home/alter0ne/rtk_openwrt_sdk/staging_dir/host/lib conftest.c  >&5
configure:3920: $? = 0
configure:3927: ./conftest
configure:3931: $? = 0
configure:3946: result: no
configure:3951: checking for suffix of object files
configure:3973: gcc -c -O2 -I/home/alter0ne/rtk_openwrt_sdk/staging_dir/host/include -I/home/alter0ne/rtk_openwrt_sdk/staging_dir/host/include conftest.c >&5
configure:3977: $? = 0
configure:3998: result: o
configure:4002: checking whether we are using the GNU C compiler
configure:4021: gcc -c -O2 -I/home/alter0ne/rtk_openwrt_sdk/staging_dir/host/include -I/home/alter0ne/rtk_openwrt_sdk/staging_dir/host/include conftest.c >&5
configure:4021: $? = 0
configure:4030: result: yes
configure:4039: checking whether gcc accepts -g
configure:4059: gcc -c -g -I/home/alter0ne/rtk_openwrt_sdk/staging_dir/host/include conftest.c >&5
configure:4059: $? = 0
configure:4100: result: yes
configure:4117: checking for gcc option to accept ISO C89
configure:4181: gcc  -c -O2 -I/home/alter0ne/rtk_openwrt_sdk/staging_dir/host/include -I/home/alter0ne/rtk_openwrt_sdk/staging_dir/host/include conftest.c >&5
configure:4181: $? = 0
configure:4194: result: none needed
configure:4216: checking dependency style of gcc
configure:4327: result: gcc3
configure:4342: checking for a sed that does not truncate output
configure:4406: result: /home/alter0ne/rtk_openwrt_sdk/staging_dir/host/bin/sed
configure:4423: checking for grep that handles long lines and -e
configure:4481: result: /home/alter0ne/rtk_openwrt_sdk/staging_dir/host/bin/grep
configure:4486: checking for egrep
configure:4548: result: /home/alter0ne/rtk_openwrt_sdk/staging_dir/host/bin/grep -E
configure:4553: checking for fgrep
configure:4615: result: /home/alter0ne/rtk_openwrt_sdk/staging_dir/host/bin/grep -F
configure:4650: checking for ld used by gcc
configure:4717: result: /usr/bin/ld
configure:4724: checking if the linker (/usr/bin/ld) is GNU ld
configure:4739: result: yes
configure:4751: checking for BSD- or MS-compatible name lister (nm)
configure:4800: result: /usr/bin/nm -B
configure:4930: checking the name lister (/usr/bin/nm -B) interface
configure:4937: gcc -c -O2 -I/home/alter0ne/rtk_openwrt_sdk/staging_dir/host/include -I/home/alter0ne/rtk_openwrt_sdk/staging_dir/host/include conftest.c >&5
configure:4940: /usr/bin/nm -B "conftest.o"
configure:4943: output
0000000000000000 B some_variable
configure:4950: result: BSD nm
configure:4953: checking whether ln -s works
configure:4957: result: yes
configure:4965: checking the maximum length of command line arguments
configure:5090: result: 1572864
configure:5107: checking whether the shell understands some XSI constructs
configure:5117: result: yes
configure:5121: checking whether the shell understands "+="
configure:5127: result: yes
configure:5162: checking how to convert x86_64-pc-linux-gnu file names to x86_64-pc-linux-gnu format
configure:5202: result: func_convert_file_noop
configure:5209: checking how to convert x86_64-pc-linux-gnu file names to toolchain format
configure:5229: result: func_convert_file_noop
configure:5236: checking for /usr/bin/ld option to reload object files
configure:5243: result: -r
configure:5277: checking for x86_64-linux-gnu-objdump
configure:5293: found /usr/bin/x86_64-linux-gnu-objdump
configure:5304: result: x86_64-linux-gnu-objdump
configure:5376: checking how to recognize dependent libraries
configure:5578: result: pass_all
configure:5623: checking for x86_64-linux-gnu-dlltool
configure:5653: result: no
configure:5663: checking for dlltool
configure:5693: result: no
configure:5723: checking how to associate runtime and link libraries
configure:5750: result: printf %s\n
configure:5767: checking for x86_64-linux-gnu-ar
configure:5783: found /usr/bin/x86_64-linux-gnu-ar
configure:5794: result: x86_64-linux-gnu-ar
configure:5875: checking for archiver @FILE support
configure:5892: gcc -c -O2 -I/home/alter0ne/rtk_openwrt_sdk/staging_dir/host/include -I/home/alter0ne/rtk_openwrt_sdk/staging_dir/host/include conftest.c >&5
configure:5892: $? = 0
configure:5895: x86_64-linux-gnu-ar cru libconftest.a @conftest.lst >&5
x86_64-linux-gnu-ar: `u' modifier ignored since `D' is the default (see `U')
configure:5898: $? = 0
configure:5903: x86_64-linux-gnu-ar cru libconftest.a @conftest.lst >&5
x86_64-linux-gnu-ar: `u' modifier ignored since `D' is the default (see `U')
x86_64-linux-gnu-ar: conftest.o: No such file or directory
configure:5906: $? = 1
configure:5918: result: @
configure:5936: checking for x86_64-linux-gnu-strip
configure:5952: found /usr/bin/x86_64-linux-gnu-strip
configure:5963: result: x86_64-linux-gnu-strip
configure:6035: checking for x86_64-linux-gnu-ranlib
configure:6051: found /usr/bin/x86_64-linux-gnu-ranlib
configure:6062: result: x86_64-linux-gnu-ranlib
configure:6203: checking command to parse /usr/bin/nm -B output from gcc object
configure:6322: gcc -c -O2 -I/home/alter0ne/rtk_openwrt_sdk/staging_dir/host/include -I/home/alter0ne/rtk_openwrt_sdk/staging_dir/host/include conftest.c >&5
configure:6325: $? = 0
configure:6329: /usr/bin/nm -B conftest.o \| sed -n -e 's/^.*[ ]\([ABCDGIRSTW][ABCDGIRSTW]*\)[ ][ ]*\([_A-Za-z][_A-Za-z0-9]*\)$/\1 \2 \2/p' | sed '/ __gnu_lto/d' \> conftest.nm
configure:6332: $? = 0
configure:6398: gcc -o conftest -O2 -I/home/alter0ne/rtk_openwrt_sdk/staging_dir/host/include -I/home/alter0ne/rtk_openwrt_sdk/staging_dir/host/include -L/home/alter0ne/rtk_openwrt_sdk/staging_dir/host/lib conftest.c conftstm.o >&5
configure:6401: $? = 0
configure:6439: result: ok
configure:6476: checking for sysroot
configure:6506: result: no
configure:6583: gcc -c -O2 -I/home/alter0ne/rtk_openwrt_sdk/staging_dir/host/include -I/home/alter0ne/rtk_openwrt_sdk/staging_dir/host/include conftest.c >&5
configure:6586: $? = 0
configure:6709: checking for x86_64-linux-gnu-mt
configure:6739: result: no
configure:6749: checking for mt
configure:6765: found /bin/mt
configure:6776: result: mt
configure:6799: checking if mt is a manifest tool
configure:6805: mt '-?'
configure:6813: result: no
configure:7445: checking how to run the C preprocessor
configure:7476: gcc -E -I/home/alter0ne/rtk_openwrt_sdk/staging_dir/host/include conftest.c
configure:7476: $? = 0
configure:7490: gcc -E -I/home/alter0ne/rtk_openwrt_sdk/staging_dir/host/include conftest.c
conftest.c:16:10: fatal error: ac_nonexistent.h: No such file or directory
 #include <ac_nonexistent.h>
          ^~~~~~~~~~~~~~~~~~
compilation terminated.
configure:7490: $? = 1
configure: failed program was:
| /* confdefs.h */
| #define PACKAGE_NAME "jamvm"
| #define PACKAGE_TARNAME "jamvm"
| #define PACKAGE_VERSION "2.0.0"
| #define PACKAGE_STRING "jamvm 2.0.0"
| #define PACKAGE_BUGREPORT ""
| #define PACKAGE_URL ""
| #define PACKAGE "jamvm"
| #define VERSION "2.0.0"
| #define THREADED 1
| #define DIRECT 1
| #define INLINING 1
| #define CLASSPATH_INSTALL_DIR "/usr/local/classpath"
| #define INSTALL_DIR "/home/alter0ne/rtk_openwrt_sdk/staging_dir/host"
| /* end confdefs.h.  */
| #include <ac_nonexistent.h>
configure:7515: result: gcc -E
configure:7535: gcc -E -I/home/alter0ne/rtk_openwrt_sdk/staging_dir/host/include conftest.c
configure:7535: $? = 0
configure:7549: gcc -E -I/home/alter0ne/rtk_openwrt_sdk/staging_dir/host/include conftest.c
conftest.c:16:10: fatal error: ac_nonexistent.h: No such file or directory
 #include <ac_nonexistent.h>
          ^~~~~~~~~~~~~~~~~~
compilation terminated.
configure:7549: $? = 1
configure: failed program was:
| /* confdefs.h */
| #define PACKAGE_NAME "jamvm"
| #define PACKAGE_TARNAME "jamvm"
| #define PACKAGE_VERSION "2.0.0"
| #define PACKAGE_STRING "jamvm 2.0.0"
| #define PACKAGE_BUGREPORT ""
| #define PACKAGE_URL ""
| #define PACKAGE "jamvm"
| #define VERSION "2.0.0"
| #define THREADED 1
| #define DIRECT 1
| #define INLINING 1
| #define CLASSPATH_INSTALL_DIR "/usr/local/classpath"
| #define INSTALL_DIR "/home/alter0ne/rtk_openwrt_sdk/staging_dir/host"
| /* end confdefs.h.  */
| #include <ac_nonexistent.h>
configure:7578: checking for ANSI C header files
configure:7598: gcc -c -O2 -I/home/alter0ne/rtk_openwrt_sdk/staging_dir/host/include -I/home/alter0ne/rtk_openwrt_sdk/staging_dir/host/include conftest.c >&5
configure:7598: $? = 0
configure:7671: gcc -o conftest -O2 -I/home/alter0ne/rtk_openwrt_sdk/staging_dir/host/include -I/home/alter0ne/rtk_openwrt_sdk/staging_dir/host/include -L/home/alter0ne/rtk_openwrt_sdk/staging_dir/host/lib conftest.c  >&5
configure:7671: $? = 0
configure:7671: ./conftest
configure:7671: $? = 0
configure:7682: result: yes
configure:7695: checking for sys/types.h
configure:7695: gcc -c -O2 -I/home/alter0ne/rtk_openwrt_sdk/staging_dir/host/include -I/home/alter0ne/rtk_openwrt_sdk/staging_dir/host/include conftest.c >&5
configure:7695: $? = 0
configure:7695: result: yes
configure:7695: checking for sys/stat.h
configure:7695: gcc -c -O2 -I/home/alter0ne/rtk_openwrt_sdk/staging_dir/host/include -I/home/alter0ne/rtk_openwrt_sdk/staging_dir/host/include conftest.c >&5
configure:7695: $? = 0
configure:7695: result: yes
configure:7695: checking for stdlib.h
configure:7695: gcc -c -O2 -I/home/alter0ne/rtk_openwrt_sdk/staging_dir/host/include -I/home/alter0ne/rtk_openwrt_sdk/staging_dir/host/include conftest.c >&5
configure:7695: $? = 0
configure:7695: result: yes
configure:7695: checking for string.h
configure:7695: gcc -c -O2 -I/home/alter0ne/rtk_openwrt_sdk/staging_dir/host/include -I/home/alter0ne/rtk_openwrt_sdk/staging_dir/host/include conftest.c >&5
configure:7695: $? = 0
configure:7695: result: yes
configure:7695: checking for memory.h
configure:7695: gcc -c -O2 -I/home/alter0ne/rtk_openwrt_sdk/staging_dir/host/include -I/home/alter0ne/rtk_openwrt_sdk/staging_dir/host/include conftest.c >&5
configure:7695: $? = 0
configure:7695: result: yes
configure:7695: checking for strings.h
configure:7695: gcc -c -O2 -I/home/alter0ne/rtk_openwrt_sdk/staging_dir/host/include -I/home/alter0ne/rtk_openwrt_sdk/staging_dir/host/include conftest.c >&5
configure:7695: $? = 0
configure:7695: result: yes
configure:7695: checking for inttypes.h
configure:7695: gcc -c -O2 -I/home/alter0ne/rtk_openwrt_sdk/staging_dir/host/include -I/home/alter0ne/rtk_openwrt_sdk/staging_dir/host/include conftest.c >&5
configure:7695: $? = 0
configure:7695: result: yes
configure:7695: checking for stdint.h
configure:7695: gcc -c -O2 -I/home/alter0ne/rtk_openwrt_sdk/staging_dir/host/include -I/home/alter0ne/rtk_openwrt_sdk/staging_dir/host/include conftest.c >&5
configure:7695: $? = 0
configure:7695: result: yes
configure:7695: checking for unistd.h
configure:7695: gcc -c -O2 -I/home/alter0ne/rtk_openwrt_sdk/staging_dir/host/include -I/home/alter0ne/rtk_openwrt_sdk/staging_dir/host/include conftest.c >&5
configure:7695: $? = 0
configure:7695: result: yes
configure:7709: checking for dlfcn.h
configure:7709: gcc -c -O2 -I/home/alter0ne/rtk_openwrt_sdk/staging_dir/host/include -I/home/alter0ne/rtk_openwrt_sdk/staging_dir/host/include conftest.c >&5
configure:7709: $? = 0
configure:7709: result: yes
configure:7866: checking for objdir
configure:7881: result: .libs
configure:8147: checking if gcc supports -fno-rtti -fno-exceptions
configure:8165: gcc -c -O2 -I/home/alter0ne/rtk_openwrt_sdk/staging_dir/host/include -I/home/alter0ne/rtk_openwrt_sdk/staging_dir/host/include -fno-rtti -fno-exceptions conftest.c >&5
cc1: warning: command line option '-fno-rtti' is valid for C++/ObjC++ but not for C
configure:8169: $? = 0
configure:8182: result: no
configure:8492: checking for gcc option to produce PIC
configure:8499: result: -fPIC -DPIC
configure:8507: checking if gcc PIC flag -fPIC -DPIC works
configure:8525: gcc -c -O2 -I/home/alter0ne/rtk_openwrt_sdk/staging_dir/host/include -I/home/alter0ne/rtk_openwrt_sdk/staging_dir/host/include -fPIC -DPIC -DPIC conftest.c >&5
configure:8529: $? = 0
configure:8542: result: yes
configure:8571: checking if gcc static flag -static works
configure:8599: result: yes
configure:8614: checking if gcc supports -c -o file.o
configure:8635: gcc -c -O2 -I/home/alter0ne/rtk_openwrt_sdk/staging_dir/host/include -I/home/alter0ne/rtk_openwrt_sdk/staging_dir/host/include -o out/conftest2.o conftest.c >&5
configure:8639: $? = 0
configure:8661: result: yes
configure:8669: checking if gcc supports -c -o file.o
configure:8716: result: yes
configure:8749: checking whether the gcc linker (/usr/bin/ld -m elf_x86_64) supports shared libraries
configure:9907: result: yes
configure:9944: checking whether -lc should be explicitly linked in
configure:9952: gcc -c -O2 -I/home/alter0ne/rtk_openwrt_sdk/staging_dir/host/include -I/home/alter0ne/rtk_openwrt_sdk/staging_dir/host/include conftest.c >&5
configure:9955: $? = 0
configure:9970: gcc -shared  -fPIC -DPIC conftest.o  -v -Wl,-soname -Wl,conftest -o conftest 2\>\&1 \| /home/alter0ne/rtk_openwrt_sdk/staging_dir/host/bin/grep  -lc  \>/dev/null 2\>\&1
configure:9973: $? = 0
configure:9987: result: no
configure:10152: checking dynamic linker characteristics
configure:10666: gcc -o conftest -O2 -I/home/alter0ne/rtk_openwrt_sdk/staging_dir/host/include -I/home/alter0ne/rtk_openwrt_sdk/staging_dir/host/include -L/home/alter0ne/rtk_openwrt_sdk/staging_dir/host/lib -Wl,-rpath -Wl,/foo conftest.c  >&5
configure:10666: $? = 0
configure:10888: result: GNU/Linux ld.so
configure:10995: checking how to hardcode library paths into programs
configure:11020: result: immediate
configure:11560: checking whether stripping libraries is possible
configure:11565: result: yes
configure:11600: checking if libtool supports shared libraries
configure:11602: result: yes
configure:11605: checking whether to build shared libraries
configure:11626: result: yes
configure:11629: checking whether to build static libraries
configure:11633: result: no
configure:11677: checking for x86_64-linux-gnu-gcc
configure:11704: result: gcc
configure:11973: checking for C compiler version
configure:11982: gcc --version >&5
gcc (Ubuntu 7.4.0-1ubuntu1~18.04.1) 7.4.0
Copyright (C) 2017 Free Software Foundation, Inc.
This is free software; see the source for copying conditions.  There is NO
warranty; not even for MERCHANTABILITY or FITNESS FOR A PARTICULAR PURPOSE.

configure:11993: $? = 0
configure:11982: gcc -v >&5
Using built-in specs.
COLLECT_GCC=gcc
COLLECT_LTO_WRAPPER=/usr/lib/gcc/x86_64-linux-gnu/7/lto-wrapper
OFFLOAD_TARGET_NAMES=nvptx-none
OFFLOAD_TARGET_DEFAULT=1
Target: x86_64-linux-gnu
Configured with: ../src/configure -v --with-pkgversion='Ubuntu 7.4.0-1ubuntu1~18.04.1' --with-bugurl=file:///usr/share/doc/gcc-7/README.Bugs --enable-languages=c,ada,c++,go,brig,d,fortran,objc,obj-c++ --prefix=/usr --with-gcc-major-version-only --program-suffix=-7 --program-prefix=x86_64-linux-gnu- --enable-shared --enable-linker-build-id --libexecdir=/usr/lib --without-included-gettext --enable-threads=posix --libdir=/usr/lib --enable-nls --with-sysroot=/ --enable-clocale=gnu --enable-libstdcxx-debug --enable-libstdcxx-time=yes --with-default-libstdcxx-abi=new --enable-gnu-unique-object --disable-vtable-verify --enable-libmpx --enable-plugin --enable-default-pie --with-system-zlib --with-target-system-zlib --enable-objc-gc=auto --enable-multiarch --disable-werror --with-arch-32=i686 --with-abi=m64 --with-multilib-list=m32,m64,mx32 --enable-multilib --with-tune=generic --enable-offload-targets=nvptx-none --without-cuda-driver --enable-checking=release --build=x86_64-linux-gnu --host=x86_64-linux-gnu --target=x86_64-linux-gnu
Thread model: posix
gcc version 7.4.0 (Ubuntu 7.4.0-1ubuntu1~18.04.1) 
configure:11993: $? = 0
configure:11982: gcc -V >&5
gcc: error: unrecognized command line option '-V'
gcc: fatal error: no input files
compilation terminated.
configure:11993: $? = 1
configure:11982: gcc -qversion >&5
gcc: error: unrecognized command line option '-qversion'; did you mean '--version'?
gcc: fatal error: no input files
compilation terminated.
configure:11993: $? = 1
configure:11997: checking whether we are using the GNU C compiler
configure:12025: result: yes
configure:12034: checking whether gcc accepts -g
configure:12095: result: yes
configure:12112: checking for gcc option to accept ISO C89
configure:12189: result: none needed
configure:12211: checking dependency style of gcc
configure:12322: result: gcc3
configure:12346: checking dependency style of gcc
configure:12455: result: gcc3
configure:12475: checking for ecj
configure:12505: result: no
configure:12475: checking for jikes
configure:12505: result: no
configure:12475: checking for gcj
configure:12505: result: no
configure:12475: checking for javac
configure:12491: found /usr/bin/javac
configure:12502: result: javac
configure:12515: checking for pthread_self in -lthr
configure:12540: gcc -o conftest -O2 -I/home/alter0ne/rtk_openwrt_sdk/staging_dir/host/include -I/home/alter0ne/rtk_openwrt_sdk/staging_dir/host/include -L/home/alter0ne/rtk_openwrt_sdk/staging_dir/host/lib conftest.c -lthr   >&5
/usr/bin/ld: cannot find -lthr
collect2: error: ld returned 1 exit status
configure:12540: $? = 1
configure: failed program was:
| /* confdefs.h */
| #define PACKAGE_NAME "jamvm"
| #define PACKAGE_TARNAME "jamvm"
| #define PACKAGE_VERSION "2.0.0"
| #define PACKAGE_STRING "jamvm 2.0.0"
| #define PACKAGE_BUGREPORT ""
| #define PACKAGE_URL ""
| #define PACKAGE "jamvm"
| #define VERSION "2.0.0"
| #define THREADED 1
| #define DIRECT 1
| #define INLINING 1
| #define CLASSPATH_INSTALL_DIR "/usr/local/classpath"
| #define INSTALL_DIR "/home/alter0ne/rtk_openwrt_sdk/staging_dir/host"
| #define STDC_HEADERS 1
| #define HAVE_SYS_TYPES_H 1
| #define HAVE_SYS_STAT_H 1
| #define HAVE_STDLIB_H 1
| #define HAVE_STRING_H 1
| #define HAVE_MEMORY_H 1
| #define HAVE_STRINGS_H 1
| #define HAVE_INTTYPES_H 1
| #define HAVE_STDINT_H 1
| #define HAVE_UNISTD_H 1
| #define HAVE_DLFCN_H 1
| #define LT_OBJDIR ".libs/"
| /* end confdefs.h.  */
| 
| /* Override any GCC internal prototype to avoid an error.
|    Use char because int might match the return type of a GCC
|    builtin and then its argument prototype would still apply.  */
| #ifdef __cplusplus
| extern "C"
| #endif
| char pthread_self ();
| int
| main ()
| {
| return pthread_self ();
|   ;
|   return 0;
| }
configure:12549: result: no
configure:12560: checking for pthread_self in -lpthread
configure:12585: gcc -o conftest -O2 -I/home/alter0ne/rtk_openwrt_sdk/staging_dir/host/include -I/home/alter0ne/rtk_openwrt_sdk/staging_dir/host/include -L/home/alter0ne/rtk_openwrt_sdk/staging_dir/host/lib conftest.c -lpthread   >&5
configure:12585: $? = 0
configure:12594: result: yes
configure:12611: checking for clock_gettime in -lrt
configure:12636: gcc -o conftest -O2 -I/home/alter0ne/rtk_openwrt_sdk/staging_dir/host/include -I/home/alter0ne/rtk_openwrt_sdk/staging_dir/host/include -L/home/alter0ne/rtk_openwrt_sdk/staging_dir/host/lib conftest.c -lrt  -lpthread  >&5
configure:12636: $? = 0
configure:12645: result: yes
configure:12657: checking for fmod in -lm
configure:12682: gcc -o conftest -O2 -I/home/alter0ne/rtk_openwrt_sdk/staging_dir/host/include -I/home/alter0ne/rtk_openwrt_sdk/staging_dir/host/include -L/home/alter0ne/rtk_openwrt_sdk/staging_dir/host/lib conftest.c -lm  -lrt -lpthread  >&5
conftest.c:37:6: warning: conflicting types for built-in function 'fmod' [-Wbuiltin-declaration-mismatch]
 char fmod ();
      ^~~~
configure:12682: $? = 0
configure:12691: result: yes
configure:12706: checking for dlopen in -ldl
configure:12731: gcc -o conftest -O2 -I/home/alter0ne/rtk_openwrt_sdk/staging_dir/host/include -I/home/alter0ne/rtk_openwrt_sdk/staging_dir/host/include -L/home/alter0ne/rtk_openwrt_sdk/staging_dir/host/lib conftest.c -ldl  -lm -lrt -lpthread  >&5
configure:12731: $? = 0
configure:12740: result: yes
configure:12756: checking for inflate in -lz
configure:12781: gcc -o conftest -O2 -I/home/alter0ne/rtk_openwrt_sdk/staging_dir/host/include -I/home/alter0ne/rtk_openwrt_sdk/staging_dir/host/include -L/home/alter0ne/rtk_openwrt_sdk/staging_dir/host/lib conftest.c -lz  -ldl -lm -lrt -lpthread  >&5
configure:12781: $? = 0
configure:12790: result: yes
configure:12855: checking for ANSI C header files
configure:12959: result: yes
configure:12970: checking sys/time.h usability
configure:12970: gcc -c -O2 -I/home/alter0ne/rtk_openwrt_sdk/staging_dir/host/include -I/home/alter0ne/rtk_openwrt_sdk/staging_dir/host/include conftest.c >&5
configure:12970: $? = 0
configure:12970: result: yes
configure:12970: checking sys/time.h presence
configure:12970: gcc -E -I/home/alter0ne/rtk_openwrt_sdk/staging_dir/host/include conftest.c
configure:12970: $? = 0
configure:12970: result: yes
configure:12970: checking for sys/time.h
configure:12970: result: yes
configure:12970: checking for unistd.h
configure:12970: result: yes
configure:12970: checking endian.h usability
configure:12970: gcc -c -O2 -I/home/alter0ne/rtk_openwrt_sdk/staging_dir/host/include -I/home/alter0ne/rtk_openwrt_sdk/staging_dir/host/include conftest.c >&5
configure:12970: $? = 0
configure:12970: result: yes
configure:12970: checking endian.h presence
configure:12970: gcc -E -I/home/alter0ne/rtk_openwrt_sdk/staging_dir/host/include conftest.c
configure:12970: $? = 0
configure:12970: result: yes
configure:12970: checking for endian.h
configure:12970: result: yes
configure:12970: checking sys/param.h usability
configure:12970: gcc -c -O2 -I/home/alter0ne/rtk_openwrt_sdk/staging_dir/host/include -I/home/alter0ne/rtk_openwrt_sdk/staging_dir/host/include conftest.c >&5
configure:12970: $? = 0
configure:12970: result: yes
configure:12970: checking sys/param.h presence
configure:12970: gcc -E -I/home/alter0ne/rtk_openwrt_sdk/staging_dir/host/include conftest.c
configure:12970: $? = 0
configure:12970: result: yes
configure:12970: checking for sys/param.h
configure:12970: result: yes
configure:12970: checking locale.h usability
configure:12970: gcc -c -O2 -I/home/alter0ne/rtk_openwrt_sdk/staging_dir/host/include -I/home/alter0ne/rtk_openwrt_sdk/staging_dir/host/include conftest.c >&5
configure:12970: $? = 0
configure:12970: result: yes
configure:12970: checking locale.h presence
configure:12970: gcc -E -I/home/alter0ne/rtk_openwrt_sdk/staging_dir/host/include conftest.c
configure:12970: $? = 0
configure:12970: result: yes
configure:12970: checking for locale.h
configure:12970: result: yes
configure:12970: checking alloca.h usability
configure:12970: gcc -c -O2 -I/home/alter0ne/rtk_openwrt_sdk/staging_dir/host/include -I/home/alter0ne/rtk_openwrt_sdk/staging_dir/host/include conftest.c >&5
configure:12970: $? = 0
configure:12970: result: yes
configure:12970: checking alloca.h presence
configure:12970: gcc -E -I/home/alter0ne/rtk_openwrt_sdk/staging_dir/host/include conftest.c
configure:12970: $? = 0
configure:12970: result: yes
configure:12970: checking for alloca.h
configure:12970: result: yes
configure:12982: checking zlib.h usability
configure:12982: gcc -c -O2 -I/home/alter0ne/rtk_openwrt_sdk/staging_dir/host/include -I/home/alter0ne/rtk_openwrt_sdk/staging_dir/host/include conftest.c >&5
configure:12982: $? = 0
configure:12982: result: yes
configure:12982: checking zlib.h presence
configure:12982: gcc -E -I/home/alter0ne/rtk_openwrt_sdk/staging_dir/host/include conftest.c
configure:12982: $? = 0
configure:12982: result: yes
configure:12982: checking for zlib.h
configure:12982: result: yes
configure:13035: checking for an ANSI C-conforming const
configure:13100: gcc -c -O2 -I/home/alter0ne/rtk_openwrt_sdk/staging_dir/host/include -I/home/alter0ne/rtk_openwrt_sdk/staging_dir/host/include conftest.c >&5
configure:13100: $? = 0
configure:13107: result: yes
configure:13115: checking whether time.h and sys/time.h may both be included
configure:13135: gcc -c -O2 -I/home/alter0ne/rtk_openwrt_sdk/staging_dir/host/include -I/home/alter0ne/rtk_openwrt_sdk/staging_dir/host/include conftest.c >&5
configure:13135: $? = 0
configure:13142: result: yes
configure:13151: checking for size_t
configure:13151: gcc -c -O2 -I/home/alter0ne/rtk_openwrt_sdk/staging_dir/host/include -I/home/alter0ne/rtk_openwrt_sdk/staging_dir/host/include conftest.c >&5
configure:13151: $? = 0
configure:13151: gcc -c -O2 -I/home/alter0ne/rtk_openwrt_sdk/staging_dir/host/include -I/home/alter0ne/rtk_openwrt_sdk/staging_dir/host/include conftest.c >&5
conftest.c: In function 'main':
conftest.c:78:21: error: expected expression before ')' token
 if (sizeof ((size_t)))
                     ^
configure:13151: $? = 1
configure: failed program was:
| /* confdefs.h */
| #define PACKAGE_NAME "jamvm"
| #define PACKAGE_TARNAME "jamvm"
| #define PACKAGE_VERSION "2.0.0"
| #define PACKAGE_STRING "jamvm 2.0.0"
| #define PACKAGE_BUGREPORT ""
| #define PACKAGE_URL ""
| #define PACKAGE "jamvm"
| #define VERSION "2.0.0"
| #define THREADED 1
| #define DIRECT 1
| #define INLINING 1
| #define CLASSPATH_INSTALL_DIR "/usr/local/classpath"
| #define INSTALL_DIR "/home/alter0ne/rtk_openwrt_sdk/staging_dir/host"
| #define STDC_HEADERS 1
| #define HAVE_SYS_TYPES_H 1
| #define HAVE_SYS_STAT_H 1
| #define HAVE_STDLIB_H 1
| #define HAVE_STRING_H 1
| #define HAVE_MEMORY_H 1
| #define HAVE_STRINGS_H 1
| #define HAVE_INTTYPES_H 1
| #define HAVE_STDINT_H 1
| #define HAVE_UNISTD_H 1
| #define HAVE_DLFCN_H 1
| #define LT_OBJDIR ".libs/"
| #define HAVE_LIBPTHREAD 1
| #define HAVE_LIBRT 1
| #define HAVE_LIBM 1
| #define HAVE_LIBDL 1
| #define HAVE_LIBZ 1
| #define STDC_HEADERS 1
| #define HAVE_SYS_TIME_H 1
| #define HAVE_UNISTD_H 1
| #define HAVE_ENDIAN_H 1
| #define HAVE_SYS_PARAM_H 1
| #define HAVE_LOCALE_H 1
| #define HAVE_ALLOCA_H 1
| #define USE_ZIP 1
| #define TIME_WITH_SYS_TIME 1
| /* end confdefs.h.  */
| #include <stdio.h>
| #ifdef HAVE_SYS_TYPES_H
| # include <sys/types.h>
| #endif
| #ifdef HAVE_SYS_STAT_H
| # include <sys/stat.h>
| #endif
| #ifdef STDC_HEADERS
| # include <stdlib.h>
| # include <stddef.h>
| #else
| # ifdef HAVE_STDLIB_H
| #  include <stdlib.h>
| # endif
| #endif
| #ifdef HAVE_STRING_H
| # if !defined STDC_HEADERS && defined HAVE_MEMORY_H
| #  include <memory.h>
| # endif
| # include <string.h>
| #endif
| #ifdef HAVE_STRINGS_H
| # include <strings.h>
| #endif
| #ifdef HAVE_INTTYPES_H
| # include <inttypes.h>
| #endif
| #ifdef HAVE_STDINT_H
| # include <stdint.h>
| #endif
| #ifdef HAVE_UNISTD_H
| # include <unistd.h>
| #endif
| int
| main ()
| {
| if (sizeof ((size_t)))
| 	    return 0;
|   ;
|   return 0;
| }
configure:13151: result: yes
configure:13164: checking for working alloca.h
configure:13181: gcc -o conftest -O2 -I/home/alter0ne/rtk_openwrt_sdk/staging_dir/host/include -I/home/alter0ne/rtk_openwrt_sdk/staging_dir/host/include -L/home/alter0ne/rtk_openwrt_sdk/staging_dir/host/lib conftest.c -lz -ldl -lm -lrt -lpthread  >&5
configure:13181: $? = 0
configure:13189: result: yes
configure:13197: checking for alloca
configure:13234: gcc -o conftest -O2 -I/home/alter0ne/rtk_openwrt_sdk/staging_dir/host/include -I/home/alter0ne/rtk_openwrt_sdk/staging_dir/host/include -L/home/alter0ne/rtk_openwrt_sdk/staging_dir/host/lib conftest.c -lz -ldl -lm -lrt -lpthread  >&5
configure:13234: $? = 0
configure:13242: result: yes
configure:13357: checking for stdlib.h
configure:13357: result: yes
configure:13357: checking for unistd.h
configure:13357: result: yes
configure:13357: checking for sys/param.h
configure:13357: result: yes
configure:13377: checking for getpagesize
configure:13377: gcc -o conftest -O2 -I/home/alter0ne/rtk_openwrt_sdk/staging_dir/host/include -I/home/alter0ne/rtk_openwrt_sdk/staging_dir/host/include -L/home/alter0ne/rtk_openwrt_sdk/staging_dir/host/lib conftest.c -lz -ldl -lm -lrt -lpthread  >&5
configure:13377: $? = 0
configure:13377: result: yes
configure:13386: checking for working mmap
configure:13533: gcc -o conftest -O2 -I/home/alter0ne/rtk_openwrt_sdk/staging_dir/host/include -I/home/alter0ne/rtk_openwrt_sdk/staging_dir/host/include -L/home/alter0ne/rtk_openwrt_sdk/staging_dir/host/lib conftest.c -lz -ldl -lm -lrt -lpthread  >&5
configure:13533: $? = 0
configure:13533: ./conftest
configure:13533: $? = 0
configure:13543: result: yes
configure:13555: checking for gettimeofday
configure:13555: gcc -o conftest -O2 -I/home/alter0ne/rtk_openwrt_sdk/staging_dir/host/include -I/home/alter0ne/rtk_openwrt_sdk/staging_dir/host/include -L/home/alter0ne/rtk_openwrt_sdk/staging_dir/host/lib conftest.c -lz -ldl -lm -lrt -lpthread  >&5
configure:13555: $? = 0
configure:13555: result: yes
configure:13555: checking for strtol
configure:13555: gcc -o conftest -O2 -I/home/alter0ne/rtk_openwrt_sdk/staging_dir/host/include -I/home/alter0ne/rtk_openwrt_sdk/staging_dir/host/include -L/home/alter0ne/rtk_openwrt_sdk/staging_dir/host/lib conftest.c -lz -ldl -lm -lrt -lpthread  >&5
configure:13555: $? = 0
configure:13555: result: yes
configure:13555: checking for setlocale
configure:13555: gcc -o conftest -O2 -I/home/alter0ne/rtk_openwrt_sdk/staging_dir/host/include -I/home/alter0ne/rtk_openwrt_sdk/staging_dir/host/include -L/home/alter0ne/rtk_openwrt_sdk/staging_dir/host/lib conftest.c -lz -ldl -lm -lrt -lpthread  >&5
configure:13555: $? = 0
configure:13555: result: yes
configure:13565: checking for LC_MESSAGES
configure:13581: gcc -o conftest -O2 -I/home/alter0ne/rtk_openwrt_sdk/staging_dir/host/include -I/home/alter0ne/rtk_openwrt_sdk/staging_dir/host/include -L/home/alter0ne/rtk_openwrt_sdk/staging_dir/host/lib conftest.c -lz -ldl -lm -lrt -lpthread  >&5
configure:13581: $? = 0
configure:13589: result: yes
configure:13600: checking for __thread
configure:13617: gcc -o conftest -O2 -I/home/alter0ne/rtk_openwrt_sdk/staging_dir/host/include -I/home/alter0ne/rtk_openwrt_sdk/staging_dir/host/include -L/home/alter0ne/rtk_openwrt_sdk/staging_dir/host/lib conftest.c -lz -ldl -lm -lrt -lpthread  >&5
configure:13617: $? = 0
configure:13621: result: yes
configure:13697: checking whether to enable maintainer-specific portions of Makefiles
configure:13706: result: no
configure:13872: creating ./config.status

## ---------------------- ##
## Running config.status. ##
## ---------------------- ##

This file was extended by jamvm config.status 2.0.0, which was
generated by GNU Autoconf 2.68.  Invocation command line was

  CONFIG_FILES    = 
  CONFIG_HEADERS  = 
  CONFIG_LINKS    = 
  CONFIG_COMMANDS = 
  $ ./config.status 

on alter0ne-PC

config.status:1192: creating Makefile
config.status:1192: creating src/Makefile
config.status:1192: creating src/interp/Makefile
config.status:1192: creating src/interp/engine/Makefile
config.status:1192: creating src/arch/Makefile
config.status:1192: creating src/os/Makefile
config.status:1192: creating src/os/linux/Makefile
config.status:1192: creating src/os/darwin/Makefile
config.status:1192: creating src/os/bsd/Makefile
config.status:1192: creating src/os/solaris/Makefile
config.status:1192: creating src/os/solaris/x86/Makefile
config.status:1192: creating src/os/linux/powerpc/Makefile
config.status:1192: creating src/os/linux/arm/Makefile
config.status:1192: creating src/os/linux/i386/Makefile
config.status:1192: creating src/os/linux/x86_64/Makefile
config.status:1192: creating src/os/linux/parisc/Makefile
config.status:1192: creating src/os/linux/mips/Makefile
config.status:1192: creating src/os/darwin/i386/Makefile
config.status:1192: creating src/os/darwin/arm/Makefile
config.status:1192: creating src/os/darwin/powerpc/Makefile
config.status:1192: creating src/os/bsd/powerpc/Makefile
config.status:1192: creating src/os/bsd/arm/Makefile
config.status:1192: creating src/os/bsd/i386/Makefile
config.status:1192: creating src/os/bsd/x86_64/Makefile
config.status:1192: creating src/os/bsd/sparc/Makefile
config.status:1192: creating src/classlib/Makefile
config.status:1192: creating src/classlib/openjdk/Makefile
config.status:1192: creating src/classlib/gnuclasspath/Makefile
config.status:1192: creating src/classlib/gnuclasspath/lib/Makefile
config.status:1192: creating src/classlib/gnuclasspath/lib/java/Makefile
config.status:1192: creating src/classlib/gnuclasspath/lib/java/lang/Makefile
config.status:1192: creating src/classlib/gnuclasspath/lib/jamvm/Makefile
config.status:1192: creating src/classlib/gnuclasspath/lib/jamvm/java/Makefile
config.status:1192: creating src/classlib/gnuclasspath/lib/jamvm/java/lang/Makefile
config.status:1192: creating src/classlib/gnuclasspath/lib/java/lang/reflect/Makefile
config.status:1192: creating src/classlib/gnuclasspath/lib/java/security/Makefile
config.status:1192: creating src/classlib/gnuclasspath/lib/gnu/Makefile
config.status:1192: creating src/classlib/gnuclasspath/lib/sun/reflect/annotation/Makefile
config.status:1192: creating src/classlib/gnuclasspath/lib/sun/reflect/Makefile
config.status:1192: creating src/classlib/gnuclasspath/lib/sun/Makefile
config.status:1192: creating src/classlib/gnuclasspath/lib/gnu/classpath/Makefile
config.status:1192: creating src/config.h
config.status:1433: linking src/arch/x86_64.h to src/arch.h
config.status:1433: linking src/classlib/gnuclasspath/classlib.h to src/classlib.h
config.status:1433: linking src/classlib/gnuclasspath/classlib-defs.h to src/classlib-defs.h
config.status:1433: linking src/classlib/gnuclasspath/classlib-excep.h to src/classlib-excep.h
config.status:1433: linking src/classlib/gnuclasspath/classlib-symbol.h to src/classlib-symbol.h
config.status:1452: executing depfiles commands
config.status:1452: executing libtool commands

## ---------------- ##
## Cache variables. ##
## ---------------- ##

ac_cv_build=x86_64-pc-linux-gnu
ac_cv_c_compiler_gnu=yes
ac_cv_c_const=yes
ac_cv_env_CCASFLAGS_set=
ac_cv_env_CCASFLAGS_value=
ac_cv_env_CCAS_set=
ac_cv_env_CCAS_value=
ac_cv_env_CC_set=set
ac_cv_env_CC_value=gcc
ac_cv_env_CFLAGS_set=set
ac_cv_env_CFLAGS_value='-O2 -I/home/alter0ne/rtk_openwrt_sdk/staging_dir/host/include'
ac_cv_env_CPPFLAGS_set=set
ac_cv_env_CPPFLAGS_value=-I/home/alter0ne/rtk_openwrt_sdk/staging_dir/host/include
ac_cv_env_CPP_set=
ac_cv_env_CPP_value=
ac_cv_env_LDFLAGS_set=set
ac_cv_env_LDFLAGS_value=-L/home/alter0ne/rtk_openwrt_sdk/staging_dir/host/lib
ac_cv_env_LIBS_set=
ac_cv_env_LIBS_value=
ac_cv_env_build_alias_set=set
ac_cv_env_build_alias_value=x86_64-linux-gnu
ac_cv_env_host_alias_set=set
ac_cv_env_host_alias_value=x86_64-linux-gnu
ac_cv_env_target_alias_set=set
ac_cv_env_target_alias_value=x86_64-linux-gnu
ac_cv_func_alloca_works=yes
ac_cv_func_getpagesize=yes
ac_cv_func_gettimeofday=yes
ac_cv_func_mmap_fixed_mapped=yes
ac_cv_func_setlocale=yes
ac_cv_func_strtol=yes
ac_cv_header_alloca_h=yes
ac_cv_header_dlfcn_h=yes
ac_cv_header_endian_h=yes
ac_cv_header_inttypes_h=yes
ac_cv_header_locale_h=yes
ac_cv_header_memory_h=yes
ac_cv_header_stdc=yes
ac_cv_header_stdint_h=yes
ac_cv_header_stdlib_h=yes
ac_cv_header_string_h=yes
ac_cv_header_strings_h=yes
ac_cv_header_sys_param_h=yes
ac_cv_header_sys_stat_h=yes
ac_cv_header_sys_time_h=yes
ac_cv_header_sys_types_h=yes
ac_cv_header_time=yes
ac_cv_header_unistd_h=yes
ac_cv_header_zlib_h=yes
ac_cv_host=x86_64-pc-linux-gnu
ac_cv_lib_dl_dlopen=yes
ac_cv_lib_m_fmod=yes
ac_cv_lib_pthread_pthread_self=yes
ac_cv_lib_rt_clock_gettime=yes
ac_cv_lib_thr_pthread_self=no
ac_cv_lib_z_inflate=yes
ac_cv_objext=o
ac_cv_path_EGREP='/home/alter0ne/rtk_openwrt_sdk/staging_dir/host/bin/grep -E'
ac_cv_path_FGREP='/home/alter0ne/rtk_openwrt_sdk/staging_dir/host/bin/grep -F'
ac_cv_path_GREP=/home/alter0ne/rtk_openwrt_sdk/staging_dir/host/bin/grep
ac_cv_path_SED=/home/alter0ne/rtk_openwrt_sdk/staging_dir/host/bin/sed
ac_cv_path_install='/usr/bin/install -c'
ac_cv_path_mkdir=/bin/mkdir
ac_cv_prog_AR=x86_64-linux-gnu-ar
ac_cv_prog_AWK=gawk
ac_cv_prog_CC=gcc
ac_cv_prog_CPP='gcc -E'
ac_cv_prog_JAVAC=javac
ac_cv_prog_OBJDUMP=x86_64-linux-gnu-objdump
ac_cv_prog_RANLIB=x86_64-linux-gnu-ranlib
ac_cv_prog_STRIP=x86_64-linux-gnu-strip
ac_cv_prog_ac_ct_MANIFEST_TOOL=mt
ac_cv_prog_cc_c89=
ac_cv_prog_cc_g=yes
ac_cv_prog_make_make_set=yes
ac_cv_type_size_t=yes
ac_cv_working_alloca_h=yes
am_cv_CCAS_dependencies_compiler_type=gcc3
am_cv_CC_dependencies_compiler_type=gcc3
am_cv_val_LC_MESSAGES=yes
lt_cv_ar_at_file=@
lt_cv_archive_cmds_need_lc=no
lt_cv_deplibs_check_method=pass_all
lt_cv_file_magic_cmd='$MAGIC_CMD'
lt_cv_file_magic_test_file=
lt_cv_ld_reload_flag=-r
lt_cv_nm_interface='BSD nm'
lt_cv_objdir=.libs
lt_cv_path_LD=/usr/bin/ld
lt_cv_path_NM='/usr/bin/nm -B'
lt_cv_path_mainfest_tool=no
lt_cv_prog_compiler_c_o=yes
lt_cv_prog_compiler_pic='-fPIC -DPIC'
lt_cv_prog_compiler_pic_works=yes
lt_cv_prog_compiler_rtti_exceptions=no
lt_cv_prog_compiler_static_works=yes
lt_cv_prog_gnu_ld=yes
lt_cv_sharedlib_from_linklib_cmd='printf %s\n'
lt_cv_shlibpath_overrides_runpath=yes
lt_cv_sys_global_symbol_pipe='sed -n -e '\''s/^.*[	 ]\([ABCDGIRSTW][ABCDGIRSTW]*\)[	 ][	 ]*\([_A-Za-z][_A-Za-z0-9]*\)$/\1 \2 \2/p'\'' | sed '\''/ __gnu_lto/d'\'''
lt_cv_sys_global_symbol_to_c_name_address='sed -n -e '\''s/^: \([^ ]*\)[ ]*$/  {\"\1\", (void *) 0},/p'\'' -e '\''s/^[ABCDGIRSTW]* \([^ ]*\) \([^ ]*\)$/  {"\2", (void *) \&\2},/p'\'''
lt_cv_sys_global_symbol_to_c_name_address_lib_prefix='sed -n -e '\''s/^: \([^ ]*\)[ ]*$/  {\"\1\", (void *) 0},/p'\'' -e '\''s/^[ABCDGIRSTW]* \([^ ]*\) \(lib[^ ]*\)$/  {"\2", (void *) \&\2},/p'\'' -e '\''s/^[ABCDGIRSTW]* \([^ ]*\) \([^ ]*\)$/  {"lib\2", (void *) \&\2},/p'\'''
lt_cv_sys_global_symbol_to_cdecl='sed -n -e '\''s/^T .* \(.*\)$/extern int \1();/p'\'' -e '\''s/^[ABCDGIRSTW]* .* \(.*\)$/extern char \1;/p'\'''
lt_cv_sys_max_cmd_len=1572864
lt_cv_to_host_file_cmd=func_convert_file_noop
lt_cv_to_tool_file_cmd=func_convert_file_noop

## ----------------- ##
## Output variables. ##
## ----------------- ##

ACLOCAL='${SHELL} /home/alter0ne/rtk_openwrt_sdk/build_dir/host/jamvm-2.0.0/missing --run aclocal-1.11'
ALLOCA=''
AMDEPBACKSLASH='\'
AMDEP_FALSE='#'
AMDEP_TRUE=''
AMTAR='$${TAR-tar}'
AR='x86_64-linux-gnu-ar'
AUTOCONF='${SHELL} /home/alter0ne/rtk_openwrt_sdk/build_dir/host/jamvm-2.0.0/missing --run autoconf'
AUTOHEADER='${SHELL} /home/alter0ne/rtk_openwrt_sdk/build_dir/host/jamvm-2.0.0/missing --run autoheader'
AUTOMAKE='${SHELL} /home/alter0ne/rtk_openwrt_sdk/build_dir/host/jamvm-2.0.0/missing --run automake-1.11'
AWK='gawk'
CC='gcc'
CCAS='gcc'
CCASDEPMODE='depmode=gcc3'
CCASFLAGS='-O2 -I/home/alter0ne/rtk_openwrt_sdk/staging_dir/host/include'
CCDEPMODE='depmode=gcc3'
CFLAGS='-O2 -I/home/alter0ne/rtk_openwrt_sdk/staging_dir/host/include'
COMPILE_TIME_RELOC_CHECKS_FALSE='#'
COMPILE_TIME_RELOC_CHECKS_TRUE=''
CPP='gcc -E'
CPPFLAGS='-I/home/alter0ne/rtk_openwrt_sdk/staging_dir/host/include'
CYGPATH_W='echo'
DEFS='-DHAVE_CONFIG_H'
DEPDIR='.deps'
DLLTOOL='false'
DSYMUTIL=''
DUMPBIN=''
ECHO_C=''
ECHO_N='-n'
ECHO_T=''
EGREP='/home/alter0ne/rtk_openwrt_sdk/staging_dir/host/bin/grep -E'
EXEEXT=''
FGREP='/home/alter0ne/rtk_openwrt_sdk/staging_dir/host/bin/grep -F'
GREP='/home/alter0ne/rtk_openwrt_sdk/staging_dir/host/bin/grep'
INSTALL_DATA='${INSTALL} -m 644'
INSTALL_PROGRAM='${INSTALL}'
INSTALL_SCRIPT='${INSTALL}'
INSTALL_STRIP_PROGRAM='$(install_sh) -c -s'
JAVAC='javac'
LD='/usr/bin/ld -m elf_x86_64'
LDFLAGS='-L/home/alter0ne/rtk_openwrt_sdk/staging_dir/host/lib'
LIBOBJS=''
LIBS='-lz -ldl -lm -lrt -lpthread '
LIBTOOL='$(SHELL) $(top_builddir)/libtool'
LIPO=''
LN_S='ln -s'
LTLIBOBJS=''
MAINT='#'
MAINTAINER_MODE_FALSE=''
MAINTAINER_MODE_TRUE='#'
MAKEINFO='${SHELL} /home/alter0ne/rtk_openwrt_sdk/build_dir/host/jamvm-2.0.0/missing --run makeinfo'
MANIFEST_TOOL=':'
MKDIR_P='/bin/mkdir -p'
NM='/usr/bin/nm -B'
NMEDIT=''
OBJDUMP='x86_64-linux-gnu-objdump'
OBJEXT='o'
OTOOL64=''
OTOOL=''
PACKAGE='jamvm'
PACKAGE_BUGREPORT=''
PACKAGE_NAME='jamvm'
PACKAGE_STRING='jamvm 2.0.0'
PACKAGE_TARNAME='jamvm'
PACKAGE_URL=''
PACKAGE_VERSION='2.0.0'
PATH_SEPARATOR=':'
RANLIB='x86_64-linux-gnu-ranlib'
SED='/home/alter0ne/rtk_openwrt_sdk/staging_dir/host/bin/sed'
SET_MAKE=''
SHELL='/bin/bash'
STRIP='x86_64-linux-gnu-strip'
VERSION='2.0.0'
ac_ct_AR=''
ac_ct_CC=''
ac_ct_DUMPBIN=''
am__EXEEXT_FALSE=''
am__EXEEXT_TRUE='#'
am__fastdepCCAS_FALSE='#'
am__fastdepCCAS_TRUE=''
am__fastdepCC_FALSE='#'
am__fastdepCC_TRUE=''
am__include='include'
am__isrc=''
am__leading_dot='.'
am__nodep='_no'
am__quote=''
am__tar='$${TAR-tar} chof - "$$tardir"'
am__untar='$${TAR-tar} xf -'
arch='x86_64'
bindir='${exec_prefix}/bin'
build='x86_64-pc-linux-gnu'
build_alias='x86_64-linux-gnu'
build_cpu='x86_64'
build_os='linux-gnu'
build_vendor='pc'
classlib='gnuclasspath'
datadir='${datarootdir}'
datarootdir='${prefix}/share'
docdir='${datarootdir}/doc/${PACKAGE_TARNAME}'
dvidir='${docdir}'
exec_prefix='/home/alter0ne/rtk_openwrt_sdk/staging_dir/host'
host='x86_64-pc-linux-gnu'
host_alias='x86_64-linux-gnu'
host_cpu='x86_64'
host_os='linux'
host_vendor='pc'
htmldir='${docdir}'
includedir='${prefix}/include'
infodir='${datarootdir}/info'
install_sh='${SHELL} /home/alter0ne/rtk_openwrt_sdk/build_dir/host/jamvm-2.0.0/install-sh'
interp_cflags=' -fno-reorder-blocks'
libdir='${exec_prefix}/lib'
libexecdir='${exec_prefix}/libexec'
localedir='${datarootdir}/locale'
localstatedir='/home/alter0ne/rtk_openwrt_sdk/staging_dir/host/var'
mandir='${datarootdir}/man'
mkdir_p='/bin/mkdir -p'
oldincludedir='/usr/include'
os='linux'
pdfdir='${docdir}'
prefix='/home/alter0ne/rtk_openwrt_sdk/staging_dir/host'
program_transform_name='s&$$&&;s&^&&'
psdir='${docdir}'
sbindir='/home/alter0ne/rtk_openwrt_sdk/staging_dir/host/bin'
sharedstatedir='${prefix}/com'
sysconfdir='/home/alter0ne/rtk_openwrt_sdk/staging_dir/host/etc'
target_alias='x86_64-linux-gnu'
use_zip_no='#'
use_zip_yes=''
with_classpath_install_dir='/usr/local/classpath'

## ----------- ##
## confdefs.h. ##
## ----------- ##

/* confdefs.h */
#define PACKAGE_NAME "jamvm"
#define PACKAGE_TARNAME "jamvm"
#define PACKAGE_VERSION "2.0.0"
#define PACKAGE_STRING "jamvm 2.0.0"
#define PACKAGE_BUGREPORT ""
#define PACKAGE_URL ""
#define PACKAGE "jamvm"
#define VERSION "2.0.0"
#define THREADED 1
#define DIRECT 1
#define INLINING 1
#define CLASSPATH_INSTALL_DIR "/usr/local/classpath"
#define INSTALL_DIR "/home/alter0ne/rtk_openwrt_sdk/staging_dir/host"
#define STDC_HEADERS 1
#define HAVE_SYS_TYPES_H 1
#define HAVE_SYS_STAT_H 1
#define HAVE_STDLIB_H 1
#define HAVE_STRING_H 1
#define HAVE_MEMORY_H 1
#define HAVE_STRINGS_H 1
#define HAVE_INTTYPES_H 1
#define HAVE_STDINT_H 1
#define HAVE_UNISTD_H 1
#define HAVE_DLFCN_H 1
#define LT_OBJDIR ".libs/"
#define HAVE_LIBPTHREAD 1
#define HAVE_LIBRT 1
#define HAVE_LIBM 1
#define HAVE_LIBDL 1
#define HAVE_LIBZ 1
#define STDC_HEADERS 1
#define HAVE_SYS_TIME_H 1
#define HAVE_UNISTD_H 1
#define HAVE_ENDIAN_H 1
#define HAVE_SYS_PARAM_H 1
#define HAVE_LOCALE_H 1
#define HAVE_ALLOCA_H 1
#define USE_ZIP 1
#define TIME_WITH_SYS_TIME 1
#define HAVE_ALLOCA_H 1
#define HAVE_ALLOCA 1
#define HAVE_STDLIB_H 1
#define HAVE_UNISTD_H 1
#define HAVE_SYS_PARAM_H 1
#define HAVE_GETPAGESIZE 1
#define HAVE_MMAP 1
#define HAVE_GETTIMEOFDAY 1
#define HAVE_STRTOL 1
#define HAVE_SETLOCALE 1
#define HAVE_LC_MESSAGES 1
#define HAVE_TLS 1
#define SHARED_CHAR_BUFFERS 1
#define VERSION_MAJOR 2
#define VERSION_MINOR 0
#define VERSION_MICRO 0

configure: exit 0
