This file contains any messages produced by compilers while
running configure, to aid debugging if configure makes a mistake.

It was created by configure, which was
generated by GNU Autoconf 2.69.  Invocation command line was

  $ ./configure --disable-option-checking --prefix=/home/alter0ne/rtk_openwrt_sdk/staging_dir/host CC=gcc CFLAGS=-O2 -I/home/alter0ne/rtk_openwrt_sdk/staging_dir/host/include -D_GNU_SOURCE CPPFLAGS=-I/home/alter0ne/rtk_openwrt_sdk/staging_dir/host/include LDFLAGS=-L/home/alter0ne/rtk_openwrt_sdk/staging_dir/host/lib SHELL=/bin/bash --target=x86_64-linux-gnu --host=x86_64-linux-gnu --build=x86_64-linux-gnu --program-prefix= --program-suffix= --exec-prefix=/home/alter0ne/rtk_openwrt_sdk/staging_dir/host --sysconfdir=/home/alter0ne/rtk_openwrt_sdk/staging_dir/host/etc --localstatedir=/home/alter0ne/rtk_openwrt_sdk/staging_dir/host/var --sbindir=/home/alter0ne/rtk_openwrt_sdk/staging_dir/host/bin --disable-hipe --disable-smp-support --without-javac build_alias=x86_64-linux-gnu host_alias=x86_64-linux-gnu target_alias=x86_64-linux-gnu --cache-file=/dev/null --srcdir=.

## --------- ##
## Platform. ##
## --------- ##

hostname = alter0ne-PC
uname -m = x86_64
uname -r = 5.0.0-32-generic
uname -s = Linux
uname -v = #34~18.04.2-Ubuntu SMP Thu Oct 10 10:36:02 UTC 2019

/usr/bin/uname -p = unknown
/bin/uname -X     = unknown

/bin/arch              = unknown
/usr/bin/arch -k       = unknown
/usr/convex/getsysinfo = unknown
/usr/bin/hostinfo      = unknown
/bin/machine           = unknown
/usr/bin/oslevel       = unknown
/bin/universe          = unknown

PATH: /home/alter0ne/rtk_openwrt_sdk/staging_dir/toolchain-mips-rlx4181-linux/bin
PATH: /home/alter0ne/rtk_openwrt_sdk/staging_dir/rsdk-4.6.4-4181-EB-3.10-0.9.33-m32u-20141001//bin
PATH: /home/alter0ne/rtk_openwrt_sdk/staging_dir/host/bin
PATH: /home/alter0ne/rtk_openwrt_sdk/staging_dir/toolchain-mips-rlx4181-linux/bin
PATH: /home/alter0ne/rtk_openwrt_sdk/staging_dir/rsdk-4.6.4-4181-EB-3.10-0.9.33-m32u-20141001//bin
PATH: /home/alter0ne/rtk_openwrt_sdk/staging_dir/host/bin
PATH: /home/alter0ne/.local/bin
PATH: /home/alter0ne/bin
PATH: /usr/local/sbin
PATH: /usr/local/bin
PATH: /usr/sbin
PATH: /usr/bin
PATH: /sbin
PATH: /bin
PATH: /usr/games
PATH: /usr/local/games
PATH: /snap/bin


## ----------- ##
## Core tests. ##
## ----------- ##

configure:1729: checking build system type
configure:1743: result: x86_64-pc-linux-gnu
configure:1763: checking host system type
configure:1776: result: x86_64-pc-linux-gnu
configure:1805: checking for perl
configure:1821: found /usr/bin/perl
configure:1833: result: perl
configure:1914: creating ./config.status

## ---------------------- ##
## Running config.status. ##
## ---------------------- ##

This file was extended by config.status, which was
generated by GNU Autoconf 2.69.  Invocation command line was

  CONFIG_FILES    = 
  CONFIG_HEADERS  = 
  CONFIG_LINKS    = 
  CONFIG_COMMANDS = 
  $ ./config.status 

on alter0ne-PC

config.status:720: creating mibs/Makefile

## ---------------- ##
## Cache variables. ##
## ---------------- ##

ac_cv_build=x86_64-pc-linux-gnu
ac_cv_env_build_alias_set=set
ac_cv_env_build_alias_value=x86_64-linux-gnu
ac_cv_env_host_alias_set=set
ac_cv_env_host_alias_value=x86_64-linux-gnu
ac_cv_env_target_alias_set=set
ac_cv_env_target_alias_value=x86_64-linux-gnu
ac_cv_host=x86_64-pc-linux-gnu
ac_cv_prog_PERL=perl

## ----------------- ##
## Output variables. ##
## ----------------- ##

DEFS='-DPACKAGE_NAME=\"\" -DPACKAGE_TARNAME=\"\" -DPACKAGE_VERSION=\"\" -DPACKAGE_STRING=\"\" -DPACKAGE_BUGREPORT=\"\" -DPACKAGE_URL=\"\"'
ECHO_C=''
ECHO_N='-n'
ECHO_T=''
LIBOBJS=''
LIBS=''
LTLIBOBJS=''
PACKAGE_BUGREPORT=''
PACKAGE_NAME=''
PACKAGE_STRING=''
PACKAGE_TARNAME=''
PACKAGE_URL=''
PACKAGE_VERSION=''
PATH_SEPARATOR=':'
PERL='perl'
SHELL='/bin/bash'
bindir='${exec_prefix}/bin'
build='x86_64-pc-linux-gnu'
build_alias='x86_64-linux-gnu'
build_cpu='x86_64'
build_os='linux-gnu'
build_vendor='pc'
datadir='${datarootdir}'
datarootdir='${prefix}/share'
docdir='${datarootdir}/doc/${PACKAGE}'
dvidir='${docdir}'
exec_prefix='/home/alter0ne/rtk_openwrt_sdk/staging_dir/host'
host='x86_64-pc-linux-gnu'
host_alias='x86_64-linux-gnu'
host_cpu='x86_64'
host_os='linux-gnu'
host_vendor='pc'
htmldir='${docdir}'
includedir='${prefix}/include'
infodir='${datarootdir}/info'
libdir='${exec_prefix}/lib'
libexecdir='${exec_prefix}/libexec'
localedir='${datarootdir}/locale'
localstatedir='/home/alter0ne/rtk_openwrt_sdk/staging_dir/host/var'
mandir='${datarootdir}/man'
oldincludedir='/usr/include'
pdfdir='${docdir}'
prefix='/home/alter0ne/rtk_openwrt_sdk/staging_dir/host'
program_transform_name='s,x,x,'
psdir='${docdir}'
sbindir='/home/alter0ne/rtk_openwrt_sdk/staging_dir/host/bin'
sharedstatedir='${prefix}/com'
sysconfdir='/home/alter0ne/rtk_openwrt_sdk/staging_dir/host/etc'
target_alias='x86_64-linux-gnu'

## ----------- ##
## confdefs.h. ##
## ----------- ##

/* confdefs.h */
#define PACKAGE_NAME ""
#define PACKAGE_TARNAME ""
#define PACKAGE_VERSION ""
#define PACKAGE_STRING ""
#define PACKAGE_BUGREPORT ""
#define PACKAGE_URL ""

configure: exit 0
