This file contains any messages produced by compilers while
running configure, to aid debugging if configure makes a mistake.

It was created by configure, which was
generated by GNU Autoconf 2.69.  Invocation command line was

  $ ./configure --disable-option-checking --prefix=/home/alter0ne/rtk_openwrt_sdk/staging_dir/host CC=gcc CFLAGS=-O2 -I/home/alter0ne/rtk_openwrt_sdk/staging_dir/host/include -D_GNU_SOURCE CPPFLAGS=-I/home/alter0ne/rtk_openwrt_sdk/staging_dir/host/include LDFLAGS=-L/home/alter0ne/rtk_openwrt_sdk/staging_dir/host/lib SHELL=/bin/bash --target=x86_64-linux-gnu --host=x86_64-linux-gnu --build=x86_64-linux-gnu --program-prefix= --program-suffix= --exec-prefix=/home/alter0ne/rtk_openwrt_sdk/staging_dir/host --sysconfdir=/home/alter0ne/rtk_openwrt_sdk/staging_dir/host/etc --localstatedir=/home/alter0ne/rtk_openwrt_sdk/staging_dir/host/var --sbindir=/home/alter0ne/rtk_openwrt_sdk/staging_dir/host/bin --disable-hipe --disable-smp-support --without-javac build_alias=x86_64-linux-gnu host_alias=x86_64-linux-gnu target_alias=x86_64-linux-gnu --cache-file=/dev/null --srcdir=.

## --------- ##
## Platform. ##
## --------- ##

hostname = alter0ne-PC
uname -m = x86_64
uname -r = 5.0.0-32-generic
uname -s = Linux
uname -v = #34~18.04.2-Ubuntu SMP Thu Oct 10 10:36:02 UTC 2019

/usr/bin/uname -p = unknown
/bin/uname -X     = unknown

/bin/arch              = unknown
/usr/bin/arch -k       = unknown
/usr/convex/getsysinfo = unknown
/usr/bin/hostinfo      = unknown
/bin/machine           = unknown
/usr/bin/oslevel       = unknown
/bin/universe          = unknown

PATH: /home/alter0ne/rtk_openwrt_sdk/staging_dir/toolchain-mips-rlx4181-linux/bin
PATH: /home/alter0ne/rtk_openwrt_sdk/staging_dir/rsdk-4.6.4-4181-EB-3.10-0.9.33-m32u-20141001//bin
PATH: /home/alter0ne/rtk_openwrt_sdk/staging_dir/host/bin
PATH: /home/alter0ne/rtk_openwrt_sdk/staging_dir/toolchain-mips-rlx4181-linux/bin
PATH: /home/alter0ne/rtk_openwrt_sdk/staging_dir/rsdk-4.6.4-4181-EB-3.10-0.9.33-m32u-20141001//bin
PATH: /home/alter0ne/rtk_openwrt_sdk/staging_dir/host/bin
PATH: /home/alter0ne/.local/bin
PATH: /home/alter0ne/bin
PATH: /usr/local/sbin
PATH: /usr/local/bin
PATH: /usr/sbin
PATH: /usr/bin
PATH: /sbin
PATH: /bin
PATH: /usr/games
PATH: /usr/local/games
PATH: /snap/bin


## ----------- ##
## Core tests. ##
## ----------- ##

configure:2483: checking build system type
configure:2497: result: x86_64-pc-linux-gnu
configure:2517: checking host system type
configure:2530: result: x86_64-pc-linux-gnu
configure:2586: checking for x86_64-linux-gnu-gcc
configure:2613: result: gcc
configure:2882: checking for C compiler version
configure:2891: gcc --version >&5
gcc (Ubuntu 7.4.0-1ubuntu1~18.04.1) 7.4.0
Copyright (C) 2017 Free Software Foundation, Inc.
This is free software; see the source for copying conditions.  There is NO
warranty; not even for MERCHANTABILITY or FITNESS FOR A PARTICULAR PURPOSE.

configure:2902: $? = 0
configure:2891: gcc -v >&5
Using built-in specs.
COLLECT_GCC=gcc
COLLECT_LTO_WRAPPER=/usr/lib/gcc/x86_64-linux-gnu/7/lto-wrapper
OFFLOAD_TARGET_NAMES=nvptx-none
OFFLOAD_TARGET_DEFAULT=1
Target: x86_64-linux-gnu
Configured with: ../src/configure -v --with-pkgversion='Ubuntu 7.4.0-1ubuntu1~18.04.1' --with-bugurl=file:///usr/share/doc/gcc-7/README.Bugs --enable-languages=c,ada,c++,go,brig,d,fortran,objc,obj-c++ --prefix=/usr --with-gcc-major-version-only --program-suffix=-7 --program-prefix=x86_64-linux-gnu- --enable-shared --enable-linker-build-id --libexecdir=/usr/lib --without-included-gettext --enable-threads=posix --libdir=/usr/lib --enable-nls --with-sysroot=/ --enable-clocale=gnu --enable-libstdcxx-debug --enable-libstdcxx-time=yes --with-default-libstdcxx-abi=new --enable-gnu-unique-object --disable-vtable-verify --enable-libmpx --enable-plugin --enable-default-pie --with-system-zlib --with-target-system-zlib --enable-objc-gc=auto --enable-multiarch --disable-werror --with-arch-32=i686 --with-abi=m64 --with-multilib-list=m32,m64,mx32 --enable-multilib --with-tune=generic --enable-offload-targets=nvptx-none --without-cuda-driver --enable-checking=release --build=x86_64-linux-gnu --host=x86_64-linux-gnu --target=x86_64-linux-gnu
Thread model: posix
gcc version 7.4.0 (Ubuntu 7.4.0-1ubuntu1~18.04.1) 
configure:2902: $? = 0
configure:2891: gcc -V >&5
gcc: error: unrecognized command line option '-V'
gcc: fatal error: no input files
compilation terminated.
configure:2902: $? = 1
configure:2891: gcc -qversion >&5
gcc: error: unrecognized command line option '-qversion'; did you mean '--version'?
gcc: fatal error: no input files
compilation terminated.
configure:2902: $? = 1
configure:2922: checking whether the C compiler works
configure:2944: gcc -O2 -I/home/alter0ne/rtk_openwrt_sdk/staging_dir/host/include -D_GNU_SOURCE -I/home/alter0ne/rtk_openwrt_sdk/staging_dir/host/include -L/home/alter0ne/rtk_openwrt_sdk/staging_dir/host/lib conftest.c  >&5
configure:2948: $? = 0
configure:2996: result: yes
configure:2999: checking for C compiler default output file name
configure:3001: result: a.out
configure:3007: checking for suffix of executables
configure:3014: gcc -o conftest -O2 -I/home/alter0ne/rtk_openwrt_sdk/staging_dir/host/include -D_GNU_SOURCE -I/home/alter0ne/rtk_openwrt_sdk/staging_dir/host/include -L/home/alter0ne/rtk_openwrt_sdk/staging_dir/host/lib conftest.c  >&5
configure:3018: $? = 0
configure:3040: result: 
configure:3062: checking whether we are cross compiling
configure:3070: gcc -o conftest -O2 -I/home/alter0ne/rtk_openwrt_sdk/staging_dir/host/include -D_GNU_SOURCE -I/home/alter0ne/rtk_openwrt_sdk/staging_dir/host/include -L/home/alter0ne/rtk_openwrt_sdk/staging_dir/host/lib conftest.c  >&5
configure:3074: $? = 0
configure:3081: ./conftest
configure:3085: $? = 0
configure:3100: result: no
configure:3105: checking for suffix of object files
configure:3127: gcc -c -O2 -I/home/alter0ne/rtk_openwrt_sdk/staging_dir/host/include -D_GNU_SOURCE -I/home/alter0ne/rtk_openwrt_sdk/staging_dir/host/include conftest.c >&5
configure:3131: $? = 0
configure:3152: result: o
configure:3156: checking whether we are using the GNU C compiler
configure:3175: gcc -c -O2 -I/home/alter0ne/rtk_openwrt_sdk/staging_dir/host/include -D_GNU_SOURCE -I/home/alter0ne/rtk_openwrt_sdk/staging_dir/host/include conftest.c >&5
configure:3175: $? = 0
configure:3184: result: yes
configure:3193: checking whether gcc accepts -g
configure:3213: gcc -c -g -I/home/alter0ne/rtk_openwrt_sdk/staging_dir/host/include conftest.c >&5
configure:3213: $? = 0
configure:3254: result: yes
configure:3271: checking for gcc option to accept ISO C89
configure:3334: gcc  -c -O2 -I/home/alter0ne/rtk_openwrt_sdk/staging_dir/host/include -D_GNU_SOURCE -I/home/alter0ne/rtk_openwrt_sdk/staging_dir/host/include conftest.c >&5
configure:3334: $? = 0
configure:3347: result: none needed
configure:3372: checking for mixed cygwin or msys and native VC++ environment
configure:3395: result: no
configure:3411: checking for mixed cygwin and native MinGW environment
configure:3427: result: no
configure:3436: checking if we mix cygwin with any native compiler
configure:3442: result: no
configure:3448: checking if we mix msys with another native compiler
configure:3454: result: no
configure:3461: checking whether make sets $(MAKE)
configure:3483: result: yes
configure:3497: checking for ld.sh
configure:3527: result: no
configure:3538: checking for x86_64-linux-gnu-ld
configure:3554: found /usr/bin/x86_64-linux-gnu-ld
configure:3565: result: x86_64-linux-gnu-ld
configure:3634: checking for rm
configure:3652: found /bin/rm
configure:3665: result: /bin/rm
configure:3700: checking for connect
configure:3700: gcc -o conftest -O2 -I/home/alter0ne/rtk_openwrt_sdk/staging_dir/host/include -D_GNU_SOURCE -I/home/alter0ne/rtk_openwrt_sdk/staging_dir/host/include -L/home/alter0ne/rtk_openwrt_sdk/staging_dir/host/lib conftest.c  >&5
configure:3700: $? = 0
configure:3700: result: yes
configure:3762: checking for gethostbyname
configure:3762: gcc -o conftest -O2 -I/home/alter0ne/rtk_openwrt_sdk/staging_dir/host/include -D_GNU_SOURCE -I/home/alter0ne/rtk_openwrt_sdk/staging_dir/host/include -L/home/alter0ne/rtk_openwrt_sdk/staging_dir/host/lib conftest.c  >&5
configure:3762: $? = 0
configure:3762: result: yes
configure:3808: checking how to run the C preprocessor
configure:3839: gcc -E -I/home/alter0ne/rtk_openwrt_sdk/staging_dir/host/include conftest.c
configure:3839: $? = 0
configure:3853: gcc -E -I/home/alter0ne/rtk_openwrt_sdk/staging_dir/host/include conftest.c
conftest.c:9:10: fatal error: ac_nonexistent.h: No such file or directory
 #include <ac_nonexistent.h>
          ^~~~~~~~~~~~~~~~~~
compilation terminated.
configure:3853: $? = 1
configure: failed program was:
| /* confdefs.h */
| #define PACKAGE_NAME ""
| #define PACKAGE_TARNAME ""
| #define PACKAGE_VERSION ""
| #define PACKAGE_STRING ""
| #define PACKAGE_BUGREPORT ""
| #define PACKAGE_URL ""
| /* end confdefs.h.  */
| #include <ac_nonexistent.h>
configure:3878: result: gcc -E
configure:3898: gcc -E -I/home/alter0ne/rtk_openwrt_sdk/staging_dir/host/include conftest.c
configure:3898: $? = 0
configure:3912: gcc -E -I/home/alter0ne/rtk_openwrt_sdk/staging_dir/host/include conftest.c
conftest.c:9:10: fatal error: ac_nonexistent.h: No such file or directory
 #include <ac_nonexistent.h>
          ^~~~~~~~~~~~~~~~~~
compilation terminated.
configure:3912: $? = 1
configure: failed program was:
| /* confdefs.h */
| #define PACKAGE_NAME ""
| #define PACKAGE_TARNAME ""
| #define PACKAGE_VERSION ""
| #define PACKAGE_STRING ""
| #define PACKAGE_BUGREPORT ""
| #define PACKAGE_URL ""
| /* end confdefs.h.  */
| #include <ac_nonexistent.h>
configure:3941: checking for grep that handles long lines and -e
configure:3999: result: /home/alter0ne/rtk_openwrt_sdk/staging_dir/host/bin/grep
configure:4004: checking for egrep
configure:4066: result: /home/alter0ne/rtk_openwrt_sdk/staging_dir/host/bin/grep -E
configure:4071: checking for ANSI C header files
configure:4091: gcc -c -O2 -I/home/alter0ne/rtk_openwrt_sdk/staging_dir/host/include -D_GNU_SOURCE -I/home/alter0ne/rtk_openwrt_sdk/staging_dir/host/include conftest.c >&5
configure:4091: $? = 0
configure:4164: gcc -o conftest -O2 -I/home/alter0ne/rtk_openwrt_sdk/staging_dir/host/include -D_GNU_SOURCE -I/home/alter0ne/rtk_openwrt_sdk/staging_dir/host/include -L/home/alter0ne/rtk_openwrt_sdk/staging_dir/host/lib conftest.c  >&5
configure:4164: $? = 0
configure:4164: ./conftest
configure:4164: $? = 0
configure:4175: result: yes
configure:4188: checking for sys/types.h
configure:4188: gcc -c -O2 -I/home/alter0ne/rtk_openwrt_sdk/staging_dir/host/include -D_GNU_SOURCE -I/home/alter0ne/rtk_openwrt_sdk/staging_dir/host/include conftest.c >&5
configure:4188: $? = 0
configure:4188: result: yes
configure:4188: checking for sys/stat.h
configure:4188: gcc -c -O2 -I/home/alter0ne/rtk_openwrt_sdk/staging_dir/host/include -D_GNU_SOURCE -I/home/alter0ne/rtk_openwrt_sdk/staging_dir/host/include conftest.c >&5
configure:4188: $? = 0
configure:4188: result: yes
configure:4188: checking for stdlib.h
configure:4188: gcc -c -O2 -I/home/alter0ne/rtk_openwrt_sdk/staging_dir/host/include -D_GNU_SOURCE -I/home/alter0ne/rtk_openwrt_sdk/staging_dir/host/include conftest.c >&5
configure:4188: $? = 0
configure:4188: result: yes
configure:4188: checking for string.h
configure:4188: gcc -c -O2 -I/home/alter0ne/rtk_openwrt_sdk/staging_dir/host/include -D_GNU_SOURCE -I/home/alter0ne/rtk_openwrt_sdk/staging_dir/host/include conftest.c >&5
configure:4188: $? = 0
configure:4188: result: yes
configure:4188: checking for memory.h
configure:4188: gcc -c -O2 -I/home/alter0ne/rtk_openwrt_sdk/staging_dir/host/include -D_GNU_SOURCE -I/home/alter0ne/rtk_openwrt_sdk/staging_dir/host/include conftest.c >&5
configure:4188: $? = 0
configure:4188: result: yes
configure:4188: checking for strings.h
configure:4188: gcc -c -O2 -I/home/alter0ne/rtk_openwrt_sdk/staging_dir/host/include -D_GNU_SOURCE -I/home/alter0ne/rtk_openwrt_sdk/staging_dir/host/include conftest.c >&5
configure:4188: $? = 0
configure:4188: result: yes
configure:4188: checking for inttypes.h
configure:4188: gcc -c -O2 -I/home/alter0ne/rtk_openwrt_sdk/staging_dir/host/include -D_GNU_SOURCE -I/home/alter0ne/rtk_openwrt_sdk/staging_dir/host/include conftest.c >&5
configure:4188: $? = 0
configure:4188: result: yes
configure:4188: checking for stdint.h
configure:4188: gcc -c -O2 -I/home/alter0ne/rtk_openwrt_sdk/staging_dir/host/include -D_GNU_SOURCE -I/home/alter0ne/rtk_openwrt_sdk/staging_dir/host/include conftest.c >&5
configure:4188: $? = 0
configure:4188: result: yes
configure:4188: checking for unistd.h
configure:4188: gcc -c -O2 -I/home/alter0ne/rtk_openwrt_sdk/staging_dir/host/include -D_GNU_SOURCE -I/home/alter0ne/rtk_openwrt_sdk/staging_dir/host/include conftest.c >&5
configure:4188: $? = 0
configure:4188: result: yes
configure:4203: checking fcntl.h usability
configure:4203: gcc -c -O2 -I/home/alter0ne/rtk_openwrt_sdk/staging_dir/host/include -D_GNU_SOURCE -I/home/alter0ne/rtk_openwrt_sdk/staging_dir/host/include conftest.c >&5
configure:4203: $? = 0
configure:4203: result: yes
configure:4203: checking fcntl.h presence
configure:4203: gcc -E -I/home/alter0ne/rtk_openwrt_sdk/staging_dir/host/include conftest.c
configure:4203: $? = 0
configure:4203: result: yes
configure:4203: checking for fcntl.h
configure:4203: result: yes
configure:4203: checking netdb.h usability
configure:4203: gcc -c -O2 -I/home/alter0ne/rtk_openwrt_sdk/staging_dir/host/include -D_GNU_SOURCE -I/home/alter0ne/rtk_openwrt_sdk/staging_dir/host/include conftest.c >&5
configure:4203: $? = 0
configure:4203: result: yes
configure:4203: checking netdb.h presence
configure:4203: gcc -E -I/home/alter0ne/rtk_openwrt_sdk/staging_dir/host/include conftest.c
configure:4203: $? = 0
configure:4203: result: yes
configure:4203: checking for netdb.h
configure:4203: result: yes
configure:4203: checking for stdlib.h
configure:4203: result: yes
configure:4203: checking for string.h
configure:4203: result: yes
configure:4203: checking sys/socket.h usability
configure:4203: gcc -c -O2 -I/home/alter0ne/rtk_openwrt_sdk/staging_dir/host/include -D_GNU_SOURCE -I/home/alter0ne/rtk_openwrt_sdk/staging_dir/host/include conftest.c >&5
configure:4203: $? = 0
configure:4203: result: yes
configure:4203: checking sys/socket.h presence
configure:4203: gcc -E -I/home/alter0ne/rtk_openwrt_sdk/staging_dir/host/include conftest.c
configure:4203: $? = 0
configure:4203: result: yes
configure:4203: checking for sys/socket.h
configure:4203: result: yes
configure:4203: checking winsock2.h usability
configure:4203: gcc -c -O2 -I/home/alter0ne/rtk_openwrt_sdk/staging_dir/host/include -D_GNU_SOURCE -I/home/alter0ne/rtk_openwrt_sdk/staging_dir/host/include conftest.c >&5
conftest.c:57:10: fatal error: winsock2.h: No such file or directory
 #include <winsock2.h>
          ^~~~~~~~~~~~
compilation terminated.
configure:4203: $? = 1
configure: failed program was:
| /* confdefs.h */
| #define PACKAGE_NAME ""
| #define PACKAGE_TARNAME ""
| #define PACKAGE_VERSION ""
| #define PACKAGE_STRING ""
| #define PACKAGE_BUGREPORT ""
| #define PACKAGE_URL ""
| #define STDC_HEADERS 1
| #define HAVE_SYS_TYPES_H 1
| #define HAVE_SYS_STAT_H 1
| #define HAVE_STDLIB_H 1
| #define HAVE_STRING_H 1
| #define HAVE_MEMORY_H 1
| #define HAVE_STRINGS_H 1
| #define HAVE_INTTYPES_H 1
| #define HAVE_STDINT_H 1
| #define HAVE_UNISTD_H 1
| #define HAVE_FCNTL_H 1
| #define HAVE_NETDB_H 1
| #define HAVE_STDLIB_H 1
| #define HAVE_STRING_H 1
| #define HAVE_SYS_SOCKET_H 1
| /* end confdefs.h.  */
| #include <stdio.h>
| #ifdef HAVE_SYS_TYPES_H
| # include <sys/types.h>
| #endif
| #ifdef HAVE_SYS_STAT_H
| # include <sys/stat.h>
| #endif
| #ifdef STDC_HEADERS
| # include <stdlib.h>
| # include <stddef.h>
| #else
| # ifdef HAVE_STDLIB_H
| #  include <stdlib.h>
| # endif
| #endif
| #ifdef HAVE_STRING_H
| # if !defined STDC_HEADERS && defined HAVE_MEMORY_H
| #  include <memory.h>
| # endif
| # include <string.h>
| #endif
| #ifdef HAVE_STRINGS_H
| # include <strings.h>
| #endif
| #ifdef HAVE_INTTYPES_H
| # include <inttypes.h>
| #endif
| #ifdef HAVE_STDINT_H
| # include <stdint.h>
| #endif
| #ifdef HAVE_UNISTD_H
| # include <unistd.h>
| #endif
| #include <winsock2.h>
configure:4203: result: no
configure:4203: checking winsock2.h presence
configure:4203: gcc -E -I/home/alter0ne/rtk_openwrt_sdk/staging_dir/host/include conftest.c
conftest.c:24:10: fatal error: winsock2.h: No such file or directory
 #include <winsock2.h>
          ^~~~~~~~~~~~
compilation terminated.
configure:4203: $? = 1
configure: failed program was:
| /* confdefs.h */
| #define PACKAGE_NAME ""
| #define PACKAGE_TARNAME ""
| #define PACKAGE_VERSION ""
| #define PACKAGE_STRING ""
| #define PACKAGE_BUGREPORT ""
| #define PACKAGE_URL ""
| #define STDC_HEADERS 1
| #define HAVE_SYS_TYPES_H 1
| #define HAVE_SYS_STAT_H 1
| #define HAVE_STDLIB_H 1
| #define HAVE_STRING_H 1
| #define HAVE_MEMORY_H 1
| #define HAVE_STRINGS_H 1
| #define HAVE_INTTYPES_H 1
| #define HAVE_STDINT_H 1
| #define HAVE_UNISTD_H 1
| #define HAVE_FCNTL_H 1
| #define HAVE_NETDB_H 1
| #define HAVE_STDLIB_H 1
| #define HAVE_STRING_H 1
| #define HAVE_SYS_SOCKET_H 1
| /* end confdefs.h.  */
| #include <winsock2.h>
configure:4203: result: no
configure:4203: checking for winsock2.h
configure:4203: result: no
configure:4215: checking windows.h usability
configure:4215: gcc -c -O2 -I/home/alter0ne/rtk_openwrt_sdk/staging_dir/host/include -D_GNU_SOURCE -I/home/alter0ne/rtk_openwrt_sdk/staging_dir/host/include conftest.c >&5
conftest.c:57:10: fatal error: windows.h: No such file or directory
 #include <windows.h>
          ^~~~~~~~~~~
compilation terminated.
configure:4215: $? = 1
configure: failed program was:
| /* confdefs.h */
| #define PACKAGE_NAME ""
| #define PACKAGE_TARNAME ""
| #define PACKAGE_VERSION ""
| #define PACKAGE_STRING ""
| #define PACKAGE_BUGREPORT ""
| #define PACKAGE_URL ""
| #define STDC_HEADERS 1
| #define HAVE_SYS_TYPES_H 1
| #define HAVE_SYS_STAT_H 1
| #define HAVE_STDLIB_H 1
| #define HAVE_STRING_H 1
| #define HAVE_MEMORY_H 1
| #define HAVE_STRINGS_H 1
| #define HAVE_INTTYPES_H 1
| #define HAVE_STDINT_H 1
| #define HAVE_UNISTD_H 1
| #define HAVE_FCNTL_H 1
| #define HAVE_NETDB_H 1
| #define HAVE_STDLIB_H 1
| #define HAVE_STRING_H 1
| #define HAVE_SYS_SOCKET_H 1
| /* end confdefs.h.  */
| #include <stdio.h>
| #ifdef HAVE_SYS_TYPES_H
| # include <sys/types.h>
| #endif
| #ifdef HAVE_SYS_STAT_H
| # include <sys/stat.h>
| #endif
| #ifdef STDC_HEADERS
| # include <stdlib.h>
| # include <stddef.h>
| #else
| # ifdef HAVE_STDLIB_H
| #  include <stdlib.h>
| # endif
| #endif
| #ifdef HAVE_STRING_H
| # if !defined STDC_HEADERS && defined HAVE_MEMORY_H
| #  include <memory.h>
| # endif
| # include <string.h>
| #endif
| #ifdef HAVE_STRINGS_H
| # include <strings.h>
| #endif
| #ifdef HAVE_INTTYPES_H
| # include <inttypes.h>
| #endif
| #ifdef HAVE_STDINT_H
| # include <stdint.h>
| #endif
| #ifdef HAVE_UNISTD_H
| # include <unistd.h>
| #endif
| #include <windows.h>
configure:4215: result: no
configure:4215: checking windows.h presence
configure:4215: gcc -E -I/home/alter0ne/rtk_openwrt_sdk/staging_dir/host/include conftest.c
conftest.c:24:10: fatal error: windows.h: No such file or directory
 #include <windows.h>
          ^~~~~~~~~~~
compilation terminated.
configure:4215: $? = 1
configure: failed program was:
| /* confdefs.h */
| #define PACKAGE_NAME ""
| #define PACKAGE_TARNAME ""
| #define PACKAGE_VERSION ""
| #define PACKAGE_STRING ""
| #define PACKAGE_BUGREPORT ""
| #define PACKAGE_URL ""
| #define STDC_HEADERS 1
| #define HAVE_SYS_TYPES_H 1
| #define HAVE_SYS_STAT_H 1
| #define HAVE_STDLIB_H 1
| #define HAVE_STRING_H 1
| #define HAVE_MEMORY_H 1
| #define HAVE_STRINGS_H 1
| #define HAVE_INTTYPES_H 1
| #define HAVE_STDINT_H 1
| #define HAVE_UNISTD_H 1
| #define HAVE_FCNTL_H 1
| #define HAVE_NETDB_H 1
| #define HAVE_STDLIB_H 1
| #define HAVE_STRING_H 1
| #define HAVE_SYS_SOCKET_H 1
| /* end confdefs.h.  */
| #include <windows.h>
configure:4215: result: no
configure:4215: checking for windows.h
configure:4215: result: no
configure:4228: checking for sql.h
configure:4228: gcc -c -O2 -I/home/alter0ne/rtk_openwrt_sdk/staging_dir/host/include -D_GNU_SOURCE -I/home/alter0ne/rtk_openwrt_sdk/staging_dir/host/include conftest.c >&5
conftest.c:29:10: fatal error: sql.h: No such file or directory
 #include <sql.h>
          ^~~~~~~
compilation terminated.
configure:4228: $? = 1
configure: failed program was:
| /* confdefs.h */
| #define PACKAGE_NAME ""
| #define PACKAGE_TARNAME ""
| #define PACKAGE_VERSION ""
| #define PACKAGE_STRING ""
| #define PACKAGE_BUGREPORT ""
| #define PACKAGE_URL ""
| #define STDC_HEADERS 1
| #define HAVE_SYS_TYPES_H 1
| #define HAVE_SYS_STAT_H 1
| #define HAVE_STDLIB_H 1
| #define HAVE_STRING_H 1
| #define HAVE_MEMORY_H 1
| #define HAVE_STRINGS_H 1
| #define HAVE_INTTYPES_H 1
| #define HAVE_STDINT_H 1
| #define HAVE_UNISTD_H 1
| #define HAVE_FCNTL_H 1
| #define HAVE_NETDB_H 1
| #define HAVE_STDLIB_H 1
| #define HAVE_STRING_H 1
| #define HAVE_SYS_SOCKET_H 1
| /* end confdefs.h.  */
| #ifdef HAVE_WINDOWS_H
|      # include <windows.h>
|      #endif
| 
| 
| #include <sql.h>
configure:4228: result: no
configure:4228: checking for sqlext.h
configure:4228: gcc -c -O2 -I/home/alter0ne/rtk_openwrt_sdk/staging_dir/host/include -D_GNU_SOURCE -I/home/alter0ne/rtk_openwrt_sdk/staging_dir/host/include conftest.c >&5
conftest.c:29:10: fatal error: sqlext.h: No such file or directory
 #include <sqlext.h>
          ^~~~~~~~~~
compilation terminated.
configure:4228: $? = 1
configure: failed program was:
| /* confdefs.h */
| #define PACKAGE_NAME ""
| #define PACKAGE_TARNAME ""
| #define PACKAGE_VERSION ""
| #define PACKAGE_STRING ""
| #define PACKAGE_BUGREPORT ""
| #define PACKAGE_URL ""
| #define STDC_HEADERS 1
| #define HAVE_SYS_TYPES_H 1
| #define HAVE_SYS_STAT_H 1
| #define HAVE_STDLIB_H 1
| #define HAVE_STRING_H 1
| #define HAVE_MEMORY_H 1
| #define HAVE_STRINGS_H 1
| #define HAVE_INTTYPES_H 1
| #define HAVE_STDINT_H 1
| #define HAVE_UNISTD_H 1
| #define HAVE_FCNTL_H 1
| #define HAVE_NETDB_H 1
| #define HAVE_STDLIB_H 1
| #define HAVE_STRING_H 1
| #define HAVE_SYS_SOCKET_H 1
| /* end confdefs.h.  */
| #ifdef HAVE_WINDOWS_H
|      # include <windows.h>
|      #endif
| 
| 
| #include <sqlext.h>
configure:4228: result: no
configure:4245: checking for an ANSI C-conforming const
configure:4311: gcc -c -O2 -I/home/alter0ne/rtk_openwrt_sdk/staging_dir/host/include -D_GNU_SOURCE -I/home/alter0ne/rtk_openwrt_sdk/staging_dir/host/include conftest.c >&5
configure:4311: $? = 0
configure:4318: result: yes
configure:4326: checking for size_t
configure:4326: gcc -c -O2 -I/home/alter0ne/rtk_openwrt_sdk/staging_dir/host/include -D_GNU_SOURCE -I/home/alter0ne/rtk_openwrt_sdk/staging_dir/host/include conftest.c >&5
configure:4326: $? = 0
configure:4326: gcc -c -O2 -I/home/alter0ne/rtk_openwrt_sdk/staging_dir/host/include -D_GNU_SOURCE -I/home/alter0ne/rtk_openwrt_sdk/staging_dir/host/include conftest.c >&5
conftest.c: In function 'main':
conftest.c:60:21: error: expected expression before ')' token
 if (sizeof ((size_t)))
                     ^
configure:4326: $? = 1
configure: failed program was:
| /* confdefs.h */
| #define PACKAGE_NAME ""
| #define PACKAGE_TARNAME ""
| #define PACKAGE_VERSION ""
| #define PACKAGE_STRING ""
| #define PACKAGE_BUGREPORT ""
| #define PACKAGE_URL ""
| #define STDC_HEADERS 1
| #define HAVE_SYS_TYPES_H 1
| #define HAVE_SYS_STAT_H 1
| #define HAVE_STDLIB_H 1
| #define HAVE_STRING_H 1
| #define HAVE_MEMORY_H 1
| #define HAVE_STRINGS_H 1
| #define HAVE_INTTYPES_H 1
| #define HAVE_STDINT_H 1
| #define HAVE_UNISTD_H 1
| #define HAVE_FCNTL_H 1
| #define HAVE_NETDB_H 1
| #define HAVE_STDLIB_H 1
| #define HAVE_STRING_H 1
| #define HAVE_SYS_SOCKET_H 1
| /* end confdefs.h.  */
| #include <stdio.h>
| #ifdef HAVE_SYS_TYPES_H
| # include <sys/types.h>
| #endif
| #ifdef HAVE_SYS_STAT_H
| # include <sys/stat.h>
| #endif
| #ifdef STDC_HEADERS
| # include <stdlib.h>
| # include <stddef.h>
| #else
| # ifdef HAVE_STDLIB_H
| #  include <stdlib.h>
| # endif
| #endif
| #ifdef HAVE_STRING_H
| # if !defined STDC_HEADERS && defined HAVE_MEMORY_H
| #  include <memory.h>
| # endif
| # include <string.h>
| #endif
| #ifdef HAVE_STRINGS_H
| # include <strings.h>
| #endif
| #ifdef HAVE_INTTYPES_H
| # include <inttypes.h>
| #endif
| #ifdef HAVE_STDINT_H
| # include <stdint.h>
| #endif
| #ifdef HAVE_UNISTD_H
| # include <unistd.h>
| #endif
| int
| main ()
| {
| if (sizeof ((size_t)))
| 	    return 0;
|   ;
|   return 0;
| }
configure:4326: result: yes
configure:4337: checking for struct sockaddr_in6.sin6_addr
configure:4337: gcc -c -O2 -I/home/alter0ne/rtk_openwrt_sdk/staging_dir/host/include -D_GNU_SOURCE -I/home/alter0ne/rtk_openwrt_sdk/staging_dir/host/include conftest.c >&5
conftest.c: In function 'main':
conftest.c:35:5: error: used struct type value where scalar is required
 if (ac_aggr.sin6_addr)
     ^~~~~~~
configure:4337: $? = 1
configure: failed program was:
| /* confdefs.h */
| #define PACKAGE_NAME ""
| #define PACKAGE_TARNAME ""
| #define PACKAGE_VERSION ""
| #define PACKAGE_STRING ""
| #define PACKAGE_BUGREPORT ""
| #define PACKAGE_URL ""
| #define STDC_HEADERS 1
| #define HAVE_SYS_TYPES_H 1
| #define HAVE_SYS_STAT_H 1
| #define HAVE_STDLIB_H 1
| #define HAVE_STRING_H 1
| #define HAVE_MEMORY_H 1
| #define HAVE_STRINGS_H 1
| #define HAVE_INTTYPES_H 1
| #define HAVE_STDINT_H 1
| #define HAVE_UNISTD_H 1
| #define HAVE_FCNTL_H 1
| #define HAVE_NETDB_H 1
| #define HAVE_STDLIB_H 1
| #define HAVE_STRING_H 1
| #define HAVE_SYS_SOCKET_H 1
| /* end confdefs.h.  */
| #if HAVE_WINSOCK2_H
| 			  #include <winsock2.h>
| 			  #include <ws2tcpip.h>
| 			  #else
| 			  #include <netinet/in.h>
| 			  #endif
| 
| int
| main ()
| {
| static struct sockaddr_in6 ac_aggr;
| if (ac_aggr.sin6_addr)
| return 0;
|   ;
|   return 0;
| }
configure:4337: gcc -c -O2 -I/home/alter0ne/rtk_openwrt_sdk/staging_dir/host/include -D_GNU_SOURCE -I/home/alter0ne/rtk_openwrt_sdk/staging_dir/host/include conftest.c >&5
configure:4337: $? = 0
configure:4337: result: yes
configure:4357: checking for memset
configure:4357: gcc -o conftest -O2 -I/home/alter0ne/rtk_openwrt_sdk/staging_dir/host/include -D_GNU_SOURCE -I/home/alter0ne/rtk_openwrt_sdk/staging_dir/host/include -L/home/alter0ne/rtk_openwrt_sdk/staging_dir/host/lib conftest.c  >&5
conftest.c:48:6: warning: conflicting types for built-in function 'memset' [-Wbuiltin-declaration-mismatch]
 char memset ();
      ^~~~~~
configure:4357: $? = 0
configure:4357: result: yes
configure:4357: checking for socket
configure:4357: gcc -o conftest -O2 -I/home/alter0ne/rtk_openwrt_sdk/staging_dir/host/include -D_GNU_SOURCE -I/home/alter0ne/rtk_openwrt_sdk/staging_dir/host/include -L/home/alter0ne/rtk_openwrt_sdk/staging_dir/host/lib conftest.c  >&5
configure:4357: $? = 0
configure:4357: result: yes
configure:4374: checking for native win32 threads
configure:4384: result: no
configure:4392: checking for pthread_create in -lpthread
configure:4417: gcc -o conftest -O2 -I/home/alter0ne/rtk_openwrt_sdk/staging_dir/host/include -D_GNU_SOURCE -I/home/alter0ne/rtk_openwrt_sdk/staging_dir/host/include -L/home/alter0ne/rtk_openwrt_sdk/staging_dir/host/lib conftest.c -lpthread   >&5
configure:4417: $? = 0
configure:4426: result: yes
configure:4532: checking for getconf
configure:4548: found /usr/bin/getconf
configure:4560: result: getconf
configure:4714: checking for Native POSIX Thread Library
configure:4731: result: yes
configure:4741: checking nptl/pthread.h usability
configure:4741: gcc -c -O2 -I/home/alter0ne/rtk_openwrt_sdk/staging_dir/host/include -D_GNU_SOURCE -I/home/alter0ne/rtk_openwrt_sdk/staging_dir/host/include conftest.c >&5
conftest.c:60:10: fatal error: nptl/pthread.h: No such file or directory
 #include <nptl/pthread.h>
          ^~~~~~~~~~~~~~~~
compilation terminated.
configure:4741: $? = 1
configure: failed program was:
| /* confdefs.h */
| #define PACKAGE_NAME ""
| #define PACKAGE_TARNAME ""
| #define PACKAGE_VERSION ""
| #define PACKAGE_STRING ""
| #define PACKAGE_BUGREPORT ""
| #define PACKAGE_URL ""
| #define STDC_HEADERS 1
| #define HAVE_SYS_TYPES_H 1
| #define HAVE_SYS_STAT_H 1
| #define HAVE_STDLIB_H 1
| #define HAVE_STRING_H 1
| #define HAVE_MEMORY_H 1
| #define HAVE_STRINGS_H 1
| #define HAVE_INTTYPES_H 1
| #define HAVE_STDINT_H 1
| #define HAVE_UNISTD_H 1
| #define HAVE_FCNTL_H 1
| #define HAVE_NETDB_H 1
| #define HAVE_STDLIB_H 1
| #define HAVE_STRING_H 1
| #define HAVE_SYS_SOCKET_H 1
| #define HAVE_STRUCT_SOCKADDR_IN6_SIN6_ADDR 1
| #define HAVE_MEMSET 1
| #define HAVE_SOCKET 1
| /* end confdefs.h.  */
| #include <stdio.h>
| #ifdef HAVE_SYS_TYPES_H
| # include <sys/types.h>
| #endif
| #ifdef HAVE_SYS_STAT_H
| # include <sys/stat.h>
| #endif
| #ifdef STDC_HEADERS
| # include <stdlib.h>
| # include <stddef.h>
| #else
| # ifdef HAVE_STDLIB_H
| #  include <stdlib.h>
| # endif
| #endif
| #ifdef HAVE_STRING_H
| # if !defined STDC_HEADERS && defined HAVE_MEMORY_H
| #  include <memory.h>
| # endif
| # include <string.h>
| #endif
| #ifdef HAVE_STRINGS_H
| # include <strings.h>
| #endif
| #ifdef HAVE_INTTYPES_H
| # include <inttypes.h>
| #endif
| #ifdef HAVE_STDINT_H
| # include <stdint.h>
| #endif
| #ifdef HAVE_UNISTD_H
| # include <unistd.h>
| #endif
| #include <nptl/pthread.h>
configure:4741: result: no
configure:4741: checking nptl/pthread.h presence
configure:4741: gcc -E -I/home/alter0ne/rtk_openwrt_sdk/staging_dir/host/include conftest.c
conftest.c:27:10: fatal error: nptl/pthread.h: No such file or directory
 #include <nptl/pthread.h>
          ^~~~~~~~~~~~~~~~
compilation terminated.
configure:4741: $? = 1
configure: failed program was:
| /* confdefs.h */
| #define PACKAGE_NAME ""
| #define PACKAGE_TARNAME ""
| #define PACKAGE_VERSION ""
| #define PACKAGE_STRING ""
| #define PACKAGE_BUGREPORT ""
| #define PACKAGE_URL ""
| #define STDC_HEADERS 1
| #define HAVE_SYS_TYPES_H 1
| #define HAVE_SYS_STAT_H 1
| #define HAVE_STDLIB_H 1
| #define HAVE_STRING_H 1
| #define HAVE_MEMORY_H 1
| #define HAVE_STRINGS_H 1
| #define HAVE_INTTYPES_H 1
| #define HAVE_STDINT_H 1
| #define HAVE_UNISTD_H 1
| #define HAVE_FCNTL_H 1
| #define HAVE_NETDB_H 1
| #define HAVE_STDLIB_H 1
| #define HAVE_STRING_H 1
| #define HAVE_SYS_SOCKET_H 1
| #define HAVE_STRUCT_SOCKADDR_IN6_SIN6_ADDR 1
| #define HAVE_MEMSET 1
| #define HAVE_SOCKET 1
| /* end confdefs.h.  */
| #include <nptl/pthread.h>
configure:4741: result: no
configure:4741: checking for nptl/pthread.h
configure:4741: result: no
configure:4794: checking pthread.h usability
configure:4794: gcc -c -O2 -I/home/alter0ne/rtk_openwrt_sdk/staging_dir/host/include -D_GNU_SOURCE -I/home/alter0ne/rtk_openwrt_sdk/staging_dir/host/include  -D_THREAD_SAFE -D_REENTRANT -DPOSIX_THREADS -D_POSIX_THREAD_SAFE_FUNCTIONS conftest.c >&5
configure:4794: $? = 0
configure:4794: result: yes
configure:4794: checking pthread.h presence
configure:4794: gcc -E -I/home/alter0ne/rtk_openwrt_sdk/staging_dir/host/include  -D_THREAD_SAFE -D_REENTRANT -DPOSIX_THREADS -D_POSIX_THREAD_SAFE_FUNCTIONS conftest.c
configure:4794: $? = 0
configure:4794: result: yes
configure:4794: checking for pthread.h
configure:4794: result: yes
configure:4803: checking pthread/mit/pthread.h usability
configure:4803: gcc -c -O2 -I/home/alter0ne/rtk_openwrt_sdk/staging_dir/host/include -D_GNU_SOURCE -I/home/alter0ne/rtk_openwrt_sdk/staging_dir/host/include  -D_THREAD_SAFE -D_REENTRANT -DPOSIX_THREADS -D_POSIX_THREAD_SAFE_FUNCTIONS conftest.c >&5
conftest.c:61:10: fatal error: pthread/mit/pthread.h: No such file or directory
 #include <pthread/mit/pthread.h>
          ^~~~~~~~~~~~~~~~~~~~~~~
compilation terminated.
configure:4803: $? = 1
configure: failed program was:
| /* confdefs.h */
| #define PACKAGE_NAME ""
| #define PACKAGE_TARNAME ""
| #define PACKAGE_VERSION ""
| #define PACKAGE_STRING ""
| #define PACKAGE_BUGREPORT ""
| #define PACKAGE_URL ""
| #define STDC_HEADERS 1
| #define HAVE_SYS_TYPES_H 1
| #define HAVE_SYS_STAT_H 1
| #define HAVE_STDLIB_H 1
| #define HAVE_STRING_H 1
| #define HAVE_MEMORY_H 1
| #define HAVE_STRINGS_H 1
| #define HAVE_INTTYPES_H 1
| #define HAVE_STDINT_H 1
| #define HAVE_UNISTD_H 1
| #define HAVE_FCNTL_H 1
| #define HAVE_NETDB_H 1
| #define HAVE_STDLIB_H 1
| #define HAVE_STRING_H 1
| #define HAVE_SYS_SOCKET_H 1
| #define HAVE_STRUCT_SOCKADDR_IN6_SIN6_ADDR 1
| #define HAVE_MEMSET 1
| #define HAVE_SOCKET 1
| #define HAVE_PTHREAD_H 1
| /* end confdefs.h.  */
| #include <stdio.h>
| #ifdef HAVE_SYS_TYPES_H
| # include <sys/types.h>
| #endif
| #ifdef HAVE_SYS_STAT_H
| # include <sys/stat.h>
| #endif
| #ifdef STDC_HEADERS
| # include <stdlib.h>
| # include <stddef.h>
| #else
| # ifdef HAVE_STDLIB_H
| #  include <stdlib.h>
| # endif
| #endif
| #ifdef HAVE_STRING_H
| # if !defined STDC_HEADERS && defined HAVE_MEMORY_H
| #  include <memory.h>
| # endif
| # include <string.h>
| #endif
| #ifdef HAVE_STRINGS_H
| # include <strings.h>
| #endif
| #ifdef HAVE_INTTYPES_H
| # include <inttypes.h>
| #endif
| #ifdef HAVE_STDINT_H
| # include <stdint.h>
| #endif
| #ifdef HAVE_UNISTD_H
| # include <unistd.h>
| #endif
| #include <pthread/mit/pthread.h>
configure:4803: result: no
configure:4803: checking pthread/mit/pthread.h presence
configure:4803: gcc -E -I/home/alter0ne/rtk_openwrt_sdk/staging_dir/host/include  -D_THREAD_SAFE -D_REENTRANT -DPOSIX_THREADS -D_POSIX_THREAD_SAFE_FUNCTIONS conftest.c
conftest.c:28:10: fatal error: pthread/mit/pthread.h: No such file or directory
 #include <pthread/mit/pthread.h>
          ^~~~~~~~~~~~~~~~~~~~~~~
compilation terminated.
configure:4803: $? = 1
configure: failed program was:
| /* confdefs.h */
| #define PACKAGE_NAME ""
| #define PACKAGE_TARNAME ""
| #define PACKAGE_VERSION ""
| #define PACKAGE_STRING ""
| #define PACKAGE_BUGREPORT ""
| #define PACKAGE_URL ""
| #define STDC_HEADERS 1
| #define HAVE_SYS_TYPES_H 1
| #define HAVE_SYS_STAT_H 1
| #define HAVE_STDLIB_H 1
| #define HAVE_STRING_H 1
| #define HAVE_MEMORY_H 1
| #define HAVE_STRINGS_H 1
| #define HAVE_INTTYPES_H 1
| #define HAVE_STDINT_H 1
| #define HAVE_UNISTD_H 1
| #define HAVE_FCNTL_H 1
| #define HAVE_NETDB_H 1
| #define HAVE_STDLIB_H 1
| #define HAVE_STRING_H 1
| #define HAVE_SYS_SOCKET_H 1
| #define HAVE_STRUCT_SOCKADDR_IN6_SIN6_ADDR 1
| #define HAVE_MEMSET 1
| #define HAVE_SOCKET 1
| #define HAVE_PTHREAD_H 1
| /* end confdefs.h.  */
| #include <pthread/mit/pthread.h>
configure:4803: result: no
configure:4803: checking for pthread/mit/pthread.h
configure:4803: result: no
configure:4974: checking size of void *
configure:4979: gcc -o conftest -O2 -I/home/alter0ne/rtk_openwrt_sdk/staging_dir/host/include -D_GNU_SOURCE -I/home/alter0ne/rtk_openwrt_sdk/staging_dir/host/include -L/home/alter0ne/rtk_openwrt_sdk/staging_dir/host/lib conftest.c  >&5
configure:4979: $? = 0
configure:4979: ./conftest
configure:4979: $? = 0
configure:4993: result: 8
configure:5003: checking for odbc in standard locations
configure:5023: result: no
configure:5025: WARNING: No odbc library found skipping odbc
configure:5123: WARNING: "ODBC library - header check failed"
configure:5128: WARNING: "ODBC library - link check failed"
configure:5140: checking if we can add -Werror=return-type to CFLAGS (via CFLAGS)
configure:5155: gcc -c -Werror=return-type -O2 -I/home/alter0ne/rtk_openwrt_sdk/staging_dir/host/include -D_GNU_SOURCE -I/home/alter0ne/rtk_openwrt_sdk/staging_dir/host/include conftest.c >&5
configure:5155: $? = 0
configure:5163: result: yes
configure:5341: creating ./config.status

## ---------------------- ##
## Running config.status. ##
## ---------------------- ##

This file was extended by config.status, which was
generated by GNU Autoconf 2.69.  Invocation command line was

  CONFIG_FILES    = 
  CONFIG_HEADERS  = 
  CONFIG_LINKS    = 
  CONFIG_COMMANDS = 
  $ ./config.status 

on alter0ne-PC

config.status:747: creating c_src/x86_64-pc-linux-gnu/Makefile

## ---------------- ##
## Cache variables. ##
## ---------------- ##

ac_cv_build=x86_64-pc-linux-gnu
ac_cv_c_compiler_gnu=yes
ac_cv_c_const=yes
ac_cv_env_CC_set=set
ac_cv_env_CC_value=gcc
ac_cv_env_CFLAGS_set=set
ac_cv_env_CFLAGS_value='-O2 -I/home/alter0ne/rtk_openwrt_sdk/staging_dir/host/include -D_GNU_SOURCE'
ac_cv_env_CPPFLAGS_set=set
ac_cv_env_CPPFLAGS_value=-I/home/alter0ne/rtk_openwrt_sdk/staging_dir/host/include
ac_cv_env_CPP_set=
ac_cv_env_CPP_value=
ac_cv_env_LDFLAGS_set=set
ac_cv_env_LDFLAGS_value=-L/home/alter0ne/rtk_openwrt_sdk/staging_dir/host/lib
ac_cv_env_LIBS_set=
ac_cv_env_LIBS_value=
ac_cv_env_build_alias_set=set
ac_cv_env_build_alias_value=x86_64-linux-gnu
ac_cv_env_host_alias_set=set
ac_cv_env_host_alias_value=x86_64-linux-gnu
ac_cv_env_target_alias_set=set
ac_cv_env_target_alias_value=x86_64-linux-gnu
ac_cv_func_connect=yes
ac_cv_func_gethostbyname=yes
ac_cv_func_memset=yes
ac_cv_func_socket=yes
ac_cv_header_fcntl_h=yes
ac_cv_header_inttypes_h=yes
ac_cv_header_memory_h=yes
ac_cv_header_netdb_h=yes
ac_cv_header_nptl_pthread_h=no
ac_cv_header_pthread_h=yes
ac_cv_header_pthread_mit_pthread_h=no
ac_cv_header_sql_h=no
ac_cv_header_sqlext_h=no
ac_cv_header_stdc=yes
ac_cv_header_stdint_h=yes
ac_cv_header_stdlib_h=yes
ac_cv_header_string_h=yes
ac_cv_header_strings_h=yes
ac_cv_header_sys_socket_h=yes
ac_cv_header_sys_stat_h=yes
ac_cv_header_sys_types_h=yes
ac_cv_header_unistd_h=yes
ac_cv_header_windows_h=no
ac_cv_header_winsock2_h=no
ac_cv_host=x86_64-pc-linux-gnu
ac_cv_lib_pthread_pthread_create=yes
ac_cv_member_struct_sockaddr_in6_sin6_addr=yes
ac_cv_objext=o
ac_cv_path_EGREP='/home/alter0ne/rtk_openwrt_sdk/staging_dir/host/bin/grep -E'
ac_cv_path_GREP=/home/alter0ne/rtk_openwrt_sdk/staging_dir/host/bin/grep
ac_cv_path_RM=/bin/rm
ac_cv_prog_CC=gcc
ac_cv_prog_CPP='gcc -E'
ac_cv_prog_GETCONF=getconf
ac_cv_prog_LD=x86_64-linux-gnu-ld
ac_cv_prog_cc_c89=
ac_cv_prog_cc_g=yes
ac_cv_prog_make_make_set=yes
ac_cv_sizeof_void_p=8
ac_cv_type_size_t=yes

## ----------------- ##
## Output variables. ##
## ----------------- ##

CC='gcc'
CFLAGS='-Werror=return-type -O2 -I/home/alter0ne/rtk_openwrt_sdk/staging_dir/host/include -D_GNU_SOURCE'
CPP='gcc -E'
CPPFLAGS='-I/home/alter0ne/rtk_openwrt_sdk/staging_dir/host/include'
DEFS='-DPACKAGE_NAME=\"\" -DPACKAGE_TARNAME=\"\" -DPACKAGE_VERSION=\"\" -DPACKAGE_STRING=\"\" -DPACKAGE_BUGREPORT=\"\" -DPACKAGE_URL=\"\" -DSTDC_HEADERS=1 -DHAVE_SYS_TYPES_H=1 -DHAVE_SYS_STAT_H=1 -DHAVE_STDLIB_H=1 -DHAVE_STRING_H=1 -DHAVE_MEMORY_H=1 -DHAVE_STRINGS_H=1 -DHAVE_INTTYPES_H=1 -DHAVE_STDINT_H=1 -DHAVE_UNISTD_H=1 -DHAVE_FCNTL_H=1 -DHAVE_NETDB_H=1 -DHAVE_STDLIB_H=1 -DHAVE_STRING_H=1 -DHAVE_SYS_SOCKET_H=1 -DHAVE_STRUCT_SOCKADDR_IN6_SIN6_ADDR=1 -DHAVE_MEMSET=1 -DHAVE_SOCKET=1 -DHAVE_PTHREAD_H=1 -DSIZEOF_VOID_P=8'
ECHO_C=''
ECHO_N='-n'
ECHO_T=''
EGREP='/home/alter0ne/rtk_openwrt_sdk/staging_dir/host/bin/grep -E'
EXEEXT=''
GETCONF='getconf'
GREP='/home/alter0ne/rtk_openwrt_sdk/staging_dir/host/bin/grep'
LD='x86_64-linux-gnu-ld'
LDFLAGS='-L/home/alter0ne/rtk_openwrt_sdk/staging_dir/host/lib'
LIBOBJS=''
LIBS=''
LTLIBOBJS=''
MIXED_CYGWIN='no'
MIXED_CYGWIN_MINGW='no'
MIXED_CYGWIN_VC='no'
MIXED_MSYS='no'
MIXED_MSYS_VC='no'
MIXED_VC='no'
OBJEXT='o'
ODBC_INCLUDE=''
ODBC_LIB=''
PACKAGE_BUGREPORT=''
PACKAGE_NAME=''
PACKAGE_STRING=''
PACKAGE_TARNAME=''
PACKAGE_URL=''
PACKAGE_VERSION=''
PATH_SEPARATOR=':'
RM='/bin/rm'
SET_MAKE=''
SHELL='/bin/bash'
TARGET_FLAGS='-DUNIX'
THR_DEFS=' -D_THREAD_SAFE -D_REENTRANT -DPOSIX_THREADS -D_POSIX_THREAD_SAFE_FUNCTIONS'
THR_LIBS='-lpthread'
ac_ct_CC=''
bindir='${exec_prefix}/bin'
build='x86_64-pc-linux-gnu'
build_alias='x86_64-linux-gnu'
build_cpu='x86_64'
build_os='linux-gnu'
build_vendor='pc'
datadir='${datarootdir}'
datarootdir='${prefix}/share'
docdir='${datarootdir}/doc/${PACKAGE}'
dvidir='${docdir}'
exec_prefix='/home/alter0ne/rtk_openwrt_sdk/staging_dir/host'
host='x86_64-pc-linux-gnu'
host_alias='x86_64-linux-gnu'
host_cpu='x86_64'
host_os='linux-gnu'
host_vendor='pc'
htmldir='${docdir}'
includedir='${prefix}/include'
infodir='${datarootdir}/info'
libdir='${exec_prefix}/lib'
libexecdir='${exec_prefix}/libexec'
localedir='${datarootdir}/locale'
localstatedir='/home/alter0ne/rtk_openwrt_sdk/staging_dir/host/var'
mandir='${datarootdir}/man'
oldincludedir='/usr/include'
pdfdir='${docdir}'
prefix='/home/alter0ne/rtk_openwrt_sdk/staging_dir/host'
program_transform_name='s,x,x,'
psdir='${docdir}'
sbindir='/home/alter0ne/rtk_openwrt_sdk/staging_dir/host/bin'
sharedstatedir='${prefix}/com'
sysconfdir='/home/alter0ne/rtk_openwrt_sdk/staging_dir/host/etc'
target_alias='x86_64-linux-gnu'

## ----------- ##
## confdefs.h. ##
## ----------- ##

/* confdefs.h */
#define PACKAGE_NAME ""
#define PACKAGE_TARNAME ""
#define PACKAGE_VERSION ""
#define PACKAGE_STRING ""
#define PACKAGE_BUGREPORT ""
#define PACKAGE_URL ""
#define STDC_HEADERS 1
#define HAVE_SYS_TYPES_H 1
#define HAVE_SYS_STAT_H 1
#define HAVE_STDLIB_H 1
#define HAVE_STRING_H 1
#define HAVE_MEMORY_H 1
#define HAVE_STRINGS_H 1
#define HAVE_INTTYPES_H 1
#define HAVE_STDINT_H 1
#define HAVE_UNISTD_H 1
#define HAVE_FCNTL_H 1
#define HAVE_NETDB_H 1
#define HAVE_STDLIB_H 1
#define HAVE_STRING_H 1
#define HAVE_SYS_SOCKET_H 1
#define HAVE_STRUCT_SOCKADDR_IN6_SIN6_ADDR 1
#define HAVE_MEMSET 1
#define HAVE_SOCKET 1
#define HAVE_PTHREAD_H 1
#define SIZEOF_VOID_P 8

configure: exit 0
