This file contains any messages produced by compilers while
running configure, to aid debugging if configure makes a mistake.

It was created by configure, which was
generated by GNU Autoconf 2.69.  Invocation command line was

  $ ./configure --disable-option-checking --prefix=/home/alter0ne/rtk_openwrt_sdk/staging_dir/host CC=gcc CFLAGS=-O2 -I/home/alter0ne/rtk_openwrt_sdk/staging_dir/host/include -D_GNU_SOURCE CPPFLAGS=-I/home/alter0ne/rtk_openwrt_sdk/staging_dir/host/include LDFLAGS=-L/home/alter0ne/rtk_openwrt_sdk/staging_dir/host/lib SHELL=/bin/bash --target=x86_64-linux-gnu --host=x86_64-linux-gnu --build=x86_64-linux-gnu --program-prefix= --program-suffix= --exec-prefix=/home/alter0ne/rtk_openwrt_sdk/staging_dir/host --sysconfdir=/home/alter0ne/rtk_openwrt_sdk/staging_dir/host/etc --localstatedir=/home/alter0ne/rtk_openwrt_sdk/staging_dir/host/var --sbindir=/home/alter0ne/rtk_openwrt_sdk/staging_dir/host/bin --disable-hipe --disable-smp-support --without-javac build_alias=x86_64-linux-gnu host_alias=x86_64-linux-gnu target_alias=x86_64-linux-gnu --cache-file=/dev/null --srcdir=.

## --------- ##
## Platform. ##
## --------- ##

hostname = alter0ne-PC
uname -m = x86_64
uname -r = 5.0.0-32-generic
uname -s = Linux
uname -v = #34~18.04.2-Ubuntu SMP Thu Oct 10 10:36:02 UTC 2019

/usr/bin/uname -p = unknown
/bin/uname -X     = unknown

/bin/arch              = unknown
/usr/bin/arch -k       = unknown
/usr/convex/getsysinfo = unknown
/usr/bin/hostinfo      = unknown
/bin/machine           = unknown
/usr/bin/oslevel       = unknown
/bin/universe          = unknown

PATH: /home/alter0ne/rtk_openwrt_sdk/staging_dir/toolchain-mips-rlx4181-linux/bin
PATH: /home/alter0ne/rtk_openwrt_sdk/staging_dir/rsdk-4.6.4-4181-EB-3.10-0.9.33-m32u-20141001//bin
PATH: /home/alter0ne/rtk_openwrt_sdk/staging_dir/host/bin
PATH: /home/alter0ne/rtk_openwrt_sdk/staging_dir/toolchain-mips-rlx4181-linux/bin
PATH: /home/alter0ne/rtk_openwrt_sdk/staging_dir/rsdk-4.6.4-4181-EB-3.10-0.9.33-m32u-20141001//bin
PATH: /home/alter0ne/rtk_openwrt_sdk/staging_dir/host/bin
PATH: /home/alter0ne/.local/bin
PATH: /home/alter0ne/bin
PATH: /usr/local/sbin
PATH: /usr/local/bin
PATH: /usr/sbin
PATH: /usr/bin
PATH: /sbin
PATH: /bin
PATH: /usr/games
PATH: /usr/local/games
PATH: /snap/bin


## ----------- ##
## Core tests. ##
## ----------- ##

configure:2539: checking build system type
configure:2553: result: x86_64-pc-linux-gnu
configure:2573: checking host system type
configure:2586: result: x86_64-pc-linux-gnu
configure:2631: checking for x86_64-linux-gnu-gcc
configure:2658: result: gcc
configure:2927: checking for C compiler version
configure:2936: gcc --version >&5
gcc (Ubuntu 7.4.0-1ubuntu1~18.04.1) 7.4.0
Copyright (C) 2017 Free Software Foundation, Inc.
This is free software; see the source for copying conditions.  There is NO
warranty; not even for MERCHANTABILITY or FITNESS FOR A PARTICULAR PURPOSE.

configure:2947: $? = 0
configure:2936: gcc -v >&5
Using built-in specs.
COLLECT_GCC=gcc
COLLECT_LTO_WRAPPER=/usr/lib/gcc/x86_64-linux-gnu/7/lto-wrapper
OFFLOAD_TARGET_NAMES=nvptx-none
OFFLOAD_TARGET_DEFAULT=1
Target: x86_64-linux-gnu
Configured with: ../src/configure -v --with-pkgversion='Ubuntu 7.4.0-1ubuntu1~18.04.1' --with-bugurl=file:///usr/share/doc/gcc-7/README.Bugs --enable-languages=c,ada,c++,go,brig,d,fortran,objc,obj-c++ --prefix=/usr --with-gcc-major-version-only --program-suffix=-7 --program-prefix=x86_64-linux-gnu- --enable-shared --enable-linker-build-id --libexecdir=/usr/lib --without-included-gettext --enable-threads=posix --libdir=/usr/lib --enable-nls --with-sysroot=/ --enable-clocale=gnu --enable-libstdcxx-debug --enable-libstdcxx-time=yes --with-default-libstdcxx-abi=new --enable-gnu-unique-object --disable-vtable-verify --enable-libmpx --enable-plugin --enable-default-pie --with-system-zlib --with-target-system-zlib --enable-objc-gc=auto --enable-multiarch --disable-werror --with-arch-32=i686 --with-abi=m64 --with-multilib-list=m32,m64,mx32 --enable-multilib --with-tune=generic --enable-offload-targets=nvptx-none --without-cuda-driver --enable-checking=release --build=x86_64-linux-gnu --host=x86_64-linux-gnu --target=x86_64-linux-gnu
Thread model: posix
gcc version 7.4.0 (Ubuntu 7.4.0-1ubuntu1~18.04.1) 
configure:2947: $? = 0
configure:2936: gcc -V >&5
gcc: error: unrecognized command line option '-V'
gcc: fatal error: no input files
compilation terminated.
configure:2947: $? = 1
configure:2936: gcc -qversion >&5
gcc: error: unrecognized command line option '-qversion'; did you mean '--version'?
gcc: fatal error: no input files
compilation terminated.
configure:2947: $? = 1
configure:2967: checking whether the C compiler works
configure:2989: gcc -O2 -I/home/alter0ne/rtk_openwrt_sdk/staging_dir/host/include -D_GNU_SOURCE -I/home/alter0ne/rtk_openwrt_sdk/staging_dir/host/include -L/home/alter0ne/rtk_openwrt_sdk/staging_dir/host/lib conftest.c  >&5
configure:2993: $? = 0
configure:3041: result: yes
configure:3044: checking for C compiler default output file name
configure:3046: result: a.out
configure:3052: checking for suffix of executables
configure:3059: gcc -o conftest -O2 -I/home/alter0ne/rtk_openwrt_sdk/staging_dir/host/include -D_GNU_SOURCE -I/home/alter0ne/rtk_openwrt_sdk/staging_dir/host/include -L/home/alter0ne/rtk_openwrt_sdk/staging_dir/host/lib conftest.c  >&5
configure:3063: $? = 0
configure:3085: result: 
configure:3107: checking whether we are cross compiling
configure:3115: gcc -o conftest -O2 -I/home/alter0ne/rtk_openwrt_sdk/staging_dir/host/include -D_GNU_SOURCE -I/home/alter0ne/rtk_openwrt_sdk/staging_dir/host/include -L/home/alter0ne/rtk_openwrt_sdk/staging_dir/host/lib conftest.c  >&5
configure:3119: $? = 0
configure:3126: ./conftest
configure:3130: $? = 0
configure:3145: result: no
configure:3150: checking for suffix of object files
configure:3172: gcc -c -O2 -I/home/alter0ne/rtk_openwrt_sdk/staging_dir/host/include -D_GNU_SOURCE -I/home/alter0ne/rtk_openwrt_sdk/staging_dir/host/include conftest.c >&5
configure:3176: $? = 0
configure:3197: result: o
configure:3201: checking whether we are using the GNU C compiler
configure:3220: gcc -c -O2 -I/home/alter0ne/rtk_openwrt_sdk/staging_dir/host/include -D_GNU_SOURCE -I/home/alter0ne/rtk_openwrt_sdk/staging_dir/host/include conftest.c >&5
configure:3220: $? = 0
configure:3229: result: yes
configure:3238: checking whether gcc accepts -g
configure:3258: gcc -c -g -I/home/alter0ne/rtk_openwrt_sdk/staging_dir/host/include conftest.c >&5
configure:3258: $? = 0
configure:3299: result: yes
configure:3316: checking for gcc option to accept ISO C89
configure:3379: gcc  -c -O2 -I/home/alter0ne/rtk_openwrt_sdk/staging_dir/host/include -D_GNU_SOURCE -I/home/alter0ne/rtk_openwrt_sdk/staging_dir/host/include conftest.c >&5
configure:3379: $? = 0
configure:3392: result: none needed
configure:3426: checking for x86_64-linux-gnu-g++
configure:3442: found /usr/bin/x86_64-linux-gnu-g++
configure:3453: result: x86_64-linux-gnu-g++
configure:3524: checking for C++ compiler version
configure:3533: x86_64-linux-gnu-g++ --version >&5
x86_64-linux-gnu-g++ (Ubuntu 7.4.0-1ubuntu1~18.04.1) 7.4.0
Copyright (C) 2017 Free Software Foundation, Inc.
This is free software; see the source for copying conditions.  There is NO
warranty; not even for MERCHANTABILITY or FITNESS FOR A PARTICULAR PURPOSE.

configure:3544: $? = 0
configure:3533: x86_64-linux-gnu-g++ -v >&5
Using built-in specs.
COLLECT_GCC=x86_64-linux-gnu-g++
COLLECT_LTO_WRAPPER=/usr/lib/gcc/x86_64-linux-gnu/7/lto-wrapper
OFFLOAD_TARGET_NAMES=nvptx-none
OFFLOAD_TARGET_DEFAULT=1
Target: x86_64-linux-gnu
Configured with: ../src/configure -v --with-pkgversion='Ubuntu 7.4.0-1ubuntu1~18.04.1' --with-bugurl=file:///usr/share/doc/gcc-7/README.Bugs --enable-languages=c,ada,c++,go,brig,d,fortran,objc,obj-c++ --prefix=/usr --with-gcc-major-version-only --program-suffix=-7 --program-prefix=x86_64-linux-gnu- --enable-shared --enable-linker-build-id --libexecdir=/usr/lib --without-included-gettext --enable-threads=posix --libdir=/usr/lib --enable-nls --with-sysroot=/ --enable-clocale=gnu --enable-libstdcxx-debug --enable-libstdcxx-time=yes --with-default-libstdcxx-abi=new --enable-gnu-unique-object --disable-vtable-verify --enable-libmpx --enable-plugin --enable-default-pie --with-system-zlib --with-target-system-zlib --enable-objc-gc=auto --enable-multiarch --disable-werror --with-arch-32=i686 --with-abi=m64 --with-multilib-list=m32,m64,mx32 --enable-multilib --with-tune=generic --enable-offload-targets=nvptx-none --without-cuda-driver --enable-checking=release --build=x86_64-linux-gnu --host=x86_64-linux-gnu --target=x86_64-linux-gnu
Thread model: posix
gcc version 7.4.0 (Ubuntu 7.4.0-1ubuntu1~18.04.1) 
configure:3544: $? = 0
configure:3533: x86_64-linux-gnu-g++ -V >&5
x86_64-linux-gnu-g++: error: unrecognized command line option '-V'
x86_64-linux-gnu-g++: fatal error: no input files
compilation terminated.
configure:3544: $? = 1
configure:3533: x86_64-linux-gnu-g++ -qversion >&5
x86_64-linux-gnu-g++: error: unrecognized command line option '-qversion'; did you mean '--version'?
x86_64-linux-gnu-g++: fatal error: no input files
compilation terminated.
configure:3544: $? = 1
configure:3548: checking whether we are using the GNU C++ compiler
configure:3567: x86_64-linux-gnu-g++ -c  -I/home/alter0ne/rtk_openwrt_sdk/staging_dir/host/include conftest.cpp >&5
configure:3567: $? = 0
configure:3576: result: yes
configure:3585: checking whether x86_64-linux-gnu-g++ accepts -g
configure:3605: x86_64-linux-gnu-g++ -c -g -I/home/alter0ne/rtk_openwrt_sdk/staging_dir/host/include conftest.cpp >&5
configure:3605: $? = 0
configure:3646: result: yes
configure:3672: checking for x86_64-linux-gnu-ranlib
configure:3688: found /usr/bin/x86_64-linux-gnu-ranlib
configure:3699: result: x86_64-linux-gnu-ranlib
configure:3766: checking how to run the C preprocessor
configure:3797: gcc -E -I/home/alter0ne/rtk_openwrt_sdk/staging_dir/host/include conftest.c
configure:3797: $? = 0
configure:3811: gcc -E -I/home/alter0ne/rtk_openwrt_sdk/staging_dir/host/include conftest.c
conftest.c:9:10: fatal error: ac_nonexistent.h: No such file or directory
 #include <ac_nonexistent.h>
          ^~~~~~~~~~~~~~~~~~
compilation terminated.
configure:3811: $? = 1
configure: failed program was:
| /* confdefs.h */
| #define PACKAGE_NAME ""
| #define PACKAGE_TARNAME ""
| #define PACKAGE_VERSION ""
| #define PACKAGE_STRING ""
| #define PACKAGE_BUGREPORT ""
| #define PACKAGE_URL ""
| /* end confdefs.h.  */
| #include <ac_nonexistent.h>
configure:3836: result: gcc -E
configure:3856: gcc -E -I/home/alter0ne/rtk_openwrt_sdk/staging_dir/host/include conftest.c
configure:3856: $? = 0
configure:3870: gcc -E -I/home/alter0ne/rtk_openwrt_sdk/staging_dir/host/include conftest.c
conftest.c:9:10: fatal error: ac_nonexistent.h: No such file or directory
 #include <ac_nonexistent.h>
          ^~~~~~~~~~~~~~~~~~
compilation terminated.
configure:3870: $? = 1
configure: failed program was:
| /* confdefs.h */
| #define PACKAGE_NAME ""
| #define PACKAGE_TARNAME ""
| #define PACKAGE_VERSION ""
| #define PACKAGE_STRING ""
| #define PACKAGE_BUGREPORT ""
| #define PACKAGE_URL ""
| /* end confdefs.h.  */
| #include <ac_nonexistent.h>
configure:3899: Building for linux-gnu
configure:3907: checking for mixed cygwin or msys and native VC++ environment
configure:3930: result: no
configure:3946: checking for mixed cygwin and native MinGW environment
configure:3962: result: no
configure:3971: checking if we mix cygwin with any native compiler
configure:3977: result: no
configure:3983: checking if we mix msys with another native compiler
configure:3989: result: no
configure:4004: checking for grep that handles long lines and -e
configure:4062: result: /home/alter0ne/rtk_openwrt_sdk/staging_dir/host/bin/grep
configure:4067: checking for egrep
configure:4129: result: /home/alter0ne/rtk_openwrt_sdk/staging_dir/host/bin/grep -E
configure:4134: checking for ANSI C header files
configure:4154: gcc -c -O2 -I/home/alter0ne/rtk_openwrt_sdk/staging_dir/host/include -D_GNU_SOURCE -I/home/alter0ne/rtk_openwrt_sdk/staging_dir/host/include conftest.c >&5
configure:4154: $? = 0
configure:4227: gcc -o conftest -O2 -I/home/alter0ne/rtk_openwrt_sdk/staging_dir/host/include -D_GNU_SOURCE -I/home/alter0ne/rtk_openwrt_sdk/staging_dir/host/include -L/home/alter0ne/rtk_openwrt_sdk/staging_dir/host/lib conftest.c  >&5
configure:4227: $? = 0
configure:4227: ./conftest
configure:4227: $? = 0
configure:4238: result: yes
configure:4251: checking for sys/types.h
configure:4251: gcc -c -O2 -I/home/alter0ne/rtk_openwrt_sdk/staging_dir/host/include -D_GNU_SOURCE -I/home/alter0ne/rtk_openwrt_sdk/staging_dir/host/include conftest.c >&5
configure:4251: $? = 0
configure:4251: result: yes
configure:4251: checking for sys/stat.h
configure:4251: gcc -c -O2 -I/home/alter0ne/rtk_openwrt_sdk/staging_dir/host/include -D_GNU_SOURCE -I/home/alter0ne/rtk_openwrt_sdk/staging_dir/host/include conftest.c >&5
configure:4251: $? = 0
configure:4251: result: yes
configure:4251: checking for stdlib.h
configure:4251: gcc -c -O2 -I/home/alter0ne/rtk_openwrt_sdk/staging_dir/host/include -D_GNU_SOURCE -I/home/alter0ne/rtk_openwrt_sdk/staging_dir/host/include conftest.c >&5
configure:4251: $? = 0
configure:4251: result: yes
configure:4251: checking for string.h
configure:4251: gcc -c -O2 -I/home/alter0ne/rtk_openwrt_sdk/staging_dir/host/include -D_GNU_SOURCE -I/home/alter0ne/rtk_openwrt_sdk/staging_dir/host/include conftest.c >&5
configure:4251: $? = 0
configure:4251: result: yes
configure:4251: checking for memory.h
configure:4251: gcc -c -O2 -I/home/alter0ne/rtk_openwrt_sdk/staging_dir/host/include -D_GNU_SOURCE -I/home/alter0ne/rtk_openwrt_sdk/staging_dir/host/include conftest.c >&5
configure:4251: $? = 0
configure:4251: result: yes
configure:4251: checking for strings.h
configure:4251: gcc -c -O2 -I/home/alter0ne/rtk_openwrt_sdk/staging_dir/host/include -D_GNU_SOURCE -I/home/alter0ne/rtk_openwrt_sdk/staging_dir/host/include conftest.c >&5
configure:4251: $? = 0
configure:4251: result: yes
configure:4251: checking for inttypes.h
configure:4251: gcc -c -O2 -I/home/alter0ne/rtk_openwrt_sdk/staging_dir/host/include -D_GNU_SOURCE -I/home/alter0ne/rtk_openwrt_sdk/staging_dir/host/include conftest.c >&5
configure:4251: $? = 0
configure:4251: result: yes
configure:4251: checking for stdint.h
configure:4251: gcc -c -O2 -I/home/alter0ne/rtk_openwrt_sdk/staging_dir/host/include -D_GNU_SOURCE -I/home/alter0ne/rtk_openwrt_sdk/staging_dir/host/include conftest.c >&5
configure:4251: $? = 0
configure:4251: result: yes
configure:4251: checking for unistd.h
configure:4251: gcc -c -O2 -I/home/alter0ne/rtk_openwrt_sdk/staging_dir/host/include -D_GNU_SOURCE -I/home/alter0ne/rtk_openwrt_sdk/staging_dir/host/include conftest.c >&5
configure:4251: $? = 0
configure:4251: result: yes
configure:4267: checking size of void *
configure:4272: gcc -o conftest -O2 -I/home/alter0ne/rtk_openwrt_sdk/staging_dir/host/include -D_GNU_SOURCE -I/home/alter0ne/rtk_openwrt_sdk/staging_dir/host/include -L/home/alter0ne/rtk_openwrt_sdk/staging_dir/host/lib conftest.c  >&5
configure:4272: $? = 0
configure:4272: ./conftest
configure:4272: $? = 0
configure:4286: result: 8
configure:4460: checking GL/gl.h usability
configure:4460: gcc -c -g -Wall -O2 -fPIC -O2 -I/home/alter0ne/rtk_openwrt_sdk/staging_dir/host/include -D_GNU_SOURCE -Wno-deprecated-declarations -fomit-frame-pointer -fno-strict-aliasing -I/home/alter0ne/rtk_openwrt_sdk/staging_dir/host/include -D_GNU_SOURCE -D_THREAD_SAFE -D_REENTRANT conftest.c >&5
configure:4460: $? = 0
configure:4460: result: yes
configure:4460: checking GL/gl.h presence
configure:4460: gcc -E -I/home/alter0ne/rtk_openwrt_sdk/staging_dir/host/include -D_GNU_SOURCE -D_THREAD_SAFE -D_REENTRANT conftest.c
configure:4460: $? = 0
configure:4460: result: yes
configure:4460: checking for GL/gl.h
configure:4460: result: yes
configure:4550: checking GL/glu.h usability
configure:4550: gcc -c -g -Wall -O2 -fPIC -O2 -I/home/alter0ne/rtk_openwrt_sdk/staging_dir/host/include -D_GNU_SOURCE -Wno-deprecated-declarations -fomit-frame-pointer -fno-strict-aliasing -I/home/alter0ne/rtk_openwrt_sdk/staging_dir/host/include -D_GNU_SOURCE -D_THREAD_SAFE -D_REENTRANT conftest.c >&5
configure:4550: $? = 0
configure:4550: result: yes
configure:4550: checking GL/glu.h presence
configure:4550: gcc -E -I/home/alter0ne/rtk_openwrt_sdk/staging_dir/host/include -D_GNU_SOURCE -D_THREAD_SAFE -D_REENTRANT conftest.c
configure:4550: $? = 0
configure:4550: result: yes
configure:4550: checking for GL/glu.h
configure:4550: result: yes
configure:4763: checking for debug build of wxWidgets
configure:4797: checking for wx-config
configure:4816: found /usr/bin/wx-config
configure:4829: result: /usr/bin/wx-config
configure:4847: checking for wxWidgets version >= 2.8.4 (--unicode --debug=yes)
configure:4890: result: yes (version 3.0.4)
configure:4894: checking for wxWidgets static library
configure:4898: result: no
configure:5040: checking for standard build of wxWidgets
configure:5073: checking for wx-config
configure:5105: result: /usr/bin/wx-config
configure:5123: checking for wxWidgets version >= 2.8.4 (--unicode --debug=no)
configure:5166: result: yes (version 3.0.4)
configure:5170: checking for wxWidgets static library
configure:5174: result: no
configure:5489: checking if wxwidgets have opengl support
configure:5523: x86_64-linux-gnu-g++ -c  -g -Wall -O2 -fPIC -O2 -I/home/alter0ne/rtk_openwrt_sdk/staging_dir/host/include -D_GNU_SOURCE -Wno-deprecated-declarations -fomit-frame-pointer -fno-strict-aliasing -I/home/alter0ne/rtk_openwrt_sdk/staging_dir/host/include -D_GNU_SOURCE -D_THREAD_SAFE -D_REENTRANT -I/usr/lib/x86_64-linux-gnu/wx/include/gtk2-unicode-3.0 -I/usr/include/wx-3.0 -D_FILE_OFFSET_BITS=64 -DWXUSINGDLL -D__WXGTK__ -pthread -I/home/alter0ne/rtk_openwrt_sdk/staging_dir/host/include -D_GNU_SOURCE -D_THREAD_SAFE -D_REENTRANT conftest.cpp >&5
configure:5523: $? = 0
configure:5540: result: yes
configure:5550: checking for GLintptr
configure:5550: gcc -c -g -Wall -O2 -fPIC -O2 -I/home/alter0ne/rtk_openwrt_sdk/staging_dir/host/include -D_GNU_SOURCE -Wno-deprecated-declarations -fomit-frame-pointer -fno-strict-aliasing -I/home/alter0ne/rtk_openwrt_sdk/staging_dir/host/include -D_GNU_SOURCE -D_THREAD_SAFE -D_REENTRANT  -I/home/alter0ne/rtk_openwrt_sdk/staging_dir/host/include -D_GNU_SOURCE -D_THREAD_SAFE -D_REENTRANT conftest.c >&5
configure:5550: $? = 0
configure:5550: gcc -c -g -Wall -O2 -fPIC -O2 -I/home/alter0ne/rtk_openwrt_sdk/staging_dir/host/include -D_GNU_SOURCE -Wno-deprecated-declarations -fomit-frame-pointer -fno-strict-aliasing -I/home/alter0ne/rtk_openwrt_sdk/staging_dir/host/include -D_GNU_SOURCE -D_THREAD_SAFE -D_REENTRANT  -I/home/alter0ne/rtk_openwrt_sdk/staging_dir/host/include -D_GNU_SOURCE -D_THREAD_SAFE -D_REENTRANT conftest.c >&5
conftest.c: In function 'main':
conftest.c:36:23: error: expected expression before ')' token
 if (sizeof ((GLintptr)))
                       ^
configure:5550: $? = 1
configure: failed program was:
| /* confdefs.h */
| #define PACKAGE_NAME ""
| #define PACKAGE_TARNAME ""
| #define PACKAGE_VERSION ""
| #define PACKAGE_STRING ""
| #define PACKAGE_BUGREPORT ""
| #define PACKAGE_URL ""
| #define STDC_HEADERS 1
| #define HAVE_SYS_TYPES_H 1
| #define HAVE_SYS_STAT_H 1
| #define HAVE_STDLIB_H 1
| #define HAVE_STRING_H 1
| #define HAVE_MEMORY_H 1
| #define HAVE_STRINGS_H 1
| #define HAVE_INTTYPES_H 1
| #define HAVE_STDINT_H 1
| #define HAVE_UNISTD_H 1
| #define SIZEOF_VOID_P 8
| #define HAVE_GL_GL_H 1
| #define HAVE_GL_GLU_H 1
| #define HAVE_GL_SUPPORT 1
| /* end confdefs.h.  */
| #ifdef WIN32
| 		# include <windows.h>
| 	        # include <gl/gl.h>
| 	        #elif defined(HAVE_GL_GL_H)
| 	        # include <GL/gl.h>
|                 #elif defined(HAVE_OPENGL_GL_H)
| 		# include <OpenGL/gl.h>
| 		#endif
| 
| 
| int
| main ()
| {
| if (sizeof ((GLintptr)))
| 	    return 0;
|   ;
|   return 0;
| }
configure:5550: result: yes
configure:5568: checking for GLintptrARB
configure:5568: gcc -c -g -Wall -O2 -fPIC -O2 -I/home/alter0ne/rtk_openwrt_sdk/staging_dir/host/include -D_GNU_SOURCE -Wno-deprecated-declarations -fomit-frame-pointer -fno-strict-aliasing -I/home/alter0ne/rtk_openwrt_sdk/staging_dir/host/include -D_GNU_SOURCE -D_THREAD_SAFE -D_REENTRANT  -I/home/alter0ne/rtk_openwrt_sdk/staging_dir/host/include -D_GNU_SOURCE -D_THREAD_SAFE -D_REENTRANT conftest.c >&5
configure:5568: $? = 0
configure:5568: gcc -c -g -Wall -O2 -fPIC -O2 -I/home/alter0ne/rtk_openwrt_sdk/staging_dir/host/include -D_GNU_SOURCE -Wno-deprecated-declarations -fomit-frame-pointer -fno-strict-aliasing -I/home/alter0ne/rtk_openwrt_sdk/staging_dir/host/include -D_GNU_SOURCE -D_THREAD_SAFE -D_REENTRANT  -I/home/alter0ne/rtk_openwrt_sdk/staging_dir/host/include -D_GNU_SOURCE -D_THREAD_SAFE -D_REENTRANT conftest.c >&5
conftest.c: In function 'main':
conftest.c:37:26: error: expected expression before ')' token
 if (sizeof ((GLintptrARB)))
                          ^
configure:5568: $? = 1
configure: failed program was:
| /* confdefs.h */
| #define PACKAGE_NAME ""
| #define PACKAGE_TARNAME ""
| #define PACKAGE_VERSION ""
| #define PACKAGE_STRING ""
| #define PACKAGE_BUGREPORT ""
| #define PACKAGE_URL ""
| #define STDC_HEADERS 1
| #define HAVE_SYS_TYPES_H 1
| #define HAVE_SYS_STAT_H 1
| #define HAVE_STDLIB_H 1
| #define HAVE_STRING_H 1
| #define HAVE_MEMORY_H 1
| #define HAVE_STRINGS_H 1
| #define HAVE_INTTYPES_H 1
| #define HAVE_STDINT_H 1
| #define HAVE_UNISTD_H 1
| #define SIZEOF_VOID_P 8
| #define HAVE_GL_GL_H 1
| #define HAVE_GL_GLU_H 1
| #define HAVE_GL_SUPPORT 1
| #define HAVE_GLINTPTR 1
| /* end confdefs.h.  */
| #ifdef WIN32
| 		# include <windows.h>
| 	        # include <gl/gl.h>
| 	        #elif defined(HAVE_GL_GL_H)
| 	        # include <GL/gl.h>
|                 #elif defined(HAVE_OPENGL_GL_H)
| 		# include <OpenGL/gl.h>
| 		#endif
| 
| 
| int
| main ()
| {
| if (sizeof ((GLintptrARB)))
| 	    return 0;
|   ;
|   return 0;
| }
configure:5568: result: yes
configure:5586: checking for GLchar
configure:5586: gcc -c -g -Wall -O2 -fPIC -O2 -I/home/alter0ne/rtk_openwrt_sdk/staging_dir/host/include -D_GNU_SOURCE -Wno-deprecated-declarations -fomit-frame-pointer -fno-strict-aliasing -I/home/alter0ne/rtk_openwrt_sdk/staging_dir/host/include -D_GNU_SOURCE -D_THREAD_SAFE -D_REENTRANT  -I/home/alter0ne/rtk_openwrt_sdk/staging_dir/host/include -D_GNU_SOURCE -D_THREAD_SAFE -D_REENTRANT conftest.c >&5
configure:5586: $? = 0
configure:5586: gcc -c -g -Wall -O2 -fPIC -O2 -I/home/alter0ne/rtk_openwrt_sdk/staging_dir/host/include -D_GNU_SOURCE -Wno-deprecated-declarations -fomit-frame-pointer -fno-strict-aliasing -I/home/alter0ne/rtk_openwrt_sdk/staging_dir/host/include -D_GNU_SOURCE -D_THREAD_SAFE -D_REENTRANT  -I/home/alter0ne/rtk_openwrt_sdk/staging_dir/host/include -D_GNU_SOURCE -D_THREAD_SAFE -D_REENTRANT conftest.c >&5
conftest.c: In function 'main':
conftest.c:38:21: error: expected expression before ')' token
 if (sizeof ((GLchar)))
                     ^
configure:5586: $? = 1
configure: failed program was:
| /* confdefs.h */
| #define PACKAGE_NAME ""
| #define PACKAGE_TARNAME ""
| #define PACKAGE_VERSION ""
| #define PACKAGE_STRING ""
| #define PACKAGE_BUGREPORT ""
| #define PACKAGE_URL ""
| #define STDC_HEADERS 1
| #define HAVE_SYS_TYPES_H 1
| #define HAVE_SYS_STAT_H 1
| #define HAVE_STDLIB_H 1
| #define HAVE_STRING_H 1
| #define HAVE_MEMORY_H 1
| #define HAVE_STRINGS_H 1
| #define HAVE_INTTYPES_H 1
| #define HAVE_STDINT_H 1
| #define HAVE_UNISTD_H 1
| #define SIZEOF_VOID_P 8
| #define HAVE_GL_GL_H 1
| #define HAVE_GL_GLU_H 1
| #define HAVE_GL_SUPPORT 1
| #define HAVE_GLINTPTR 1
| #define HAVE_GLINTPTRARB 1
| /* end confdefs.h.  */
| #ifdef WIN32
| 		# include <windows.h>
| 	        # include <gl/gl.h>
| 	        #elif defined(HAVE_GL_GL_H)
| 	        # include <GL/gl.h>
|                 #elif defined(HAVE_OPENGL_GL_H)
| 		# include <OpenGL/gl.h>
| 		#endif
| 
| 
| int
| main ()
| {
| if (sizeof ((GLchar)))
| 	    return 0;
|   ;
|   return 0;
| }
configure:5586: result: yes
configure:5604: checking for GLcharARB
configure:5604: gcc -c -g -Wall -O2 -fPIC -O2 -I/home/alter0ne/rtk_openwrt_sdk/staging_dir/host/include -D_GNU_SOURCE -Wno-deprecated-declarations -fomit-frame-pointer -fno-strict-aliasing -I/home/alter0ne/rtk_openwrt_sdk/staging_dir/host/include -D_GNU_SOURCE -D_THREAD_SAFE -D_REENTRANT  -I/home/alter0ne/rtk_openwrt_sdk/staging_dir/host/include -D_GNU_SOURCE -D_THREAD_SAFE -D_REENTRANT conftest.c >&5
configure:5604: $? = 0
configure:5604: gcc -c -g -Wall -O2 -fPIC -O2 -I/home/alter0ne/rtk_openwrt_sdk/staging_dir/host/include -D_GNU_SOURCE -Wno-deprecated-declarations -fomit-frame-pointer -fno-strict-aliasing -I/home/alter0ne/rtk_openwrt_sdk/staging_dir/host/include -D_GNU_SOURCE -D_THREAD_SAFE -D_REENTRANT  -I/home/alter0ne/rtk_openwrt_sdk/staging_dir/host/include -D_GNU_SOURCE -D_THREAD_SAFE -D_REENTRANT conftest.c >&5
conftest.c: In function 'main':
conftest.c:39:24: error: expected expression before ')' token
 if (sizeof ((GLcharARB)))
                        ^
configure:5604: $? = 1
configure: failed program was:
| /* confdefs.h */
| #define PACKAGE_NAME ""
| #define PACKAGE_TARNAME ""
| #define PACKAGE_VERSION ""
| #define PACKAGE_STRING ""
| #define PACKAGE_BUGREPORT ""
| #define PACKAGE_URL ""
| #define STDC_HEADERS 1
| #define HAVE_SYS_TYPES_H 1
| #define HAVE_SYS_STAT_H 1
| #define HAVE_STDLIB_H 1
| #define HAVE_STRING_H 1
| #define HAVE_MEMORY_H 1
| #define HAVE_STRINGS_H 1
| #define HAVE_INTTYPES_H 1
| #define HAVE_STDINT_H 1
| #define HAVE_UNISTD_H 1
| #define SIZEOF_VOID_P 8
| #define HAVE_GL_GL_H 1
| #define HAVE_GL_GLU_H 1
| #define HAVE_GL_SUPPORT 1
| #define HAVE_GLINTPTR 1
| #define HAVE_GLINTPTRARB 1
| #define HAVE_GLCHAR 1
| /* end confdefs.h.  */
| #ifdef WIN32
| 		# include <windows.h>
| 	        # include <gl/gl.h>
| 	        #elif defined(HAVE_GL_GL_H)
| 	        # include <GL/gl.h>
|                 #elif defined(HAVE_OPENGL_GL_H)
| 		# include <OpenGL/gl.h>
| 		#endif
| 
| 
| int
| main ()
| {
| if (sizeof ((GLcharARB)))
| 	    return 0;
|   ;
|   return 0;
| }
configure:5604: result: yes
configure:5622: checking for GLhalfARB
configure:5622: gcc -c -g -Wall -O2 -fPIC -O2 -I/home/alter0ne/rtk_openwrt_sdk/staging_dir/host/include -D_GNU_SOURCE -Wno-deprecated-declarations -fomit-frame-pointer -fno-strict-aliasing -I/home/alter0ne/rtk_openwrt_sdk/staging_dir/host/include -D_GNU_SOURCE -D_THREAD_SAFE -D_REENTRANT  -I/home/alter0ne/rtk_openwrt_sdk/staging_dir/host/include -D_GNU_SOURCE -D_THREAD_SAFE -D_REENTRANT conftest.c >&5
configure:5622: $? = 0
configure:5622: gcc -c -g -Wall -O2 -fPIC -O2 -I/home/alter0ne/rtk_openwrt_sdk/staging_dir/host/include -D_GNU_SOURCE -Wno-deprecated-declarations -fomit-frame-pointer -fno-strict-aliasing -I/home/alter0ne/rtk_openwrt_sdk/staging_dir/host/include -D_GNU_SOURCE -D_THREAD_SAFE -D_REENTRANT  -I/home/alter0ne/rtk_openwrt_sdk/staging_dir/host/include -D_GNU_SOURCE -D_THREAD_SAFE -D_REENTRANT conftest.c >&5
conftest.c: In function 'main':
conftest.c:40:24: error: expected expression before ')' token
 if (sizeof ((GLhalfARB)))
                        ^
configure:5622: $? = 1
configure: failed program was:
| /* confdefs.h */
| #define PACKAGE_NAME ""
| #define PACKAGE_TARNAME ""
| #define PACKAGE_VERSION ""
| #define PACKAGE_STRING ""
| #define PACKAGE_BUGREPORT ""
| #define PACKAGE_URL ""
| #define STDC_HEADERS 1
| #define HAVE_SYS_TYPES_H 1
| #define HAVE_SYS_STAT_H 1
| #define HAVE_STDLIB_H 1
| #define HAVE_STRING_H 1
| #define HAVE_MEMORY_H 1
| #define HAVE_STRINGS_H 1
| #define HAVE_INTTYPES_H 1
| #define HAVE_STDINT_H 1
| #define HAVE_UNISTD_H 1
| #define SIZEOF_VOID_P 8
| #define HAVE_GL_GL_H 1
| #define HAVE_GL_GLU_H 1
| #define HAVE_GL_SUPPORT 1
| #define HAVE_GLINTPTR 1
| #define HAVE_GLINTPTRARB 1
| #define HAVE_GLCHAR 1
| #define HAVE_GLCHARARB 1
| /* end confdefs.h.  */
| #ifdef WIN32
| 		# include <windows.h>
| 	        # include <gl/gl.h>
| 	        #elif defined(HAVE_GL_GL_H)
| 	        # include <GL/gl.h>
|                 #elif defined(HAVE_OPENGL_GL_H)
| 		# include <OpenGL/gl.h>
| 		#endif
| 
| 
| int
| main ()
| {
| if (sizeof ((GLhalfARB)))
| 	    return 0;
|   ;
|   return 0;
| }
configure:5622: result: yes
configure:5640: checking for GLint64EXT
configure:5640: gcc -c -g -Wall -O2 -fPIC -O2 -I/home/alter0ne/rtk_openwrt_sdk/staging_dir/host/include -D_GNU_SOURCE -Wno-deprecated-declarations -fomit-frame-pointer -fno-strict-aliasing -I/home/alter0ne/rtk_openwrt_sdk/staging_dir/host/include -D_GNU_SOURCE -D_THREAD_SAFE -D_REENTRANT  -I/home/alter0ne/rtk_openwrt_sdk/staging_dir/host/include -D_GNU_SOURCE -D_THREAD_SAFE -D_REENTRANT conftest.c >&5
configure:5640: $? = 0
configure:5640: gcc -c -g -Wall -O2 -fPIC -O2 -I/home/alter0ne/rtk_openwrt_sdk/staging_dir/host/include -D_GNU_SOURCE -Wno-deprecated-declarations -fomit-frame-pointer -fno-strict-aliasing -I/home/alter0ne/rtk_openwrt_sdk/staging_dir/host/include -D_GNU_SOURCE -D_THREAD_SAFE -D_REENTRANT  -I/home/alter0ne/rtk_openwrt_sdk/staging_dir/host/include -D_GNU_SOURCE -D_THREAD_SAFE -D_REENTRANT conftest.c >&5
conftest.c: In function 'main':
conftest.c:41:25: error: expected expression before ')' token
 if (sizeof ((GLint64EXT)))
                         ^
configure:5640: $? = 1
configure: failed program was:
| /* confdefs.h */
| #define PACKAGE_NAME ""
| #define PACKAGE_TARNAME ""
| #define PACKAGE_VERSION ""
| #define PACKAGE_STRING ""
| #define PACKAGE_BUGREPORT ""
| #define PACKAGE_URL ""
| #define STDC_HEADERS 1
| #define HAVE_SYS_TYPES_H 1
| #define HAVE_SYS_STAT_H 1
| #define HAVE_STDLIB_H 1
| #define HAVE_STRING_H 1
| #define HAVE_MEMORY_H 1
| #define HAVE_STRINGS_H 1
| #define HAVE_INTTYPES_H 1
| #define HAVE_STDINT_H 1
| #define HAVE_UNISTD_H 1
| #define SIZEOF_VOID_P 8
| #define HAVE_GL_GL_H 1
| #define HAVE_GL_GLU_H 1
| #define HAVE_GL_SUPPORT 1
| #define HAVE_GLINTPTR 1
| #define HAVE_GLINTPTRARB 1
| #define HAVE_GLCHAR 1
| #define HAVE_GLCHARARB 1
| #define HAVE_GLHALFARB 1
| /* end confdefs.h.  */
| #ifdef WIN32
| 		# include <windows.h>
| 	        # include <gl/gl.h>
| 	        #elif defined(HAVE_GL_GL_H)
| 	        # include <GL/gl.h>
|                 #elif defined(HAVE_OPENGL_GL_H)
| 		# include <OpenGL/gl.h>
| 		#endif
| 
| 
| int
| main ()
| {
| if (sizeof ((GLint64EXT)))
| 	    return 0;
|   ;
|   return 0;
| }
configure:5640: result: yes
configure:5661: checking GLU Callbacks uses Tiger Style
configure:5699: x86_64-linux-gnu-g++ -c  -g -Wall -O2 -fPIC -O2 -I/home/alter0ne/rtk_openwrt_sdk/staging_dir/host/include -D_GNU_SOURCE -Wno-deprecated-declarations -fomit-frame-pointer -fno-strict-aliasing -I/home/alter0ne/rtk_openwrt_sdk/staging_dir/host/include -D_GNU_SOURCE -D_THREAD_SAFE -D_REENTRANT -I/usr/lib/x86_64-linux-gnu/wx/include/gtk2-unicode-3.0 -I/usr/include/wx-3.0 -D_FILE_OFFSET_BITS=64 -DWXUSINGDLL -D__WXGTK__ -pthread -I/home/alter0ne/rtk_openwrt_sdk/staging_dir/host/include -D_GNU_SOURCE -D_THREAD_SAFE -D_REENTRANT conftest.cpp >&5
conftest.cpp: In function 'int main()':
conftest.cpp:48:43: error: invalid conversion from 'GLvoid (*)(...) {aka void (*)(...)}' to '_GLUfuncptr {aka void (*)()}' [-fpermissive]
      gluTessCallback(tess,GLU_TESS_VERTEX,(GLvoid (*)(...)) foo);
                                           ^~~~~~~~~~~~~~~~~~~~~
In file included from conftest.cpp:34:0:
/usr/include/GL/glu.h:340:23: note:   initializing argument 3 of 'void gluTessCallback(GLUtesselator*, GLenum, _GLUfuncptr)'
 GLAPI void GLAPIENTRY gluTessCallback (GLUtesselator* tess, GLenum which, _GLUfuncptr CallBackFunc);
                       ^~~~~~~~~~~~~~~
configure:5699: $? = 1
configure: failed program was:
| /* confdefs.h */
| #define PACKAGE_NAME ""
| #define PACKAGE_TARNAME ""
| #define PACKAGE_VERSION ""
| #define PACKAGE_STRING ""
| #define PACKAGE_BUGREPORT ""
| #define PACKAGE_URL ""
| #define STDC_HEADERS 1
| #define HAVE_SYS_TYPES_H 1
| #define HAVE_SYS_STAT_H 1
| #define HAVE_STDLIB_H 1
| #define HAVE_STRING_H 1
| #define HAVE_MEMORY_H 1
| #define HAVE_STRINGS_H 1
| #define HAVE_INTTYPES_H 1
| #define HAVE_STDINT_H 1
| #define HAVE_UNISTD_H 1
| #define SIZEOF_VOID_P 8
| #define HAVE_GL_GL_H 1
| #define HAVE_GL_GLU_H 1
| #define HAVE_GL_SUPPORT 1
| #define HAVE_GLINTPTR 1
| #define HAVE_GLINTPTRARB 1
| #define HAVE_GLCHAR 1
| #define HAVE_GLCHARARB 1
| #define HAVE_GLHALFARB 1
| #define HAVE_GLINT64EXT 1
| /* end confdefs.h.  */
| 
|                 #ifdef WIN32
| 		# include <windows.h>
| 	        # include <gl/glu.h>
| 	        #elif defined(HAVE_GL_GL_H)
| 	        # include <GL/glu.h>
|                 #elif defined(HAVE_OPENGL_GL_H)
| 		# include <OpenGL/glu.h>
| 		#endif
| 		#ifndef CALLBACK
| 		# define CALLBACK
| 		#endif
| 		void CALLBACK foo() {};
| 
| int
| main ()
| {
| 
| 		   GLUtesselator* tess;
| 		   gluTessCallback(tess,GLU_TESS_VERTEX,(GLvoid (*)(...)) foo);
| 
|   ;
|   return 0;
| }
configure:5708: result: no
configure:5715: checking for wx/stc/stc.h
configure:5715: x86_64-linux-gnu-g++ -c  -g -Wall -O2 -fPIC -O2 -I/home/alter0ne/rtk_openwrt_sdk/staging_dir/host/include -D_GNU_SOURCE -Wno-deprecated-declarations -fomit-frame-pointer -fno-strict-aliasing -I/home/alter0ne/rtk_openwrt_sdk/staging_dir/host/include -D_GNU_SOURCE -D_THREAD_SAFE -D_REENTRANT -I/usr/lib/x86_64-linux-gnu/wx/include/gtk2-unicode-3.0 -I/usr/include/wx-3.0 -D_FILE_OFFSET_BITS=64 -DWXUSINGDLL -D__WXGTK__ -pthread -I/home/alter0ne/rtk_openwrt_sdk/staging_dir/host/include -D_GNU_SOURCE -D_THREAD_SAFE -D_REENTRANT conftest.cpp >&5
configure:5715: $? = 0
configure:5715: result: yes
configure:5737: checking if we can link wxwidgets programs
configure:5776: x86_64-linux-gnu-g++ -o conftest  -g -Wall -O2 -fPIC -O2 -I/home/alter0ne/rtk_openwrt_sdk/staging_dir/host/include -D_GNU_SOURCE -Wno-deprecated-declarations -fomit-frame-pointer -fno-strict-aliasing -I/home/alter0ne/rtk_openwrt_sdk/staging_dir/host/include -D_GNU_SOURCE -D_THREAD_SAFE -D_REENTRANT -I/usr/lib/x86_64-linux-gnu/wx/include/gtk2-unicode-3.0 -I/usr/include/wx-3.0 -D_FILE_OFFSET_BITS=64 -DWXUSINGDLL -D__WXGTK__ -pthread -I/home/alter0ne/rtk_openwrt_sdk/staging_dir/host/include -D_GNU_SOURCE -D_THREAD_SAFE -D_REENTRANT -shared -fPIC -L/home/alter0ne/rtk_openwrt_sdk/staging_dir/host/lib conftest.cpp  >&5
conftest.cpp: In member function 'virtual bool MyApp::OnInit()':
conftest.cpp:50:29: warning: unused variable 'foo' [-Wunused-variable]
          wxStyledTextCtrl * foo = new wxStyledTextCtrl();
                             ^~~
conftest.cpp:51:23: warning: unused variable 'bar' [-Wunused-variable]
          wxGLCanvas * bar = new wxGLCanvas((wxWindow *) NULL, -1,
                       ^~~
configure:5776: $? = 0
configure:5796: result: yes
configure:5812: checking if we can add -Werror=return-type to CFLAGS (via CFLAGS)
configure:5827: gcc -c -Werror=return-type -g -Wall -O2 -fPIC -O2 -I/home/alter0ne/rtk_openwrt_sdk/staging_dir/host/include -D_GNU_SOURCE -Wno-deprecated-declarations -fomit-frame-pointer -fno-strict-aliasing -I/home/alter0ne/rtk_openwrt_sdk/staging_dir/host/include -D_GNU_SOURCE -D_THREAD_SAFE -D_REENTRANT  -I/home/alter0ne/rtk_openwrt_sdk/staging_dir/host/include -D_GNU_SOURCE -D_THREAD_SAFE -D_REENTRANT conftest.c >&5
configure:5827: $? = 0
configure:5835: result: yes
configure:5844: checking if we can add -Werror=return-type to CXXFLAGS (via CFLAGS)
configure:5859: gcc -c -Werror=return-type  -g -Wall -O2 -fPIC -O2 -I/home/alter0ne/rtk_openwrt_sdk/staging_dir/host/include -D_GNU_SOURCE -Wno-deprecated-declarations -fomit-frame-pointer -fno-strict-aliasing -I/home/alter0ne/rtk_openwrt_sdk/staging_dir/host/include -D_GNU_SOURCE -D_THREAD_SAFE -D_REENTRANT -I/home/alter0ne/rtk_openwrt_sdk/staging_dir/host/include -D_GNU_SOURCE -D_THREAD_SAFE -D_REENTRANT conftest.c >&5
configure:5859: $? = 0
configure:5867: result: yes
configure:6081: creating x86_64-pc-linux-gnu/config.status

## ---------------------- ##
## Running config.status. ##
## ---------------------- ##

This file was extended by config.status, which was
generated by GNU Autoconf 2.69.  Invocation command line was

  CONFIG_FILES    = 
  CONFIG_HEADERS  = 
  CONFIG_LINKS    = 
  CONFIG_COMMANDS = 
  $ x86_64-pc-linux-gnu/config.status 

on alter0ne-PC

config.status:784: creating config.mk
config.status:784: creating c_src/Makefile

## ---------------- ##
## Cache variables. ##
## ---------------- ##

ac_cv_build=x86_64-pc-linux-gnu
ac_cv_c_compiler_gnu=yes
ac_cv_cxx_compiler_gnu=yes
ac_cv_env_CCC_set=
ac_cv_env_CCC_value=
ac_cv_env_CC_set=set
ac_cv_env_CC_value=gcc
ac_cv_env_CFLAGS_set=set
ac_cv_env_CFLAGS_value='-O2 -I/home/alter0ne/rtk_openwrt_sdk/staging_dir/host/include -D_GNU_SOURCE'
ac_cv_env_CPPFLAGS_set=set
ac_cv_env_CPPFLAGS_value=-I/home/alter0ne/rtk_openwrt_sdk/staging_dir/host/include
ac_cv_env_CPP_set=
ac_cv_env_CPP_value=
ac_cv_env_CXXFLAGS_set=
ac_cv_env_CXXFLAGS_value=
ac_cv_env_CXX_set=
ac_cv_env_CXX_value=
ac_cv_env_LDFLAGS_set=set
ac_cv_env_LDFLAGS_value=-L/home/alter0ne/rtk_openwrt_sdk/staging_dir/host/lib
ac_cv_env_LIBS_set=
ac_cv_env_LIBS_value=
ac_cv_env_build_alias_set=set
ac_cv_env_build_alias_value=x86_64-linux-gnu
ac_cv_env_host_alias_set=set
ac_cv_env_host_alias_value=x86_64-linux-gnu
ac_cv_env_target_alias_set=set
ac_cv_env_target_alias_value=x86_64-linux-gnu
ac_cv_header_GL_gl_h=yes
ac_cv_header_GL_glu_h=yes
ac_cv_header_inttypes_h=yes
ac_cv_header_memory_h=yes
ac_cv_header_stdc=yes
ac_cv_header_stdint_h=yes
ac_cv_header_stdlib_h=yes
ac_cv_header_string_h=yes
ac_cv_header_strings_h=yes
ac_cv_header_sys_stat_h=yes
ac_cv_header_sys_types_h=yes
ac_cv_header_unistd_h=yes
ac_cv_header_wx_stc_stc_h=yes
ac_cv_host=x86_64-pc-linux-gnu
ac_cv_objext=o
ac_cv_path_EGREP='/home/alter0ne/rtk_openwrt_sdk/staging_dir/host/bin/grep -E'
ac_cv_path_GREP=/home/alter0ne/rtk_openwrt_sdk/staging_dir/host/bin/grep
ac_cv_path_WX_CONFIG_PATH=/usr/bin/wx-config
ac_cv_prog_CC=gcc
ac_cv_prog_CPP='gcc -E'
ac_cv_prog_CXX=x86_64-linux-gnu-g++
ac_cv_prog_RANLIB=x86_64-linux-gnu-ranlib
ac_cv_prog_cc_c89=
ac_cv_prog_cc_g=yes
ac_cv_prog_cxx_g=yes
ac_cv_sizeof_void_p=8
ac_cv_type_GLchar=yes
ac_cv_type_GLcharARB=yes
ac_cv_type_GLhalfARB=yes
ac_cv_type_GLint64EXT=yes
ac_cv_type_GLintptr=yes
ac_cv_type_GLintptrARB=yes

## ----------------- ##
## Output variables. ##
## ----------------- ##

CC='gcc'
CFLAGS='-Werror=return-type -g -Wall -O2 -fPIC -O2 -I/home/alter0ne/rtk_openwrt_sdk/staging_dir/host/include -D_GNU_SOURCE -Wno-deprecated-declarations -fomit-frame-pointer -fno-strict-aliasing -I/home/alter0ne/rtk_openwrt_sdk/staging_dir/host/include -D_GNU_SOURCE -D_THREAD_SAFE -D_REENTRANT '
CPP='gcc -E'
CPPFLAGS='-I/home/alter0ne/rtk_openwrt_sdk/staging_dir/host/include -D_GNU_SOURCE -D_THREAD_SAFE -D_REENTRANT'
CXX='x86_64-linux-gnu-g++'
CXXFLAGS='-Werror=return-type  -g -Wall -O2 -fPIC -O2 -I/home/alter0ne/rtk_openwrt_sdk/staging_dir/host/include -D_GNU_SOURCE -Wno-deprecated-declarations -fomit-frame-pointer -fno-strict-aliasing -I/home/alter0ne/rtk_openwrt_sdk/staging_dir/host/include -D_GNU_SOURCE -D_THREAD_SAFE -D_REENTRANT'
DEBUG_CFLAGS='-g -Wall -fPIC -O2 -I/home/alter0ne/rtk_openwrt_sdk/staging_dir/host/include -D_GNU_SOURCE -Wno-deprecated-declarations -DDEBUG -I/home/alter0ne/rtk_openwrt_sdk/staging_dir/host/include -D_GNU_SOURCE -D_THREAD_SAFE -D_REENTRANT '
DEBUG_CXXFLAGS=' -g -Wall -fPIC -O2 -I/home/alter0ne/rtk_openwrt_sdk/staging_dir/host/include -D_GNU_SOURCE -Wno-deprecated-declarations -DDEBUG -I/home/alter0ne/rtk_openwrt_sdk/staging_dir/host/include -D_GNU_SOURCE -D_THREAD_SAFE -D_REENTRANT'
DEBUG_WX_CFLAGS='-I/usr/lib/x86_64-linux-gnu/wx/include/gtk2-unicode-3.0 -I/usr/include/wx-3.0 -D_FILE_OFFSET_BITS=64 -DWXUSINGDLL -D__WXGTK__ -pthread'
DEBUG_WX_CXXFLAGS='-I/usr/lib/x86_64-linux-gnu/wx/include/gtk2-unicode-3.0 -I/usr/include/wx-3.0 -D_FILE_OFFSET_BITS=64 -DWXUSINGDLL -D__WXGTK__ -pthread'
DEBUG_WX_LIBS='-L/usr/lib/x86_64-linux-gnu -pthread   -lwx_gtk2u_stc-3.0 -lwx_gtk2u_xrc-3.0 -lwx_gtk2u_html-3.0 -lwx_gtk2u_adv-3.0 -lwx_baseu_xml-3.0 -lwx_gtk2u_core-3.0 -lwx_baseu-3.0 -lwx_gtk2u_gl-3.0 -lwx_gtk2u_aui-3.0 '
DEBUG_WX_LIBS_STATIC=''
DEFS='-DPACKAGE_NAME=\"\" -DPACKAGE_TARNAME=\"\" -DPACKAGE_VERSION=\"\" -DPACKAGE_STRING=\"\" -DPACKAGE_BUGREPORT=\"\" -DPACKAGE_URL=\"\" -DSTDC_HEADERS=1 -DHAVE_SYS_TYPES_H=1 -DHAVE_SYS_STAT_H=1 -DHAVE_STDLIB_H=1 -DHAVE_STRING_H=1 -DHAVE_MEMORY_H=1 -DHAVE_STRINGS_H=1 -DHAVE_INTTYPES_H=1 -DHAVE_STDINT_H=1 -DHAVE_UNISTD_H=1 -DSIZEOF_VOID_P=8 -DHAVE_GL_GL_H=1 -DHAVE_GL_GLU_H=1 -DHAVE_GL_SUPPORT=1 -DHAVE_GLINTPTR=1 -DHAVE_GLINTPTRARB=1 -DHAVE_GLCHAR=1 -DHAVE_GLCHARARB=1 -DHAVE_GLHALFARB=1 -DHAVE_GLINT64EXT=1 -DHAVE_WX_STC_STC_H=1'
ECHO_C=''
ECHO_N='-n'
ECHO_T=''
EGREP='/home/alter0ne/rtk_openwrt_sdk/staging_dir/host/bin/grep -E'
ERLANG_ROOT_DIR='/home/alter0ne/rtk_openwrt_sdk/build_dir/host/otp_src_21.0'
ERLC='erlc'
EXEEXT=''
FORCED_DEBUG_BUILD='false'
GL_LIBS='-lGL -lGLU'
GREP='/home/alter0ne/rtk_openwrt_sdk/staging_dir/host/bin/grep'
HAVE_GL_SUPPORT='yes'
LDFLAGS='-shared -fPIC -L/home/alter0ne/rtk_openwrt_sdk/staging_dir/host/lib'
LIBOBJS=''
LIBS=''
LTLIBOBJS=''
MIXED_CYGWIN='no'
MIXED_CYGWIN_MINGW='no'
MIXED_CYGWIN_VC='no'
MIXED_MSYS='no'
MIXED_MSYS_VC='no'
MIXED_VC='no'
OBJC_CC='gcc'
OBJC_CFLAGS=''
OBJEXT='o'
PACKAGE_BUGREPORT=''
PACKAGE_NAME=''
PACKAGE_STRING=''
PACKAGE_TARNAME=''
PACKAGE_URL=''
PACKAGE_VERSION=''
PATH_SEPARATOR=':'
RANLIB='x86_64-linux-gnu-ranlib'
RC_FILE_TYPE='o'
RUN_ERL='erl'
SHELL='/bin/bash'
SO_EXT='.so'
TARGET='x86_64-pc-linux-gnu'
TESS_CB_TIGER_STYLE='no'
WXERL_CAN_BUILD_DRIVER='true'
WXERL_SYS_TYPE='x86_64-pc-linux-gnu'
WX_BUILDING_INSIDE_ERLSRC='true'
WX_CFLAGS='-I/usr/lib/x86_64-linux-gnu/wx/include/gtk2-unicode-3.0 -I/usr/include/wx-3.0 -D_FILE_OFFSET_BITS=64 -DWXUSINGDLL -D__WXGTK__ -pthread'
WX_CFLAGS_ONLY='-pthread'
WX_CONFIG_PATH='/usr/bin/wx-config'
WX_CPPFLAGS='-I/usr/lib/x86_64-linux-gnu/wx/include/gtk2-unicode-3.0 -I/usr/include/wx-3.0 -D_FILE_OFFSET_BITS=64 -DWXUSINGDLL -D__WXGTK__'
WX_CXXFLAGS='-I/usr/lib/x86_64-linux-gnu/wx/include/gtk2-unicode-3.0 -I/usr/include/wx-3.0 -D_FILE_OFFSET_BITS=64 -DWXUSINGDLL -D__WXGTK__ -pthread'
WX_CXXFLAGS_ONLY=''
WX_HAVE_STATIC_LIBS='false'
WX_LIBS='-L/usr/lib/x86_64-linux-gnu -pthread   -lwx_gtk2u_stc-3.0 -lwx_gtk2u_xrc-3.0 -lwx_gtk2u_html-3.0 -lwx_gtk2u_adv-3.0 -lwx_baseu_xml-3.0 -lwx_gtk2u_core-3.0 -lwx_baseu-3.0 -lwx_gtk2u_gl-3.0 -lwx_gtk2u_aui-3.0 '
WX_LIBS_STATIC=''
WX_RESCOMP=''
WX_VERSION='3.0.4'
WX_VERSION_MAJOR='3'
WX_VERSION_MICRO='4'
WX_VERSION_MINOR='0'
ac_ct_CC=''
ac_ct_CXX=''
bindir='${exec_prefix}/bin'
build='x86_64-pc-linux-gnu'
build_alias='x86_64-linux-gnu'
build_cpu='x86_64'
build_os='linux-gnu'
build_vendor='pc'
datadir='${datarootdir}'
datarootdir='${prefix}/share'
docdir='${datarootdir}/doc/${PACKAGE}'
dvidir='${docdir}'
exec_prefix='/home/alter0ne/rtk_openwrt_sdk/staging_dir/host'
host='x86_64-pc-linux-gnu'
host_alias='x86_64-linux-gnu'
host_cpu='x86_64'
host_os='linux-gnu'
host_vendor='pc'
htmldir='${docdir}'
includedir='${prefix}/include'
infodir='${datarootdir}/info'
libdir='${exec_prefix}/lib'
libexecdir='${exec_prefix}/libexec'
localedir='${datarootdir}/locale'
localstatedir='/home/alter0ne/rtk_openwrt_sdk/staging_dir/host/var'
mandir='${datarootdir}/man'
oldincludedir='/usr/include'
pdfdir='${docdir}'
prefix='/home/alter0ne/rtk_openwrt_sdk/staging_dir/host'
program_transform_name='s,x,x,'
psdir='${docdir}'
sbindir='/home/alter0ne/rtk_openwrt_sdk/staging_dir/host/bin'
sharedstatedir='${prefix}/com'
sysconfdir='/home/alter0ne/rtk_openwrt_sdk/staging_dir/host/etc'
target_alias='x86_64-linux-gnu'

## ----------- ##
## confdefs.h. ##
## ----------- ##

/* confdefs.h */
#define PACKAGE_NAME ""
#define PACKAGE_TARNAME ""
#define PACKAGE_VERSION ""
#define PACKAGE_STRING ""
#define PACKAGE_BUGREPORT ""
#define PACKAGE_URL ""
#define STDC_HEADERS 1
#define HAVE_SYS_TYPES_H 1
#define HAVE_SYS_STAT_H 1
#define HAVE_STDLIB_H 1
#define HAVE_STRING_H 1
#define HAVE_MEMORY_H 1
#define HAVE_STRINGS_H 1
#define HAVE_INTTYPES_H 1
#define HAVE_STDINT_H 1
#define HAVE_UNISTD_H 1
#define SIZEOF_VOID_P 8
#define HAVE_GL_GL_H 1
#define HAVE_GL_GLU_H 1
#define HAVE_GL_SUPPORT 1
#define HAVE_GLINTPTR 1
#define HAVE_GLINTPTRARB 1
#define HAVE_GLCHAR 1
#define HAVE_GLCHARARB 1
#define HAVE_GLHALFARB 1
#define HAVE_GLINT64EXT 1
#define HAVE_WX_STC_STC_H 1

configure: exit 0
