This file contains any messages produced by compilers while
running configure, to aid debugging if configure makes a mistake.

It was created by configure, which was
generated by GNU Autoconf 2.59.  Invocation command line was

  $ /home/alter0ne/rtk_openwrt_sdk/build_dir/host/otp_src_R16B02/lib/erl_interface/./configure --prefix=/home/alter0ne/rtk_openwrt_sdk/staging_dir/host CC=gcc CFLAGS=-O2 -I/home/alter0ne/rtk_openwrt_sdk/staging_dir/host/include CPPFLAGS=-I/home/alter0ne/rtk_openwrt_sdk/staging_dir/host/include LDFLAGS=-L/home/alter0ne/rtk_openwrt_sdk/staging_dir/host/lib SHELL=/bin/bash --target=x86_64-linux-gnu --host=x86_64-linux-gnu --build=x86_64-linux-gnu --program-prefix= --program-suffix= --prefix=/home/alter0ne/rtk_openwrt_sdk/staging_dir/host --exec-prefix=/home/alter0ne/rtk_openwrt_sdk/staging_dir/host --sysconfdir=/home/alter0ne/rtk_openwrt_sdk/staging_dir/host/etc --localstatedir=/home/alter0ne/rtk_openwrt_sdk/staging_dir/host/var --sbindir=/home/alter0ne/rtk_openwrt_sdk/staging_dir/host/bin --disable-hipe --disable-smp-support --without-javac build_alias=x86_64-linux-gnu host_alias=x86_64-linux-gnu target_alias=x86_64-linux-gnu --cache-file=/dev/null --srcdir=/home/alter0ne/rtk_openwrt_sdk/build_dir/host/otp_src_R16B02/lib --cache-file=/dev/null --srcdir=/home/alter0ne/rtk_openwrt_sdk/build_dir/host/otp_src_R16B02/lib/erl_interface/.

## --------- ##
## Platform. ##
## --------- ##

hostname = alter0ne-PC
uname -m = x86_64
uname -r = 5.0.0-31-generic
uname -s = Linux
uname -v = #33~18.04.1-Ubuntu SMP Tue Oct 1 10:20:39 UTC 2019

/usr/bin/uname -p = unknown
/bin/uname -X     = unknown

/bin/arch              = unknown
/usr/bin/arch -k       = unknown
/usr/convex/getsysinfo = unknown
hostinfo               = unknown
/bin/machine           = unknown
/usr/bin/oslevel       = unknown
/bin/universe          = unknown

PATH: /home/alter0ne/rtk_openwrt_sdk/staging_dir/toolchain-mips-rlx4181-linux/bin
PATH: /home/alter0ne/rtk_openwrt_sdk/staging_dir/rsdk-4.6.4-4181-EB-3.10-0.9.33-m32u-20141001//bin
PATH: /home/alter0ne/rtk_openwrt_sdk/staging_dir/host/bin
PATH: /home/alter0ne/rtk_openwrt_sdk/staging_dir/toolchain-mips-rlx4181-linux/bin
PATH: /home/alter0ne/rtk_openwrt_sdk/staging_dir/rsdk-4.6.4-4181-EB-3.10-0.9.33-m32u-20141001//bin
PATH: /home/alter0ne/rtk_openwrt_sdk/staging_dir/host/bin
PATH: /home/alter0ne/rtk_openwrt_sdk/staging_dir/toolchain-mips-rlx4181-linux/bin
PATH: /home/alter0ne/rtk_openwrt_sdk/staging_dir/rsdk-4.6.4-4181-EB-3.10-0.9.33-m32u-20141001//bin
PATH: /home/alter0ne/rtk_openwrt_sdk/staging_dir/host/bin
PATH: /home/alter0ne/.local/bin
PATH: /home/alter0ne/bin
PATH: /usr/local/sbin
PATH: /usr/local/bin
PATH: /usr/sbin
PATH: /usr/bin
PATH: /sbin
PATH: /bin
PATH: /usr/games
PATH: /usr/local/games
PATH: /snap/bin


## ----------- ##
## Core tests. ##
## ----------- ##

configure:1360: checking build system type
configure:1378: result: x86_64-pc-linux-gnu
configure:1386: checking host system type
configure:1400: result: x86_64-pc-linux-gnu
configure:1441: checking for x86_64-linux-gnu-gcc
configure:1467: result: gcc
configure:1749: checking for C compiler version
configure:1752: gcc --version </dev/null >&5
gcc (Ubuntu 7.4.0-1ubuntu1~18.04.1) 7.4.0
Copyright (C) 2017 Free Software Foundation, Inc.
This is free software; see the source for copying conditions.  There is NO
warranty; not even for MERCHANTABILITY or FITNESS FOR A PARTICULAR PURPOSE.

configure:1755: $? = 0
configure:1757: gcc -v </dev/null >&5
Using built-in specs.
COLLECT_GCC=gcc
COLLECT_LTO_WRAPPER=/usr/lib/gcc/x86_64-linux-gnu/7/lto-wrapper
OFFLOAD_TARGET_NAMES=nvptx-none
OFFLOAD_TARGET_DEFAULT=1
Target: x86_64-linux-gnu
Configured with: ../src/configure -v --with-pkgversion='Ubuntu 7.4.0-1ubuntu1~18.04.1' --with-bugurl=file:///usr/share/doc/gcc-7/README.Bugs --enable-languages=c,ada,c++,go,brig,d,fortran,objc,obj-c++ --prefix=/usr --with-gcc-major-version-only --program-suffix=-7 --program-prefix=x86_64-linux-gnu- --enable-shared --enable-linker-build-id --libexecdir=/usr/lib --without-included-gettext --enable-threads=posix --libdir=/usr/lib --enable-nls --with-sysroot=/ --enable-clocale=gnu --enable-libstdcxx-debug --enable-libstdcxx-time=yes --with-default-libstdcxx-abi=new --enable-gnu-unique-object --disable-vtable-verify --enable-libmpx --enable-plugin --enable-default-pie --with-system-zlib --with-target-system-zlib --enable-objc-gc=auto --enable-multiarch --disable-werror --with-arch-32=i686 --with-abi=m64 --with-multilib-list=m32,m64,mx32 --enable-multilib --with-tune=generic --enable-offload-targets=nvptx-none --without-cuda-driver --enable-checking=release --build=x86_64-linux-gnu --host=x86_64-linux-gnu --target=x86_64-linux-gnu
Thread model: posix
gcc version 7.4.0 (Ubuntu 7.4.0-1ubuntu1~18.04.1) 
configure:1760: $? = 0
configure:1762: gcc -V </dev/null >&5
gcc: error: unrecognized command line option '-V'
gcc: fatal error: no input files
compilation terminated.
configure:1765: $? = 1
configure:1788: checking for C compiler default output file name
configure:1791: gcc -O2 -I/home/alter0ne/rtk_openwrt_sdk/staging_dir/host/include -I/home/alter0ne/rtk_openwrt_sdk/staging_dir/host/include -L/home/alter0ne/rtk_openwrt_sdk/staging_dir/host/lib conftest.c  >&5
configure:1794: $? = 0
configure:1840: result: a.out
configure:1845: checking whether the C compiler works
configure:1851: ./a.out
configure:1854: $? = 0
configure:1871: result: yes
configure:1878: checking whether we are cross compiling
configure:1880: result: no
configure:1883: checking for suffix of executables
configure:1885: gcc -o conftest -O2 -I/home/alter0ne/rtk_openwrt_sdk/staging_dir/host/include -I/home/alter0ne/rtk_openwrt_sdk/staging_dir/host/include -L/home/alter0ne/rtk_openwrt_sdk/staging_dir/host/lib conftest.c  >&5
configure:1888: $? = 0
configure:1913: result: 
configure:1919: checking for suffix of object files
configure:1940: gcc -c -O2 -I/home/alter0ne/rtk_openwrt_sdk/staging_dir/host/include -I/home/alter0ne/rtk_openwrt_sdk/staging_dir/host/include conftest.c >&5
configure:1943: $? = 0
configure:1965: result: o
configure:1969: checking whether we are using the GNU C compiler
configure:1993: gcc -c -O2 -I/home/alter0ne/rtk_openwrt_sdk/staging_dir/host/include -I/home/alter0ne/rtk_openwrt_sdk/staging_dir/host/include conftest.c >&5
configure:1999: $? = 0
configure:2003: test -z 
			 || test ! -s conftest.err
configure:2006: $? = 0
configure:2009: test -s conftest.o
configure:2012: $? = 0
configure:2025: result: yes
configure:2031: checking whether gcc accepts -g
configure:2052: gcc -c -g -I/home/alter0ne/rtk_openwrt_sdk/staging_dir/host/include conftest.c >&5
configure:2058: $? = 0
configure:2062: test -z 
			 || test ! -s conftest.err
configure:2065: $? = 0
configure:2068: test -s conftest.o
configure:2071: $? = 0
configure:2082: result: yes
configure:2099: checking for gcc option to accept ANSI C
configure:2169: gcc  -c -O2 -I/home/alter0ne/rtk_openwrt_sdk/staging_dir/host/include -I/home/alter0ne/rtk_openwrt_sdk/staging_dir/host/include conftest.c >&5
configure:2175: $? = 0
configure:2179: test -z 
			 || test ! -s conftest.err
configure:2182: $? = 0
configure:2185: test -s conftest.o
configure:2188: $? = 0
configure:2206: result: none needed
configure:2224: gcc -c -O2 -I/home/alter0ne/rtk_openwrt_sdk/staging_dir/host/include -I/home/alter0ne/rtk_openwrt_sdk/staging_dir/host/include conftest.c >&5
conftest.c:2:3: error: unknown type name 'choke'
   choke me
   ^~~~~
conftest.c:2:3: error: expected '=', ',', ';', 'asm' or '__attribute__' at end of input
configure:2230: $? = 1
configure: failed program was:
| #ifndef __cplusplus
|   choke me
| #endif
configure:2368: checking how to run the C preprocessor
configure:2403: gcc -E -I/home/alter0ne/rtk_openwrt_sdk/staging_dir/host/include conftest.c
configure:2409: $? = 0
configure:2441: gcc -E -I/home/alter0ne/rtk_openwrt_sdk/staging_dir/host/include conftest.c
conftest.c:9:10: fatal error: ac_nonexistent.h: No such file or directory
 #include <ac_nonexistent.h>
          ^~~~~~~~~~~~~~~~~~
compilation terminated.
configure:2447: $? = 1
configure: failed program was:
| /* confdefs.h.  */
| 
| #define PACKAGE_NAME ""
| #define PACKAGE_TARNAME ""
| #define PACKAGE_VERSION ""
| #define PACKAGE_STRING ""
| #define PACKAGE_BUGREPORT ""
| /* end confdefs.h.  */
| #include <ac_nonexistent.h>
configure:2486: result: gcc -E
configure:2510: gcc -E -I/home/alter0ne/rtk_openwrt_sdk/staging_dir/host/include conftest.c
configure:2516: $? = 0
configure:2548: gcc -E -I/home/alter0ne/rtk_openwrt_sdk/staging_dir/host/include conftest.c
conftest.c:9:10: fatal error: ac_nonexistent.h: No such file or directory
 #include <ac_nonexistent.h>
          ^~~~~~~~~~~~~~~~~~
compilation terminated.
configure:2554: $? = 1
configure: failed program was:
| /* confdefs.h.  */
| 
| #define PACKAGE_NAME ""
| #define PACKAGE_TARNAME ""
| #define PACKAGE_VERSION ""
| #define PACKAGE_STRING ""
| #define PACKAGE_BUGREPORT ""
| /* end confdefs.h.  */
| #include <ac_nonexistent.h>
configure:2600: checking for x86_64-linux-gnu-ranlib
configure:2616: found /usr/bin/x86_64-linux-gnu-ranlib
configure:2626: result: x86_64-linux-gnu-ranlib
configure:2681: checking for ld.sh
configure:2710: result: no
configure:2720: checking for x86_64-linux-gnu-ld
configure:2736: found /usr/bin/x86_64-linux-gnu-ld
configure:2746: result: x86_64-linux-gnu-ld
configure:2801: checking for egrep
configure:2811: result: grep -E
configure:2816: checking for ANSI C header files
configure:2841: gcc -c -O2 -I/home/alter0ne/rtk_openwrt_sdk/staging_dir/host/include -I/home/alter0ne/rtk_openwrt_sdk/staging_dir/host/include conftest.c >&5
configure:2847: $? = 0
configure:2851: test -z 
			 || test ! -s conftest.err
configure:2854: $? = 0
configure:2857: test -s conftest.o
configure:2860: $? = 0
configure:2949: gcc -o conftest -O2 -I/home/alter0ne/rtk_openwrt_sdk/staging_dir/host/include -I/home/alter0ne/rtk_openwrt_sdk/staging_dir/host/include -L/home/alter0ne/rtk_openwrt_sdk/staging_dir/host/lib conftest.c  >&5
conftest.c: In function 'main':
conftest.c:26:7: warning: implicit declaration of function 'exit' [-Wimplicit-function-declaration]
       exit(2);
       ^~~~
conftest.c:26:7: warning: incompatible implicit declaration of built-in function 'exit'
conftest.c:26:7: note: include '<stdlib.h>' or provide a declaration of 'exit'
conftest.c:27:3: warning: incompatible implicit declaration of built-in function 'exit'
   exit (0);
   ^~~~
conftest.c:27:3: note: include '<stdlib.h>' or provide a declaration of 'exit'
configure:2952: $? = 0
configure:2954: ./conftest
configure:2957: $? = 0
configure:2972: result: yes
configure:2996: checking for sys/types.h
configure:3012: gcc -c -O2 -I/home/alter0ne/rtk_openwrt_sdk/staging_dir/host/include -I/home/alter0ne/rtk_openwrt_sdk/staging_dir/host/include conftest.c >&5
configure:3018: $? = 0
configure:3022: test -z 
			 || test ! -s conftest.err
configure:3025: $? = 0
configure:3028: test -s conftest.o
configure:3031: $? = 0
configure:3042: result: yes
configure:2996: checking for sys/stat.h
configure:3012: gcc -c -O2 -I/home/alter0ne/rtk_openwrt_sdk/staging_dir/host/include -I/home/alter0ne/rtk_openwrt_sdk/staging_dir/host/include conftest.c >&5
configure:3018: $? = 0
configure:3022: test -z 
			 || test ! -s conftest.err
configure:3025: $? = 0
configure:3028: test -s conftest.o
configure:3031: $? = 0
configure:3042: result: yes
configure:2996: checking for stdlib.h
configure:3012: gcc -c -O2 -I/home/alter0ne/rtk_openwrt_sdk/staging_dir/host/include -I/home/alter0ne/rtk_openwrt_sdk/staging_dir/host/include conftest.c >&5
configure:3018: $? = 0
configure:3022: test -z 
			 || test ! -s conftest.err
configure:3025: $? = 0
configure:3028: test -s conftest.o
configure:3031: $? = 0
configure:3042: result: yes
configure:2996: checking for string.h
configure:3012: gcc -c -O2 -I/home/alter0ne/rtk_openwrt_sdk/staging_dir/host/include -I/home/alter0ne/rtk_openwrt_sdk/staging_dir/host/include conftest.c >&5
configure:3018: $? = 0
configure:3022: test -z 
			 || test ! -s conftest.err
configure:3025: $? = 0
configure:3028: test -s conftest.o
configure:3031: $? = 0
configure:3042: result: yes
configure:2996: checking for memory.h
configure:3012: gcc -c -O2 -I/home/alter0ne/rtk_openwrt_sdk/staging_dir/host/include -I/home/alter0ne/rtk_openwrt_sdk/staging_dir/host/include conftest.c >&5
configure:3018: $? = 0
configure:3022: test -z 
			 || test ! -s conftest.err
configure:3025: $? = 0
configure:3028: test -s conftest.o
configure:3031: $? = 0
configure:3042: result: yes
configure:2996: checking for strings.h
configure:3012: gcc -c -O2 -I/home/alter0ne/rtk_openwrt_sdk/staging_dir/host/include -I/home/alter0ne/rtk_openwrt_sdk/staging_dir/host/include conftest.c >&5
configure:3018: $? = 0
configure:3022: test -z 
			 || test ! -s conftest.err
configure:3025: $? = 0
configure:3028: test -s conftest.o
configure:3031: $? = 0
configure:3042: result: yes
configure:2996: checking for inttypes.h
configure:3012: gcc -c -O2 -I/home/alter0ne/rtk_openwrt_sdk/staging_dir/host/include -I/home/alter0ne/rtk_openwrt_sdk/staging_dir/host/include conftest.c >&5
configure:3018: $? = 0
configure:3022: test -z 
			 || test ! -s conftest.err
configure:3025: $? = 0
configure:3028: test -s conftest.o
configure:3031: $? = 0
configure:3042: result: yes
configure:2996: checking for stdint.h
configure:3012: gcc -c -O2 -I/home/alter0ne/rtk_openwrt_sdk/staging_dir/host/include -I/home/alter0ne/rtk_openwrt_sdk/staging_dir/host/include conftest.c >&5
configure:3018: $? = 0
configure:3022: test -z 
			 || test ! -s conftest.err
configure:3025: $? = 0
configure:3028: test -s conftest.o
configure:3031: $? = 0
configure:3042: result: yes
configure:2996: checking for unistd.h
configure:3012: gcc -c -O2 -I/home/alter0ne/rtk_openwrt_sdk/staging_dir/host/include -I/home/alter0ne/rtk_openwrt_sdk/staging_dir/host/include conftest.c >&5
configure:3018: $? = 0
configure:3022: test -z 
			 || test ! -s conftest.err
configure:3025: $? = 0
configure:3028: test -s conftest.o
configure:3031: $? = 0
configure:3042: result: yes
configure:3054: checking for short
configure:3078: gcc -c -O2 -I/home/alter0ne/rtk_openwrt_sdk/staging_dir/host/include -I/home/alter0ne/rtk_openwrt_sdk/staging_dir/host/include conftest.c >&5
configure:3084: $? = 0
configure:3088: test -z 
			 || test ! -s conftest.err
configure:3091: $? = 0
configure:3094: test -s conftest.o
configure:3097: $? = 0
configure:3108: result: yes
configure:3111: checking size of short
configure:3430: gcc -o conftest -O2 -I/home/alter0ne/rtk_openwrt_sdk/staging_dir/host/include -I/home/alter0ne/rtk_openwrt_sdk/staging_dir/host/include -L/home/alter0ne/rtk_openwrt_sdk/staging_dir/host/lib conftest.c  >&5
configure:3433: $? = 0
configure:3435: ./conftest
configure:3438: $? = 0
configure:3461: result: 2
configure:3468: checking for int
configure:3492: gcc -c -O2 -I/home/alter0ne/rtk_openwrt_sdk/staging_dir/host/include -I/home/alter0ne/rtk_openwrt_sdk/staging_dir/host/include conftest.c >&5
configure:3498: $? = 0
configure:3502: test -z 
			 || test ! -s conftest.err
configure:3505: $? = 0
configure:3508: test -s conftest.o
configure:3511: $? = 0
configure:3522: result: yes
configure:3525: checking size of int
configure:3844: gcc -o conftest -O2 -I/home/alter0ne/rtk_openwrt_sdk/staging_dir/host/include -I/home/alter0ne/rtk_openwrt_sdk/staging_dir/host/include -L/home/alter0ne/rtk_openwrt_sdk/staging_dir/host/lib conftest.c  >&5
configure:3847: $? = 0
configure:3849: ./conftest
configure:3852: $? = 0
configure:3875: result: 4
configure:3882: checking for long
configure:3906: gcc -c -O2 -I/home/alter0ne/rtk_openwrt_sdk/staging_dir/host/include -I/home/alter0ne/rtk_openwrt_sdk/staging_dir/host/include conftest.c >&5
configure:3912: $? = 0
configure:3916: test -z 
			 || test ! -s conftest.err
configure:3919: $? = 0
configure:3922: test -s conftest.o
configure:3925: $? = 0
configure:3936: result: yes
configure:3939: checking size of long
configure:4258: gcc -o conftest -O2 -I/home/alter0ne/rtk_openwrt_sdk/staging_dir/host/include -I/home/alter0ne/rtk_openwrt_sdk/staging_dir/host/include -L/home/alter0ne/rtk_openwrt_sdk/staging_dir/host/lib conftest.c  >&5
configure:4261: $? = 0
configure:4263: ./conftest
configure:4266: $? = 0
configure:4289: result: 8
configure:4296: checking for void *
configure:4320: gcc -c -O2 -I/home/alter0ne/rtk_openwrt_sdk/staging_dir/host/include -I/home/alter0ne/rtk_openwrt_sdk/staging_dir/host/include conftest.c >&5
configure:4326: $? = 0
configure:4330: test -z 
			 || test ! -s conftest.err
configure:4333: $? = 0
configure:4336: test -s conftest.o
configure:4339: $? = 0
configure:4350: result: yes
configure:4353: checking size of void *
configure:4672: gcc -o conftest -O2 -I/home/alter0ne/rtk_openwrt_sdk/staging_dir/host/include -I/home/alter0ne/rtk_openwrt_sdk/staging_dir/host/include -L/home/alter0ne/rtk_openwrt_sdk/staging_dir/host/lib conftest.c  >&5
configure:4675: $? = 0
configure:4677: ./conftest
configure:4680: $? = 0
configure:4703: result: 8
configure:4710: checking for long long
configure:4734: gcc -c -O2 -I/home/alter0ne/rtk_openwrt_sdk/staging_dir/host/include -I/home/alter0ne/rtk_openwrt_sdk/staging_dir/host/include conftest.c >&5
configure:4740: $? = 0
configure:4744: test -z 
			 || test ! -s conftest.err
configure:4747: $? = 0
configure:4750: test -s conftest.o
configure:4753: $? = 0
configure:4764: result: yes
configure:4767: checking size of long long
configure:5086: gcc -o conftest -O2 -I/home/alter0ne/rtk_openwrt_sdk/staging_dir/host/include -I/home/alter0ne/rtk_openwrt_sdk/staging_dir/host/include -L/home/alter0ne/rtk_openwrt_sdk/staging_dir/host/lib conftest.c  >&5
configure:5089: $? = 0
configure:5091: ./conftest
configure:5094: $? = 0
configure:5117: result: 8
configure:5132: checking for x86_64-linux-gnu-ar
configure:5148: found /usr/bin/x86_64-linux-gnu-ar
configure:5158: result: x86_64-linux-gnu-ar
configure:5238: checking for a BSD-compatible install
configure:5293: result: /usr/bin/install -c
configure:5304: checking how to create a directory including parents
configure:5325: result: /usr/bin/install -c -d
configure:5346: checking for gethostbyname in -lnsl
configure:5376: gcc -o conftest -O2 -I/home/alter0ne/rtk_openwrt_sdk/staging_dir/host/include -DEI_64BIT -I/home/alter0ne/rtk_openwrt_sdk/staging_dir/host/include -L/home/alter0ne/rtk_openwrt_sdk/staging_dir/host/lib conftest.c -lnsl   >&5
configure:5382: $? = 0
configure:5386: test -z 
			 || test ! -s conftest.err
configure:5389: $? = 0
configure:5392: test -s conftest
configure:5395: $? = 0
configure:5408: result: yes
configure:5420: checking for getpeername in -lsocket
configure:5450: gcc -o conftest -O2 -I/home/alter0ne/rtk_openwrt_sdk/staging_dir/host/include -DEI_64BIT -I/home/alter0ne/rtk_openwrt_sdk/staging_dir/host/include -L/home/alter0ne/rtk_openwrt_sdk/staging_dir/host/lib conftest.c -lsocket  -lnsl  >&5
/usr/bin/ld: cannot find -lsocket
collect2: error: ld returned 1 exit status
configure:5456: $? = 1
configure: failed program was:
| /* confdefs.h.  */
| 
| #define PACKAGE_NAME ""
| #define PACKAGE_TARNAME ""
| #define PACKAGE_VERSION ""
| #define PACKAGE_STRING ""
| #define PACKAGE_BUGREPORT ""
| #define STDC_HEADERS 1
| #define HAVE_SYS_TYPES_H 1
| #define HAVE_SYS_STAT_H 1
| #define HAVE_STDLIB_H 1
| #define HAVE_STRING_H 1
| #define HAVE_MEMORY_H 1
| #define HAVE_STRINGS_H 1
| #define HAVE_INTTYPES_H 1
| #define HAVE_STDINT_H 1
| #define HAVE_UNISTD_H 1
| #define SIZEOF_SHORT 2
| #define SIZEOF_INT 4
| #define SIZEOF_LONG 8
| #define SIZEOF_VOID_P 8
| #define SIZEOF_LONG_LONG 8
| #define HAVE_LIBNSL 1
| /* end confdefs.h.  */
| 
| /* Override any gcc2 internal prototype to avoid an error.  */
| #ifdef __cplusplus
| extern "C"
| #endif
| /* We use char because int might match the return type of a gcc2
|    builtin and then its argument prototype would still apply.  */
| char getpeername ();
| int
| main ()
| {
| getpeername ();
|   ;
|   return 0;
| }
configure:5482: result: no
configure:5495: checking for ANSI C header files
configure:5651: result: yes
configure:5661: checking for sys/wait.h that is POSIX.1 compatible
configure:5692: gcc -c -O2 -I/home/alter0ne/rtk_openwrt_sdk/staging_dir/host/include -DEI_64BIT -I/home/alter0ne/rtk_openwrt_sdk/staging_dir/host/include conftest.c >&5
configure:5698: $? = 0
configure:5702: test -z 
			 || test ! -s conftest.err
configure:5705: $? = 0
configure:5708: test -s conftest.o
configure:5711: $? = 0
configure:5722: result: yes
configure:5760: checking arpa/inet.h usability
configure:5772: gcc -c -O2 -I/home/alter0ne/rtk_openwrt_sdk/staging_dir/host/include -DEI_64BIT -I/home/alter0ne/rtk_openwrt_sdk/staging_dir/host/include conftest.c >&5
configure:5778: $? = 0
configure:5782: test -z 
			 || test ! -s conftest.err
configure:5785: $? = 0
configure:5788: test -s conftest.o
configure:5791: $? = 0
configure:5801: result: yes
configure:5805: checking arpa/inet.h presence
configure:5815: gcc -E -I/home/alter0ne/rtk_openwrt_sdk/staging_dir/host/include conftest.c
configure:5821: $? = 0
configure:5841: result: yes
configure:5876: checking for arpa/inet.h
configure:5883: result: yes
configure:5760: checking fcntl.h usability
configure:5772: gcc -c -O2 -I/home/alter0ne/rtk_openwrt_sdk/staging_dir/host/include -DEI_64BIT -I/home/alter0ne/rtk_openwrt_sdk/staging_dir/host/include conftest.c >&5
configure:5778: $? = 0
configure:5782: test -z 
			 || test ! -s conftest.err
configure:5785: $? = 0
configure:5788: test -s conftest.o
configure:5791: $? = 0
configure:5801: result: yes
configure:5805: checking fcntl.h presence
configure:5815: gcc -E -I/home/alter0ne/rtk_openwrt_sdk/staging_dir/host/include conftest.c
configure:5821: $? = 0
configure:5841: result: yes
configure:5876: checking for fcntl.h
configure:5883: result: yes
configure:5760: checking limits.h usability
configure:5772: gcc -c -O2 -I/home/alter0ne/rtk_openwrt_sdk/staging_dir/host/include -DEI_64BIT -I/home/alter0ne/rtk_openwrt_sdk/staging_dir/host/include conftest.c >&5
configure:5778: $? = 0
configure:5782: test -z 
			 || test ! -s conftest.err
configure:5785: $? = 0
configure:5788: test -s conftest.o
configure:5791: $? = 0
configure:5801: result: yes
configure:5805: checking limits.h presence
configure:5815: gcc -E -I/home/alter0ne/rtk_openwrt_sdk/staging_dir/host/include conftest.c
configure:5821: $? = 0
configure:5841: result: yes
configure:5876: checking for limits.h
configure:5883: result: yes
configure:5760: checking malloc.h usability
configure:5772: gcc -c -O2 -I/home/alter0ne/rtk_openwrt_sdk/staging_dir/host/include -DEI_64BIT -I/home/alter0ne/rtk_openwrt_sdk/staging_dir/host/include conftest.c >&5
configure:5778: $? = 0
configure:5782: test -z 
			 || test ! -s conftest.err
configure:5785: $? = 0
configure:5788: test -s conftest.o
configure:5791: $? = 0
configure:5801: result: yes
configure:5805: checking malloc.h presence
configure:5815: gcc -E -I/home/alter0ne/rtk_openwrt_sdk/staging_dir/host/include conftest.c
configure:5821: $? = 0
configure:5841: result: yes
configure:5876: checking for malloc.h
configure:5883: result: yes
configure:5760: checking netdb.h usability
configure:5772: gcc -c -O2 -I/home/alter0ne/rtk_openwrt_sdk/staging_dir/host/include -DEI_64BIT -I/home/alter0ne/rtk_openwrt_sdk/staging_dir/host/include conftest.c >&5
configure:5778: $? = 0
configure:5782: test -z 
			 || test ! -s conftest.err
configure:5785: $? = 0
configure:5788: test -s conftest.o
configure:5791: $? = 0
configure:5801: result: yes
configure:5805: checking netdb.h presence
configure:5815: gcc -E -I/home/alter0ne/rtk_openwrt_sdk/staging_dir/host/include conftest.c
configure:5821: $? = 0
configure:5841: result: yes
configure:5876: checking for netdb.h
configure:5883: result: yes
configure:5760: checking netinet/in.h usability
configure:5772: gcc -c -O2 -I/home/alter0ne/rtk_openwrt_sdk/staging_dir/host/include -DEI_64BIT -I/home/alter0ne/rtk_openwrt_sdk/staging_dir/host/include conftest.c >&5
configure:5778: $? = 0
configure:5782: test -z 
			 || test ! -s conftest.err
configure:5785: $? = 0
configure:5788: test -s conftest.o
configure:5791: $? = 0
configure:5801: result: yes
configure:5805: checking netinet/in.h presence
configure:5815: gcc -E -I/home/alter0ne/rtk_openwrt_sdk/staging_dir/host/include conftest.c
configure:5821: $? = 0
configure:5841: result: yes
configure:5876: checking for netinet/in.h
configure:5883: result: yes
configure:5760: checking stddef.h usability
configure:5772: gcc -c -O2 -I/home/alter0ne/rtk_openwrt_sdk/staging_dir/host/include -DEI_64BIT -I/home/alter0ne/rtk_openwrt_sdk/staging_dir/host/include conftest.c >&5
configure:5778: $? = 0
configure:5782: test -z 
			 || test ! -s conftest.err
configure:5785: $? = 0
configure:5788: test -s conftest.o
configure:5791: $? = 0
configure:5801: result: yes
configure:5805: checking stddef.h presence
configure:5815: gcc -E -I/home/alter0ne/rtk_openwrt_sdk/staging_dir/host/include conftest.c
configure:5821: $? = 0
configure:5841: result: yes
configure:5876: checking for stddef.h
configure:5883: result: yes
configure:5751: checking for stdlib.h
configure:5756: result: yes
configure:5751: checking for string.h
configure:5756: result: yes
configure:5760: checking sys/param.h usability
configure:5772: gcc -c -O2 -I/home/alter0ne/rtk_openwrt_sdk/staging_dir/host/include -DEI_64BIT -I/home/alter0ne/rtk_openwrt_sdk/staging_dir/host/include conftest.c >&5
configure:5778: $? = 0
configure:5782: test -z 
			 || test ! -s conftest.err
configure:5785: $? = 0
configure:5788: test -s conftest.o
configure:5791: $? = 0
configure:5801: result: yes
configure:5805: checking sys/param.h presence
configure:5815: gcc -E -I/home/alter0ne/rtk_openwrt_sdk/staging_dir/host/include conftest.c
configure:5821: $? = 0
configure:5841: result: yes
configure:5876: checking for sys/param.h
configure:5883: result: yes
configure:5760: checking sys/socket.h usability
configure:5772: gcc -c -O2 -I/home/alter0ne/rtk_openwrt_sdk/staging_dir/host/include -DEI_64BIT -I/home/alter0ne/rtk_openwrt_sdk/staging_dir/host/include conftest.c >&5
configure:5778: $? = 0
configure:5782: test -z 
			 || test ! -s conftest.err
configure:5785: $? = 0
configure:5788: test -s conftest.o
configure:5791: $? = 0
configure:5801: result: yes
configure:5805: checking sys/socket.h presence
configure:5815: gcc -E -I/home/alter0ne/rtk_openwrt_sdk/staging_dir/host/include conftest.c
configure:5821: $? = 0
configure:5841: result: yes
configure:5876: checking for sys/socket.h
configure:5883: result: yes
configure:5760: checking sys/select.h usability
configure:5772: gcc -c -O2 -I/home/alter0ne/rtk_openwrt_sdk/staging_dir/host/include -DEI_64BIT -I/home/alter0ne/rtk_openwrt_sdk/staging_dir/host/include conftest.c >&5
configure:5778: $? = 0
configure:5782: test -z 
			 || test ! -s conftest.err
configure:5785: $? = 0
configure:5788: test -s conftest.o
configure:5791: $? = 0
configure:5801: result: yes
configure:5805: checking sys/select.h presence
configure:5815: gcc -E -I/home/alter0ne/rtk_openwrt_sdk/staging_dir/host/include conftest.c
configure:5821: $? = 0
configure:5841: result: yes
configure:5876: checking for sys/select.h
configure:5883: result: yes
configure:5760: checking sys/time.h usability
configure:5772: gcc -c -O2 -I/home/alter0ne/rtk_openwrt_sdk/staging_dir/host/include -DEI_64BIT -I/home/alter0ne/rtk_openwrt_sdk/staging_dir/host/include conftest.c >&5
configure:5778: $? = 0
configure:5782: test -z 
			 || test ! -s conftest.err
configure:5785: $? = 0
configure:5788: test -s conftest.o
configure:5791: $? = 0
configure:5801: result: yes
configure:5805: checking sys/time.h presence
configure:5815: gcc -E -I/home/alter0ne/rtk_openwrt_sdk/staging_dir/host/include conftest.c
configure:5821: $? = 0
configure:5841: result: yes
configure:5876: checking for sys/time.h
configure:5883: result: yes
configure:5751: checking for unistd.h
configure:5756: result: yes
configure:5751: checking for sys/types.h
configure:5756: result: yes
configure:5899: checking for uid_t in sys/types.h
configure:5922: result: yes
configure:5937: checking for pid_t
configure:5961: gcc -c -O2 -I/home/alter0ne/rtk_openwrt_sdk/staging_dir/host/include -DEI_64BIT -I/home/alter0ne/rtk_openwrt_sdk/staging_dir/host/include conftest.c >&5
configure:5967: $? = 0
configure:5971: test -z 
			 || test ! -s conftest.err
configure:5974: $? = 0
configure:5977: test -s conftest.o
configure:5980: $? = 0
configure:5991: result: yes
configure:6003: checking for size_t
configure:6027: gcc -c -O2 -I/home/alter0ne/rtk_openwrt_sdk/staging_dir/host/include -DEI_64BIT -I/home/alter0ne/rtk_openwrt_sdk/staging_dir/host/include conftest.c >&5
configure:6033: $? = 0
configure:6037: test -z 
			 || test ! -s conftest.err
configure:6040: $? = 0
configure:6043: test -s conftest.o
configure:6046: $? = 0
configure:6057: result: yes
configure:6069: checking whether time.h and sys/time.h may both be included
configure:6094: gcc -c -O2 -I/home/alter0ne/rtk_openwrt_sdk/staging_dir/host/include -DEI_64BIT -I/home/alter0ne/rtk_openwrt_sdk/staging_dir/host/include conftest.c >&5
configure:6100: $? = 0
configure:6104: test -z 
			 || test ! -s conftest.err
configure:6107: $? = 0
configure:6110: test -s conftest.o
configure:6113: $? = 0
configure:6124: result: yes
configure:6134: checking for socklen_t usability
configure:6153: gcc -c -O2 -I/home/alter0ne/rtk_openwrt_sdk/staging_dir/host/include -DEI_64BIT -I/home/alter0ne/rtk_openwrt_sdk/staging_dir/host/include conftest.c >&5
configure:6159: $? = 0
configure:6163: test -z 
			 || test ! -s conftest.err
configure:6166: $? = 0
configure:6169: test -s conftest.o
configure:6172: $? = 0
configure:6174: result: yes
configure:6193: checking for working alloca.h
configure:6214: gcc -o conftest -O2 -I/home/alter0ne/rtk_openwrt_sdk/staging_dir/host/include -DEI_64BIT -I/home/alter0ne/rtk_openwrt_sdk/staging_dir/host/include -L/home/alter0ne/rtk_openwrt_sdk/staging_dir/host/lib conftest.c -lnsl  >&5
configure:6220: $? = 0
configure:6224: test -z 
			 || test ! -s conftest.err
configure:6227: $? = 0
configure:6230: test -s conftest
configure:6233: $? = 0
configure:6245: result: yes
configure:6255: checking for alloca
configure:6296: gcc -o conftest -O2 -I/home/alter0ne/rtk_openwrt_sdk/staging_dir/host/include -DEI_64BIT -I/home/alter0ne/rtk_openwrt_sdk/staging_dir/host/include -L/home/alter0ne/rtk_openwrt_sdk/staging_dir/host/lib conftest.c -lnsl  >&5
configure:6302: $? = 0
configure:6306: test -z 
			 || test ! -s conftest.err
configure:6309: $? = 0
configure:6312: test -s conftest
configure:6315: $? = 0
configure:6327: result: yes
configure:6552: checking whether gcc needs -traditional
configure:6594: result: no
configure:6602: checking for working memcmp
configure:6650: gcc -o conftest -O2 -I/home/alter0ne/rtk_openwrt_sdk/staging_dir/host/include -DEI_64BIT -I/home/alter0ne/rtk_openwrt_sdk/staging_dir/host/include -L/home/alter0ne/rtk_openwrt_sdk/staging_dir/host/lib conftest.c -lnsl  >&5
configure:6653: $? = 0
configure:6655: ./conftest
configure:6658: $? = 0
configure:6672: result: yes
configure:6710: checking for dup2
configure:6767: gcc -o conftest -O2 -I/home/alter0ne/rtk_openwrt_sdk/staging_dir/host/include -DEI_64BIT -I/home/alter0ne/rtk_openwrt_sdk/staging_dir/host/include -L/home/alter0ne/rtk_openwrt_sdk/staging_dir/host/lib conftest.c -lnsl  >&5
configure:6773: $? = 0
configure:6777: test -z 
			 || test ! -s conftest.err
configure:6780: $? = 0
configure:6783: test -s conftest
configure:6786: $? = 0
configure:6798: result: yes
configure:6710: checking for gethostbyaddr
configure:6767: gcc -o conftest -O2 -I/home/alter0ne/rtk_openwrt_sdk/staging_dir/host/include -DEI_64BIT -I/home/alter0ne/rtk_openwrt_sdk/staging_dir/host/include -L/home/alter0ne/rtk_openwrt_sdk/staging_dir/host/lib conftest.c -lnsl  >&5
configure:6773: $? = 0
configure:6777: test -z 
			 || test ! -s conftest.err
configure:6780: $? = 0
configure:6783: test -s conftest
configure:6786: $? = 0
configure:6798: result: yes
configure:6710: checking for gethostbyname
configure:6767: gcc -o conftest -O2 -I/home/alter0ne/rtk_openwrt_sdk/staging_dir/host/include -DEI_64BIT -I/home/alter0ne/rtk_openwrt_sdk/staging_dir/host/include -L/home/alter0ne/rtk_openwrt_sdk/staging_dir/host/lib conftest.c -lnsl  >&5
configure:6773: $? = 0
configure:6777: test -z 
			 || test ! -s conftest.err
configure:6780: $? = 0
configure:6783: test -s conftest
configure:6786: $? = 0
configure:6798: result: yes
configure:6710: checking for gethostbyaddr_r
configure:6767: gcc -o conftest -O2 -I/home/alter0ne/rtk_openwrt_sdk/staging_dir/host/include -DEI_64BIT -I/home/alter0ne/rtk_openwrt_sdk/staging_dir/host/include -L/home/alter0ne/rtk_openwrt_sdk/staging_dir/host/lib conftest.c -lnsl  >&5
configure:6773: $? = 0
configure:6777: test -z 
			 || test ! -s conftest.err
configure:6780: $? = 0
configure:6783: test -s conftest
configure:6786: $? = 0
configure:6798: result: yes
configure:6710: checking for gethostbyname_r
configure:6767: gcc -o conftest -O2 -I/home/alter0ne/rtk_openwrt_sdk/staging_dir/host/include -DEI_64BIT -I/home/alter0ne/rtk_openwrt_sdk/staging_dir/host/include -L/home/alter0ne/rtk_openwrt_sdk/staging_dir/host/lib conftest.c -lnsl  >&5
configure:6773: $? = 0
configure:6777: test -z 
			 || test ! -s conftest.err
configure:6780: $? = 0
configure:6783: test -s conftest
configure:6786: $? = 0
configure:6798: result: yes
configure:6710: checking for gethostname
configure:6767: gcc -o conftest -O2 -I/home/alter0ne/rtk_openwrt_sdk/staging_dir/host/include -DEI_64BIT -I/home/alter0ne/rtk_openwrt_sdk/staging_dir/host/include -L/home/alter0ne/rtk_openwrt_sdk/staging_dir/host/lib conftest.c -lnsl  >&5
configure:6773: $? = 0
configure:6777: test -z 
			 || test ! -s conftest.err
configure:6780: $? = 0
configure:6783: test -s conftest
configure:6786: $? = 0
configure:6798: result: yes
configure:6710: checking for writev
configure:6767: gcc -o conftest -O2 -I/home/alter0ne/rtk_openwrt_sdk/staging_dir/host/include -DEI_64BIT -I/home/alter0ne/rtk_openwrt_sdk/staging_dir/host/include -L/home/alter0ne/rtk_openwrt_sdk/staging_dir/host/lib conftest.c -lnsl  >&5
configure:6773: $? = 0
configure:6777: test -z 
			 || test ! -s conftest.err
configure:6780: $? = 0
configure:6783: test -s conftest
configure:6786: $? = 0
configure:6798: result: yes
configure:6710: checking for gethrtime
configure:6767: gcc -o conftest -O2 -I/home/alter0ne/rtk_openwrt_sdk/staging_dir/host/include -DEI_64BIT -I/home/alter0ne/rtk_openwrt_sdk/staging_dir/host/include -L/home/alter0ne/rtk_openwrt_sdk/staging_dir/host/lib conftest.c -lnsl  >&5
/tmp/ccJUkr6f.o: In function `main':
conftest.c:(.text.startup+0x3): undefined reference to `gethrtime'
/tmp/ccJUkr6f.o:(.data.rel+0x0): undefined reference to `gethrtime'
collect2: error: ld returned 1 exit status
configure:6773: $? = 1
configure: failed program was:
| /* confdefs.h.  */
| 
| #define PACKAGE_NAME ""
| #define PACKAGE_TARNAME ""
| #define PACKAGE_VERSION ""
| #define PACKAGE_STRING ""
| #define PACKAGE_BUGREPORT ""
| #define STDC_HEADERS 1
| #define HAVE_SYS_TYPES_H 1
| #define HAVE_SYS_STAT_H 1
| #define HAVE_STDLIB_H 1
| #define HAVE_STRING_H 1
| #define HAVE_MEMORY_H 1
| #define HAVE_STRINGS_H 1
| #define HAVE_INTTYPES_H 1
| #define HAVE_STDINT_H 1
| #define HAVE_UNISTD_H 1
| #define SIZEOF_SHORT 2
| #define SIZEOF_INT 4
| #define SIZEOF_LONG 8
| #define SIZEOF_VOID_P 8
| #define SIZEOF_LONG_LONG 8
| #define HAVE_LIBNSL 1
| #define STDC_HEADERS 1
| #define HAVE_SYS_WAIT_H 1
| #define HAVE_ARPA_INET_H 1
| #define HAVE_FCNTL_H 1
| #define HAVE_LIMITS_H 1
| #define HAVE_MALLOC_H 1
| #define HAVE_NETDB_H 1
| #define HAVE_NETINET_IN_H 1
| #define HAVE_STDDEF_H 1
| #define HAVE_STDLIB_H 1
| #define HAVE_STRING_H 1
| #define HAVE_SYS_PARAM_H 1
| #define HAVE_SYS_SOCKET_H 1
| #define HAVE_SYS_SELECT_H 1
| #define HAVE_SYS_TIME_H 1
| #define HAVE_UNISTD_H 1
| #define HAVE_SYS_TYPES_H 1
| #define TIME_WITH_SYS_TIME 1
| #define HAVE_SOCKLEN_T
| #define HAVE_ALLOCA_H 1
| #define HAVE_ALLOCA 1
| #define HAVE_DUP2 1
| #define HAVE_GETHOSTBYADDR 1
| #define HAVE_GETHOSTBYNAME 1
| #define HAVE_GETHOSTBYADDR_R 1
| #define HAVE_GETHOSTBYNAME_R 1
| #define HAVE_GETHOSTNAME 1
| #define HAVE_WRITEV 1
| /* end confdefs.h.  */
| /* Define gethrtime to an innocuous variant, in case <limits.h> declares gethrtime.
|    For example, HP-UX 11i <limits.h> declares gettimeofday.  */
| #define gethrtime innocuous_gethrtime
| 
| /* System header to define __stub macros and hopefully few prototypes,
|     which can conflict with char gethrtime (); below.
|     Prefer <limits.h> to <assert.h> if __STDC__ is defined, since
|     <limits.h> exists even on freestanding compilers.  */
| 
| #ifdef __STDC__
| # include <limits.h>
| #else
| # include <assert.h>
| #endif
| 
| #undef gethrtime
| 
| /* Override any gcc2 internal prototype to avoid an error.  */
| #ifdef __cplusplus
| extern "C"
| {
| #endif
| /* We use char because int might match the return type of a gcc2
|    builtin and then its argument prototype would still apply.  */
| char gethrtime ();
| /* The GNU C library defines this for functions which it implements
|     to always fail with ENOSYS.  Some functions are actually named
|     something starting with __ and the normal name is an alias.  */
| #if defined (__stub_gethrtime) || defined (__stub___gethrtime)
| choke me
| #else
| char (*f) () = gethrtime;
| #endif
| #ifdef __cplusplus
| }
| #endif
| 
| int
| main ()
| {
| return f != gethrtime;
|   ;
|   return 0;
| }
configure:6798: result: no
configure:6710: checking for gettimeofday
configure:6767: gcc -o conftest -O2 -I/home/alter0ne/rtk_openwrt_sdk/staging_dir/host/include -DEI_64BIT -I/home/alter0ne/rtk_openwrt_sdk/staging_dir/host/include -L/home/alter0ne/rtk_openwrt_sdk/staging_dir/host/lib conftest.c -lnsl  >&5
configure:6773: $? = 0
configure:6777: test -z 
			 || test ! -s conftest.err
configure:6780: $? = 0
configure:6783: test -s conftest
configure:6786: $? = 0
configure:6798: result: yes
configure:6710: checking for inet_ntoa
configure:6767: gcc -o conftest -O2 -I/home/alter0ne/rtk_openwrt_sdk/staging_dir/host/include -DEI_64BIT -I/home/alter0ne/rtk_openwrt_sdk/staging_dir/host/include -L/home/alter0ne/rtk_openwrt_sdk/staging_dir/host/lib conftest.c -lnsl  >&5
configure:6773: $? = 0
configure:6777: test -z 
			 || test ! -s conftest.err
configure:6780: $? = 0
configure:6783: test -s conftest
configure:6786: $? = 0
configure:6798: result: yes
configure:6710: checking for memchr
configure:6767: gcc -o conftest -O2 -I/home/alter0ne/rtk_openwrt_sdk/staging_dir/host/include -DEI_64BIT -I/home/alter0ne/rtk_openwrt_sdk/staging_dir/host/include -L/home/alter0ne/rtk_openwrt_sdk/staging_dir/host/lib conftest.c -lnsl  >&5
conftest.c:79:6: warning: conflicting types for built-in function 'memchr' [-Wbuiltin-declaration-mismatch]
 char memchr ();
      ^~~~~~
configure:6773: $? = 0
configure:6777: test -z 
			 || test ! -s conftest.err
configure:6780: $? = 0
configure:6783: test -s conftest
configure:6786: $? = 0
configure:6798: result: yes
configure:6710: checking for memmove
configure:6767: gcc -o conftest -O2 -I/home/alter0ne/rtk_openwrt_sdk/staging_dir/host/include -DEI_64BIT -I/home/alter0ne/rtk_openwrt_sdk/staging_dir/host/include -L/home/alter0ne/rtk_openwrt_sdk/staging_dir/host/lib conftest.c -lnsl  >&5
conftest.c:80:6: warning: conflicting types for built-in function 'memmove' [-Wbuiltin-declaration-mismatch]
 char memmove ();
      ^~~~~~~
configure:6773: $? = 0
configure:6777: test -z 
			 || test ! -s conftest.err
configure:6780: $? = 0
configure:6783: test -s conftest
configure:6786: $? = 0
configure:6798: result: yes
configure:6710: checking for memset
configure:6767: gcc -o conftest -O2 -I/home/alter0ne/rtk_openwrt_sdk/staging_dir/host/include -DEI_64BIT -I/home/alter0ne/rtk_openwrt_sdk/staging_dir/host/include -L/home/alter0ne/rtk_openwrt_sdk/staging_dir/host/lib conftest.c -lnsl  >&5
conftest.c:81:6: warning: conflicting types for built-in function 'memset' [-Wbuiltin-declaration-mismatch]
 char memset ();
      ^~~~~~
configure:6773: $? = 0
configure:6777: test -z 
			 || test ! -s conftest.err
configure:6780: $? = 0
configure:6783: test -s conftest
configure:6786: $? = 0
configure:6798: result: yes
configure:6710: checking for select
configure:6767: gcc -o conftest -O2 -I/home/alter0ne/rtk_openwrt_sdk/staging_dir/host/include -DEI_64BIT -I/home/alter0ne/rtk_openwrt_sdk/staging_dir/host/include -L/home/alter0ne/rtk_openwrt_sdk/staging_dir/host/lib conftest.c -lnsl  >&5
configure:6773: $? = 0
configure:6777: test -z 
			 || test ! -s conftest.err
configure:6780: $? = 0
configure:6783: test -s conftest
configure:6786: $? = 0
configure:6798: result: yes
configure:6710: checking for socket
configure:6767: gcc -o conftest -O2 -I/home/alter0ne/rtk_openwrt_sdk/staging_dir/host/include -DEI_64BIT -I/home/alter0ne/rtk_openwrt_sdk/staging_dir/host/include -L/home/alter0ne/rtk_openwrt_sdk/staging_dir/host/lib conftest.c -lnsl  >&5
configure:6773: $? = 0
configure:6777: test -z 
			 || test ! -s conftest.err
configure:6780: $? = 0
configure:6783: test -s conftest
configure:6786: $? = 0
configure:6798: result: yes
configure:6710: checking for strchr
configure:6767: gcc -o conftest -O2 -I/home/alter0ne/rtk_openwrt_sdk/staging_dir/host/include -DEI_64BIT -I/home/alter0ne/rtk_openwrt_sdk/staging_dir/host/include -L/home/alter0ne/rtk_openwrt_sdk/staging_dir/host/lib conftest.c -lnsl  >&5
conftest.c:84:6: warning: conflicting types for built-in function 'strchr' [-Wbuiltin-declaration-mismatch]
 char strchr ();
      ^~~~~~
configure:6773: $? = 0
configure:6777: test -z 
			 || test ! -s conftest.err
configure:6780: $? = 0
configure:6783: test -s conftest
configure:6786: $? = 0
configure:6798: result: yes
configure:6710: checking for strerror
configure:6767: gcc -o conftest -O2 -I/home/alter0ne/rtk_openwrt_sdk/staging_dir/host/include -DEI_64BIT -I/home/alter0ne/rtk_openwrt_sdk/staging_dir/host/include -L/home/alter0ne/rtk_openwrt_sdk/staging_dir/host/lib conftest.c -lnsl  >&5
configure:6773: $? = 0
configure:6777: test -z 
			 || test ! -s conftest.err
configure:6780: $? = 0
configure:6783: test -s conftest
configure:6786: $? = 0
configure:6798: result: yes
configure:6710: checking for strrchr
configure:6767: gcc -o conftest -O2 -I/home/alter0ne/rtk_openwrt_sdk/staging_dir/host/include -DEI_64BIT -I/home/alter0ne/rtk_openwrt_sdk/staging_dir/host/include -L/home/alter0ne/rtk_openwrt_sdk/staging_dir/host/lib conftest.c -lnsl  >&5
conftest.c:86:6: warning: conflicting types for built-in function 'strrchr' [-Wbuiltin-declaration-mismatch]
 char strrchr ();
      ^~~~~~~
configure:6773: $? = 0
configure:6777: test -z 
			 || test ! -s conftest.err
configure:6780: $? = 0
configure:6783: test -s conftest
configure:6786: $? = 0
configure:6798: result: yes
configure:6710: checking for strstr
configure:6767: gcc -o conftest -O2 -I/home/alter0ne/rtk_openwrt_sdk/staging_dir/host/include -DEI_64BIT -I/home/alter0ne/rtk_openwrt_sdk/staging_dir/host/include -L/home/alter0ne/rtk_openwrt_sdk/staging_dir/host/lib conftest.c -lnsl  >&5
conftest.c:87:6: warning: conflicting types for built-in function 'strstr' [-Wbuiltin-declaration-mismatch]
 char strstr ();
      ^~~~~~
configure:6773: $? = 0
configure:6777: test -z 
			 || test ! -s conftest.err
configure:6780: $? = 0
configure:6783: test -s conftest
configure:6786: $? = 0
configure:6798: result: yes
configure:6710: checking for uname
configure:6767: gcc -o conftest -O2 -I/home/alter0ne/rtk_openwrt_sdk/staging_dir/host/include -DEI_64BIT -I/home/alter0ne/rtk_openwrt_sdk/staging_dir/host/include -L/home/alter0ne/rtk_openwrt_sdk/staging_dir/host/lib conftest.c -lnsl  >&5
configure:6773: $? = 0
configure:6777: test -z 
			 || test ! -s conftest.err
configure:6780: $? = 0
configure:6783: test -s conftest
configure:6786: $? = 0
configure:6798: result: yes
configure:6808: checking for res_gethostbyname
configure:6865: gcc -o conftest -O2 -I/home/alter0ne/rtk_openwrt_sdk/staging_dir/host/include -DEI_64BIT -I/home/alter0ne/rtk_openwrt_sdk/staging_dir/host/include -L/home/alter0ne/rtk_openwrt_sdk/staging_dir/host/lib conftest.c -lnsl  >&5
/tmp/ccU0IuUa.o: In function `main':
conftest.c:(.text.startup+0x3): undefined reference to `res_gethostbyname'
/tmp/ccU0IuUa.o:(.data.rel+0x0): undefined reference to `res_gethostbyname'
collect2: error: ld returned 1 exit status
configure:6871: $? = 1
configure: failed program was:
| /* confdefs.h.  */
| 
| #define PACKAGE_NAME ""
| #define PACKAGE_TARNAME ""
| #define PACKAGE_VERSION ""
| #define PACKAGE_STRING ""
| #define PACKAGE_BUGREPORT ""
| #define STDC_HEADERS 1
| #define HAVE_SYS_TYPES_H 1
| #define HAVE_SYS_STAT_H 1
| #define HAVE_STDLIB_H 1
| #define HAVE_STRING_H 1
| #define HAVE_MEMORY_H 1
| #define HAVE_STRINGS_H 1
| #define HAVE_INTTYPES_H 1
| #define HAVE_STDINT_H 1
| #define HAVE_UNISTD_H 1
| #define SIZEOF_SHORT 2
| #define SIZEOF_INT 4
| #define SIZEOF_LONG 8
| #define SIZEOF_VOID_P 8
| #define SIZEOF_LONG_LONG 8
| #define HAVE_LIBNSL 1
| #define STDC_HEADERS 1
| #define HAVE_SYS_WAIT_H 1
| #define HAVE_ARPA_INET_H 1
| #define HAVE_FCNTL_H 1
| #define HAVE_LIMITS_H 1
| #define HAVE_MALLOC_H 1
| #define HAVE_NETDB_H 1
| #define HAVE_NETINET_IN_H 1
| #define HAVE_STDDEF_H 1
| #define HAVE_STDLIB_H 1
| #define HAVE_STRING_H 1
| #define HAVE_SYS_PARAM_H 1
| #define HAVE_SYS_SOCKET_H 1
| #define HAVE_SYS_SELECT_H 1
| #define HAVE_SYS_TIME_H 1
| #define HAVE_UNISTD_H 1
| #define HAVE_SYS_TYPES_H 1
| #define TIME_WITH_SYS_TIME 1
| #define HAVE_SOCKLEN_T
| #define HAVE_ALLOCA_H 1
| #define HAVE_ALLOCA 1
| #define HAVE_DUP2 1
| #define HAVE_GETHOSTBYADDR 1
| #define HAVE_GETHOSTBYNAME 1
| #define HAVE_GETHOSTBYADDR_R 1
| #define HAVE_GETHOSTBYNAME_R 1
| #define HAVE_GETHOSTNAME 1
| #define HAVE_WRITEV 1
| #define HAVE_GETTIMEOFDAY 1
| #define HAVE_INET_NTOA 1
| #define HAVE_MEMCHR 1
| #define HAVE_MEMMOVE 1
| #define HAVE_MEMSET 1
| #define HAVE_SELECT 1
| #define HAVE_SOCKET 1
| #define HAVE_STRCHR 1
| #define HAVE_STRERROR 1
| #define HAVE_STRRCHR 1
| #define HAVE_STRSTR 1
| #define HAVE_UNAME 1
| /* end confdefs.h.  */
| /* Define res_gethostbyname to an innocuous variant, in case <limits.h> declares res_gethostbyname.
|    For example, HP-UX 11i <limits.h> declares gettimeofday.  */
| #define res_gethostbyname innocuous_res_gethostbyname
| 
| /* System header to define __stub macros and hopefully few prototypes,
|     which can conflict with char res_gethostbyname (); below.
|     Prefer <limits.h> to <assert.h> if __STDC__ is defined, since
|     <limits.h> exists even on freestanding compilers.  */
| 
| #ifdef __STDC__
| # include <limits.h>
| #else
| # include <assert.h>
| #endif
| 
| #undef res_gethostbyname
| 
| /* Override any gcc2 internal prototype to avoid an error.  */
| #ifdef __cplusplus
| extern "C"
| {
| #endif
| /* We use char because int might match the return type of a gcc2
|    builtin and then its argument prototype would still apply.  */
| char res_gethostbyname ();
| /* The GNU C library defines this for functions which it implements
|     to always fail with ENOSYS.  Some functions are actually named
|     something starting with __ and the normal name is an alias.  */
| #if defined (__stub_res_gethostbyname) || defined (__stub___res_gethostbyname)
| choke me
| #else
| char (*f) () = res_gethostbyname;
| #endif
| #ifdef __cplusplus
| }
| #endif
| 
| int
| main ()
| {
| return f != res_gethostbyname;
|   ;
|   return 0;
| }
configure:6896: result: no
configure:6902: checking for res_gethostbyname in -lresolv
configure:6932: gcc -o conftest -O2 -I/home/alter0ne/rtk_openwrt_sdk/staging_dir/host/include -DEI_64BIT -I/home/alter0ne/rtk_openwrt_sdk/staging_dir/host/include -L/home/alter0ne/rtk_openwrt_sdk/staging_dir/host/lib conftest.c -lresolv  -lnsl  >&5
/tmp/ccLIEYsc.o: In function `main':
conftest.c:(.text.startup+0x7): undefined reference to `res_gethostbyname'
collect2: error: ld returned 1 exit status
configure:6938: $? = 1
configure: failed program was:
| /* confdefs.h.  */
| 
| #define PACKAGE_NAME ""
| #define PACKAGE_TARNAME ""
| #define PACKAGE_VERSION ""
| #define PACKAGE_STRING ""
| #define PACKAGE_BUGREPORT ""
| #define STDC_HEADERS 1
| #define HAVE_SYS_TYPES_H 1
| #define HAVE_SYS_STAT_H 1
| #define HAVE_STDLIB_H 1
| #define HAVE_STRING_H 1
| #define HAVE_MEMORY_H 1
| #define HAVE_STRINGS_H 1
| #define HAVE_INTTYPES_H 1
| #define HAVE_STDINT_H 1
| #define HAVE_UNISTD_H 1
| #define SIZEOF_SHORT 2
| #define SIZEOF_INT 4
| #define SIZEOF_LONG 8
| #define SIZEOF_VOID_P 8
| #define SIZEOF_LONG_LONG 8
| #define HAVE_LIBNSL 1
| #define STDC_HEADERS 1
| #define HAVE_SYS_WAIT_H 1
| #define HAVE_ARPA_INET_H 1
| #define HAVE_FCNTL_H 1
| #define HAVE_LIMITS_H 1
| #define HAVE_MALLOC_H 1
| #define HAVE_NETDB_H 1
| #define HAVE_NETINET_IN_H 1
| #define HAVE_STDDEF_H 1
| #define HAVE_STDLIB_H 1
| #define HAVE_STRING_H 1
| #define HAVE_SYS_PARAM_H 1
| #define HAVE_SYS_SOCKET_H 1
| #define HAVE_SYS_SELECT_H 1
| #define HAVE_SYS_TIME_H 1
| #define HAVE_UNISTD_H 1
| #define HAVE_SYS_TYPES_H 1
| #define TIME_WITH_SYS_TIME 1
| #define HAVE_SOCKLEN_T
| #define HAVE_ALLOCA_H 1
| #define HAVE_ALLOCA 1
| #define HAVE_DUP2 1
| #define HAVE_GETHOSTBYADDR 1
| #define HAVE_GETHOSTBYNAME 1
| #define HAVE_GETHOSTBYADDR_R 1
| #define HAVE_GETHOSTBYNAME_R 1
| #define HAVE_GETHOSTNAME 1
| #define HAVE_WRITEV 1
| #define HAVE_GETTIMEOFDAY 1
| #define HAVE_INET_NTOA 1
| #define HAVE_MEMCHR 1
| #define HAVE_MEMMOVE 1
| #define HAVE_MEMSET 1
| #define HAVE_SELECT 1
| #define HAVE_SOCKET 1
| #define HAVE_STRCHR 1
| #define HAVE_STRERROR 1
| #define HAVE_STRRCHR 1
| #define HAVE_STRSTR 1
| #define HAVE_UNAME 1
| /* end confdefs.h.  */
| 
| /* Override any gcc2 internal prototype to avoid an error.  */
| #ifdef __cplusplus
| extern "C"
| #endif
| /* We use char because int might match the return type of a gcc2
|    builtin and then its argument prototype would still apply.  */
| char res_gethostbyname ();
| int
| main ()
| {
| res_gethostbyname ();
|   ;
|   return 0;
| }
configure:6964: result: no
configure:6978: checking for clock_gettime
configure:7035: gcc -o conftest -O2 -I/home/alter0ne/rtk_openwrt_sdk/staging_dir/host/include -DEI_64BIT -I/home/alter0ne/rtk_openwrt_sdk/staging_dir/host/include -L/home/alter0ne/rtk_openwrt_sdk/staging_dir/host/lib conftest.c -lnsl  >&5
configure:7041: $? = 0
configure:7045: test -z 
			 || test ! -s conftest.err
configure:7048: $? = 0
configure:7051: test -s conftest
configure:7054: $? = 0
configure:7066: result: yes
configure:7499: checking for mixed cygwin or msys and native VC++ environment
configure:7524: result: no
configure:7540: checking for mixed cygwin and native MinGW environment
configure:7558: result: no
configure:7567: checking if we mix cygwin with any native compiler
configure:7573: result: no
configure:7579: checking if we mix msys with another native compiler
configure:7585: result: no
configure:7605: checking for native win32 threads
configure:7615: result: no
configure:7623: checking for pthread_create in -lpthread
configure:7653: gcc -o conftest -O2 -I/home/alter0ne/rtk_openwrt_sdk/staging_dir/host/include -DEI_64BIT -I/home/alter0ne/rtk_openwrt_sdk/staging_dir/host/include -L/home/alter0ne/rtk_openwrt_sdk/staging_dir/host/lib conftest.c -lpthread  -lnsl  >&5
configure:7659: $? = 0
configure:7663: test -z 
			 || test ! -s conftest.err
configure:7666: $? = 0
configure:7669: test -s conftest
configure:7672: $? = 0
configure:7685: result: yes
configure:7937: checking for getconf
configure:7953: found /usr/bin/getconf
configure:7964: result: getconf
configure:8105: checking for Native POSIX Thread Library
configure:8124: result: yes
configure:8144: checking nptl/pthread.h usability
configure:8156: gcc -c -O2 -I/home/alter0ne/rtk_openwrt_sdk/staging_dir/host/include -DEI_64BIT -I/home/alter0ne/rtk_openwrt_sdk/staging_dir/host/include conftest.c >&5
conftest.c:99:10: fatal error: nptl/pthread.h: No such file or directory
 #include <nptl/pthread.h>
          ^~~~~~~~~~~~~~~~
compilation terminated.
configure:8162: $? = 1
configure: failed program was:
| /* confdefs.h.  */
| 
| #define PACKAGE_NAME ""
| #define PACKAGE_TARNAME ""
| #define PACKAGE_VERSION ""
| #define PACKAGE_STRING ""
| #define PACKAGE_BUGREPORT ""
| #define STDC_HEADERS 1
| #define HAVE_SYS_TYPES_H 1
| #define HAVE_SYS_STAT_H 1
| #define HAVE_STDLIB_H 1
| #define HAVE_STRING_H 1
| #define HAVE_MEMORY_H 1
| #define HAVE_STRINGS_H 1
| #define HAVE_INTTYPES_H 1
| #define HAVE_STDINT_H 1
| #define HAVE_UNISTD_H 1
| #define SIZEOF_SHORT 2
| #define SIZEOF_INT 4
| #define SIZEOF_LONG 8
| #define SIZEOF_VOID_P 8
| #define SIZEOF_LONG_LONG 8
| #define HAVE_LIBNSL 1
| #define STDC_HEADERS 1
| #define HAVE_SYS_WAIT_H 1
| #define HAVE_ARPA_INET_H 1
| #define HAVE_FCNTL_H 1
| #define HAVE_LIMITS_H 1
| #define HAVE_MALLOC_H 1
| #define HAVE_NETDB_H 1
| #define HAVE_NETINET_IN_H 1
| #define HAVE_STDDEF_H 1
| #define HAVE_STDLIB_H 1
| #define HAVE_STRING_H 1
| #define HAVE_SYS_PARAM_H 1
| #define HAVE_SYS_SOCKET_H 1
| #define HAVE_SYS_SELECT_H 1
| #define HAVE_SYS_TIME_H 1
| #define HAVE_UNISTD_H 1
| #define HAVE_SYS_TYPES_H 1
| #define TIME_WITH_SYS_TIME 1
| #define HAVE_SOCKLEN_T
| #define HAVE_ALLOCA_H 1
| #define HAVE_ALLOCA 1
| #define HAVE_DUP2 1
| #define HAVE_GETHOSTBYADDR 1
| #define HAVE_GETHOSTBYNAME 1
| #define HAVE_GETHOSTBYADDR_R 1
| #define HAVE_GETHOSTBYNAME_R 1
| #define HAVE_GETHOSTNAME 1
| #define HAVE_WRITEV 1
| #define HAVE_GETTIMEOFDAY 1
| #define HAVE_INET_NTOA 1
| #define HAVE_MEMCHR 1
| #define HAVE_MEMMOVE 1
| #define HAVE_MEMSET 1
| #define HAVE_SELECT 1
| #define HAVE_SOCKET 1
| #define HAVE_STRCHR 1
| #define HAVE_STRERROR 1
| #define HAVE_STRRCHR 1
| #define HAVE_STRSTR 1
| #define HAVE_UNAME 1
| /* end confdefs.h.  */
| #include <stdio.h>
| #if HAVE_SYS_TYPES_H
| # include <sys/types.h>
| #endif
| #if HAVE_SYS_STAT_H
| # include <sys/stat.h>
| #endif
| #if STDC_HEADERS
| # include <stdlib.h>
| # include <stddef.h>
| #else
| # if HAVE_STDLIB_H
| #  include <stdlib.h>
| # endif
| #endif
| #if HAVE_STRING_H
| # if !STDC_HEADERS && HAVE_MEMORY_H
| #  include <memory.h>
| # endif
| # include <string.h>
| #endif
| #if HAVE_STRINGS_H
| # include <strings.h>
| #endif
| #if HAVE_INTTYPES_H
| # include <inttypes.h>
| #else
| # if HAVE_STDINT_H
| #  include <stdint.h>
| # endif
| #endif
| #if HAVE_UNISTD_H
| # include <unistd.h>
| #endif
| #include <nptl/pthread.h>
configure:8185: result: no
configure:8189: checking nptl/pthread.h presence
configure:8199: gcc -E -I/home/alter0ne/rtk_openwrt_sdk/staging_dir/host/include conftest.c
conftest.c:65:10: fatal error: nptl/pthread.h: No such file or directory
 #include <nptl/pthread.h>
          ^~~~~~~~~~~~~~~~
compilation terminated.
configure:8205: $? = 1
configure: failed program was:
| /* confdefs.h.  */
| 
| #define PACKAGE_NAME ""
| #define PACKAGE_TARNAME ""
| #define PACKAGE_VERSION ""
| #define PACKAGE_STRING ""
| #define PACKAGE_BUGREPORT ""
| #define STDC_HEADERS 1
| #define HAVE_SYS_TYPES_H 1
| #define HAVE_SYS_STAT_H 1
| #define HAVE_STDLIB_H 1
| #define HAVE_STRING_H 1
| #define HAVE_MEMORY_H 1
| #define HAVE_STRINGS_H 1
| #define HAVE_INTTYPES_H 1
| #define HAVE_STDINT_H 1
| #define HAVE_UNISTD_H 1
| #define SIZEOF_SHORT 2
| #define SIZEOF_INT 4
| #define SIZEOF_LONG 8
| #define SIZEOF_VOID_P 8
| #define SIZEOF_LONG_LONG 8
| #define HAVE_LIBNSL 1
| #define STDC_HEADERS 1
| #define HAVE_SYS_WAIT_H 1
| #define HAVE_ARPA_INET_H 1
| #define HAVE_FCNTL_H 1
| #define HAVE_LIMITS_H 1
| #define HAVE_MALLOC_H 1
| #define HAVE_NETDB_H 1
| #define HAVE_NETINET_IN_H 1
| #define HAVE_STDDEF_H 1
| #define HAVE_STDLIB_H 1
| #define HAVE_STRING_H 1
| #define HAVE_SYS_PARAM_H 1
| #define HAVE_SYS_SOCKET_H 1
| #define HAVE_SYS_SELECT_H 1
| #define HAVE_SYS_TIME_H 1
| #define HAVE_UNISTD_H 1
| #define HAVE_SYS_TYPES_H 1
| #define TIME_WITH_SYS_TIME 1
| #define HAVE_SOCKLEN_T
| #define HAVE_ALLOCA_H 1
| #define HAVE_ALLOCA 1
| #define HAVE_DUP2 1
| #define HAVE_GETHOSTBYADDR 1
| #define HAVE_GETHOSTBYNAME 1
| #define HAVE_GETHOSTBYADDR_R 1
| #define HAVE_GETHOSTBYNAME_R 1
| #define HAVE_GETHOSTNAME 1
| #define HAVE_WRITEV 1
| #define HAVE_GETTIMEOFDAY 1
| #define HAVE_INET_NTOA 1
| #define HAVE_MEMCHR 1
| #define HAVE_MEMMOVE 1
| #define HAVE_MEMSET 1
| #define HAVE_SELECT 1
| #define HAVE_SOCKET 1
| #define HAVE_STRCHR 1
| #define HAVE_STRERROR 1
| #define HAVE_STRRCHR 1
| #define HAVE_STRSTR 1
| #define HAVE_UNAME 1
| /* end confdefs.h.  */
| #include <nptl/pthread.h>
configure:8225: result: no
configure:8260: checking for nptl/pthread.h
configure:8267: result: no
configure:8473: checking pthread.h usability
configure:8485: gcc -c -O2 -I/home/alter0ne/rtk_openwrt_sdk/staging_dir/host/include -DEI_64BIT -I/home/alter0ne/rtk_openwrt_sdk/staging_dir/host/include  -D_THREAD_SAFE -D_REENTRANT -DPOSIX_THREADS -D_POSIX_THREAD_SAFE_FUNCTIONS conftest.c >&5
configure:8491: $? = 0
configure:8495: test -z 
			 || test ! -s conftest.err
configure:8498: $? = 0
configure:8501: test -s conftest.o
configure:8504: $? = 0
configure:8514: result: yes
configure:8518: checking pthread.h presence
configure:8528: gcc -E -I/home/alter0ne/rtk_openwrt_sdk/staging_dir/host/include  -D_THREAD_SAFE -D_REENTRANT -DPOSIX_THREADS -D_POSIX_THREAD_SAFE_FUNCTIONS conftest.c
configure:8534: $? = 0
configure:8554: result: yes
configure:8589: checking for pthread.h
configure:8596: result: yes
configure:8620: checking pthread/mit/pthread.h usability
configure:8632: gcc -c -O2 -I/home/alter0ne/rtk_openwrt_sdk/staging_dir/host/include -DEI_64BIT -I/home/alter0ne/rtk_openwrt_sdk/staging_dir/host/include  -D_THREAD_SAFE -D_REENTRANT -DPOSIX_THREADS -D_POSIX_THREAD_SAFE_FUNCTIONS conftest.c >&5
conftest.c:100:10: fatal error: pthread/mit/pthread.h: No such file or directory
 #include <pthread/mit/pthread.h>
          ^~~~~~~~~~~~~~~~~~~~~~~
compilation terminated.
configure:8638: $? = 1
configure: failed program was:
| /* confdefs.h.  */
| 
| #define PACKAGE_NAME ""
| #define PACKAGE_TARNAME ""
| #define PACKAGE_VERSION ""
| #define PACKAGE_STRING ""
| #define PACKAGE_BUGREPORT ""
| #define STDC_HEADERS 1
| #define HAVE_SYS_TYPES_H 1
| #define HAVE_SYS_STAT_H 1
| #define HAVE_STDLIB_H 1
| #define HAVE_STRING_H 1
| #define HAVE_MEMORY_H 1
| #define HAVE_STRINGS_H 1
| #define HAVE_INTTYPES_H 1
| #define HAVE_STDINT_H 1
| #define HAVE_UNISTD_H 1
| #define SIZEOF_SHORT 2
| #define SIZEOF_INT 4
| #define SIZEOF_LONG 8
| #define SIZEOF_VOID_P 8
| #define SIZEOF_LONG_LONG 8
| #define HAVE_LIBNSL 1
| #define STDC_HEADERS 1
| #define HAVE_SYS_WAIT_H 1
| #define HAVE_ARPA_INET_H 1
| #define HAVE_FCNTL_H 1
| #define HAVE_LIMITS_H 1
| #define HAVE_MALLOC_H 1
| #define HAVE_NETDB_H 1
| #define HAVE_NETINET_IN_H 1
| #define HAVE_STDDEF_H 1
| #define HAVE_STDLIB_H 1
| #define HAVE_STRING_H 1
| #define HAVE_SYS_PARAM_H 1
| #define HAVE_SYS_SOCKET_H 1
| #define HAVE_SYS_SELECT_H 1
| #define HAVE_SYS_TIME_H 1
| #define HAVE_UNISTD_H 1
| #define HAVE_SYS_TYPES_H 1
| #define TIME_WITH_SYS_TIME 1
| #define HAVE_SOCKLEN_T
| #define HAVE_ALLOCA_H 1
| #define HAVE_ALLOCA 1
| #define HAVE_DUP2 1
| #define HAVE_GETHOSTBYADDR 1
| #define HAVE_GETHOSTBYNAME 1
| #define HAVE_GETHOSTBYADDR_R 1
| #define HAVE_GETHOSTBYNAME_R 1
| #define HAVE_GETHOSTNAME 1
| #define HAVE_WRITEV 1
| #define HAVE_GETTIMEOFDAY 1
| #define HAVE_INET_NTOA 1
| #define HAVE_MEMCHR 1
| #define HAVE_MEMMOVE 1
| #define HAVE_MEMSET 1
| #define HAVE_SELECT 1
| #define HAVE_SOCKET 1
| #define HAVE_STRCHR 1
| #define HAVE_STRERROR 1
| #define HAVE_STRRCHR 1
| #define HAVE_STRSTR 1
| #define HAVE_UNAME 1
| #define HAVE_PTHREAD_H 1
| /* end confdefs.h.  */
| #include <stdio.h>
| #if HAVE_SYS_TYPES_H
| # include <sys/types.h>
| #endif
| #if HAVE_SYS_STAT_H
| # include <sys/stat.h>
| #endif
| #if STDC_HEADERS
| # include <stdlib.h>
| # include <stddef.h>
| #else
| # if HAVE_STDLIB_H
| #  include <stdlib.h>
| # endif
| #endif
| #if HAVE_STRING_H
| # if !STDC_HEADERS && HAVE_MEMORY_H
| #  include <memory.h>
| # endif
| # include <string.h>
| #endif
| #if HAVE_STRINGS_H
| # include <strings.h>
| #endif
| #if HAVE_INTTYPES_H
| # include <inttypes.h>
| #else
| # if HAVE_STDINT_H
| #  include <stdint.h>
| # endif
| #endif
| #if HAVE_UNISTD_H
| # include <unistd.h>
| #endif
| #include <pthread/mit/pthread.h>
configure:8661: result: no
configure:8665: checking pthread/mit/pthread.h presence
configure:8675: gcc -E -I/home/alter0ne/rtk_openwrt_sdk/staging_dir/host/include  -D_THREAD_SAFE -D_REENTRANT -DPOSIX_THREADS -D_POSIX_THREAD_SAFE_FUNCTIONS conftest.c
conftest.c:66:10: fatal error: pthread/mit/pthread.h: No such file or directory
 #include <pthread/mit/pthread.h>
          ^~~~~~~~~~~~~~~~~~~~~~~
compilation terminated.
configure:8681: $? = 1
configure: failed program was:
| /* confdefs.h.  */
| 
| #define PACKAGE_NAME ""
| #define PACKAGE_TARNAME ""
| #define PACKAGE_VERSION ""
| #define PACKAGE_STRING ""
| #define PACKAGE_BUGREPORT ""
| #define STDC_HEADERS 1
| #define HAVE_SYS_TYPES_H 1
| #define HAVE_SYS_STAT_H 1
| #define HAVE_STDLIB_H 1
| #define HAVE_STRING_H 1
| #define HAVE_MEMORY_H 1
| #define HAVE_STRINGS_H 1
| #define HAVE_INTTYPES_H 1
| #define HAVE_STDINT_H 1
| #define HAVE_UNISTD_H 1
| #define SIZEOF_SHORT 2
| #define SIZEOF_INT 4
| #define SIZEOF_LONG 8
| #define SIZEOF_VOID_P 8
| #define SIZEOF_LONG_LONG 8
| #define HAVE_LIBNSL 1
| #define STDC_HEADERS 1
| #define HAVE_SYS_WAIT_H 1
| #define HAVE_ARPA_INET_H 1
| #define HAVE_FCNTL_H 1
| #define HAVE_LIMITS_H 1
| #define HAVE_MALLOC_H 1
| #define HAVE_NETDB_H 1
| #define HAVE_NETINET_IN_H 1
| #define HAVE_STDDEF_H 1
| #define HAVE_STDLIB_H 1
| #define HAVE_STRING_H 1
| #define HAVE_SYS_PARAM_H 1
| #define HAVE_SYS_SOCKET_H 1
| #define HAVE_SYS_SELECT_H 1
| #define HAVE_SYS_TIME_H 1
| #define HAVE_UNISTD_H 1
| #define HAVE_SYS_TYPES_H 1
| #define TIME_WITH_SYS_TIME 1
| #define HAVE_SOCKLEN_T
| #define HAVE_ALLOCA_H 1
| #define HAVE_ALLOCA 1
| #define HAVE_DUP2 1
| #define HAVE_GETHOSTBYADDR 1
| #define HAVE_GETHOSTBYNAME 1
| #define HAVE_GETHOSTBYADDR_R 1
| #define HAVE_GETHOSTBYNAME_R 1
| #define HAVE_GETHOSTNAME 1
| #define HAVE_WRITEV 1
| #define HAVE_GETTIMEOFDAY 1
| #define HAVE_INET_NTOA 1
| #define HAVE_MEMCHR 1
| #define HAVE_MEMMOVE 1
| #define HAVE_MEMSET 1
| #define HAVE_SELECT 1
| #define HAVE_SOCKET 1
| #define HAVE_STRCHR 1
| #define HAVE_STRERROR 1
| #define HAVE_STRRCHR 1
| #define HAVE_STRSTR 1
| #define HAVE_UNAME 1
| #define HAVE_PTHREAD_H 1
| /* end confdefs.h.  */
| #include <pthread/mit/pthread.h>
configure:8701: result: no
configure:8736: checking for pthread/mit/pthread.h
configure:8743: result: no
configure:8803: checking if we can add -Werror=return-type to WERRORFLAGS (via CFLAGS)
configure:8823: gcc -c -Werror=return-type  -I/home/alter0ne/rtk_openwrt_sdk/staging_dir/host/include conftest.c >&5
configure:8829: $? = 0
configure:8833: test -z 
			 || test ! -s conftest.err
configure:8836: $? = 0
configure:8839: test -s conftest.o
configure:8842: $? = 0
configure:8854: result: yes
configure:8998: creating ./config.status

## ---------------------- ##
## Running config.status. ##
## ---------------------- ##

This file was extended by config.status, which was
generated by GNU Autoconf 2.59.  Invocation command line was

  CONFIG_FILES    = 
  CONFIG_HEADERS  = 
  CONFIG_LINKS    = 
  CONFIG_COMMANDS = 
  $ ./config.status 

on alter0ne-PC

config.status:680: creating src/x86_64-pc-linux-gnu/Makefile
config.status:680: creating src/x86_64-pc-linux-gnu/eidefs.mk
config.status:777: creating src/x86_64-pc-linux-gnu/config.h

## ---------------- ##
## Cache variables. ##
## ---------------- ##

ac_cv_build=x86_64-pc-linux-gnu
ac_cv_build_alias=x86_64-linux-gnu
ac_cv_c_compiler_gnu=yes
ac_cv_env_CC_set=set
ac_cv_env_CC_value=gcc
ac_cv_env_CFLAGS_set=set
ac_cv_env_CFLAGS_value='-O2 -I/home/alter0ne/rtk_openwrt_sdk/staging_dir/host/include'
ac_cv_env_CPPFLAGS_set=set
ac_cv_env_CPPFLAGS_value=-I/home/alter0ne/rtk_openwrt_sdk/staging_dir/host/include
ac_cv_env_CPP_set=
ac_cv_env_CPP_value=
ac_cv_env_LDFLAGS_set=set
ac_cv_env_LDFLAGS_value=-L/home/alter0ne/rtk_openwrt_sdk/staging_dir/host/lib
ac_cv_env_build_alias_set=set
ac_cv_env_build_alias_value=x86_64-linux-gnu
ac_cv_env_host_alias_set=set
ac_cv_env_host_alias_value=x86_64-linux-gnu
ac_cv_env_target_alias_set=set
ac_cv_env_target_alias_value=x86_64-linux-gnu
ac_cv_exeext=
ac_cv_func_alloca_works=yes
ac_cv_func_clock_gettime=yes
ac_cv_func_dup2=yes
ac_cv_func_gethostbyaddr=yes
ac_cv_func_gethostbyaddr_r=yes
ac_cv_func_gethostbyname=yes
ac_cv_func_gethostbyname_r=yes
ac_cv_func_gethostname=yes
ac_cv_func_gethrtime=no
ac_cv_func_gettimeofday=yes
ac_cv_func_inet_ntoa=yes
ac_cv_func_memchr=yes
ac_cv_func_memcmp_working=yes
ac_cv_func_memmove=yes
ac_cv_func_memset=yes
ac_cv_func_res_gethostbyname=no
ac_cv_func_select=yes
ac_cv_func_socket=yes
ac_cv_func_strchr=yes
ac_cv_func_strerror=yes
ac_cv_func_strrchr=yes
ac_cv_func_strstr=yes
ac_cv_func_uname=yes
ac_cv_func_writev=yes
ac_cv_header_arpa_inet_h=yes
ac_cv_header_fcntl_h=yes
ac_cv_header_inttypes_h=yes
ac_cv_header_limits_h=yes
ac_cv_header_malloc_h=yes
ac_cv_header_memory_h=yes
ac_cv_header_netdb_h=yes
ac_cv_header_netinet_in_h=yes
ac_cv_header_nptl_pthread_h=no
ac_cv_header_pthread_h=yes
ac_cv_header_pthread_mit_pthread_h=no
ac_cv_header_stdc=yes
ac_cv_header_stddef_h=yes
ac_cv_header_stdint_h=yes
ac_cv_header_stdlib_h=yes
ac_cv_header_string_h=yes
ac_cv_header_strings_h=yes
ac_cv_header_sys_param_h=yes
ac_cv_header_sys_select_h=yes
ac_cv_header_sys_socket_h=yes
ac_cv_header_sys_stat_h=yes
ac_cv_header_sys_time_h=yes
ac_cv_header_sys_types_h=yes
ac_cv_header_sys_wait_h=yes
ac_cv_header_time=yes
ac_cv_header_unistd_h=yes
ac_cv_host=x86_64-pc-linux-gnu
ac_cv_host_alias=x86_64-linux-gnu
ac_cv_lib_nsl_gethostbyname=yes
ac_cv_lib_pthread_pthread_create=yes
ac_cv_lib_resolv_res_gethostbyname=no
ac_cv_lib_socket_getpeername=no
ac_cv_objext=o
ac_cv_path_install='/usr/bin/install -c'
ac_cv_prog_AR=x86_64-linux-gnu-ar
ac_cv_prog_CC=gcc
ac_cv_prog_CPP='gcc -E'
ac_cv_prog_GETCONF=getconf
ac_cv_prog_LD=x86_64-linux-gnu-ld
ac_cv_prog_RANLIB=x86_64-linux-gnu-ranlib
ac_cv_prog_cc_g=yes
ac_cv_prog_cc_stdc=
ac_cv_prog_egrep='grep -E'
ac_cv_prog_gcc_traditional=no
ac_cv_prog_mkdir_p='/usr/bin/install -c -d'
ac_cv_sizeof_int=4
ac_cv_sizeof_long=8
ac_cv_sizeof_long_long=8
ac_cv_sizeof_short=2
ac_cv_sizeof_void_p=8
ac_cv_type_int=yes
ac_cv_type_long=yes
ac_cv_type_long_long=yes
ac_cv_type_pid_t=yes
ac_cv_type_short=yes
ac_cv_type_size_t=yes
ac_cv_type_uid_t=yes
ac_cv_type_void_p=yes
ac_cv_working_alloca_h=yes

## ----------------- ##
## Output variables. ##
## ----------------- ##

ALLOCA=''
AR='x86_64-linux-gnu-ar'
CC='gcc'
CFLAGS='-Werror=return-type  -O2 -I/home/alter0ne/rtk_openwrt_sdk/staging_dir/host/include -DEI_64BIT'
CPP='gcc -E'
CPPFLAGS='-I/home/alter0ne/rtk_openwrt_sdk/staging_dir/host/include'
DEFS='-DHAVE_CONFIG_H'
ECHO_C=''
ECHO_N='-n'
ECHO_T=''
EGREP='grep -E'
EI_THREADS='true'
EXEEXT=''
GETCONF='getconf'
INSTALL_DATA='${INSTALL} -m 644'
INSTALL_DIR='/usr/bin/install -c -d'
INSTALL_PROGRAM='${INSTALL}'
INSTALL_SCRIPT='${INSTALL}'
LD='x86_64-linux-gnu-ld'
LDFLAGS='-L/home/alter0ne/rtk_openwrt_sdk/staging_dir/host/lib'
LIBOBJS=''
LIBS='-lnsl '
LIB_CFLAGS='-Werror=return-type  -O2 -I/home/alter0ne/rtk_openwrt_sdk/staging_dir/host/include -DEI_64BIT -fPIC'
LTLIBOBJS=''
MIXED_CYGWIN='no'
MIXED_CYGWIN_MINGW='no'
MIXED_CYGWIN_VC='no'
MIXED_MSYS='no'
MIXED_MSYS_VC='no'
MIXED_VC='no'
OBJEXT='o'
PACKAGE_BUGREPORT=''
PACKAGE_NAME=''
PACKAGE_STRING=''
PACKAGE_TARNAME=''
PACKAGE_VERSION=''
PATH_SEPARATOR=':'
RANLIB='x86_64-linux-gnu-ranlib'
SHELL='/bin/bash'
TARGET='x86_64-pc-linux-gnu'
THR_DEFS=' -D_THREAD_SAFE -D_REENTRANT -DPOSIX_THREADS -D_POSIX_THREAD_SAFE_FUNCTIONS'
THR_LIBS='-lpthread'
WFLAGS='-Wall -Wstrict-prototypes -Wmissing-prototypes -Wmissing-declarations -Wnested-externs -Winline -fno-strict-aliasing'
ac_ct_AR=''
ac_ct_CC=''
ac_ct_LD=''
ac_ct_RANLIB=''
ac_pt_GETCONF=''
bindir='${exec_prefix}/bin'
build='x86_64-pc-linux-gnu'
build_alias='x86_64-linux-gnu'
build_cpu='x86_64'
build_os='linux-gnu'
build_vendor='pc'
datadir='${prefix}/share'
exec_prefix='/home/alter0ne/rtk_openwrt_sdk/staging_dir/host'
host='x86_64-pc-linux-gnu'
host_alias='x86_64-linux-gnu'
host_cpu='x86_64'
host_os='linux-gnu'
host_vendor='pc'
includedir='${prefix}/include'
infodir='${prefix}/info'
libdir='${exec_prefix}/lib'
libexecdir='${exec_prefix}/libexec'
localstatedir='/home/alter0ne/rtk_openwrt_sdk/staging_dir/host/var'
mandir='${prefix}/man'
oldincludedir='/usr/include'
prefix='/home/alter0ne/rtk_openwrt_sdk/staging_dir/host'
program_transform_name='s,x,x,'
sbindir='/home/alter0ne/rtk_openwrt_sdk/staging_dir/host/bin'
sharedstatedir='${prefix}/com'
sysconfdir='/home/alter0ne/rtk_openwrt_sdk/staging_dir/host/etc'
target_alias='x86_64-linux-gnu'

## ----------- ##
## confdefs.h. ##
## ----------- ##

#define HAVE_ALLOCA 1
#define HAVE_ALLOCA_H 1
#define HAVE_ARPA_INET_H 1
#define HAVE_DUP2 1
#define HAVE_FCNTL_H 1
#define HAVE_GETHOSTBYADDR 1
#define HAVE_GETHOSTBYADDR_R 1
#define HAVE_GETHOSTBYNAME 1
#define HAVE_GETHOSTBYNAME_R 1
#define HAVE_GETHOSTNAME 1
#define HAVE_GETTIMEOFDAY 1
#define HAVE_INET_NTOA 1
#define HAVE_INTTYPES_H 1
#define HAVE_LIBNSL 1
#define HAVE_LIMITS_H 1
#define HAVE_MALLOC_H 1
#define HAVE_MEMCHR 1
#define HAVE_MEMMOVE 1
#define HAVE_MEMORY_H 1
#define HAVE_MEMSET 1
#define HAVE_NETDB_H 1
#define HAVE_NETINET_IN_H 1
#define HAVE_PTHREAD_H 1
#define HAVE_SELECT 1
#define HAVE_SOCKET 1
#define HAVE_SOCKLEN_T
#define HAVE_STDDEF_H 1
#define HAVE_STDINT_H 1
#define HAVE_STDLIB_H 1
#define HAVE_STDLIB_H 1
#define HAVE_STRCHR 1
#define HAVE_STRERROR 1
#define HAVE_STRINGS_H 1
#define HAVE_STRING_H 1
#define HAVE_STRING_H 1
#define HAVE_STRRCHR 1
#define HAVE_STRSTR 1
#define HAVE_SYS_PARAM_H 1
#define HAVE_SYS_SELECT_H 1
#define HAVE_SYS_SOCKET_H 1
#define HAVE_SYS_STAT_H 1
#define HAVE_SYS_TIME_H 1
#define HAVE_SYS_TYPES_H 1
#define HAVE_SYS_TYPES_H 1
#define HAVE_SYS_WAIT_H 1
#define HAVE_UNAME 1
#define HAVE_UNISTD_H 1
#define HAVE_UNISTD_H 1
#define HAVE_WRITEV 1
#define PACKAGE_BUGREPORT ""
#define PACKAGE_NAME ""
#define PACKAGE_STRING ""
#define PACKAGE_TARNAME ""
#define PACKAGE_VERSION ""
#define SIZEOF_INT 4
#define SIZEOF_LONG 8
#define SIZEOF_LONG_LONG 8
#define SIZEOF_SHORT 2
#define SIZEOF_VOID_P 8
#define STDC_HEADERS 1
#define STDC_HEADERS 1
#define TIME_WITH_SYS_TIME 1

configure: exit 0
