This file contains any messages produced by compilers while
running configure, to aid debugging if configure makes a mistake.

It was created by libffi configure 3.0.13, which was
generated by GNU Autoconf 2.69.  Invocation command line was

  $ .././configure --srcdir=.. --enable-builddir=x86_64-pc-linux-gnu CC=gcc CFLAGS=-O2 -I/home/alter0ne/rtk_openwrt_sdk/staging_dir/host/include CPPFLAGS=-I/home/alter0ne/rtk_openwrt_sdk/staging_dir/host/include LDFLAGS=-L/home/alter0ne/rtk_openwrt_sdk/staging_dir/host/lib SHELL=/bin/bash --target=x86_64-linux-gnu --host=x86_64-linux-gnu --build=x86_64-linux-gnu --program-prefix= --program-suffix= --prefix=/home/alter0ne/rtk_openwrt_sdk/staging_dir/host --exec-prefix=/home/alter0ne/rtk_openwrt_sdk/staging_dir/host --sysconfdir=/home/alter0ne/rtk_openwrt_sdk/staging_dir/host/etc --localstatedir=/home/alter0ne/rtk_openwrt_sdk/staging_dir/host/var --sbindir=/home/alter0ne/rtk_openwrt_sdk/staging_dir/host/bin build_alias=x86_64-linux-gnu host_alias=x86_64-linux-gnu target_alias=x86_64-linux-gnu

## --------- ##
## Platform. ##
## --------- ##

hostname = alter0ne-PC
uname -m = x86_64
uname -r = 5.0.0-32-generic
uname -s = Linux
uname -v = #34~18.04.2-Ubuntu SMP Thu Oct 10 10:36:02 UTC 2019

/usr/bin/uname -p = unknown
/bin/uname -X     = unknown

/bin/arch              = unknown
/usr/bin/arch -k       = unknown
/usr/convex/getsysinfo = unknown
/usr/bin/hostinfo      = unknown
/bin/machine           = unknown
/usr/bin/oslevel       = unknown
/bin/universe          = unknown

PATH: /home/alter0ne/rtk_openwrt_sdk/staging_dir/toolchain-mips-rlx4181-linux/bin
PATH: /home/alter0ne/rtk_openwrt_sdk/staging_dir/rsdk-4.6.4-4181-EB-3.10-0.9.33-m32u-20141001//bin
PATH: /home/alter0ne/rtk_openwrt_sdk/staging_dir/host/bin
PATH: /home/alter0ne/rtk_openwrt_sdk/staging_dir/toolchain-mips-rlx4181-linux/bin
PATH: /home/alter0ne/rtk_openwrt_sdk/staging_dir/rsdk-4.6.4-4181-EB-3.10-0.9.33-m32u-20141001//bin
PATH: /home/alter0ne/rtk_openwrt_sdk/staging_dir/host/bin
PATH: /home/alter0ne/.local/bin
PATH: /home/alter0ne/bin
PATH: /usr/local/sbin
PATH: /usr/local/bin
PATH: /usr/sbin
PATH: /usr/bin
PATH: /sbin
PATH: /bin
PATH: /usr/games
PATH: /usr/local/games
PATH: /snap/bin


## ----------- ##
## Core tests. ##
## ----------- ##

configure:2591: checking build system type
configure:2605: result: x86_64-pc-linux-gnu
configure:2625: checking host system type
configure:2638: result: x86_64-pc-linux-gnu
configure:2658: checking target system type
configure:2671: result: x86_64-pc-linux-gnu
configure:2763: checking for gsed
configure:2794: result: sed
configure:2822: checking for a BSD-compatible install
configure:2890: result: /usr/bin/install -c
configure:2901: checking whether build environment is sane
configure:2956: result: yes
configure:3104: checking for a thread-safe mkdir -p
configure:3143: result: /bin/mkdir -p
configure:3150: checking for gawk
configure:3166: found /usr/bin/gawk
configure:3177: result: gawk
configure:3188: checking whether make sets $(MAKE)
configure:3210: result: yes
configure:3315: checking for x86_64-linux-gnu-gcc
configure:3342: result: gcc
configure:3611: checking for C compiler version
configure:3620: gcc --version >&5
gcc (Ubuntu 7.4.0-1ubuntu1~18.04.1) 7.4.0
Copyright (C) 2017 Free Software Foundation, Inc.
This is free software; see the source for copying conditions.  There is NO
warranty; not even for MERCHANTABILITY or FITNESS FOR A PARTICULAR PURPOSE.

configure:3631: $? = 0
configure:3620: gcc -v >&5
Using built-in specs.
COLLECT_GCC=gcc
COLLECT_LTO_WRAPPER=/usr/lib/gcc/x86_64-linux-gnu/7/lto-wrapper
OFFLOAD_TARGET_NAMES=nvptx-none
OFFLOAD_TARGET_DEFAULT=1
Target: x86_64-linux-gnu
Configured with: ../src/configure -v --with-pkgversion='Ubuntu 7.4.0-1ubuntu1~18.04.1' --with-bugurl=file:///usr/share/doc/gcc-7/README.Bugs --enable-languages=c,ada,c++,go,brig,d,fortran,objc,obj-c++ --prefix=/usr --with-gcc-major-version-only --program-suffix=-7 --program-prefix=x86_64-linux-gnu- --enable-shared --enable-linker-build-id --libexecdir=/usr/lib --without-included-gettext --enable-threads=posix --libdir=/usr/lib --enable-nls --with-sysroot=/ --enable-clocale=gnu --enable-libstdcxx-debug --enable-libstdcxx-time=yes --with-default-libstdcxx-abi=new --enable-gnu-unique-object --disable-vtable-verify --enable-libmpx --enable-plugin --enable-default-pie --with-system-zlib --with-target-system-zlib --enable-objc-gc=auto --enable-multiarch --disable-werror --with-arch-32=i686 --with-abi=m64 --with-multilib-list=m32,m64,mx32 --enable-multilib --with-tune=generic --enable-offload-targets=nvptx-none --without-cuda-driver --enable-checking=release --build=x86_64-linux-gnu --host=x86_64-linux-gnu --target=x86_64-linux-gnu
Thread model: posix
gcc version 7.4.0 (Ubuntu 7.4.0-1ubuntu1~18.04.1) 
configure:3631: $? = 0
configure:3620: gcc -V >&5
gcc: error: unrecognized command line option '-V'
gcc: fatal error: no input files
compilation terminated.
configure:3631: $? = 1
configure:3620: gcc -qversion >&5
gcc: error: unrecognized command line option '-qversion'; did you mean '--version'?
gcc: fatal error: no input files
compilation terminated.
configure:3631: $? = 1
configure:3651: checking whether the C compiler works
configure:3673: gcc -O2 -I/home/alter0ne/rtk_openwrt_sdk/staging_dir/host/include -I/home/alter0ne/rtk_openwrt_sdk/staging_dir/host/include -L/home/alter0ne/rtk_openwrt_sdk/staging_dir/host/lib conftest.c  >&5
configure:3677: $? = 0
configure:3725: result: yes
configure:3728: checking for C compiler default output file name
configure:3730: result: a.out
configure:3736: checking for suffix of executables
configure:3743: gcc -o conftest -O2 -I/home/alter0ne/rtk_openwrt_sdk/staging_dir/host/include -I/home/alter0ne/rtk_openwrt_sdk/staging_dir/host/include -L/home/alter0ne/rtk_openwrt_sdk/staging_dir/host/lib conftest.c  >&5
configure:3747: $? = 0
configure:3769: result: 
configure:3791: checking whether we are cross compiling
configure:3799: gcc -o conftest -O2 -I/home/alter0ne/rtk_openwrt_sdk/staging_dir/host/include -I/home/alter0ne/rtk_openwrt_sdk/staging_dir/host/include -L/home/alter0ne/rtk_openwrt_sdk/staging_dir/host/lib conftest.c  >&5
configure:3803: $? = 0
configure:3810: ./conftest
configure:3814: $? = 0
configure:3829: result: no
configure:3834: checking for suffix of object files
configure:3856: gcc -c -O2 -I/home/alter0ne/rtk_openwrt_sdk/staging_dir/host/include -I/home/alter0ne/rtk_openwrt_sdk/staging_dir/host/include conftest.c >&5
configure:3860: $? = 0
configure:3881: result: o
configure:3885: checking whether we are using the GNU C compiler
configure:3904: gcc -c -O2 -I/home/alter0ne/rtk_openwrt_sdk/staging_dir/host/include -I/home/alter0ne/rtk_openwrt_sdk/staging_dir/host/include conftest.c >&5
configure:3904: $? = 0
configure:3913: result: yes
configure:3922: checking whether gcc accepts -g
configure:3942: gcc -c -g -I/home/alter0ne/rtk_openwrt_sdk/staging_dir/host/include conftest.c >&5
configure:3942: $? = 0
configure:3983: result: yes
configure:4000: checking for gcc option to accept ISO C89
configure:4063: gcc  -c -O2 -I/home/alter0ne/rtk_openwrt_sdk/staging_dir/host/include -I/home/alter0ne/rtk_openwrt_sdk/staging_dir/host/include conftest.c >&5
configure:4063: $? = 0
configure:4076: result: none needed
configure:4107: checking for style of include used by make
configure:4135: result: GNU
configure:4161: checking dependency style of gcc
configure:4272: result: gcc3
configure:4302: checking dependency style of gcc
configure:4411: result: gcc3
configure:4427: checking whether gcc and cc understand -c and -o together
configure:4458: gcc -c conftest.c -o conftest2.o >&5
configure:4462: $? = 0
configure:4468: gcc -c conftest.c -o conftest2.o >&5
configure:4472: $? = 0
configure:4483: cc -c conftest.c >&5
configure:4487: $? = 0
configure:4495: cc -c conftest.c -o conftest2.o >&5
configure:4499: $? = 0
configure:4505: cc -c conftest.c -o conftest2.o >&5
configure:4509: $? = 0
configure:4527: result: yes
configure:4598: checking how to print strings
configure:4625: result: printf
configure:4646: checking for a sed that does not truncate output
configure:4710: result: /home/alter0ne/rtk_openwrt_sdk/staging_dir/host/bin/sed
configure:4728: checking for grep that handles long lines and -e
configure:4786: result: /home/alter0ne/rtk_openwrt_sdk/staging_dir/host/bin/grep
configure:4791: checking for egrep
configure:4853: result: /home/alter0ne/rtk_openwrt_sdk/staging_dir/host/bin/grep -E
configure:4858: checking for fgrep
configure:4920: result: /home/alter0ne/rtk_openwrt_sdk/staging_dir/host/bin/grep -F
configure:4955: checking for ld used by gcc
configure:5022: result: /usr/bin/ld
configure:5029: checking if the linker (/usr/bin/ld) is GNU ld
configure:5044: result: yes
configure:5056: checking for BSD- or MS-compatible name lister (nm)
configure:5105: result: /usr/bin/nm -B
configure:5235: checking the name lister (/usr/bin/nm -B) interface
configure:5242: gcc -c -O2 -I/home/alter0ne/rtk_openwrt_sdk/staging_dir/host/include -I/home/alter0ne/rtk_openwrt_sdk/staging_dir/host/include conftest.c >&5
configure:5245: /usr/bin/nm -B "conftest.o"
configure:5248: output
0000000000000000 B some_variable
configure:5255: result: BSD nm
configure:5258: checking whether ln -s works
configure:5262: result: yes
configure:5270: checking the maximum length of command line arguments
configure:5401: result: 1572864
configure:5418: checking whether the shell understands some XSI constructs
configure:5428: result: yes
configure:5432: checking whether the shell understands "+="
configure:5438: result: yes
configure:5473: checking how to convert x86_64-pc-linux-gnu file names to x86_64-pc-linux-gnu format
configure:5513: result: func_convert_file_noop
configure:5520: checking how to convert x86_64-pc-linux-gnu file names to toolchain format
configure:5540: result: func_convert_file_noop
configure:5547: checking for /usr/bin/ld option to reload object files
configure:5554: result: -r
configure:5588: checking for x86_64-linux-gnu-objdump
configure:5604: found /usr/bin/x86_64-linux-gnu-objdump
configure:5615: result: x86_64-linux-gnu-objdump
configure:5687: checking how to recognize dependent libraries
configure:5889: result: pass_all
configure:5934: checking for x86_64-linux-gnu-dlltool
configure:5964: result: no
configure:5974: checking for dlltool
configure:6004: result: no
configure:6034: checking how to associate runtime and link libraries
configure:6061: result: printf %s\n
configure:6078: checking for x86_64-linux-gnu-ar
configure:6094: found /usr/bin/x86_64-linux-gnu-ar
configure:6105: result: x86_64-linux-gnu-ar
configure:6186: checking for archiver @FILE support
configure:6203: gcc -c -O2 -I/home/alter0ne/rtk_openwrt_sdk/staging_dir/host/include -I/home/alter0ne/rtk_openwrt_sdk/staging_dir/host/include conftest.c >&5
configure:6203: $? = 0
configure:6206: x86_64-linux-gnu-ar cru libconftest.a @conftest.lst >&5
x86_64-linux-gnu-ar: `u' modifier ignored since `D' is the default (see `U')
configure:6209: $? = 0
configure:6214: x86_64-linux-gnu-ar cru libconftest.a @conftest.lst >&5
x86_64-linux-gnu-ar: `u' modifier ignored since `D' is the default (see `U')
x86_64-linux-gnu-ar: conftest.o: No such file or directory
configure:6217: $? = 1
configure:6229: result: @
configure:6247: checking for x86_64-linux-gnu-strip
configure:6263: found /usr/bin/x86_64-linux-gnu-strip
configure:6274: result: x86_64-linux-gnu-strip
configure:6346: checking for x86_64-linux-gnu-ranlib
configure:6362: found /usr/bin/x86_64-linux-gnu-ranlib
configure:6373: result: x86_64-linux-gnu-ranlib
configure:6515: checking command to parse /usr/bin/nm -B output from gcc object
configure:6635: gcc -c -O2 -I/home/alter0ne/rtk_openwrt_sdk/staging_dir/host/include -I/home/alter0ne/rtk_openwrt_sdk/staging_dir/host/include conftest.c >&5
configure:6638: $? = 0
configure:6642: /usr/bin/nm -B conftest.o \| sed -n -e 's/^.*[ ]\([ABCDGIRSTW][ABCDGIRSTW]*\)[ ][ ]*\([_A-Za-z][_A-Za-z0-9]*\)$/\1 \2 \2/p' | sed '/ __gnu_lto/d' \> conftest.nm
configure:6645: $? = 0
configure:6711: gcc -o conftest -O2 -I/home/alter0ne/rtk_openwrt_sdk/staging_dir/host/include -I/home/alter0ne/rtk_openwrt_sdk/staging_dir/host/include -L/home/alter0ne/rtk_openwrt_sdk/staging_dir/host/lib conftest.c conftstm.o >&5
configure:6714: $? = 0
configure:6752: result: ok
configure:6789: checking for sysroot
configure:6819: result: no
configure:6896: gcc -c -O2 -I/home/alter0ne/rtk_openwrt_sdk/staging_dir/host/include -I/home/alter0ne/rtk_openwrt_sdk/staging_dir/host/include conftest.c >&5
configure:6899: $? = 0
configure:7042: checking for x86_64-linux-gnu-mt
configure:7072: result: no
configure:7082: checking for mt
configure:7098: found /bin/mt
configure:7109: result: mt
configure:7132: checking if mt is a manifest tool
configure:7138: mt '-?'
configure:7146: result: no
configure:7788: checking how to run the C preprocessor
configure:7819: gcc -E -I/home/alter0ne/rtk_openwrt_sdk/staging_dir/host/include conftest.c
configure:7819: $? = 0
configure:7833: gcc -E -I/home/alter0ne/rtk_openwrt_sdk/staging_dir/host/include conftest.c
conftest.c:11:10: fatal error: ac_nonexistent.h: No such file or directory
 #include <ac_nonexistent.h>
          ^~~~~~~~~~~~~~~~~~
compilation terminated.
configure:7833: $? = 1
configure: failed program was:
| /* confdefs.h */
| #define PACKAGE_NAME "libffi"
| #define PACKAGE_TARNAME "libffi"
| #define PACKAGE_VERSION "3.0.13"
| #define PACKAGE_STRING "libffi 3.0.13"
| #define PACKAGE_BUGREPORT "http://github.com/atgreen/libffi/issues"
| #define PACKAGE_URL ""
| #define PACKAGE "libffi"
| #define VERSION "3.0.13"
| /* end confdefs.h.  */
| #include <ac_nonexistent.h>
configure:7858: result: gcc -E
configure:7878: gcc -E -I/home/alter0ne/rtk_openwrt_sdk/staging_dir/host/include conftest.c
configure:7878: $? = 0
configure:7892: gcc -E -I/home/alter0ne/rtk_openwrt_sdk/staging_dir/host/include conftest.c
conftest.c:11:10: fatal error: ac_nonexistent.h: No such file or directory
 #include <ac_nonexistent.h>
          ^~~~~~~~~~~~~~~~~~
compilation terminated.
configure:7892: $? = 1
configure: failed program was:
| /* confdefs.h */
| #define PACKAGE_NAME "libffi"
| #define PACKAGE_TARNAME "libffi"
| #define PACKAGE_VERSION "3.0.13"
| #define PACKAGE_STRING "libffi 3.0.13"
| #define PACKAGE_BUGREPORT "http://github.com/atgreen/libffi/issues"
| #define PACKAGE_URL ""
| #define PACKAGE "libffi"
| #define VERSION "3.0.13"
| /* end confdefs.h.  */
| #include <ac_nonexistent.h>
configure:7921: checking for ANSI C header files
configure:7941: gcc -c -O2 -I/home/alter0ne/rtk_openwrt_sdk/staging_dir/host/include -I/home/alter0ne/rtk_openwrt_sdk/staging_dir/host/include conftest.c >&5
configure:7941: $? = 0
configure:8014: gcc -o conftest -O2 -I/home/alter0ne/rtk_openwrt_sdk/staging_dir/host/include -I/home/alter0ne/rtk_openwrt_sdk/staging_dir/host/include -L/home/alter0ne/rtk_openwrt_sdk/staging_dir/host/lib conftest.c  >&5
configure:8014: $? = 0
configure:8014: ./conftest
configure:8014: $? = 0
configure:8025: result: yes
configure:8038: checking for sys/types.h
configure:8038: gcc -c -O2 -I/home/alter0ne/rtk_openwrt_sdk/staging_dir/host/include -I/home/alter0ne/rtk_openwrt_sdk/staging_dir/host/include conftest.c >&5
configure:8038: $? = 0
configure:8038: result: yes
configure:8038: checking for sys/stat.h
configure:8038: gcc -c -O2 -I/home/alter0ne/rtk_openwrt_sdk/staging_dir/host/include -I/home/alter0ne/rtk_openwrt_sdk/staging_dir/host/include conftest.c >&5
configure:8038: $? = 0
configure:8038: result: yes
configure:8038: checking for stdlib.h
configure:8038: gcc -c -O2 -I/home/alter0ne/rtk_openwrt_sdk/staging_dir/host/include -I/home/alter0ne/rtk_openwrt_sdk/staging_dir/host/include conftest.c >&5
configure:8038: $? = 0
configure:8038: result: yes
configure:8038: checking for string.h
configure:8038: gcc -c -O2 -I/home/alter0ne/rtk_openwrt_sdk/staging_dir/host/include -I/home/alter0ne/rtk_openwrt_sdk/staging_dir/host/include conftest.c >&5
configure:8038: $? = 0
configure:8038: result: yes
configure:8038: checking for memory.h
configure:8038: gcc -c -O2 -I/home/alter0ne/rtk_openwrt_sdk/staging_dir/host/include -I/home/alter0ne/rtk_openwrt_sdk/staging_dir/host/include conftest.c >&5
configure:8038: $? = 0
configure:8038: result: yes
configure:8038: checking for strings.h
configure:8038: gcc -c -O2 -I/home/alter0ne/rtk_openwrt_sdk/staging_dir/host/include -I/home/alter0ne/rtk_openwrt_sdk/staging_dir/host/include conftest.c >&5
configure:8038: $? = 0
configure:8038: result: yes
configure:8038: checking for inttypes.h
configure:8038: gcc -c -O2 -I/home/alter0ne/rtk_openwrt_sdk/staging_dir/host/include -I/home/alter0ne/rtk_openwrt_sdk/staging_dir/host/include conftest.c >&5
configure:8038: $? = 0
configure:8038: result: yes
configure:8038: checking for stdint.h
configure:8038: gcc -c -O2 -I/home/alter0ne/rtk_openwrt_sdk/staging_dir/host/include -I/home/alter0ne/rtk_openwrt_sdk/staging_dir/host/include conftest.c >&5
configure:8038: $? = 0
configure:8038: result: yes
configure:8038: checking for unistd.h
configure:8038: gcc -c -O2 -I/home/alter0ne/rtk_openwrt_sdk/staging_dir/host/include -I/home/alter0ne/rtk_openwrt_sdk/staging_dir/host/include conftest.c >&5
configure:8038: $? = 0
configure:8038: result: yes
configure:8052: checking for dlfcn.h
configure:8052: gcc -c -O2 -I/home/alter0ne/rtk_openwrt_sdk/staging_dir/host/include -I/home/alter0ne/rtk_openwrt_sdk/staging_dir/host/include conftest.c >&5
configure:8052: $? = 0
configure:8052: result: yes
configure:8258: checking for objdir
configure:8273: result: .libs
configure:8544: checking if gcc supports -fno-rtti -fno-exceptions
configure:8562: gcc -c -O2 -I/home/alter0ne/rtk_openwrt_sdk/staging_dir/host/include -I/home/alter0ne/rtk_openwrt_sdk/staging_dir/host/include -fno-rtti -fno-exceptions conftest.c >&5
cc1: warning: command line option '-fno-rtti' is valid for C++/ObjC++ but not for C
configure:8566: $? = 0
configure:8579: result: no
configure:8906: checking for gcc option to produce PIC
configure:8913: result: -fPIC -DPIC
configure:8921: checking if gcc PIC flag -fPIC -DPIC works
configure:8939: gcc -c -O2 -I/home/alter0ne/rtk_openwrt_sdk/staging_dir/host/include -I/home/alter0ne/rtk_openwrt_sdk/staging_dir/host/include -fPIC -DPIC -DPIC conftest.c >&5
configure:8943: $? = 0
configure:8956: result: yes
configure:8985: checking if gcc static flag -static works
configure:9013: result: yes
configure:9028: checking if gcc supports -c -o file.o
configure:9049: gcc -c -O2 -I/home/alter0ne/rtk_openwrt_sdk/staging_dir/host/include -I/home/alter0ne/rtk_openwrt_sdk/staging_dir/host/include -o out/conftest2.o conftest.c >&5
configure:9053: $? = 0
configure:9075: result: yes
configure:9083: checking if gcc supports -c -o file.o
configure:9130: result: yes
configure:9163: checking whether the gcc linker (/usr/bin/ld -m elf_x86_64) supports shared libraries
configure:10316: result: yes
configure:10353: checking whether -lc should be explicitly linked in
configure:10361: gcc -c -O2 -I/home/alter0ne/rtk_openwrt_sdk/staging_dir/host/include -I/home/alter0ne/rtk_openwrt_sdk/staging_dir/host/include conftest.c >&5
configure:10364: $? = 0
configure:10379: gcc -shared  -fPIC -DPIC conftest.o  -v -Wl,-soname -Wl,conftest -o conftest 2\>\&1 \| /home/alter0ne/rtk_openwrt_sdk/staging_dir/host/bin/grep  -lc  \>/dev/null 2\>\&1
configure:10382: $? = 0
configure:10396: result: no
configure:10556: checking dynamic linker characteristics
configure:11067: gcc -o conftest -O2 -I/home/alter0ne/rtk_openwrt_sdk/staging_dir/host/include -I/home/alter0ne/rtk_openwrt_sdk/staging_dir/host/include -L/home/alter0ne/rtk_openwrt_sdk/staging_dir/host/lib -Wl,-rpath -Wl,/foo conftest.c  >&5
configure:11067: $? = 0
configure:11293: result: GNU/Linux ld.so
configure:11400: checking how to hardcode library paths into programs
configure:11425: result: immediate
configure:11965: checking whether stripping libraries is possible
configure:11970: result: yes
configure:12005: checking if libtool supports shared libraries
configure:12007: result: yes
configure:12010: checking whether to build shared libraries
configure:12031: result: yes
configure:12034: checking whether to build static libraries
configure:12038: result: yes
configure:12082: checking size of size_t
configure:12087: gcc -o conftest -O2 -I/home/alter0ne/rtk_openwrt_sdk/staging_dir/host/include -I/home/alter0ne/rtk_openwrt_sdk/staging_dir/host/include -L/home/alter0ne/rtk_openwrt_sdk/staging_dir/host/lib conftest.c  >&5
configure:12087: $? = 0
configure:12087: ./conftest
configure:12087: $? = 0
configure:12101: result: 8
configure:12112: checking for C compiler vendor
configure:12157: gcc -c -O2 -I/home/alter0ne/rtk_openwrt_sdk/staging_dir/host/include -I/home/alter0ne/rtk_openwrt_sdk/staging_dir/host/include conftest.c >&5
conftest.c: In function 'main':
conftest.c:30:9: error: 'thisisanerror' undeclared (first use in this function)
         thisisanerror;
         ^~~~~~~~~~~~~
conftest.c:30:9: note: each undeclared identifier is reported only once for each function it appears in
configure:12157: $? = 1
configure: failed program was:
| /* confdefs.h */
| #define PACKAGE_NAME "libffi"
| #define PACKAGE_TARNAME "libffi"
| #define PACKAGE_VERSION "3.0.13"
| #define PACKAGE_STRING "libffi 3.0.13"
| #define PACKAGE_BUGREPORT "http://github.com/atgreen/libffi/issues"
| #define PACKAGE_URL ""
| #define PACKAGE "libffi"
| #define VERSION "3.0.13"
| #define STDC_HEADERS 1
| #define HAVE_SYS_TYPES_H 1
| #define HAVE_SYS_STAT_H 1
| #define HAVE_STDLIB_H 1
| #define HAVE_STRING_H 1
| #define HAVE_MEMORY_H 1
| #define HAVE_STRINGS_H 1
| #define HAVE_INTTYPES_H 1
| #define HAVE_STDINT_H 1
| #define HAVE_UNISTD_H 1
| #define HAVE_DLFCN_H 1
| #define LT_OBJDIR ".libs/"
| #define SIZEOF_SIZE_T 8
| /* end confdefs.h.  */
| 
| int
| main ()
| {
| 
|       #if !(defined(__ICC) || defined(__ECC) || defined(__INTEL_COMPILER))
|         thisisanerror;
|       #endif
| 
|   ;
|   return 0;
| }
configure:12157: gcc -c -O2 -I/home/alter0ne/rtk_openwrt_sdk/staging_dir/host/include -I/home/alter0ne/rtk_openwrt_sdk/staging_dir/host/include conftest.c >&5
conftest.c: In function 'main':
conftest.c:30:9: error: 'thisisanerror' undeclared (first use in this function)
         thisisanerror;
         ^~~~~~~~~~~~~
conftest.c:30:9: note: each undeclared identifier is reported only once for each function it appears in
configure:12157: $? = 1
configure: failed program was:
| /* confdefs.h */
| #define PACKAGE_NAME "libffi"
| #define PACKAGE_TARNAME "libffi"
| #define PACKAGE_VERSION "3.0.13"
| #define PACKAGE_STRING "libffi 3.0.13"
| #define PACKAGE_BUGREPORT "http://github.com/atgreen/libffi/issues"
| #define PACKAGE_URL ""
| #define PACKAGE "libffi"
| #define VERSION "3.0.13"
| #define STDC_HEADERS 1
| #define HAVE_SYS_TYPES_H 1
| #define HAVE_SYS_STAT_H 1
| #define HAVE_STDLIB_H 1
| #define HAVE_STRING_H 1
| #define HAVE_MEMORY_H 1
| #define HAVE_STRINGS_H 1
| #define HAVE_INTTYPES_H 1
| #define HAVE_STDINT_H 1
| #define HAVE_UNISTD_H 1
| #define HAVE_DLFCN_H 1
| #define LT_OBJDIR ".libs/"
| #define SIZEOF_SIZE_T 8
| /* end confdefs.h.  */
| 
| int
| main ()
| {
| 
|       #if !(defined(__xlc__) || defined(__xlC__) || defined(__IBMC__) || defined(__IBMCPP__))
|         thisisanerror;
|       #endif
| 
|   ;
|   return 0;
| }
configure:12157: gcc -c -O2 -I/home/alter0ne/rtk_openwrt_sdk/staging_dir/host/include -I/home/alter0ne/rtk_openwrt_sdk/staging_dir/host/include conftest.c >&5
conftest.c: In function 'main':
conftest.c:30:9: error: 'thisisanerror' undeclared (first use in this function)
         thisisanerror;
         ^~~~~~~~~~~~~
conftest.c:30:9: note: each undeclared identifier is reported only once for each function it appears in
configure:12157: $? = 1
configure: failed program was:
| /* confdefs.h */
| #define PACKAGE_NAME "libffi"
| #define PACKAGE_TARNAME "libffi"
| #define PACKAGE_VERSION "3.0.13"
| #define PACKAGE_STRING "libffi 3.0.13"
| #define PACKAGE_BUGREPORT "http://github.com/atgreen/libffi/issues"
| #define PACKAGE_URL ""
| #define PACKAGE "libffi"
| #define VERSION "3.0.13"
| #define STDC_HEADERS 1
| #define HAVE_SYS_TYPES_H 1
| #define HAVE_SYS_STAT_H 1
| #define HAVE_STDLIB_H 1
| #define HAVE_STRING_H 1
| #define HAVE_MEMORY_H 1
| #define HAVE_STRINGS_H 1
| #define HAVE_INTTYPES_H 1
| #define HAVE_STDINT_H 1
| #define HAVE_UNISTD_H 1
| #define HAVE_DLFCN_H 1
| #define LT_OBJDIR ".libs/"
| #define SIZEOF_SIZE_T 8
| /* end confdefs.h.  */
| 
| int
| main ()
| {
| 
|       #if !(defined(__PATHCC__) || defined(__PATHSCALE__))
|         thisisanerror;
|       #endif
| 
|   ;
|   return 0;
| }
configure:12157: gcc -c -O2 -I/home/alter0ne/rtk_openwrt_sdk/staging_dir/host/include -I/home/alter0ne/rtk_openwrt_sdk/staging_dir/host/include conftest.c >&5
conftest.c: In function 'main':
conftest.c:30:9: error: 'thisisanerror' undeclared (first use in this function)
         thisisanerror;
         ^~~~~~~~~~~~~
conftest.c:30:9: note: each undeclared identifier is reported only once for each function it appears in
configure:12157: $? = 1
configure: failed program was:
| /* confdefs.h */
| #define PACKAGE_NAME "libffi"
| #define PACKAGE_TARNAME "libffi"
| #define PACKAGE_VERSION "3.0.13"
| #define PACKAGE_STRING "libffi 3.0.13"
| #define PACKAGE_BUGREPORT "http://github.com/atgreen/libffi/issues"
| #define PACKAGE_URL ""
| #define PACKAGE "libffi"
| #define VERSION "3.0.13"
| #define STDC_HEADERS 1
| #define HAVE_SYS_TYPES_H 1
| #define HAVE_SYS_STAT_H 1
| #define HAVE_STDLIB_H 1
| #define HAVE_STRING_H 1
| #define HAVE_MEMORY_H 1
| #define HAVE_STRINGS_H 1
| #define HAVE_INTTYPES_H 1
| #define HAVE_STDINT_H 1
| #define HAVE_UNISTD_H 1
| #define HAVE_DLFCN_H 1
| #define LT_OBJDIR ".libs/"
| #define SIZEOF_SIZE_T 8
| /* end confdefs.h.  */
| 
| int
| main ()
| {
| 
|       #if !(defined(__clang__))
|         thisisanerror;
|       #endif
| 
|   ;
|   return 0;
| }
configure:12157: gcc -c -O2 -I/home/alter0ne/rtk_openwrt_sdk/staging_dir/host/include -I/home/alter0ne/rtk_openwrt_sdk/staging_dir/host/include conftest.c >&5
configure:12157: $? = 0
configure:12165: result: gnu
configure:12998: : CFLAGS="$CFLAGS "
configure:13001: $? = 0
configure:13016: checking CFLAGS for maximum warnings
configure:13036: gcc -c -O2 -I/home/alter0ne/rtk_openwrt_sdk/staging_dir/host/include  -warn all  -warn all -I/home/alter0ne/rtk_openwrt_sdk/staging_dir/host/include conftest.c >&5
gcc: error: all: No such file or directory
gcc: error: all: No such file or directory
gcc: error: unrecognized command line option '-warn'; did you mean '--warn-'?
gcc: error: unrecognized command line option '-warn'; did you mean '--warn-'?
configure:13036: $? = 1
configure: failed program was:
| /* confdefs.h */
| #define PACKAGE_NAME "libffi"
| #define PACKAGE_TARNAME "libffi"
| #define PACKAGE_VERSION "3.0.13"
| #define PACKAGE_STRING "libffi 3.0.13"
| #define PACKAGE_BUGREPORT "http://github.com/atgreen/libffi/issues"
| #define PACKAGE_URL ""
| #define PACKAGE "libffi"
| #define VERSION "3.0.13"
| #define STDC_HEADERS 1
| #define HAVE_SYS_TYPES_H 1
| #define HAVE_SYS_STAT_H 1
| #define HAVE_STDLIB_H 1
| #define HAVE_STRING_H 1
| #define HAVE_MEMORY_H 1
| #define HAVE_STRINGS_H 1
| #define HAVE_INTTYPES_H 1
| #define HAVE_STDINT_H 1
| #define HAVE_UNISTD_H 1
| #define HAVE_DLFCN_H 1
| #define LT_OBJDIR ".libs/"
| #define SIZEOF_SIZE_T 8
| /* end confdefs.h.  */
| 
| int
| main ()
| {
| 
|   ;
|   return 0;
| }
configure:13036: gcc -c -O2 -I/home/alter0ne/rtk_openwrt_sdk/staging_dir/host/include  -pedantic  -Wall -I/home/alter0ne/rtk_openwrt_sdk/staging_dir/host/include conftest.c >&5
configure:13036: $? = 0
configure:13044: result: -Wall
configure:13060: : CFLAGS="$CFLAGS $ac_cv_cflags_warn_all"
configure:13063: $? = 0
configure:13093: checking whether to enable maintainer-specific portions of Makefiles
configure:13102: result: no
configure:13118: checking sys/mman.h usability
configure:13118: gcc -c -O2 -I/home/alter0ne/rtk_openwrt_sdk/staging_dir/host/include  -Wall -fexceptions -I/home/alter0ne/rtk_openwrt_sdk/staging_dir/host/include conftest.c >&5
configure:13118: $? = 0
configure:13118: result: yes
configure:13118: checking sys/mman.h presence
configure:13118: gcc -E -I/home/alter0ne/rtk_openwrt_sdk/staging_dir/host/include conftest.c
configure:13118: $? = 0
configure:13118: result: yes
configure:13118: checking for sys/mman.h
configure:13118: result: yes
configure:13130: checking for mmap
configure:13130: gcc -o conftest -O2 -I/home/alter0ne/rtk_openwrt_sdk/staging_dir/host/include  -Wall -fexceptions -I/home/alter0ne/rtk_openwrt_sdk/staging_dir/host/include -L/home/alter0ne/rtk_openwrt_sdk/staging_dir/host/lib conftest.c  >&5
configure:13130: $? = 0
configure:13130: result: yes
configure:13140: checking for sys/mman.h
configure:13140: result: yes
configure:13148: checking for mmap
configure:13148: result: yes
configure:13161: checking whether read-only mmap of a plain file works
configure:13178: result: yes
configure:13180: checking whether mmap from /dev/zero works
configure:13202: result: yes
configure:13206: checking for MAP_ANON(YMOUS)
configure:13229: gcc -c -O2 -I/home/alter0ne/rtk_openwrt_sdk/staging_dir/host/include  -Wall -fexceptions -I/home/alter0ne/rtk_openwrt_sdk/staging_dir/host/include conftest.c >&5
conftest.c: In function 'main':
conftest.c:37:5: warning: unused variable 'n' [-Wunused-variable]
 int n = MAP_ANONYMOUS;
     ^
configure:13229: $? = 0
configure:13236: result: yes
configure:13242: checking whether mmap with MAP_ANON(YMOUS) works
configure:13259: result: yes
configure:13759: checking for ANSI C header files
configure:13863: result: yes
configure:13873: checking for memcpy
configure:13873: gcc -o conftest -O2 -I/home/alter0ne/rtk_openwrt_sdk/staging_dir/host/include  -Wall -fexceptions -I/home/alter0ne/rtk_openwrt_sdk/staging_dir/host/include -L/home/alter0ne/rtk_openwrt_sdk/staging_dir/host/lib conftest.c  >&5
conftest.c:53:6: warning: conflicting types for built-in function 'memcpy' [-Wbuiltin-declaration-mismatch]
 char memcpy ();
      ^~~~~~
configure:13873: $? = 0
configure:13873: result: yes
configure:13882: checking for size_t
configure:13882: gcc -c -O2 -I/home/alter0ne/rtk_openwrt_sdk/staging_dir/host/include  -Wall -fexceptions -I/home/alter0ne/rtk_openwrt_sdk/staging_dir/host/include conftest.c >&5
configure:13882: $? = 0
configure:13882: gcc -c -O2 -I/home/alter0ne/rtk_openwrt_sdk/staging_dir/host/include  -Wall -fexceptions -I/home/alter0ne/rtk_openwrt_sdk/staging_dir/host/include conftest.c >&5
conftest.c: In function 'main':
conftest.c:67:21: error: expected expression before ')' token
 if (sizeof ((size_t)))
                     ^
configure:13882: $? = 1
configure: failed program was:
| /* confdefs.h */
| #define PACKAGE_NAME "libffi"
| #define PACKAGE_TARNAME "libffi"
| #define PACKAGE_VERSION "3.0.13"
| #define PACKAGE_STRING "libffi 3.0.13"
| #define PACKAGE_BUGREPORT "http://github.com/atgreen/libffi/issues"
| #define PACKAGE_URL ""
| #define PACKAGE "libffi"
| #define VERSION "3.0.13"
| #define STDC_HEADERS 1
| #define HAVE_SYS_TYPES_H 1
| #define HAVE_SYS_STAT_H 1
| #define HAVE_STDLIB_H 1
| #define HAVE_STRING_H 1
| #define HAVE_MEMORY_H 1
| #define HAVE_STRINGS_H 1
| #define HAVE_INTTYPES_H 1
| #define HAVE_STDINT_H 1
| #define HAVE_UNISTD_H 1
| #define HAVE_DLFCN_H 1
| #define LT_OBJDIR ".libs/"
| #define SIZEOF_SIZE_T 8
| #define HAVE_SYS_MMAN_H 1
| #define HAVE_MMAP 1
| #define HAVE_MMAP_FILE 1
| #define HAVE_MMAP_DEV_ZERO 1
| #define HAVE_MMAP_ANON 1
| #define STDC_HEADERS 1
| #define HAVE_MEMCPY 1
| /* end confdefs.h.  */
| #include <stdio.h>
| #ifdef HAVE_SYS_TYPES_H
| # include <sys/types.h>
| #endif
| #ifdef HAVE_SYS_STAT_H
| # include <sys/stat.h>
| #endif
| #ifdef STDC_HEADERS
| # include <stdlib.h>
| # include <stddef.h>
| #else
| # ifdef HAVE_STDLIB_H
| #  include <stdlib.h>
| # endif
| #endif
| #ifdef HAVE_STRING_H
| # if !defined STDC_HEADERS && defined HAVE_MEMORY_H
| #  include <memory.h>
| # endif
| # include <string.h>
| #endif
| #ifdef HAVE_STRINGS_H
| # include <strings.h>
| #endif
| #ifdef HAVE_INTTYPES_H
| # include <inttypes.h>
| #endif
| #ifdef HAVE_STDINT_H
| # include <stdint.h>
| #endif
| #ifdef HAVE_UNISTD_H
| # include <unistd.h>
| #endif
| int
| main ()
| {
| if (sizeof ((size_t)))
| 	    return 0;
|   ;
|   return 0;
| }
configure:13882: result: yes
configure:13895: checking for working alloca.h
configure:13912: gcc -o conftest -O2 -I/home/alter0ne/rtk_openwrt_sdk/staging_dir/host/include  -Wall -fexceptions -I/home/alter0ne/rtk_openwrt_sdk/staging_dir/host/include -L/home/alter0ne/rtk_openwrt_sdk/staging_dir/host/lib conftest.c  >&5
configure:13912: $? = 0
configure:13920: result: yes
configure:13928: checking for alloca
configure:13965: gcc -o conftest -O2 -I/home/alter0ne/rtk_openwrt_sdk/staging_dir/host/include  -Wall -fexceptions -I/home/alter0ne/rtk_openwrt_sdk/staging_dir/host/include -L/home/alter0ne/rtk_openwrt_sdk/staging_dir/host/lib conftest.c  >&5
configure:13965: $? = 0
configure:13973: result: yes
configure:14084: checking size of double
configure:14089: gcc -o conftest -O2 -I/home/alter0ne/rtk_openwrt_sdk/staging_dir/host/include  -Wall -fexceptions -I/home/alter0ne/rtk_openwrt_sdk/staging_dir/host/include -L/home/alter0ne/rtk_openwrt_sdk/staging_dir/host/lib conftest.c  >&5
configure:14089: $? = 0
configure:14089: ./conftest
configure:14089: $? = 0
configure:14103: result: 8
configure:14117: checking size of long double
configure:14122: gcc -o conftest -O2 -I/home/alter0ne/rtk_openwrt_sdk/staging_dir/host/include  -Wall -fexceptions -I/home/alter0ne/rtk_openwrt_sdk/staging_dir/host/include -L/home/alter0ne/rtk_openwrt_sdk/staging_dir/host/lib conftest.c  >&5
configure:14122: $? = 0
configure:14122: ./conftest
configure:14122: $? = 0
configure:14136: result: 16
configure:14161: checking whether byte ordering is bigendian
configure:14176: gcc -c -O2 -I/home/alter0ne/rtk_openwrt_sdk/staging_dir/host/include  -Wall -fexceptions -I/home/alter0ne/rtk_openwrt_sdk/staging_dir/host/include conftest.c >&5
conftest.c:37:9: error: unknown type name 'not'
         not a universal capable compiler
         ^~~
conftest.c:37:15: error: expected '=', ',', ';', 'asm' or '__attribute__' before 'universal'
         not a universal capable compiler
               ^~~~~~~~~
conftest.c:37:15: error: unknown type name 'universal'
configure:14176: $? = 1
configure: failed program was:
| /* confdefs.h */
| #define PACKAGE_NAME "libffi"
| #define PACKAGE_TARNAME "libffi"
| #define PACKAGE_VERSION "3.0.13"
| #define PACKAGE_STRING "libffi 3.0.13"
| #define PACKAGE_BUGREPORT "http://github.com/atgreen/libffi/issues"
| #define PACKAGE_URL ""
| #define PACKAGE "libffi"
| #define VERSION "3.0.13"
| #define STDC_HEADERS 1
| #define HAVE_SYS_TYPES_H 1
| #define HAVE_SYS_STAT_H 1
| #define HAVE_STDLIB_H 1
| #define HAVE_STRING_H 1
| #define HAVE_MEMORY_H 1
| #define HAVE_STRINGS_H 1
| #define HAVE_INTTYPES_H 1
| #define HAVE_STDINT_H 1
| #define HAVE_UNISTD_H 1
| #define HAVE_DLFCN_H 1
| #define LT_OBJDIR ".libs/"
| #define SIZEOF_SIZE_T 8
| #define HAVE_SYS_MMAN_H 1
| #define HAVE_MMAP 1
| #define HAVE_MMAP_FILE 1
| #define HAVE_MMAP_DEV_ZERO 1
| #define HAVE_MMAP_ANON 1
| #define STDC_HEADERS 1
| #define HAVE_MEMCPY 1
| #define HAVE_ALLOCA_H 1
| #define HAVE_ALLOCA 1
| #define SIZEOF_DOUBLE 8
| #define SIZEOF_LONG_DOUBLE 16
| #define HAVE_LONG_DOUBLE 1
| /* end confdefs.h.  */
| #ifndef __APPLE_CC__
| 	       not a universal capable compiler
| 	     #endif
| 	     typedef int dummy;
| 
configure:14221: gcc -c -O2 -I/home/alter0ne/rtk_openwrt_sdk/staging_dir/host/include  -Wall -fexceptions -I/home/alter0ne/rtk_openwrt_sdk/staging_dir/host/include conftest.c >&5
configure:14221: $? = 0
configure:14239: gcc -c -O2 -I/home/alter0ne/rtk_openwrt_sdk/staging_dir/host/include  -Wall -fexceptions -I/home/alter0ne/rtk_openwrt_sdk/staging_dir/host/include conftest.c >&5
conftest.c: In function 'main':
conftest.c:43:4: error: unknown type name 'not'; did you mean 'ino_t'?
    not big endian
    ^~~
    ino_t
conftest.c:43:12: error: expected '=', ',', ';', 'asm' or '__attribute__' before 'endian'
    not big endian
            ^~~~~~
configure:14239: $? = 1
configure: failed program was:
| /* confdefs.h */
| #define PACKAGE_NAME "libffi"
| #define PACKAGE_TARNAME "libffi"
| #define PACKAGE_VERSION "3.0.13"
| #define PACKAGE_STRING "libffi 3.0.13"
| #define PACKAGE_BUGREPORT "http://github.com/atgreen/libffi/issues"
| #define PACKAGE_URL ""
| #define PACKAGE "libffi"
| #define VERSION "3.0.13"
| #define STDC_HEADERS 1
| #define HAVE_SYS_TYPES_H 1
| #define HAVE_SYS_STAT_H 1
| #define HAVE_STDLIB_H 1
| #define HAVE_STRING_H 1
| #define HAVE_MEMORY_H 1
| #define HAVE_STRINGS_H 1
| #define HAVE_INTTYPES_H 1
| #define HAVE_STDINT_H 1
| #define HAVE_UNISTD_H 1
| #define HAVE_DLFCN_H 1
| #define LT_OBJDIR ".libs/"
| #define SIZEOF_SIZE_T 8
| #define HAVE_SYS_MMAN_H 1
| #define HAVE_MMAP 1
| #define HAVE_MMAP_FILE 1
| #define HAVE_MMAP_DEV_ZERO 1
| #define HAVE_MMAP_ANON 1
| #define STDC_HEADERS 1
| #define HAVE_MEMCPY 1
| #define HAVE_ALLOCA_H 1
| #define HAVE_ALLOCA 1
| #define SIZEOF_DOUBLE 8
| #define SIZEOF_LONG_DOUBLE 16
| #define HAVE_LONG_DOUBLE 1
| /* end confdefs.h.  */
| #include <sys/types.h>
| 		#include <sys/param.h>
| 
| int
| main ()
| {
| #if BYTE_ORDER != BIG_ENDIAN
| 		 not big endian
| 		#endif
| 
|   ;
|   return 0;
| }
configure:14367: result: no
configure:14386: checking assembler .cfi pseudo-op support
configure:14404: gcc -c -O2 -I/home/alter0ne/rtk_openwrt_sdk/staging_dir/host/include  -Wall -fexceptions -I/home/alter0ne/rtk_openwrt_sdk/staging_dir/host/include conftest.c >&5
configure:14404: $? = 0
configure:14412: result: yes
configure:14498: checking assembler supports pc related relocs
configure:14511: result: yes
configure:14519: checking assembler .ascii pseudo-op support
configure:14538: gcc -c -O2 -I/home/alter0ne/rtk_openwrt_sdk/staging_dir/host/include  -Wall -fexceptions -I/home/alter0ne/rtk_openwrt_sdk/staging_dir/host/include conftest.c >&5
configure:14538: $? = 0
configure:14546: result: yes
configure:14554: checking assembler .string pseudo-op support
configure:14573: gcc -c -O2 -I/home/alter0ne/rtk_openwrt_sdk/staging_dir/host/include  -Wall -fexceptions -I/home/alter0ne/rtk_openwrt_sdk/staging_dir/host/include conftest.c >&5
configure:14573: $? = 0
configure:14581: result: yes
configure:14681: checking assembler supports unwind section type
configure:14694: result: yes
configure:14704: checking whether .eh_frame section should be read-only
configure:14724: result: yes
configure:14739: checking for __attribute__((visibility("hidden")))
configure:14748: gcc -Werror -S conftest.c -o conftest.s 1>&5
configure:14751: $? = 0
configure:14760: result: yes
configure:14974: checking that generated files are newer than configure
configure:14980: result: done
configure:15160: creating ./config.status

## ---------------------- ##
## Running config.status. ##
## ---------------------- ##

This file was extended by libffi config.status 3.0.13, which was
generated by GNU Autoconf 2.69.  Invocation command line was

  CONFIG_FILES    = 
  CONFIG_HEADERS  = 
  CONFIG_LINKS    = 
  CONFIG_COMMANDS = 
  $ ./config.status 

on alter0ne-PC

config.status:1216: creating include/Makefile
config.status:1216: creating include/ffi.h
config.status:1216: creating Makefile
config.status:1216: creating testsuite/Makefile
config.status:1216: creating man/Makefile
config.status:1216: creating libffi.pc
config.status:1216: creating fficonfig.h
config.status:1442: linking ../src/x86/ffitarget.h to include/ffitarget.h
config.status:1461: executing buildir commands
config.status:1491: create top_srcdir/Makefile guessed from local Makefile
config.status:1606: build in x86_64-pc-linux-gnu (HOST=)
config.status:1461: executing depfiles commands
config.status:1461: executing libtool commands
config.status:1461: executing include commands
config.status:1461: executing src commands

## ---------------- ##
## Cache variables. ##
## ---------------- ##

ac_cv_build=x86_64-pc-linux-gnu
ac_cv_c_bigendian=no
ac_cv_c_compiler_gnu=yes
ac_cv_cflags_warn_all=-Wall
ac_cv_decl_map_anon=yes
ac_cv_env_CCASFLAGS_set=
ac_cv_env_CCASFLAGS_value=
ac_cv_env_CCAS_set=
ac_cv_env_CCAS_value=
ac_cv_env_CPPFLAGS_set=set
ac_cv_env_CPPFLAGS_value=-I/home/alter0ne/rtk_openwrt_sdk/staging_dir/host/include
ac_cv_env_CPP_set=
ac_cv_env_CPP_value=
ac_cv_env_build_alias_set=set
ac_cv_env_build_alias_value=x86_64-linux-gnu
ac_cv_env_host_alias_set=set
ac_cv_env_host_alias_value=x86_64-linux-gnu
ac_cv_env_target_alias_set=set
ac_cv_env_target_alias_value=x86_64-linux-gnu
ac_cv_func_alloca_works=yes
ac_cv_func_memcpy=yes
ac_cv_func_mmap=yes
ac_cv_func_mmap_anon=yes
ac_cv_func_mmap_dev_zero=yes
ac_cv_func_mmap_file=yes
ac_cv_header_dlfcn_h=yes
ac_cv_header_inttypes_h=yes
ac_cv_header_memory_h=yes
ac_cv_header_stdc=yes
ac_cv_header_stdint_h=yes
ac_cv_header_stdlib_h=yes
ac_cv_header_string_h=yes
ac_cv_header_strings_h=yes
ac_cv_header_sys_mman_h=yes
ac_cv_header_sys_stat_h=yes
ac_cv_header_sys_types_h=yes
ac_cv_header_unistd_h=yes
ac_cv_host=x86_64-pc-linux-gnu
ac_cv_objext=o
ac_cv_path_EGREP='/home/alter0ne/rtk_openwrt_sdk/staging_dir/host/bin/grep -E'
ac_cv_path_FGREP='/home/alter0ne/rtk_openwrt_sdk/staging_dir/host/bin/grep -F'
ac_cv_path_GREP=/home/alter0ne/rtk_openwrt_sdk/staging_dir/host/bin/grep
ac_cv_path_SED=/home/alter0ne/rtk_openwrt_sdk/staging_dir/host/bin/sed
ac_cv_path_ax_enable_builddir_sed=sed
ac_cv_path_install='/usr/bin/install -c'
ac_cv_path_mkdir=/bin/mkdir
ac_cv_prog_AR=x86_64-linux-gnu-ar
ac_cv_prog_AWK=gawk
ac_cv_prog_CC=gcc
ac_cv_prog_CPP='gcc -E'
ac_cv_prog_OBJDUMP=x86_64-linux-gnu-objdump
ac_cv_prog_RANLIB=x86_64-linux-gnu-ranlib
ac_cv_prog_STRIP=x86_64-linux-gnu-strip
ac_cv_prog_ac_ct_MANIFEST_TOOL=mt
ac_cv_prog_cc_c89=
ac_cv_prog_cc_g=yes
ac_cv_prog_cc_gcc_c_o=yes
ac_cv_prog_make_make_set=yes
ac_cv_sizeof_double=8
ac_cv_sizeof_long_double=16
ac_cv_sizeof_size_t=8
ac_cv_target=x86_64-pc-linux-gnu
ac_cv_type_size_t=yes
ac_cv_working_alloca_h=yes
am_cv_CCAS_dependencies_compiler_type=gcc3
am_cv_CC_dependencies_compiler_type=gcc3
ax_cv_c_compiler_vendor=gnu
gcc_cv_as_cfi_pseudo_op=yes
libffi_cv_as_ascii_pseudo_op=yes
libffi_cv_as_string_pseudo_op=yes
libffi_cv_as_x86_64_unwind_section_type=yes
libffi_cv_as_x86_pcrel=yes
libffi_cv_hidden_visibility_attribute=yes
libffi_cv_ro_eh_frame=yes
lt_cv_ar_at_file=@
lt_cv_archive_cmds_need_lc=no
lt_cv_deplibs_check_method=pass_all
lt_cv_file_magic_cmd='$MAGIC_CMD'
lt_cv_file_magic_test_file=
lt_cv_ld_reload_flag=-r
lt_cv_nm_interface='BSD nm'
lt_cv_objdir=.libs
lt_cv_path_LD=/usr/bin/ld
lt_cv_path_NM='/usr/bin/nm -B'
lt_cv_path_mainfest_tool=no
lt_cv_prog_compiler_c_o=yes
lt_cv_prog_compiler_pic='-fPIC -DPIC'
lt_cv_prog_compiler_pic_works=yes
lt_cv_prog_compiler_rtti_exceptions=no
lt_cv_prog_compiler_static_works=yes
lt_cv_prog_gnu_ld=yes
lt_cv_sharedlib_from_linklib_cmd='printf %s\n'
lt_cv_shlibpath_overrides_runpath=yes
lt_cv_sys_global_symbol_pipe='sed -n -e '\''s/^.*[	 ]\([ABCDGIRSTW][ABCDGIRSTW]*\)[	 ][	 ]*\([_A-Za-z][_A-Za-z0-9]*\)$/\1 \2 \2/p'\'' | sed '\''/ __gnu_lto/d'\'''
lt_cv_sys_global_symbol_to_c_name_address='sed -n -e '\''s/^: \([^ ]*\)[ ]*$/  {\"\1\", (void *) 0},/p'\'' -e '\''s/^[ABCDGIRSTW]* \([^ ]*\) \([^ ]*\)$/  {"\2", (void *) \&\2},/p'\'''
lt_cv_sys_global_symbol_to_c_name_address_lib_prefix='sed -n -e '\''s/^: \([^ ]*\)[ ]*$/  {\"\1\", (void *) 0},/p'\'' -e '\''s/^[ABCDGIRSTW]* \([^ ]*\) \(lib[^ ]*\)$/  {"\2", (void *) \&\2},/p'\'' -e '\''s/^[ABCDGIRSTW]* \([^ ]*\) \([^ ]*\)$/  {"lib\2", (void *) \&\2},/p'\'''
lt_cv_sys_global_symbol_to_cdecl='sed -n -e '\''s/^T .* \(.*\)$/extern int \1();/p'\'' -e '\''s/^[ABCDGIRSTW]* .* \(.*\)$/extern char \1;/p'\'''
lt_cv_sys_max_cmd_len=1572864
lt_cv_to_host_file_cmd=func_convert_file_noop
lt_cv_to_tool_file_cmd=func_convert_file_noop

## ----------------- ##
## Output variables. ##
## ----------------- ##

AARCH64_FALSE=''
AARCH64_TRUE='#'
ACLOCAL='${SHELL} /home/alter0ne/rtk_openwrt_sdk/build_dir/host/libffi-3.0.13/missing --run aclocal-1.12'
ALLOCA=''
ALPHA_FALSE=''
ALPHA_TRUE='#'
AMDEPBACKSLASH='\'
AMDEP_FALSE='#'
AMDEP_TRUE=''
AMTAR='$${TAR-tar}'
AM_LTLDFLAGS=''
AM_RUNTESTFLAGS=''
AR='x86_64-linux-gnu-ar'
ARM_FALSE=''
ARM_TRUE='#'
AUTOCONF='${SHELL} /home/alter0ne/rtk_openwrt_sdk/build_dir/host/libffi-3.0.13/missing --run autoconf'
AUTOHEADER='${SHELL} /home/alter0ne/rtk_openwrt_sdk/build_dir/host/libffi-3.0.13/missing --run autoheader'
AUTOMAKE='${SHELL} /home/alter0ne/rtk_openwrt_sdk/build_dir/host/libffi-3.0.13/missing --run automake-1.12'
AVR32_FALSE=''
AVR32_TRUE='#'
AWK='gawk'
BFIN_FALSE=''
BFIN_TRUE='#'
CC='gcc'
CCAS='gcc'
CCASDEPMODE='depmode=gcc3'
CCASFLAGS='-O2 -I/home/alter0ne/rtk_openwrt_sdk/staging_dir/host/include'
CCDEPMODE='depmode=gcc3'
CFLAGS='-O2 -I/home/alter0ne/rtk_openwrt_sdk/staging_dir/host/include  -Wall -fexceptions'
CPP='gcc -E'
CPPFLAGS='-I/home/alter0ne/rtk_openwrt_sdk/staging_dir/host/include'
CYGPATH_W='echo'
DEFS='-DHAVE_CONFIG_H'
DEPDIR='.deps'
DLLTOOL='false'
DSYMUTIL=''
DUMPBIN=''
ECHO_C=''
ECHO_N='-n'
ECHO_T=''
EGREP='/home/alter0ne/rtk_openwrt_sdk/staging_dir/host/bin/grep -E'
EXEEXT=''
FFI_DEBUG_FALSE=''
FFI_DEBUG_TRUE='#'
FFI_EXEC_TRAMPOLINE_TABLE='0'
FFI_EXEC_TRAMPOLINE_TABLE_FALSE=''
FFI_EXEC_TRAMPOLINE_TABLE_TRUE='#'
FGREP='/home/alter0ne/rtk_openwrt_sdk/staging_dir/host/bin/grep -F'
FRV_FALSE=''
FRV_TRUE='#'
GREP='/home/alter0ne/rtk_openwrt_sdk/staging_dir/host/bin/grep'
HAVE_LONG_DOUBLE='1'
IA64_FALSE=''
IA64_TRUE='#'
INSTALL_DATA='${INSTALL} -m 644'
INSTALL_PROGRAM='${INSTALL}'
INSTALL_SCRIPT='${INSTALL}'
INSTALL_STRIP_PROGRAM='$(install_sh) -c -s'
LD='/usr/bin/ld -m elf_x86_64'
LDFLAGS='-L/home/alter0ne/rtk_openwrt_sdk/staging_dir/host/lib'
LIBFFI_CRIS_FALSE=''
LIBFFI_CRIS_TRUE='#'
LIBOBJS=''
LIBS=''
LIBTOOL='$(SHELL) $(top_builddir)/libtool'
LIPO=''
LN_S='ln -s'
LTLIBOBJS=''
M32R_FALSE=''
M32R_TRUE='#'
M68K_FALSE=''
M68K_TRUE='#'
MAINT='#'
MAINTAINER_MODE_FALSE=''
MAINTAINER_MODE_TRUE='#'
MAKEINFO='${SHELL} /home/alter0ne/rtk_openwrt_sdk/build_dir/host/libffi-3.0.13/missing --run makeinfo'
MANIFEST_TOOL=':'
METAG_FALSE=''
METAG_TRUE='#'
MICROBLAZE_FALSE=''
MICROBLAZE_TRUE='#'
MIPS_FALSE=''
MIPS_TRUE='#'
MKDIR_P='/bin/mkdir -p'
MOXIE_FALSE=''
MOXIE_TRUE='#'
NM='/usr/bin/nm -B'
NMEDIT=''
OBJDUMP='x86_64-linux-gnu-objdump'
OBJEXT='o'
OTOOL64=''
OTOOL=''
PA64_HPUX_FALSE=''
PA64_HPUX_TRUE='#'
PACKAGE='libffi'
PACKAGE_BUGREPORT='http://github.com/atgreen/libffi/issues'
PACKAGE_NAME='libffi'
PACKAGE_STRING='libffi 3.0.13'
PACKAGE_TARNAME='libffi'
PACKAGE_URL=''
PACKAGE_VERSION='3.0.13'
PATH_SEPARATOR=':'
PA_HPUX_FALSE=''
PA_HPUX_TRUE='#'
PA_LINUX_FALSE=''
PA_LINUX_TRUE='#'
POWERPC_AIX_FALSE=''
POWERPC_AIX_TRUE='#'
POWERPC_DARWIN_FALSE=''
POWERPC_DARWIN_TRUE='#'
POWERPC_FALSE=''
POWERPC_FREEBSD_FALSE=''
POWERPC_FREEBSD_TRUE='#'
POWERPC_TRUE='#'
PRTDIAG=''
RANLIB='x86_64-linux-gnu-ranlib'
S390_FALSE=''
S390_TRUE='#'
SED='/home/alter0ne/rtk_openwrt_sdk/staging_dir/host/bin/sed'
SET_MAKE=''
SH64_FALSE=''
SH64_TRUE='#'
SHELL='/bin/bash'
SH_FALSE=''
SH_TRUE='#'
SPARC_FALSE=''
SPARC_TRUE='#'
STRIP='x86_64-linux-gnu-strip'
TARGET='X86_64'
TARGETDIR='x86'
TESTSUBDIR_FALSE='#'
TESTSUBDIR_TRUE=''
TILE_FALSE=''
TILE_TRUE='#'
VERSION='3.0.13'
X86_64_FALSE='#'
X86_64_TRUE=''
X86_DARWIN_FALSE=''
X86_DARWIN_TRUE='#'
X86_FALSE=''
X86_FREEBSD_FALSE=''
X86_FREEBSD_TRUE='#'
X86_TRUE='#'
X86_WIN32_FALSE=''
X86_WIN32_TRUE='#'
X86_WIN64_FALSE=''
X86_WIN64_TRUE='#'
XTENSA_FALSE=''
XTENSA_TRUE='#'
ac_ct_AR=''
ac_ct_CC=''
ac_ct_DUMPBIN=''
am__EXEEXT_FALSE=''
am__EXEEXT_TRUE='#'
am__fastdepCCAS_FALSE='#'
am__fastdepCCAS_TRUE=''
am__fastdepCC_FALSE='#'
am__fastdepCC_TRUE=''
am__include='include'
am__isrc=' -I$(srcdir)'
am__leading_dot='.'
am__nodep='_no'
am__quote=''
am__tar='$${TAR-tar} chof - "$$tardir"'
am__untar='$${TAR-tar} xf -'
ax_enable_builddir_sed='sed'
bindir='${exec_prefix}/bin'
build='x86_64-pc-linux-gnu'
build_alias='x86_64-linux-gnu'
build_cpu='x86_64'
build_os='linux-gnu'
build_vendor='pc'
datadir='${datarootdir}'
datarootdir='${prefix}/share'
docdir='${datarootdir}/doc/${PACKAGE_TARNAME}'
dvidir='${docdir}'
exec_prefix='/home/alter0ne/rtk_openwrt_sdk/staging_dir/host'
host='x86_64-pc-linux-gnu'
host_alias='x86_64-linux-gnu'
host_cpu='x86_64'
host_os='linux-gnu'
host_vendor='pc'
htmldir='${docdir}'
includedir='${prefix}/include'
infodir='${datarootdir}/info'
install_sh='${SHELL} /home/alter0ne/rtk_openwrt_sdk/build_dir/host/libffi-3.0.13/install-sh'
libdir='${exec_prefix}/lib'
libexecdir='${exec_prefix}/libexec'
localedir='${datarootdir}/locale'
localstatedir='/home/alter0ne/rtk_openwrt_sdk/staging_dir/host/var'
mandir='${datarootdir}/man'
mkdir_p='$(MKDIR_P)'
oldincludedir='/usr/include'
pdfdir='${docdir}'
prefix='/home/alter0ne/rtk_openwrt_sdk/staging_dir/host'
program_transform_name='s&$$&&;s&^&&'
psdir='${docdir}'
sbindir='/home/alter0ne/rtk_openwrt_sdk/staging_dir/host/bin'
sharedstatedir='${prefix}/com'
sys_symbol_underscore=''
sysconfdir='/home/alter0ne/rtk_openwrt_sdk/staging_dir/host/etc'
target='x86_64-pc-linux-gnu'
target_alias='x86_64-linux-gnu'
target_cpu='x86_64'
target_os='linux-gnu'
target_vendor='pc'
toolexecdir='$(libdir)/gcc-lib/$(target_alias)'
toolexeclibdir='$(libdir)/../lib'

## ----------- ##
## confdefs.h. ##
## ----------- ##

/* confdefs.h */
#define PACKAGE_NAME "libffi"
#define PACKAGE_TARNAME "libffi"
#define PACKAGE_VERSION "3.0.13"
#define PACKAGE_STRING "libffi 3.0.13"
#define PACKAGE_BUGREPORT "http://github.com/atgreen/libffi/issues"
#define PACKAGE_URL ""
#define PACKAGE "libffi"
#define VERSION "3.0.13"
#define STDC_HEADERS 1
#define HAVE_SYS_TYPES_H 1
#define HAVE_SYS_STAT_H 1
#define HAVE_STDLIB_H 1
#define HAVE_STRING_H 1
#define HAVE_MEMORY_H 1
#define HAVE_STRINGS_H 1
#define HAVE_INTTYPES_H 1
#define HAVE_STDINT_H 1
#define HAVE_UNISTD_H 1
#define HAVE_DLFCN_H 1
#define LT_OBJDIR ".libs/"
#define SIZEOF_SIZE_T 8
#define HAVE_SYS_MMAN_H 1
#define HAVE_MMAP 1
#define HAVE_MMAP_FILE 1
#define HAVE_MMAP_DEV_ZERO 1
#define HAVE_MMAP_ANON 1
#define STDC_HEADERS 1
#define HAVE_MEMCPY 1
#define HAVE_ALLOCA_H 1
#define HAVE_ALLOCA 1
#define SIZEOF_DOUBLE 8
#define SIZEOF_LONG_DOUBLE 16
#define HAVE_LONG_DOUBLE 1
#define HAVE_AS_CFI_PSEUDO_OP 1
#define HAVE_AS_X86_PCREL 1
#define HAVE_AS_ASCII_PSEUDO_OP 1
#define HAVE_AS_STRING_PSEUDO_OP 1
#define HAVE_AS_X86_64_UNWIND_SECTION_TYPE 1
#define HAVE_RO_EH_FRAME 1
#define EH_FRAME_FLAGS "a"
#define HAVE_HIDDEN_VISIBILITY_ATTRIBUTE 1

configure: exit 0

## ---------------- ##
## Cache variables. ##
## ---------------- ##

ac_cv_build=x86_64-pc-linux-gnu
ac_cv_env_CCASFLAGS_set=
ac_cv_env_CCASFLAGS_value=
ac_cv_env_CCAS_set=
ac_cv_env_CCAS_value=
ac_cv_env_CPPFLAGS_set=set
ac_cv_env_CPPFLAGS_value=-I/home/alter0ne/rtk_openwrt_sdk/staging_dir/host/include
ac_cv_env_CPP_set=
ac_cv_env_CPP_value=
ac_cv_env_build_alias_set=set
ac_cv_env_build_alias_value=x86_64-linux-gnu
ac_cv_env_host_alias_set=set
ac_cv_env_host_alias_value=x86_64-linux-gnu
ac_cv_env_target_alias_set=set
ac_cv_env_target_alias_value=x86_64-linux-gnu
ac_cv_host=x86_64-pc-linux-gnu
ac_cv_target=x86_64-pc-linux-gnu

## ----------------- ##
## Output variables. ##
## ----------------- ##

AARCH64_FALSE=''
AARCH64_TRUE=''
ACLOCAL=''
ALLOCA=''
ALPHA_FALSE=''
ALPHA_TRUE=''
AMDEPBACKSLASH=''
AMDEP_FALSE=''
AMDEP_TRUE=''
AMTAR=''
AM_LTLDFLAGS=''
AM_RUNTESTFLAGS=''
AR=''
ARM_FALSE=''
ARM_TRUE=''
AUTOCONF=''
AUTOHEADER=''
AUTOMAKE=''
AVR32_FALSE=''
AVR32_TRUE=''
AWK=''
BFIN_FALSE=''
BFIN_TRUE=''
CC='gcc'
CCAS=''
CCASDEPMODE=''
CCASFLAGS=''
CCDEPMODE=''
CFLAGS='-O2 -I/home/alter0ne/rtk_openwrt_sdk/staging_dir/host/include'
CPP=''
CPPFLAGS='-I/home/alter0ne/rtk_openwrt_sdk/staging_dir/host/include'
CYGPATH_W=''
DEFS=''
DEPDIR=''
DLLTOOL=''
DSYMUTIL=''
DUMPBIN=''
ECHO_C=''
ECHO_N='-n'
ECHO_T=''
EGREP=''
EXEEXT=''
FFI_DEBUG_FALSE=''
FFI_DEBUG_TRUE=''
FFI_EXEC_TRAMPOLINE_TABLE=''
FFI_EXEC_TRAMPOLINE_TABLE_FALSE=''
FFI_EXEC_TRAMPOLINE_TABLE_TRUE=''
FGREP=''
FRV_FALSE=''
FRV_TRUE=''
GREP=''
HAVE_LONG_DOUBLE=''
IA64_FALSE=''
IA64_TRUE=''
INSTALL_DATA=''
INSTALL_PROGRAM=''
INSTALL_SCRIPT=''
INSTALL_STRIP_PROGRAM=''
LD=''
LDFLAGS='-L/home/alter0ne/rtk_openwrt_sdk/staging_dir/host/lib'
LIBFFI_CRIS_FALSE=''
LIBFFI_CRIS_TRUE=''
LIBOBJS=''
LIBS=''
LIBTOOL=''
LIPO=''
LN_S=''
LTLIBOBJS=''
M32R_FALSE=''
M32R_TRUE=''
M68K_FALSE=''
M68K_TRUE=''
MAINT=''
MAINTAINER_MODE_FALSE=''
MAINTAINER_MODE_TRUE=''
MAKEINFO=''
MANIFEST_TOOL=''
METAG_FALSE=''
METAG_TRUE=''
MICROBLAZE_FALSE=''
MICROBLAZE_TRUE=''
MIPS_FALSE=''
MIPS_TRUE=''
MKDIR_P=''
MOXIE_FALSE=''
MOXIE_TRUE=''
NM=''
NMEDIT=''
OBJDUMP=''
OBJEXT=''
OTOOL64=''
OTOOL=''
PA64_HPUX_FALSE=''
PA64_HPUX_TRUE=''
PACKAGE=''
PACKAGE_BUGREPORT='http://github.com/atgreen/libffi/issues'
PACKAGE_NAME='libffi'
PACKAGE_STRING='libffi 3.0.13'
PACKAGE_TARNAME='libffi'
PACKAGE_URL=''
PACKAGE_VERSION='3.0.13'
PATH_SEPARATOR=':'
PA_HPUX_FALSE=''
PA_HPUX_TRUE=''
PA_LINUX_FALSE=''
PA_LINUX_TRUE=''
POWERPC_AIX_FALSE=''
POWERPC_AIX_TRUE=''
POWERPC_DARWIN_FALSE=''
POWERPC_DARWIN_TRUE=''
POWERPC_FALSE=''
POWERPC_FREEBSD_FALSE=''
POWERPC_FREEBSD_TRUE=''
POWERPC_TRUE=''
PRTDIAG=''
RANLIB=''
S390_FALSE=''
S390_TRUE=''
SED=''
SET_MAKE=''
SH64_FALSE=''
SH64_TRUE=''
SHELL='/bin/bash'
SH_FALSE=''
SH_TRUE=''
SPARC_FALSE=''
SPARC_TRUE=''
STRIP=''
TARGET='x86_64-pc-linux-gnu'
TARGETDIR=''
TESTSUBDIR_FALSE=''
TESTSUBDIR_TRUE=''
TILE_FALSE=''
TILE_TRUE=''
VERSION=''
X86_64_FALSE=''
X86_64_TRUE=''
X86_DARWIN_FALSE=''
X86_DARWIN_TRUE=''
X86_FALSE=''
X86_FREEBSD_FALSE=''
X86_FREEBSD_TRUE=''
X86_TRUE=''
X86_WIN32_FALSE=''
X86_WIN32_TRUE=''
X86_WIN64_FALSE=''
X86_WIN64_TRUE=''
XTENSA_FALSE=''
XTENSA_TRUE=''
ac_ct_AR=''
ac_ct_CC=''
ac_ct_DUMPBIN=''
am__EXEEXT_FALSE=''
am__EXEEXT_TRUE=''
am__fastdepCCAS_FALSE=''
am__fastdepCCAS_TRUE=''
am__fastdepCC_FALSE=''
am__fastdepCC_TRUE=''
am__include=''
am__isrc=''
am__leading_dot=''
am__nodep=''
am__quote=''
am__tar=''
am__untar=''
ax_enable_builddir_sed=''
bindir='${exec_prefix}/bin'
build='x86_64-pc-linux-gnu'
build_alias='x86_64-linux-gnu'
build_cpu='x86_64'
build_os='linux-gnu'
build_vendor='pc'
datadir='${datarootdir}'
datarootdir='${prefix}/share'
docdir='${datarootdir}/doc/${PACKAGE_TARNAME}'
dvidir='${docdir}'
exec_prefix='/home/alter0ne/rtk_openwrt_sdk/staging_dir/host'
host='x86_64-pc-linux-gnu'
host_alias='x86_64-linux-gnu'
host_cpu='x86_64'
host_os='linux-gnu'
host_vendor='pc'
htmldir='${docdir}'
includedir='${prefix}/include'
infodir='${datarootdir}/info'
install_sh=''
libdir='${exec_prefix}/lib'
libexecdir='${exec_prefix}/libexec'
localedir='${datarootdir}/locale'
localstatedir='/home/alter0ne/rtk_openwrt_sdk/staging_dir/host/var'
mandir='${datarootdir}/man'
mkdir_p=''
oldincludedir='/usr/include'
pdfdir='${docdir}'
prefix='/home/alter0ne/rtk_openwrt_sdk/staging_dir/host'
program_transform_name='s,x,x,'
psdir='${docdir}'
sbindir='/home/alter0ne/rtk_openwrt_sdk/staging_dir/host/bin'
sharedstatedir='${prefix}/com'
sys_symbol_underscore=''
sysconfdir='/home/alter0ne/rtk_openwrt_sdk/staging_dir/host/etc'
target='x86_64-pc-linux-gnu'
target_alias='x86_64-linux-gnu'
target_cpu='x86_64'
target_os='linux-gnu'
target_vendor='pc'
toolexecdir=''
toolexeclibdir=''

configure: exit 0
